{
  "stats": {
    "suites": 6,
    "tests": 37,
    "passes": 37,
    "pending": 0,
    "failures": 0,
    "start": "2020-05-27T11:57:54.341Z",
    "end": "2020-05-27T11:57:58.207Z",
    "duration": 3866,
    "testsRegistered": 37,
    "passPercent": 100,
    "pendingPercent": 0,
    "other": 0,
    "hasOther": false,
    "skipped": 0,
    "hasSkipped": false
  },
  "results": [
    {
      "uuid": "14903c94-1cf1-48fe-9c1b-28986ebb340a",
      "title": "",
      "fullFile": "",
      "file": "",
      "beforeHooks": [],
      "afterHooks": [],
      "tests": [],
      "suites": [
        {
          "uuid": "ffbd8002-62ca-423a-921b-e2920ee595a5",
          "title": "Testing registration for all user role",
          "fullFile": "D:\\nodejs-game-restful-api\\tests\\auth_test.js",
          "file": "\\tests\\auth_test.js",
          "beforeHooks": [
            {
              "title": "\"before all\" hook",
              "fullTitle": "Testing registration for all user role \"before all\" hook",
              "timedOut": false,
              "duration": 827,
              "state": null,
              "speed": null,
              "pass": false,
              "fail": false,
              "pending": false,
              "context": null,
              "code": "console.log(\"Deleting Seed Data\");\nconst usersBasic = await model.users.destroy({\n    truncate: true, where :  {email : fakeData.user.basic.email}});\nconst usersPro = await model.users.destroy({ \n    truncate: true,where :  {email : fakeData.user.basic.email}});\nconst usersAdmin = await model.users.destroy({ \n    truncate: true,where :  {email : fakeData.user.basic.email}});",
              "err": {},
              "uuid": "056e160c-3665-4497-bbf7-694d3472cfd8",
              "parentUUID": "ffbd8002-62ca-423a-921b-e2920ee595a5",
              "isHook": true,
              "skipped": false
            }
          ],
          "afterHooks": [],
          "tests": [
            {
              "title": "Register using basic user with email : basic@gmail.com",
              "fullTitle": "Testing registration for all user role Register using basic user with email : basic@gmail.com",
              "timedOut": false,
              "duration": 209,
              "state": "passed",
              "speed": "slow",
              "pass": true,
              "fail": false,
              "pending": false,
              "context": null,
              "code": "request(app)\n    .post('/register')\n    .send(fakeData.user.basic)\n    .set('Accept', 'application/json')\n    .expect('Content-Type', /json/)\n    .expect(responseCode.SUCCESS_INSERT)\n    .expect(response => {\n        expect(response.body.message).to.equal('Berhasil melakukan registrasi user','Response message tidak sesuai');\n        expect(response.body.data.email).to.equal( fakeData.user.basic.email,'Email yang diberikan pada response tidak sesuai')\n        expect(response.body.data.tipe).to.equal(fakeData.user.basic.tipe,'Tipe yang diberikan pada resposne tidak sesuai')\n    })\n    .end(done);",
              "err": {},
              "uuid": "5974525a-f4aa-40d7-bd27-39ffaeeed0f9",
              "parentUUID": "ffbd8002-62ca-423a-921b-e2920ee595a5",
              "isHook": false,
              "skipped": false
            },
            {
              "title": "Register using basic pro with email : pro@gmail.com",
              "fullTitle": "Testing registration for all user role Register using basic pro with email : pro@gmail.com",
              "timedOut": false,
              "duration": 165,
              "state": "passed",
              "speed": "slow",
              "pass": true,
              "fail": false,
              "pending": false,
              "context": null,
              "code": "request(app)\n    .post('/register')\n    .send(fakeData.user.pro)\n    .set('Accept', 'application/json')\n    .expect('Content-Type', /json/)\n    .expect(responseCode.SUCCESS_INSERT)\n    .expect(response => {\n        expect(response.body.message).to.equal('Berhasil melakukan registrasi user','Response message tidak sesuai');\n        expect(response.body.data.email).to.equal( fakeData.user.pro.email,'Email yang diberikan pada response tidak sesuai')\n        expect(response.body.data.tipe).to.equal(fakeData.user.pro.tipe,'Tipe yang diberikan pada resposne tidak sesuai')\n    })\n    .end(done);",
              "err": {},
              "uuid": "af44e316-a417-4186-89b0-a30401435126",
              "parentUUID": "ffbd8002-62ca-423a-921b-e2920ee595a5",
              "isHook": false,
              "skipped": false
            },
            {
              "title": "Register using admin user with email : admin@gmail.com",
              "fullTitle": "Testing registration for all user role Register using admin user with email : admin@gmail.com",
              "timedOut": false,
              "duration": 142,
              "state": "passed",
              "speed": "slow",
              "pass": true,
              "fail": false,
              "pending": false,
              "context": null,
              "code": "request(app)\n    .post('/register')\n    .send(fakeData.user.admin)\n    .set('Accept', 'application/json')\n    .expect('Content-Type', /json/)\n    .expect(responseCode.SUCCESS_INSERT)\n    .expect(response => {\n        expect(response.body.message).to.equal('Berhasil melakukan registrasi user','Response message tidak sesuai');\n        expect(response.body.data.email).to.equal( fakeData.user.admin.email,'Email yang diberikan pada response tidak sesuai')\n        expect(response.body.data.tipe).to.equal(fakeData.user.admin.tipe,'Tipe yang diberikan pada resposne tidak sesuai')\n    })\n    .end(done);",
              "err": {},
              "uuid": "53ae992c-f697-4e38-aa5f-6af7d380148d",
              "parentUUID": "ffbd8002-62ca-423a-921b-e2920ee595a5",
              "isHook": false,
              "skipped": false
            },
            {
              "title": "Basic User can login",
              "fullTitle": "Testing registration for all user role Basic User can login",
              "timedOut": false,
              "duration": 201,
              "state": "passed",
              "speed": "slow",
              "pass": true,
              "fail": false,
              "pending": false,
              "context": null,
              "code": "request(app)\n    .post('/login')\n    .send({email : fakeData.user.basic.email, password: fakeData.user.basic.password })\n    .set('Accept', 'application/json')\n    .expect('Content-Type', /json/)\n    .expect(responseCode.SUCCESS_GET)\n    .expect(response => {\n        expect(response.body.message).to.equal('Success Login','Response message tidak sesuai');\n        var userLogin = jwt.verify(response.body.token, 'soa2018');\n        expect(userLogin.email).to.equal(fakeData.user.basic.email,'Payload email JWT tidak sesuai')\n        global.tokenBasic = response.body.token;\n        global.userBasic = userLogin;\n    })\n    .end(done);",
              "err": {},
              "uuid": "a74f99c3-6d9e-4410-8728-e3f51f7b8a1d",
              "parentUUID": "ffbd8002-62ca-423a-921b-e2920ee595a5",
              "isHook": false,
              "skipped": false
            },
            {
              "title": "Pro User can login",
              "fullTitle": "Testing registration for all user role Pro User can login",
              "timedOut": false,
              "duration": 198,
              "state": "passed",
              "speed": "slow",
              "pass": true,
              "fail": false,
              "pending": false,
              "context": null,
              "code": "request(app)\n    .post('/login')\n    .send({email : fakeData.user.pro.email, password: fakeData.user.pro.password })\n    .set('Accept', 'application/json')\n    .expect('Content-Type', /json/)\n    .expect(responseCode.SUCCESS_GET)\n    .expect(response => {\n        expect(response.body.message).to.equal('Success Login','Response message tidak sesuai');\n        var userLogin = jwt.verify(response.body.token, 'soa2018');\n        expect(userLogin.email).to.equal(fakeData.user.pro.email,'Payload email JWT tidak sesuai')\n        global.tokenPro = response.body.token;\n        global.userPro = userLogin;\n    })\n    .end(done);",
              "err": {},
              "uuid": "c3992388-127e-4aa1-8db4-ba42cd8bf1bb",
              "parentUUID": "ffbd8002-62ca-423a-921b-e2920ee595a5",
              "isHook": false,
              "skipped": false
            },
            {
              "title": "Admin User can login",
              "fullTitle": "Testing registration for all user role Admin User can login",
              "timedOut": false,
              "duration": 180,
              "state": "passed",
              "speed": "slow",
              "pass": true,
              "fail": false,
              "pending": false,
              "context": null,
              "code": "request(app)\n    .post('/login')\n    .send({email : fakeData.user.admin.email, password: fakeData.user.admin.password })\n    .set('Accept', 'application/json')\n    .expect('Content-Type', /json/)\n    .expect(responseCode.SUCCESS_GET)\n    .expect(response => {\n        expect(response.body.message).to.equal('Success Login','Response message tidak sesuai');\n        var userLogin = jwt.verify(response.body.token, 'soa2018');\n        expect(userLogin.email).to.equal(fakeData.user.admin.email,'Payload email JWT tidak sesuai')\n        global.tokenAdmin = response.body.token;\n        global.userAdmin = userLogin;\n    })\n    .end(done);",
              "err": {},
              "uuid": "d201ea8a-30e4-48fb-82ef-6f2a89e5b805",
              "parentUUID": "ffbd8002-62ca-423a-921b-e2920ee595a5",
              "isHook": false,
              "skipped": false
            }
          ],
          "suites": [],
          "passes": [
            "5974525a-f4aa-40d7-bd27-39ffaeeed0f9",
            "af44e316-a417-4186-89b0-a30401435126",
            "53ae992c-f697-4e38-aa5f-6af7d380148d",
            "a74f99c3-6d9e-4410-8728-e3f51f7b8a1d",
            "c3992388-127e-4aa1-8db4-ba42cd8bf1bb",
            "d201ea8a-30e4-48fb-82ef-6f2a89e5b805"
          ],
          "failures": [],
          "pending": [],
          "skipped": [],
          "duration": 1095,
          "root": false,
          "rootEmpty": false,
          "_timeout": 4000
        },
        {
          "uuid": "9a466cff-78f0-4b40-a924-250a6bc27b7c",
          "title": "Game Test",
          "fullFile": "D:\\nodejs-game-restful-api\\tests\\game_test.js",
          "file": "\\tests\\game_test.js",
          "beforeHooks": [
            {
              "title": "\"before all\" hook",
              "fullTitle": "Game Test \"before all\" hook",
              "timedOut": false,
              "duration": 0,
              "state": null,
              "speed": null,
              "pass": false,
              "fail": false,
              "pending": false,
              "context": null,
              "code": "token = global.tokenAdmin;",
              "err": {},
              "uuid": "c2db332d-5051-494c-8742-4bac05642d0e",
              "parentUUID": "9a466cff-78f0-4b40-a924-250a6bc27b7c",
              "isHook": true,
              "skipped": false
            }
          ],
          "afterHooks": [],
          "tests": [
            {
              "title": "Response should be when game inserted",
              "fullTitle": "Game Test Response should be when game inserted",
              "timedOut": false,
              "duration": 84,
              "state": "passed",
              "speed": "slow",
              "pass": true,
              "fail": false,
              "pending": false,
              "context": null,
              "code": "request(app)\n    .post('/games')\n    .send({name :gameName , description : description, genre: genre, image:null})\n    .set('Accept', 'application/json')\n    .set('Token',token)\n    .expect('Content-Type', /json/)\n    .expect(responseCode.SUCCESS_INSERT)\n    .expect(response => {\n        insertedId= response.body.data.id;\n        global.seed_id_game = insertedId;\n        expect(response.body.message).to.equal('Game berhasil ditambahkan','Response message tidak sesuai');\n        expect(response.body.data.description).to.equal(description,'Description yang diberikan pada response tidak sesuai')\n        expect(response.body.data.genre).to.equal(genre,'Genre yang diberikan pada resposne tidak sesuai');\n        expect(response.body.data.created_by).to.equal(global.userAdmin.id,'token user yang diberikan pada resposne tidak sesuai')\n    })\n    .end(done);",
              "err": {},
              "uuid": "697b927b-3dfc-43fe-bbc3-1d6dd996c6c5",
              "parentUUID": "9a466cff-78f0-4b40-a924-250a6bc27b7c",
              "isHook": false,
              "skipped": false
            },
            {
              "title": "Get game should contain inserted game",
              "fullTitle": "Game Test Get game should contain inserted game",
              "timedOut": false,
              "duration": 28,
              "state": "passed",
              "speed": "fast",
              "pass": true,
              "fail": false,
              "pending": false,
              "context": null,
              "code": "request(app)\n    .get(`/games/${insertedId}`)\n    .set('Accept', 'application/json')\n    .expect('Content-Type', /json/)\n    .expect(responseCode.OK)\n    .expect(response => {\n        expect(response.body.data.name).to.equal(gameName,'Nama pada response tidak sesuai')\n        expect(response.body.data.developer.name).to.equal(global.userAdmin.name,'Nama developer yang diberikan pada resposne tidak sesuai')\n    })\n    .end(done);",
              "err": {},
              "uuid": "da35ddfd-dda6-42d0-9536-dc5c8bcd3652",
              "parentUUID": "9a466cff-78f0-4b40-a924-250a6bc27b7c",
              "isHook": false,
              "skipped": false
            },
            {
              "title": "GET all games should contain inserted games",
              "fullTitle": "Game Test GET all games should contain inserted games",
              "timedOut": false,
              "duration": 14,
              "state": "passed",
              "speed": "fast",
              "pass": true,
              "fail": false,
              "pending": false,
              "context": null,
              "code": "request(app)\n    .get('/games')\n    .set('Accept', 'application/json')\n    .expect('Content-Type', /json/)\n    .expect(responseCode.OK)\n    .expect(response => {\n      let data = response.body.data.find((item) => item.id == insertedId);\n      expect(data.name).to.equal(gameName,'Nama pada response tidak sesuai')\n    })\n    .end(done);",
              "err": {},
              "uuid": "1cb66f5c-103a-44c1-baf8-71d2dc38330f",
              "parentUUID": "9a466cff-78f0-4b40-a924-250a6bc27b7c",
              "isHook": false,
              "skipped": false
            }
          ],
          "suites": [],
          "passes": [
            "697b927b-3dfc-43fe-bbc3-1d6dd996c6c5",
            "da35ddfd-dda6-42d0-9536-dc5c8bcd3652",
            "1cb66f5c-103a-44c1-baf8-71d2dc38330f"
          ],
          "failures": [],
          "pending": [],
          "skipped": [],
          "duration": 126,
          "root": false,
          "rootEmpty": false,
          "_timeout": 4000
        },
        {
          "uuid": "dd5eb485-96e7-48bd-a554-ad1ab1919516",
          "title": "Genre Test",
          "fullFile": "D:\\nodejs-game-restful-api\\tests\\genre_test.js",
          "file": "\\tests\\genre_test.js",
          "beforeHooks": [
            {
              "title": "\"before all\" hook",
              "fullTitle": "Genre Test \"before all\" hook",
              "timedOut": false,
              "duration": 11,
              "state": null,
              "speed": null,
              "pass": false,
              "fail": false,
              "pending": false,
              "context": null,
              "code": "token = global.tokenPro;\nconsole.log(token);",
              "err": {},
              "uuid": "20a07025-1b3d-44fb-8d9f-381d1de4852f",
              "parentUUID": "dd5eb485-96e7-48bd-a554-ad1ab1919516",
              "isHook": true,
              "skipped": false
            }
          ],
          "afterHooks": [],
          "tests": [
            {
              "title": "Response should be when genre inserted",
              "fullTitle": "Genre Test Response should be when genre inserted",
              "timedOut": false,
              "duration": 138,
              "state": "passed",
              "speed": "slow",
              "pass": true,
              "fail": false,
              "pending": false,
              "context": null,
              "code": "request(app)\n    .post('/genres')\n    .send({name :genreName})\n    .set('Accept', 'application/json')\n    .set('token',token)\n    // .expect('Content-Type', /json/)\n    // .expect(responseCode.SUCCESS_INSERT)\n    .expect(response => {\n        expect(response.body.message).to.equal('Genre berhasil ditambahkan')\n        insertedId = response.body.data.id\n        expect(response.body.data.name).to.equal(genreName,'Nama genre yang diberikan pada resposne tidak sesuai')\n    })\n    .end(done);",
              "err": {},
              "uuid": "4722224f-6f1c-41b9-ae40-7d4aae545c72",
              "parentUUID": "dd5eb485-96e7-48bd-a554-ad1ab1919516",
              "isHook": false,
              "skipped": false
            },
            {
              "title": "Response should be when get a genre with params",
              "fullTitle": "Genre Test Response should be when get a genre with params",
              "timedOut": false,
              "duration": 11,
              "state": "passed",
              "speed": "fast",
              "pass": true,
              "fail": false,
              "pending": false,
              "context": null,
              "code": "request(app)\n    .get('/genres')\n    .set('Accept', 'application/json')\n    .expect('Content-Type', /json/)\n    .expect(responseCode.OK)\n    .expect(response => {\n      let data = response.body.data.find((item) => item.id == insertedId);\n      expect(data.name).to.equal(genreName,'Nama pada response tidak sesuai')\n    })\n    .end(done);",
              "err": {},
              "uuid": "3b49f92a-3501-45f4-bd99-10bd2dfed363",
              "parentUUID": "dd5eb485-96e7-48bd-a554-ad1ab1919516",
              "isHook": false,
              "skipped": false
            },
            {
              "title": "Response should be when get a genre with ID",
              "fullTitle": "Genre Test Response should be when get a genre with ID",
              "timedOut": false,
              "duration": 14,
              "state": "passed",
              "speed": "fast",
              "pass": true,
              "fail": false,
              "pending": false,
              "context": null,
              "code": "request(app)\n    .get(`/genres/${insertedId}`)\n    .set('Accept', 'application/json')\n    .expect('Content-Type', /json/)\n    .expect(responseCode.OK)\n    .expect(response => {\n        expect(response.body.data.name).to.equal(genreName,'Nama genre pada response tidak sesuai')\n    })\n    .end(done);",
              "err": {},
              "uuid": "f9919a36-12ac-406a-9ebf-959e5267f9c4",
              "parentUUID": "dd5eb485-96e7-48bd-a554-ad1ab1919516",
              "isHook": false,
              "skipped": false
            },
            {
              "title": "Response should be when genre updated",
              "fullTitle": "Genre Test Response should be when genre updated",
              "timedOut": false,
              "duration": 72,
              "state": "passed",
              "speed": "medium",
              "pass": true,
              "fail": false,
              "pending": false,
              "context": null,
              "code": "request(app)\n    .patch(`/genres/${insertedId}`)\n    .send({name :newGenreName})\n    .set('Accept', 'application/json')\n    .set('token',token)\n    .expect('Content-Type', /json/)\n    .expect(responseCode.OK)\n    .expect(response => {\n        expect(response.body.message).to.equal('Genre berhasil diupdate')\n        expect(response.body.data.name).to.equal(newGenreName,'Nama genre baru yang diberikan pada resposne tidak sesuai')\n    })\n    .end(done);",
              "err": {},
              "uuid": "7d1ac913-9d27-44f6-ae64-f0e0c67971b7",
              "parentUUID": "dd5eb485-96e7-48bd-a554-ad1ab1919516",
              "isHook": false,
              "skipped": false
            },
            {
              "title": "Response should be when get a genre with ID after updated",
              "fullTitle": "Genre Test Response should be when get a genre with ID after updated",
              "timedOut": false,
              "duration": 10,
              "state": "passed",
              "speed": "fast",
              "pass": true,
              "fail": false,
              "pending": false,
              "context": null,
              "code": "request(app)\n    .get(`/genres/${insertedId}`)\n    .set('Accept', 'application/json')\n    .expect('Content-Type', /json/)\n    .expect(responseCode.OK)\n    .expect(response => {\n        expect(response.body.data.name).to.equal(newGenreName,'Nama genre pada response tidak sesuai')\n    })\n    .end(done);",
              "err": {},
              "uuid": "4be7f7c9-f732-42ff-aac0-637260276129",
              "parentUUID": "dd5eb485-96e7-48bd-a554-ad1ab1919516",
              "isHook": false,
              "skipped": false
            },
            {
              "title": "Response should be when genre deleted",
              "fullTitle": "Genre Test Response should be when genre deleted",
              "timedOut": false,
              "duration": 74,
              "state": "passed",
              "speed": "medium",
              "pass": true,
              "fail": false,
              "pending": false,
              "context": null,
              "code": "request(app)\n    .delete(`/genres/${insertedId}`)\n    .set('Accept', 'application/json')\n    .set('token',token)\n    .expect('Content-Type', /json/)\n    .expect(responseCode.OK)\n    .expect(response => {\n        expect(response.body.message).to.equal('Genre berhasil dihapus')\n        expect(response.body.data.name).to.equal(newGenreName,'Nama genre baru yang diberikan pada resposne tidak sesuai')\n    })\n    .end(done);",
              "err": {},
              "uuid": "00127586-e7fe-4308-932d-8ea08d7080bc",
              "parentUUID": "dd5eb485-96e7-48bd-a554-ad1ab1919516",
              "isHook": false,
              "skipped": false
            }
          ],
          "suites": [],
          "passes": [
            "4722224f-6f1c-41b9-ae40-7d4aae545c72",
            "3b49f92a-3501-45f4-bd99-10bd2dfed363",
            "f9919a36-12ac-406a-9ebf-959e5267f9c4",
            "7d1ac913-9d27-44f6-ae64-f0e0c67971b7",
            "4be7f7c9-f732-42ff-aac0-637260276129",
            "00127586-e7fe-4308-932d-8ea08d7080bc"
          ],
          "failures": [],
          "pending": [],
          "skipped": [],
          "duration": 319,
          "root": false,
          "rootEmpty": false,
          "_timeout": 4000
        },
        {
          "uuid": "ded25f6a-6213-4645-a10b-f344a4460bc8",
          "title": "Users Reviews Test",
          "fullFile": "D:\\nodejs-game-restful-api\\tests\\user_review_test.js",
          "file": "\\tests\\user_review_test.js",
          "beforeHooks": [
            {
              "title": "\"before all\" hook",
              "fullTitle": "Users Reviews Test \"before all\" hook",
              "timedOut": false,
              "duration": 0,
              "state": null,
              "speed": null,
              "pass": false,
              "fail": false,
              "pending": false,
              "context": null,
              "code": "id_game =  global.seed_id_game;\ntoken = global.tokenBasic;",
              "err": {},
              "uuid": "aa565fce-80ad-47fe-b5bb-3d4d85fe6ad4",
              "parentUUID": "ded25f6a-6213-4645-a10b-f344a4460bc8",
              "isHook": true,
              "skipped": false
            }
          ],
          "afterHooks": [],
          "tests": [
            {
              "title": "Response should be when user review inserted",
              "fullTitle": "Users Reviews Test Response should be when user review inserted",
              "timedOut": false,
              "duration": 144,
              "state": "passed",
              "speed": "slow",
              "pass": true,
              "fail": false,
              "pending": false,
              "context": null,
              "code": "request(app)\n    .post('/reviews')\n    .send({\n        id_game: id_game,\n        id_user: id_user,\n        review: review,\n        review_score: review_score\n    })\n    .set('Accept', 'application/json')\n    .set('token', token)\n    .expect('Content-Type', /json/)\n    .expect(responseCode.SUCCESS_INSERT)\n    .expect(response => {\n        id = parseInt(response.body.data.id)\n        expect(response.body.message).to.equal('Successfuly inserted user review', 'Response message tidak sesuai')\n        expect(response.body.data.id_game).to.equal(id_game, 'ID Game yang diberikan pada response tidak sesuai')\n        expect(response.body.data.id_user).to.equal(id_user, 'ID User yang diberikan pada response tidak sesuai')\n        expect(response.body.data.review).to.equal(review, 'Review yang diberikan pada response tidak sesuai')\n        expect(response.body.data.review_score).to.equal(review_score, 'Review Score yang diberikan pada response tidak sesuai')\n    })\n    .end(done);",
              "err": {},
              "uuid": "fc9e55a8-649d-48e3-8e51-812a5e36a192",
              "parentUUID": "ded25f6a-6213-4645-a10b-f344a4460bc8",
              "isHook": false,
              "skipped": false
            },
            {
              "title": "Response should be when get a user review",
              "fullTitle": "Users Reviews Test Response should be when get a user review",
              "timedOut": false,
              "duration": 15,
              "state": "passed",
              "speed": "fast",
              "pass": true,
              "fail": false,
              "pending": false,
              "context": null,
              "code": "request(app)\n    .get(`/reviews/${id}`)\n    .set('Accept', 'application/json')\n    .expect('Content-Type', /json/)\n    .expect(responseCode.OK)\n    .expect(response => {\n        expect(response.body.data.id).to.equal(id, 'ID yang diberikan pada response tidak sesuai')\n        expect(response.body.data.id_game).to.equal(id_game, 'ID Game yang diberikan pada response tidak sesuai')\n        expect(response.body.data.id_user).to.equal(id_user, 'ID User yang diberikan pada response tidak sesuai')\n        expect(response.body.data.review).to.equal(review, 'Review yang diberikan pada response tidak sesuai')\n        expect(response.body.data.review_score).to.equal(review_score, 'Review Score yang diberikan pada response tidak sesuai')\n    })\n    .end(done);",
              "err": {},
              "uuid": "8a9d868b-afcc-4a36-9090-71222e184fba",
              "parentUUID": "ded25f6a-6213-4645-a10b-f344a4460bc8",
              "isHook": false,
              "skipped": false
            },
            {
              "title": "Response should be when get all users reviews",
              "fullTitle": "Users Reviews Test Response should be when get all users reviews",
              "timedOut": false,
              "duration": 8,
              "state": "passed",
              "speed": "fast",
              "pass": true,
              "fail": false,
              "pending": false,
              "context": null,
              "code": "request(app)\n    .get('/reviews')\n    .set('Accept', 'application/json')\n    .expect('Content-Type', /json/)\n    .expect(responseCode.OK)\n    .expect(response => {\n        // if index remains null, this test will fail\n        let index = null\n        for (let i = 0; i < response.body.data.length; i++) {\n            if (response.body.data[i].id === id) {\n                index = i\n            }\n        }\n        expect(response.body.data[index].id_game).to.equal(id_game, 'ID Game yang diberikan pada response tidak sesuai')\n        expect(response.body.data[index].id_user).to.equal(id_user, 'ID User yang diberikan pada response tidak sesuai')\n        expect(response.body.data[index].review).to.equal(review, 'Review yang diberikan pada response tidak sesuai')\n        expect(response.body.data[index].review_score).to.equal(review_score, 'Review Score yang diberikan pada response tidak sesuai')\n    })\n    .end(done);",
              "err": {},
              "uuid": "792e9126-9492-4c5d-9bd2-ab8ee08adea1",
              "parentUUID": "ded25f6a-6213-4645-a10b-f344a4460bc8",
              "isHook": false,
              "skipped": false
            },
            {
              "title": "Response should be when patch a user review",
              "fullTitle": "Users Reviews Test Response should be when patch a user review",
              "timedOut": false,
              "duration": 95,
              "state": "passed",
              "speed": "slow",
              "pass": true,
              "fail": false,
              "pending": false,
              "context": null,
              "code": "request(app)\n    .patch(`/reviews/${id}`)\n    .send({\n        review: review_update,\n        review_score: review_score_update\n    })\n    .set('Accept', 'application/json')\n    .set('token', token)\n    .expect('Content-Type', /json/)\n    .expect(responseCode.OK)\n    .expect(response => {\n        expect(response.body.message).to.equal('User berhasil diupdate', 'Response message tidak sesuai')\n    })\n    .end(done);",
              "err": {},
              "uuid": "5519857a-a11b-4adf-b380-03453d475b4b",
              "parentUUID": "ded25f6a-6213-4645-a10b-f344a4460bc8",
              "isHook": false,
              "skipped": false
            },
            {
              "title": "Response should be when get a user review (after patch user review)",
              "fullTitle": "Users Reviews Test Response should be when get a user review (after patch user review)",
              "timedOut": false,
              "duration": 11,
              "state": "passed",
              "speed": "fast",
              "pass": true,
              "fail": false,
              "pending": false,
              "context": null,
              "code": "request(app)\n    .get(`/reviews/${id}`)\n    .set('Accept', 'application/json')\n    .expect('Content-Type', /json/)\n    .expect(responseCode.OK)\n    .expect(response => {\n        expect(response.body.data.id).to.equal(id, 'ID yang diberikan pada response tidak sesuai')\n        expect(response.body.data.id_game).to.equal(id_game, 'ID Game yang diberikan pada response tidak sesuai')\n        expect(response.body.data.id_user).to.equal(id_user, 'ID User yang diberikan pada response tidak sesuai')\n        expect(response.body.data.review).to.equal(review_update, 'Review yang diberikan pada response tidak sesuai')\n        expect(response.body.data.review_score).to.equal(review_score_update, 'Review Score yang diberikan pada response tidak sesuai')\n    })\n    .end(done);",
              "err": {},
              "uuid": "c7a97691-e4bd-4e0d-af6e-bc819b515602",
              "parentUUID": "ded25f6a-6213-4645-a10b-f344a4460bc8",
              "isHook": false,
              "skipped": false
            },
            {
              "title": "Response should be when delete a user review",
              "fullTitle": "Users Reviews Test Response should be when delete a user review",
              "timedOut": false,
              "duration": 64,
              "state": "passed",
              "speed": "medium",
              "pass": true,
              "fail": false,
              "pending": false,
              "context": null,
              "code": "request(app)\n    .delete(`/reviews/${id}`)\n    .set('Accept', 'application/json')\n    .set('token', token)\n    .expect('Content-Type', /json/)\n    .expect(responseCode.OK)\n    .expect(response => {\n        expect(response.body.message).to.equal('User review berhasil dihapus', 'Response message tidak sesuai')\n    })\n    .end(done);",
              "err": {},
              "uuid": "ff019819-9f9a-41ab-a67c-1795c53a8ee6",
              "parentUUID": "ded25f6a-6213-4645-a10b-f344a4460bc8",
              "isHook": false,
              "skipped": false
            }
          ],
          "suites": [],
          "passes": [
            "fc9e55a8-649d-48e3-8e51-812a5e36a192",
            "8a9d868b-afcc-4a36-9090-71222e184fba",
            "792e9126-9492-4c5d-9bd2-ab8ee08adea1",
            "5519857a-a11b-4adf-b380-03453d475b4b",
            "c7a97691-e4bd-4e0d-af6e-bc819b515602",
            "ff019819-9f9a-41ab-a67c-1795c53a8ee6"
          ],
          "failures": [],
          "pending": [],
          "skipped": [],
          "duration": 337,
          "root": false,
          "rootEmpty": false,
          "_timeout": 4000
        },
        {
          "uuid": "9c98f8b1-ba06-4f19-882f-dce5b2d34b1b",
          "title": "Users Reviews Test",
          "fullFile": "D:\\nodejs-game-restful-api\\tests\\user_game_test.js",
          "file": "\\tests\\user_game_test.js",
          "beforeHooks": [
            {
              "title": "\"before all\" hook",
              "fullTitle": "Users Reviews Test \"before all\" hook",
              "timedOut": false,
              "duration": 0,
              "state": null,
              "speed": null,
              "pass": false,
              "fail": false,
              "pending": false,
              "context": null,
              "code": "id_game =  global.seed_id_game;\ntokenBasic = global.tokenBasic;\nidUserBasic = global.userBasic.id;\nidUserPro = global.userPro.id;\ntokenAdmin = global.tokenAdmin;\nidUserAdmin = global.userAdmin.id;",
              "err": {},
              "uuid": "6a46423b-7d1d-4fab-9feb-1bf6c7e5a57c",
              "parentUUID": "9c98f8b1-ba06-4f19-882f-dce5b2d34b1b",
              "isHook": true,
              "skipped": false
            }
          ],
          "afterHooks": [],
          "tests": [
            {
              "title": "Basic User can insert user game",
              "fullTitle": "Users Reviews Test Basic User can insert user game",
              "timedOut": false,
              "duration": 137,
              "state": "passed",
              "speed": "slow",
              "pass": true,
              "fail": false,
              "pending": false,
              "context": null,
              "code": "request(app)\n    .post(`/user/${idUserBasic}/game`)\n    .send({\n        id_game: id_game,\n        id_user: idUserBasic,\n    })\n    .set('Accept', 'application/json')\n    .set('token', tokenBasic)\n    .expect('Content-Type', /json/)\n    .expect(responseCode.SUCCESS_INSERT)\n    .expect(response => {\n        expect(response.body.message).to.equal('Successfuly inserted user game', 'Response message tidak sesuai')\n        expect(response.body.data.id_game).to.equal(id_game, 'ID Game yang diberikan pada response tidak sesuai')\n        expect(response.body.data.id_user).to.equal(idUserBasic, 'ID User yang diberikan pada response tidak sesuai')\n    })\n    .end(done);",
              "err": {},
              "uuid": "a960df50-8075-4233-ba3c-39dec7e9432d",
              "parentUUID": "9c98f8b1-ba06-4f19-882f-dce5b2d34b1b",
              "isHook": false,
              "skipped": false
            },
            {
              "title": "Admin can insert other user game",
              "fullTitle": "Users Reviews Test Admin can insert other user game",
              "timedOut": false,
              "duration": 66,
              "state": "passed",
              "speed": "medium",
              "pass": true,
              "fail": false,
              "pending": false,
              "context": null,
              "code": "request(app)\n    .post(`/user/${idUserPro}/game`)\n    .send({\n        id_game: id_game,\n        id_user: idUserPro,\n    })\n    .set('Accept', 'application/json')\n    .set('token', tokenAdmin)\n    .expect('Content-Type', /json/)\n    .expect(responseCode.SUCCESS_INSERT)\n    .expect(response => {\n        expect(response.body.message).to.equal('Successfuly inserted user game', 'Response message tidak sesuai')\n        expect(response.body.data.id_game).to.equal(id_game, 'ID Game yang diberikan pada response tidak sesuai')\n        expect(response.body.data.id_user).to.equal(idUserPro, 'ID User yang diberikan pada response tidak sesuai')\n    })\n    .end(done);",
              "err": {},
              "uuid": "702ba1b1-eaaa-4966-9ec1-b0c6d964e055",
              "parentUUID": "9c98f8b1-ba06-4f19-882f-dce5b2d34b1b",
              "isHook": false,
              "skipped": false
            },
            {
              "title": "GET all user games should contain inserted",
              "fullTitle": "Users Reviews Test GET all user games should contain inserted",
              "timedOut": false,
              "duration": 12,
              "state": "passed",
              "speed": "fast",
              "pass": true,
              "fail": false,
              "pending": false,
              "context": null,
              "code": "request(app)\n    .get(`/user/${idUserBasic}/game`)\n    .set('token', tokenBasic)\n    .set('Accept', 'application/json')\n    .expect('Content-Type', /json/)\n    .expect(responseCode.OK)\n    .expect(response => {\n      let data = response.body.data.find((item) => item.id_game == id_game);\n      expect(data.id_game).to.equal(id_game,'ID game sesuai')\n    })\n    .end(done);",
              "err": {},
              "uuid": "b159a091-40ef-4b68-ad3a-7990989e69ed",
              "parentUUID": "9c98f8b1-ba06-4f19-882f-dce5b2d34b1b",
              "isHook": false,
              "skipped": false
            },
            {
              "title": "Basic User can delete game",
              "fullTitle": "Users Reviews Test Basic User can delete game",
              "timedOut": false,
              "duration": 66,
              "state": "passed",
              "speed": "medium",
              "pass": true,
              "fail": false,
              "pending": false,
              "context": null,
              "code": "request(app)\n    .delete(`/user/${idUserBasic}/game/${id_game}`)\n    .set('Accept', 'application/json')\n    .set('token', tokenBasic)\n    .expect('Content-Type', /json/)\n    .expect(responseCode.OK)\n    .expect(response => {\n        expect(response.body.message).to.equal('Successfuly deleted user game', 'Response message tidak sesuai')\n    })\n    .end(done);",
              "err": {},
              "uuid": "2eecc100-a3cd-4dca-a0cf-5231b230583c",
              "parentUUID": "9c98f8b1-ba06-4f19-882f-dce5b2d34b1b",
              "isHook": false,
              "skipped": false
            },
            {
              "title": "User game should be deleted",
              "fullTitle": "Users Reviews Test User game should be deleted",
              "timedOut": false,
              "duration": 14,
              "state": "passed",
              "speed": "fast",
              "pass": true,
              "fail": false,
              "pending": false,
              "context": null,
              "code": "request(app)\n    .get(`/user/${idUserBasic}/game`)\n    .set('token', tokenAdmin)\n    .set('Accept', 'application/json')\n    .expect('Content-Type', /json/)\n    .expect(responseCode.OK)\n    .expect(response => {\n      let data = response.body.data.find((item) => item.id_game == id_game);\n      expect(data).to.equal(undefined,'Data masih terdapat pada database')\n    })\n    .end(done);",
              "err": {},
              "uuid": "d92fe7e2-8e03-4eb9-9f8c-937c7e078a2c",
              "parentUUID": "9c98f8b1-ba06-4f19-882f-dce5b2d34b1b",
              "isHook": false,
              "skipped": false
            },
            {
              "title": "Admin can delete other user game",
              "fullTitle": "Users Reviews Test Admin can delete other user game",
              "timedOut": false,
              "duration": 70,
              "state": "passed",
              "speed": "medium",
              "pass": true,
              "fail": false,
              "pending": false,
              "context": null,
              "code": "request(app)\n    .delete(`/user/${idUserPro}/game/${id_game}`)\n    .set('Accept', 'application/json')\n    .set('token', tokenAdmin)\n    .expect('Content-Type', /json/)\n    .expect(responseCode.OK)\n    .expect(response => {\n        expect(response.body.message).to.equal('Successfuly deleted user game', 'Response message tidak sesuai')\n    })\n    .end(done);",
              "err": {},
              "uuid": "81f9361e-5e36-4553-831b-399797ec3435",
              "parentUUID": "9c98f8b1-ba06-4f19-882f-dce5b2d34b1b",
              "isHook": false,
              "skipped": false
            },
            {
              "title": "User game should be deleted",
              "fullTitle": "Users Reviews Test User game should be deleted",
              "timedOut": false,
              "duration": 11,
              "state": "passed",
              "speed": "fast",
              "pass": true,
              "fail": false,
              "pending": false,
              "context": null,
              "code": "request(app)\n    .get(`/user/${idUserPro}/game`)\n    .set('token', tokenBasic)\n    .set('Accept', 'application/json')\n    .expect('Content-Type', /json/)\n    .expect(responseCode.OK)\n    .expect(response => {\n      let data = response.body.data.find((item) => item.id_game == id_game);\n      expect(data).to.equal(undefined,'Data masih terdapat pada database')\n    })\n    .end(done);",
              "err": {},
              "uuid": "4b89f1f8-fb1c-40c4-a797-be3c7fa5269d",
              "parentUUID": "9c98f8b1-ba06-4f19-882f-dce5b2d34b1b",
              "isHook": false,
              "skipped": false
            }
          ],
          "suites": [],
          "passes": [
            "a960df50-8075-4233-ba3c-39dec7e9432d",
            "702ba1b1-eaaa-4966-9ec1-b0c6d964e055",
            "b159a091-40ef-4b68-ad3a-7990989e69ed",
            "2eecc100-a3cd-4dca-a0cf-5231b230583c",
            "d92fe7e2-8e03-4eb9-9f8c-937c7e078a2c",
            "81f9361e-5e36-4553-831b-399797ec3435",
            "4b89f1f8-fb1c-40c4-a797-be3c7fa5269d"
          ],
          "failures": [],
          "pending": [],
          "skipped": [],
          "duration": 376,
          "root": false,
          "rootEmpty": false,
          "_timeout": 4000
        },
        {
          "uuid": "b75eb0cb-2e08-4e93-b6a5-3d3cf675c951",
          "title": "Users Reviews Test",
          "fullFile": "D:\\nodejs-game-restful-api\\tests\\users_test.js",
          "file": "\\tests\\users_test.js",
          "beforeHooks": [
            {
              "title": "\"before all\" hook",
              "fullTitle": "Users Reviews Test \"before all\" hook",
              "timedOut": false,
              "duration": 0,
              "state": null,
              "speed": null,
              "pass": false,
              "fail": false,
              "pending": false,
              "context": null,
              "code": "tokenBasic = global.tokenBasic;\nidUserBasic = global.userBasic.id;\nidUserPro = global.userPro.id;\ntokenPro = global.tokenPro;\ntokenAdmin = global.tokenAdmin;\nidUserAdmin = global.userAdmin.id;\neditedName=   \"testing-edit-name\";\neditedGender= 0;",
              "err": {},
              "uuid": "fa5e3be0-d63b-4d0d-802b-b3718758ce47",
              "parentUUID": "b75eb0cb-2e08-4e93-b6a5-3d3cf675c951",
              "isHook": true,
              "skipped": false
            }
          ],
          "afterHooks": [],
          "tests": [
            {
              "title": "/users should return inserted user",
              "fullTitle": "Users Reviews Test /users should return inserted user",
              "timedOut": false,
              "duration": 11,
              "state": "passed",
              "speed": "fast",
              "pass": true,
              "fail": false,
              "pending": false,
              "context": null,
              "code": "request(app)\n    .get('/users')\n    .set('Accept', 'application/json')\n    .set('token', tokenBasic)\n    .expect('Content-Type', /json/)\n    .expect(responseCode.OK)\n    .expect(response => {\n        let data = response.body.data.find((item) => item.id == idUserBasic);\n        expect(data.id).to.equal(idUserBasic,'Tidak terdapat user seeding pada get user')\n    })\n    .end(done);",
              "err": {},
              "uuid": "e21bed38-48f6-4f5e-8953-8dc85038b347",
              "parentUUID": "b75eb0cb-2e08-4e93-b6a5-3d3cf675c951",
              "isHook": false,
              "skipped": false
            },
            {
              "title": "/user/:id_user should return get user",
              "fullTitle": "Users Reviews Test /user/:id_user should return get user",
              "timedOut": false,
              "duration": 68,
              "state": "passed",
              "speed": "medium",
              "pass": true,
              "fail": false,
              "pending": false,
              "context": null,
              "code": "request(app)\n    .get(`/users/${idUserBasic}`)\n    .set('Accept', 'application/json')\n    .set('token', tokenBasic)\n    .expect('Content-Type', /json/)\n    .expect(responseCode.OK)\n    .expect(response => {\n        expect(response.body.data.name).to.equal(global.userBasic.name,'Tidak terdapat user seeding pada get user')\n    })\n    .end(done);",
              "err": {},
              "uuid": "2ea8edd0-4855-477d-ac79-811992213b60",
              "parentUUID": "b75eb0cb-2e08-4e93-b6a5-3d3cf675c951",
              "isHook": false,
              "skipped": false
            },
            {
              "title": "PATCH /user/:id_user Other user cannot edit other user data",
              "fullTitle": "Users Reviews Test PATCH /user/:id_user Other user cannot edit other user data",
              "timedOut": false,
              "duration": 10,
              "state": "passed",
              "speed": "fast",
              "pass": true,
              "fail": false,
              "pending": false,
              "context": null,
              "code": "request(app)\n    .patch(`/users/${idUserBasic}`)\n    .set('Accept', 'application/json')\n    .set('token', tokenPro)\n    .expect('Content-Type', /json/)\n    .expect(responseCode.FORBIDDEN)\n    .end(done);",
              "err": {},
              "uuid": "003320b2-4829-4450-9e7a-e55a04cce015",
              "parentUUID": "b75eb0cb-2e08-4e93-b6a5-3d3cf675c951",
              "isHook": false,
              "skipped": false
            },
            {
              "title": "PATCH /user/:id_user Other user cannot edit other user data",
              "fullTitle": "Users Reviews Test PATCH /user/:id_user Other user cannot edit other user data",
              "timedOut": false,
              "duration": 155,
              "state": "passed",
              "speed": "slow",
              "pass": true,
              "fail": false,
              "pending": false,
              "context": null,
              "code": "request(app)\n    .patch(`/users/${idUserBasic}`)\n    .send({\n        \"name\" : editedName,\n        \"gender\" : editedGender\n    })\n    .set('Accept', 'application/json')\n    .set('token', tokenBasic)\n    .expect('Content-Type', /json/)\n    .expect(responseCode.OK)\n    .expect(response => {\n        expect(response.body.message).to.equal('User berhasil diupdate','Response message tidak sesuai')\n    })\n    .end(done);",
              "err": {},
              "uuid": "c9d6f7b1-5a81-4e5d-8b4e-2d8c3ef1a06e",
              "parentUUID": "b75eb0cb-2e08-4e93-b6a5-3d3cf675c951",
              "isHook": false,
              "skipped": false
            },
            {
              "title": "GET /user/:id_user edited user data should change",
              "fullTitle": "Users Reviews Test GET /user/:id_user edited user data should change",
              "timedOut": false,
              "duration": 57,
              "state": "passed",
              "speed": "medium",
              "pass": true,
              "fail": false,
              "pending": false,
              "context": null,
              "code": "request(app)\n    .get(`/users/${idUserBasic}`)\n    .set('Accept', 'application/json')\n    .set('token', tokenBasic)\n    .expect('Content-Type', /json/)\n    .expect(responseCode.OK)\n    .expect(response => {\n        expect(response.body.data.name).to.equal(editedName,'Tidak terdapat user seeding pada get user')\n    })\n    .end(done);",
              "err": {},
              "uuid": "f0ca2d72-fdde-4e70-aa01-2241a7f7a2a7",
              "parentUUID": "b75eb0cb-2e08-4e93-b6a5-3d3cf675c951",
              "isHook": false,
              "skipped": false
            },
            {
              "title": "DELETE /user/:id_user Normal user cannot delete",
              "fullTitle": "Users Reviews Test DELETE /user/:id_user Normal user cannot delete",
              "timedOut": false,
              "duration": 5,
              "state": "passed",
              "speed": "fast",
              "pass": true,
              "fail": false,
              "pending": false,
              "context": null,
              "code": "request(app)\n    .delete(`/users/${idUserBasic}`)\n    .set('Accept', 'application/json')\n    .set('token', tokenBasic)\n    .expect('Content-Type', /json/)\n    .expect(responseCode.FORBIDDEN)\n    .end(done);",
              "err": {},
              "uuid": "af728be4-fd98-4d48-b6e7-7cd369c296c7",
              "parentUUID": "b75eb0cb-2e08-4e93-b6a5-3d3cf675c951",
              "isHook": false,
              "skipped": false
            },
            {
              "title": "DELETE /user/:id_user Admin delete basic user",
              "fullTitle": "Users Reviews Test DELETE /user/:id_user Admin delete basic user",
              "timedOut": false,
              "duration": 137,
              "state": "passed",
              "speed": "slow",
              "pass": true,
              "fail": false,
              "pending": false,
              "context": null,
              "code": "request(app)\n    .delete(`/users/${idUserBasic}`)\n    .set('Accept', 'application/json')\n    .set('token', tokenAdmin)\n    .expect('Content-Type', /json/)\n    .expect(responseCode.OK)\n    .end(done);",
              "err": {},
              "uuid": "5e8aa04c-1f8d-4042-b286-1c4f6e8e1f57",
              "parentUUID": "b75eb0cb-2e08-4e93-b6a5-3d3cf675c951",
              "isHook": false,
              "skipped": false
            },
            {
              "title": "DELETE /user/:id_user Admin delete pro user",
              "fullTitle": "Users Reviews Test DELETE /user/:id_user Admin delete pro user",
              "timedOut": false,
              "duration": 113,
              "state": "passed",
              "speed": "slow",
              "pass": true,
              "fail": false,
              "pending": false,
              "context": null,
              "code": "request(app)\n    .delete(`/users/${idUserPro}`)\n    .set('Accept', 'application/json')\n    .set('token', tokenAdmin)\n    .expect('Content-Type', /json/)\n    .expect(responseCode.OK)\n    .end(done);",
              "err": {},
              "uuid": "3666b415-bf12-4a02-ace9-8b64344d73ab",
              "parentUUID": "b75eb0cb-2e08-4e93-b6a5-3d3cf675c951",
              "isHook": false,
              "skipped": false
            },
            {
              "title": "DELETE /user/:id_user Admin delete admin user",
              "fullTitle": "Users Reviews Test DELETE /user/:id_user Admin delete admin user",
              "timedOut": false,
              "duration": 76,
              "state": "passed",
              "speed": "slow",
              "pass": true,
              "fail": false,
              "pending": false,
              "context": null,
              "code": "request(app)\n    .delete(`/users/${idUserAdmin}`)\n    .set('Accept', 'application/json')\n    .set('token', tokenAdmin)\n    .expect('Content-Type', /json/)\n    .expect(responseCode.OK)\n    .end(done);",
              "err": {},
              "uuid": "485d7fc5-3b0c-4a04-8ba1-3b9f320a2b6c",
              "parentUUID": "b75eb0cb-2e08-4e93-b6a5-3d3cf675c951",
              "isHook": false,
              "skipped": false
            }
          ],
          "suites": [],
          "passes": [
            "e21bed38-48f6-4f5e-8953-8dc85038b347",
            "2ea8edd0-4855-477d-ac79-811992213b60",
            "003320b2-4829-4450-9e7a-e55a04cce015",
            "c9d6f7b1-5a81-4e5d-8b4e-2d8c3ef1a06e",
            "f0ca2d72-fdde-4e70-aa01-2241a7f7a2a7",
            "af728be4-fd98-4d48-b6e7-7cd369c296c7",
            "5e8aa04c-1f8d-4042-b286-1c4f6e8e1f57",
            "3666b415-bf12-4a02-ace9-8b64344d73ab",
            "485d7fc5-3b0c-4a04-8ba1-3b9f320a2b6c"
          ],
          "failures": [],
          "pending": [],
          "skipped": [],
          "duration": 632,
          "root": false,
          "rootEmpty": false,
          "_timeout": 4000
        }
      ],
      "passes": [],
      "failures": [],
      "pending": [],
      "skipped": [],
      "duration": 0,
      "root": true,
      "rootEmpty": true,
      "_timeout": 4000
    }
  ],
  "meta": {
    "mocha": {
      "version": "7.1.2"
    },
    "mochawesome": {
      "options": {
        "quiet": false,
        "reportFilename": "mochawesome",
        "saveHtml": true,
        "saveJson": true,
        "consoleReporter": "spec",
        "useInlineDiffs": false,
        "code": true
      },
      "version": "6.1.1"
    },
    "marge": {
      "options": null,
      "version": "5.1.0"
    }
  }
}