{
  "stats": {
    "suites": 6,
    "tests": 45,
    "passes": 45,
    "pending": 0,
    "failures": 0,
    "start": "2020-05-28T17:25:08.370Z",
    "end": "2020-05-28T17:25:16.045Z",
    "duration": 7675,
    "testsRegistered": 45,
    "passPercent": 100,
    "pendingPercent": 0,
    "other": 0,
    "hasOther": false,
    "skipped": 0,
    "hasSkipped": false
  },
  "results": [
    {
      "uuid": "bdee035c-87ed-4856-8de8-08adadd4a787",
      "title": "",
      "fullFile": "",
      "file": "",
      "beforeHooks": [],
      "afterHooks": [],
      "tests": [],
      "suites": [
        {
          "uuid": "8f17c4c6-149c-4a91-8345-9ea664d6a848",
          "title": "Testing registration for all user role",
          "fullFile": "D:\\nodejs-game-restful-api\\tests\\auth_test.js",
          "file": "\\tests\\auth_test.js",
          "beforeHooks": [
            {
              "title": "\"before all\" hook",
              "fullTitle": "Testing registration for all user role \"before all\" hook",
              "timedOut": false,
              "duration": 1623,
              "state": null,
              "speed": null,
              "pass": false,
              "fail": false,
              "pending": false,
              "context": null,
              "code": "await model.users.destroy({\n    where: {},\n    truncate: true\n  })\n  await model.games.destroy({\n      where: {},\n      truncate: true\n    })\nawait model.users_games.destroy({\n    where: {},\n    truncate: true\n  })\n  await  model.genres.destroy({\n    where: {},\n    truncate: true\n  })\n  await  model.users_reviews.destroy({\n    where: {},\n    truncate: true\n  })\n  await   model.genre_games.destroy({\n    where: {},\n    truncate: true\n  })",
              "err": {},
              "uuid": "a124ae26-344c-4c93-aca4-7262b0c8bb82",
              "parentUUID": "8f17c4c6-149c-4a91-8345-9ea664d6a848",
              "isHook": true,
              "skipped": false
            }
          ],
          "afterHooks": [],
          "tests": [
            {
              "title": "Register using basic user with email : basic@gmail.com",
              "fullTitle": "Testing registration for all user role Register using basic user with email : basic@gmail.com",
              "timedOut": false,
              "duration": 234,
              "state": "passed",
              "speed": "slow",
              "pass": true,
              "fail": false,
              "pending": false,
              "context": null,
              "code": "request(app)\n    .post('/register')\n    .send(fakeData.user.basic)\n    .set('Accept', 'application/json')\n    .expect('Content-Type', /json/)\n    .expect(responseCode.SUCCESS_INSERT)\n    .expect(response => {\n        expect(response.body.message).to.equal('Berhasil melakukan registrasi user','Response message tidak sesuai');\n        expect(response.body.data.email).to.equal( fakeData.user.basic.email,'Email yang diberikan pada response tidak sesuai')\n        expect(response.body.data.tipe).to.equal(fakeData.user.basic.tipe,'Tipe yang diberikan pada resposne tidak sesuai')\n    })\n    .end(done);",
              "err": {},
              "uuid": "d25f8551-5bbc-4078-b19d-620224c6166e",
              "parentUUID": "8f17c4c6-149c-4a91-8345-9ea664d6a848",
              "isHook": false,
              "skipped": false
            },
            {
              "title": "Register using basic user with email : basic@gmail.com, Duplicate email should fail",
              "fullTitle": "Testing registration for all user role Register using basic user with email : basic@gmail.com, Duplicate email should fail",
              "timedOut": false,
              "duration": 12,
              "state": "passed",
              "speed": "fast",
              "pass": true,
              "fail": false,
              "pending": false,
              "context": null,
              "code": "request(app)\n    .post('/register')\n    .send(fakeData.user.basic)\n    .set('Accept', 'application/json')\n    .expect('Content-Type', /json/)\n    .expect(responseCode.DUPLICATE)\n    .end(done);",
              "err": {},
              "uuid": "9a40c683-c8e6-4777-ba10-ffaaf685b8ae",
              "parentUUID": "8f17c4c6-149c-4a91-8345-9ea664d6a848",
              "isHook": false,
              "skipped": false
            },
            {
              "title": "Register using basic pro with email : pro@gmail.com",
              "fullTitle": "Testing registration for all user role Register using basic pro with email : pro@gmail.com",
              "timedOut": false,
              "duration": 200,
              "state": "passed",
              "speed": "slow",
              "pass": true,
              "fail": false,
              "pending": false,
              "context": null,
              "code": "request(app)\n    .post('/register')\n    .send(fakeData.user.pro)\n    .set('Accept', 'application/json')\n    .expect('Content-Type', /json/)\n    .expect(responseCode.SUCCESS_INSERT)\n    .expect(response => {\n        expect(response.body.message).to.equal('Berhasil melakukan registrasi user','Response message tidak sesuai');\n        expect(response.body.data.email).to.equal( fakeData.user.pro.email,'Email yang diberikan pada response tidak sesuai')\n        expect(response.body.data.tipe).to.equal(fakeData.user.pro.tipe,'Tipe yang diberikan pada resposne tidak sesuai')\n    })\n    .end(done);",
              "err": {},
              "uuid": "189303c8-da40-48ea-ab97-46065c918e18",
              "parentUUID": "8f17c4c6-149c-4a91-8345-9ea664d6a848",
              "isHook": false,
              "skipped": false
            },
            {
              "title": "Register using admin user with email : admin@gmail.com",
              "fullTitle": "Testing registration for all user role Register using admin user with email : admin@gmail.com",
              "timedOut": false,
              "duration": 148,
              "state": "passed",
              "speed": "slow",
              "pass": true,
              "fail": false,
              "pending": false,
              "context": null,
              "code": "request(app)\n    .post('/register')\n    .send(fakeData.user.admin)\n    .set('Accept', 'application/json')\n    .expect('Content-Type', /json/)\n    .expect(responseCode.SUCCESS_INSERT)\n    .expect(response => {\n        expect(response.body.message).to.equal('Berhasil melakukan registrasi user','Response message tidak sesuai');\n        expect(response.body.data.email).to.equal( fakeData.user.admin.email,'Email yang diberikan pada response tidak sesuai')\n        expect(response.body.data.tipe).to.equal(fakeData.user.admin.tipe,'Tipe yang diberikan pada resposne tidak sesuai')\n    })\n    .end(done);",
              "err": {},
              "uuid": "1a69cd76-6307-47b6-9af2-f995706565ae",
              "parentUUID": "8f17c4c6-149c-4a91-8345-9ea664d6a848",
              "isHook": false,
              "skipped": false
            },
            {
              "title": "Basic User can login",
              "fullTitle": "Testing registration for all user role Basic User can login",
              "timedOut": false,
              "duration": 155,
              "state": "passed",
              "speed": "slow",
              "pass": true,
              "fail": false,
              "pending": false,
              "context": null,
              "code": "request(app)\n    .post('/login')\n    .send({email : fakeData.user.basic.email, password: fakeData.user.basic.password })\n    .set('Accept', 'application/json')\n    .expect('Content-Type', /json/)\n    .expect(responseCode.SUCCESS_GET)\n    .expect(response => {\n        expect(response.body.message).to.equal('Success Login','Response message tidak sesuai');\n        var userLogin = jwt.verify(response.body.token, 'soa2018');\n        expect(userLogin.email).to.equal(fakeData.user.basic.email,'Payload email JWT tidak sesuai')\n        global.tokenBasic = response.body.token;\n        global.userBasic = userLogin;\n    })\n    .end(done);",
              "err": {},
              "uuid": "a8db4ea4-fa6e-4400-8270-75b210caba44",
              "parentUUID": "8f17c4c6-149c-4a91-8345-9ea664d6a848",
              "isHook": false,
              "skipped": false
            },
            {
              "title": "Pro User can login",
              "fullTitle": "Testing registration for all user role Pro User can login",
              "timedOut": false,
              "duration": 160,
              "state": "passed",
              "speed": "slow",
              "pass": true,
              "fail": false,
              "pending": false,
              "context": null,
              "code": "request(app)\n    .post('/login')\n    .send({email : fakeData.user.pro.email, password: fakeData.user.pro.password })\n    .set('Accept', 'application/json')\n    .expect('Content-Type', /json/)\n    .expect(responseCode.SUCCESS_GET)\n    .expect(response => {\n        expect(response.body.message).to.equal('Success Login','Response message tidak sesuai');\n        var userLogin = jwt.verify(response.body.token, 'soa2018');\n        expect(userLogin.email).to.equal(fakeData.user.pro.email,'Payload email JWT tidak sesuai')\n        global.tokenPro = response.body.token;\n        global.userPro = userLogin;\n    })\n    .end(done);",
              "err": {},
              "uuid": "639fb02a-bbbb-4353-884f-28c1e9ddb55a",
              "parentUUID": "8f17c4c6-149c-4a91-8345-9ea664d6a848",
              "isHook": false,
              "skipped": false
            },
            {
              "title": "Admin User can login",
              "fullTitle": "Testing registration for all user role Admin User can login",
              "timedOut": false,
              "duration": 179,
              "state": "passed",
              "speed": "slow",
              "pass": true,
              "fail": false,
              "pending": false,
              "context": null,
              "code": "request(app)\n    .post('/login')\n    .send({email : fakeData.user.admin.email, password: fakeData.user.admin.password })\n    .set('Accept', 'application/json')\n    .expect('Content-Type', /json/)\n    .expect(responseCode.SUCCESS_GET)\n    .expect(response => {\n        expect(response.body.message).to.equal('Success Login','Response message tidak sesuai');\n        var userLogin = jwt.verify(response.body.token, 'soa2018');\n        expect(userLogin.email).to.equal(fakeData.user.admin.email,'Payload email JWT tidak sesuai')\n        global.tokenAdmin = response.body.token;\n        global.userAdmin = userLogin;\n    })\n    .end(done);",
              "err": {},
              "uuid": "01ebfd70-4d91-41ea-9952-2e34b4080ab1",
              "parentUUID": "8f17c4c6-149c-4a91-8345-9ea664d6a848",
              "isHook": false,
              "skipped": false
            }
          ],
          "suites": [],
          "passes": [
            "d25f8551-5bbc-4078-b19d-620224c6166e",
            "9a40c683-c8e6-4777-ba10-ffaaf685b8ae",
            "189303c8-da40-48ea-ab97-46065c918e18",
            "1a69cd76-6307-47b6-9af2-f995706565ae",
            "a8db4ea4-fa6e-4400-8270-75b210caba44",
            "639fb02a-bbbb-4353-884f-28c1e9ddb55a",
            "01ebfd70-4d91-41ea-9952-2e34b4080ab1"
          ],
          "failures": [],
          "pending": [],
          "skipped": [],
          "duration": 1088,
          "root": false,
          "rootEmpty": false,
          "_timeout": 8000
        },
        {
          "uuid": "2e75d404-6dba-4a6f-88cf-2bc7d1433cfe",
          "title": "Genre Test",
          "fullFile": "D:\\nodejs-game-restful-api\\tests\\genre_test.js",
          "file": "\\tests\\genre_test.js",
          "beforeHooks": [
            {
              "title": "\"before all\" hook",
              "fullTitle": "Genre Test \"before all\" hook",
              "timedOut": false,
              "duration": 0,
              "state": null,
              "speed": null,
              "pass": false,
              "fail": false,
              "pending": false,
              "context": null,
              "code": "genreName = \"RPG\";\nnewGenreName = \"RPGS\";\ninsertGenreName = \"RPG\";\ntoken = global.tokenPro;",
              "err": {},
              "uuid": "704a4b3f-0686-4e6c-b0dc-a1d397cd26e0",
              "parentUUID": "2e75d404-6dba-4a6f-88cf-2bc7d1433cfe",
              "isHook": true,
              "skipped": false
            }
          ],
          "afterHooks": [],
          "tests": [
            {
              "title": "Response should be when genre inserted",
              "fullTitle": "Genre Test Response should be when genre inserted",
              "timedOut": false,
              "duration": 130,
              "state": "passed",
              "speed": "slow",
              "pass": true,
              "fail": false,
              "pending": false,
              "context": null,
              "code": "request(app)\n    .post('/genres')\n    .send({name :genreName,slug : \"rpg\"})\n    .set('Accept', 'application/json')\n    .set('token',token)\n    .expect('Content-Type', /json/)\n    .expect(responseCode.SUCCESS_INSERT)\n    .expect(response => {\n        expect(response.body.message).to.equal('Genre berhasil ditambahkan')\n        insertedId = response.body.data.id\n        expect(response.body.data.name).to.equal(genreName,'Nama genre yang diberikan pada resposne tidak sesuai')\n    })\n    .end(done);",
              "err": {},
              "uuid": "086d4d61-446e-4ac8-8f2f-deb4a7ae327f",
              "parentUUID": "2e75d404-6dba-4a6f-88cf-2bc7d1433cfe",
              "isHook": false,
              "skipped": false
            },
            {
              "title": "Response should be when get a genre with params",
              "fullTitle": "Genre Test Response should be when get a genre with params",
              "timedOut": false,
              "duration": 2814,
              "state": "passed",
              "speed": "slow",
              "pass": true,
              "fail": false,
              "pending": false,
              "context": null,
              "code": "request(app)\n    .get('/genres')\n    .set('token',token)\n    .set('Accept', 'application/json')\n    .expect('Content-Type', /json/)\n    .expect(responseCode.OK)\n    .expect(response => {\n      let data = response.body.data.find((item) => item.id == insertedId);\n      expect(data.name).to.equal(genreName,'Nama pada response tidak sesuai')\n    })\n    .end(done);",
              "err": {},
              "uuid": "9e7edeab-a4fe-4819-a230-f0cf6dcbe9f8",
              "parentUUID": "2e75d404-6dba-4a6f-88cf-2bc7d1433cfe",
              "isHook": false,
              "skipped": false
            },
            {
              "title": "Response should be when get a genre with ID",
              "fullTitle": "Genre Test Response should be when get a genre with ID",
              "timedOut": false,
              "duration": 9,
              "state": "passed",
              "speed": "fast",
              "pass": true,
              "fail": false,
              "pending": false,
              "context": null,
              "code": "request(app)\n    .get(`/genres/${insertedId}`)\n    .set('token',token)\n    .set('Accept', 'application/json')\n    .expect('Content-Type', /json/)\n    .expect(responseCode.OK)\n    .expect(response => {\n        expect(response.body.data.name).to.equal(genreName,'Nama genre pada response tidak sesuai')\n    })\n    .end(done);",
              "err": {},
              "uuid": "d24e22d2-2e45-40dd-9ca5-cc19e6dc9117",
              "parentUUID": "2e75d404-6dba-4a6f-88cf-2bc7d1433cfe",
              "isHook": false,
              "skipped": false
            },
            {
              "title": "Response should be when genre updated",
              "fullTitle": "Genre Test Response should be when genre updated",
              "timedOut": false,
              "duration": 143,
              "state": "passed",
              "speed": "slow",
              "pass": true,
              "fail": false,
              "pending": false,
              "context": null,
              "code": "request(app)\n    .patch(`/genres/${insertedId}`)\n    .send({name :newGenreName,slug : \"rpg\"})\n    .set('Accept', 'application/json')\n    .set('token',token)\n    .expect('Content-Type', /json/)\n    .expect(responseCode.OK)\n    .expect(response => {\n        expect(response.body.message).to.equal('Genre berhasil diupdate')\n    })\n    .end(done);",
              "err": {},
              "uuid": "63a9611b-1481-477a-a0b1-ad1879ee9cc7",
              "parentUUID": "2e75d404-6dba-4a6f-88cf-2bc7d1433cfe",
              "isHook": false,
              "skipped": false
            },
            {
              "title": "Response should be when get a genre with ID after updated",
              "fullTitle": "Genre Test Response should be when get a genre with ID after updated",
              "timedOut": false,
              "duration": 15,
              "state": "passed",
              "speed": "fast",
              "pass": true,
              "fail": false,
              "pending": false,
              "context": null,
              "code": "request(app)\n    .get(`/genres/${insertedId}`)\n    .set('token',token)\n    .set('Accept', 'application/json')\n    .expect('Content-Type', /json/)\n    .expect(responseCode.OK)\n    .expect(response => {\n        expect(response.body.data.name).to.equal(newGenreName,'Nama genre pada response tidak sesuai')\n    })\n    .end(done);",
              "err": {},
              "uuid": "d893c2e7-93ae-4f02-9e28-aa431c998166",
              "parentUUID": "2e75d404-6dba-4a6f-88cf-2bc7d1433cfe",
              "isHook": false,
              "skipped": false
            },
            {
              "title": "Response should be when genre deleted",
              "fullTitle": "Genre Test Response should be when genre deleted",
              "timedOut": false,
              "duration": 86,
              "state": "passed",
              "speed": "slow",
              "pass": true,
              "fail": false,
              "pending": false,
              "context": null,
              "code": "request(app)\n    .delete(`/genres/${insertedId}`)\n    .set('Accept', 'application/json')\n    .set('token',token)\n    .expect('Content-Type', /json/)\n    .expect(responseCode.OK)\n    .expect(response => {\n        expect(response.body.message).to.equal('Genre berhasil dihapus')\n        expect(response.body.data.name).to.equal(newGenreName,'Nama genre baru yang diberikan pada resposne tidak sesuai')\n    })\n    .end(done);",
              "err": {},
              "uuid": "bf487b3a-fcd4-4d50-83d3-b1e973ad988d",
              "parentUUID": "2e75d404-6dba-4a6f-88cf-2bc7d1433cfe",
              "isHook": false,
              "skipped": false
            },
            {
              "title": "Insert genre for game seed",
              "fullTitle": "Genre Test Insert genre for game seed",
              "timedOut": false,
              "duration": 100,
              "state": "passed",
              "speed": "slow",
              "pass": true,
              "fail": false,
              "pending": false,
              "context": null,
              "code": "request(app)\n    .post('/genres')\n    .send({name :\"Testing Genre\",slug : \"testing-genre\"})\n    .set('Accept', 'application/json')\n    .set('token',token)\n    .expect('Content-Type', /json/)\n    .expect(responseCode.SUCCESS_INSERT)\n    .expect(response => {\n        expect(response.body.message).to.equal('Genre berhasil ditambahkan')\n        insertedId = response.body.data.id\n        global.seed_genre = insertedId;\n        expect(response.body.data.name).to.equal(\"Testing Genre\",'Nama genre yang diberikan pada resposne tidak sesuai')\n        expect(response.body.data.slug).to.equal(\"testing-genre\",'Nama genre yang diberikan pada resposne tidak sesuai')\n    })\n    .end(done);",
              "err": {},
              "uuid": "652bec48-d116-42bf-b597-df9a128b8f3e",
              "parentUUID": "2e75d404-6dba-4a6f-88cf-2bc7d1433cfe",
              "isHook": false,
              "skipped": false
            }
          ],
          "suites": [],
          "passes": [
            "086d4d61-446e-4ac8-8f2f-deb4a7ae327f",
            "9e7edeab-a4fe-4819-a230-f0cf6dcbe9f8",
            "d24e22d2-2e45-40dd-9ca5-cc19e6dc9117",
            "63a9611b-1481-477a-a0b1-ad1879ee9cc7",
            "d893c2e7-93ae-4f02-9e28-aa431c998166",
            "bf487b3a-fcd4-4d50-83d3-b1e973ad988d",
            "652bec48-d116-42bf-b597-df9a128b8f3e"
          ],
          "failures": [],
          "pending": [],
          "skipped": [],
          "duration": 3297,
          "root": false,
          "rootEmpty": false,
          "_timeout": 8000
        },
        {
          "uuid": "831f0628-e967-44bb-9cbb-2881508dc13d",
          "title": "Game Test",
          "fullFile": "D:\\nodejs-game-restful-api\\tests\\game_test.js",
          "file": "\\tests\\game_test.js",
          "beforeHooks": [
            {
              "title": "\"before all\" hook",
              "fullTitle": "Game Test \"before all\" hook",
              "timedOut": false,
              "duration": 0,
              "state": null,
              "speed": null,
              "pass": false,
              "fail": false,
              "pending": false,
              "context": null,
              "code": "description= 'Monster Hunter: World is an action role-playing game';\ntoken = global.tokenAdmin;\ngenre = [global.seed_genre];\ngameName=  \"Monster Hunter: World\";\nslug = \"monster-hunter-world\"",
              "err": {},
              "uuid": "11a92c65-b5ce-4df4-8e33-1f2c6a46bf8c",
              "parentUUID": "831f0628-e967-44bb-9cbb-2881508dc13d",
              "isHook": true,
              "skipped": false
            }
          ],
          "afterHooks": [],
          "tests": [
            {
              "title": "Response should be when game inserted",
              "fullTitle": "Game Test Response should be when game inserted",
              "timedOut": false,
              "duration": 155,
              "state": "passed",
              "speed": "slow",
              "pass": true,
              "fail": false,
              "pending": false,
              "context": null,
              "code": "request(app)\n    .post('/games')\n    .send({name :gameName , description : description, genre: genre,slug : slug})\n    .set('Accept', 'application/json')\n    .set('Token',token)\n    .expect('Content-Type', /json/)\n    // .expect(responseCode.SUCCESS_INSERT)\n    .expect(response => {\n        insertedId= response.body.data.id;\n        global.seed_id_game = insertedId;\n        expect(response.body.message).to.equal('Game berhasil ditambahkan','Response message tidak sesuai');\n        expect(response.body.data.description).to.equal(description,'Description yang diberikan pada response tidak sesuai')\n        expect(response.body.data.genre.length).to.equal(genre.length,'Genre yang diberikan pada resposne tidak sesuai');\n        expect(response.body.data.created_by).to.equal(global.userAdmin.id,'token user yang diberikan pada resposne tidak sesuai')\n        expect(response.body.data.slug).to.equal(slug,'Slug pada response tidak sesuai')\n    })\n    .end(done);",
              "err": {},
              "uuid": "2e185f05-1bd7-461c-81ce-10b8c5343e68",
              "parentUUID": "831f0628-e967-44bb-9cbb-2881508dc13d",
              "isHook": false,
              "skipped": false
            },
            {
              "title": "Get game should contain inserted game",
              "fullTitle": "Game Test Get game should contain inserted game",
              "timedOut": false,
              "duration": 10,
              "state": "passed",
              "speed": "fast",
              "pass": true,
              "fail": false,
              "pending": false,
              "context": null,
              "code": "request(app)\n    .get(`/games/${insertedId}`)\n    .set('Accept', 'application/json')\n    .expect('Content-Type', /json/)\n    .expect(responseCode.OK)\n    .expect(response => {\n        expect(response.body.data.name).to.equal(gameName,'Nama pada response tidak sesuai')\n        expect(response.body.data.slug).to.equal(slug,'Slug pada response tidak sesuai')\n      //   expect(response.body.data.developer.name).to.equal(global.userAdmin.name,'Nama developer yang diberikan pada resposne tidak sesuai')\n    })\n    .end(done);",
              "err": {},
              "uuid": "839ae7b5-5f3f-4b45-b9fa-3a32f41fa874",
              "parentUUID": "831f0628-e967-44bb-9cbb-2881508dc13d",
              "isHook": false,
              "skipped": false
            },
            {
              "title": "GET all games should contain inserted games",
              "fullTitle": "Game Test GET all games should contain inserted games",
              "timedOut": false,
              "duration": 8,
              "state": "passed",
              "speed": "fast",
              "pass": true,
              "fail": false,
              "pending": false,
              "context": null,
              "code": "request(app)\n    .get('/games')\n    .set('Accept', 'application/json')\n    .expect('Content-Type', /json/)\n    .expect(responseCode.OK)\n    .expect(response => {\n        \n      let data = response.body.data.find((item) => item.id == insertedId);\n      expect(data.name).to.equal(gameName,'Nama pada response tidak sesuai')\n      expect(data.slug).to.equal(slug,'Slug pada response tidak sesuai')\n    })\n    .end(done);",
              "err": {},
              "uuid": "6138c7c3-8ceb-4f81-87b6-e67f39dd8c34",
              "parentUUID": "831f0628-e967-44bb-9cbb-2881508dc13d",
              "isHook": false,
              "skipped": false
            }
          ],
          "suites": [],
          "passes": [
            "2e185f05-1bd7-461c-81ce-10b8c5343e68",
            "839ae7b5-5f3f-4b45-b9fa-3a32f41fa874",
            "6138c7c3-8ceb-4f81-87b6-e67f39dd8c34"
          ],
          "failures": [],
          "pending": [],
          "skipped": [],
          "duration": 173,
          "root": false,
          "rootEmpty": false,
          "_timeout": 8000
        },
        {
          "uuid": "814bec48-ea2f-41ce-8e48-245dfdcb2b81",
          "title": "Users Reviews Test",
          "fullFile": "D:\\nodejs-game-restful-api\\tests\\user_review_test.js",
          "file": "\\tests\\user_review_test.js",
          "beforeHooks": [
            {
              "title": "\"before all\" hook",
              "fullTitle": "Users Reviews Test \"before all\" hook",
              "timedOut": false,
              "duration": 0,
              "state": null,
              "speed": null,
              "pass": false,
              "fail": false,
              "pending": false,
              "context": null,
              "code": "id_game =  global.seed_id_game;\ntokenBasic = global.tokenBasic;\nidUserBasic = global.userBasic.id;\nidUserPro = global.userPro.id;\ntokenAdmin = global.tokenAdmin;\nidUserAdmin = global.userAdmin.id;",
              "err": {},
              "uuid": "200a5bfc-48f5-4dcf-aaf6-5b0826a5cd9f",
              "parentUUID": "814bec48-ea2f-41ce-8e48-245dfdcb2b81",
              "isHook": true,
              "skipped": false
            }
          ],
          "afterHooks": [],
          "tests": [
            {
              "title": "Response should be when user review inserted",
              "fullTitle": "Users Reviews Test Response should be when user review inserted",
              "timedOut": false,
              "duration": 67,
              "state": "passed",
              "speed": "medium",
              "pass": true,
              "fail": false,
              "pending": false,
              "context": null,
              "code": "request(app)\n    .post('/reviews')\n    .send({\n        id_game: id_game,\n        id_user: idUserBasic,\n        review: review,\n        review_score: review_score\n    })\n    .set('Accept', 'application/json')\n    .set('token', tokenBasic)\n    .expect('Content-Type', /json/)\n    .expect(responseCode.SUCCESS_INSERT)\n    .expect(response => {\n        id = parseInt(response.body.data.id)\n        expect(response.body.message).to.equal('Successfuly inserted user review', 'Response message tidak sesuai')\n        expect(response.body.data.id_game).to.equal(id_game, 'ID Game yang diberikan pada response tidak sesuai')\n        expect(response.body.data.id_user).to.equal(idUserBasic, 'ID User yang diberikan pada response tidak sesuai')\n        expect(response.body.data.review).to.equal(review, 'Review yang diberikan pada response tidak sesuai')\n        expect(response.body.data.review_score).to.equal(review_score, 'Review Score yang diberikan pada response tidak sesuai')\n    })\n    .end(done);",
              "err": {},
              "uuid": "6f719865-b0be-40e3-b102-c5815de697c0",
              "parentUUID": "814bec48-ea2f-41ce-8e48-245dfdcb2b81",
              "isHook": false,
              "skipped": false
            },
            {
              "title": "Response should be when get a user review",
              "fullTitle": "Users Reviews Test Response should be when get a user review",
              "timedOut": false,
              "duration": 12,
              "state": "passed",
              "speed": "fast",
              "pass": true,
              "fail": false,
              "pending": false,
              "context": null,
              "code": "request(app)\n    .get(`/reviews/${id}`)\n    .set('token', tokenBasic)\n    .set('Accept', 'application/json')\n    .expect('Content-Type', /json/)\n    .expect(responseCode.OK)\n    .expect(response => {\n        expect(response.body.data.id).to.equal(id, 'ID yang diberikan pada response tidak sesuai')\n        expect(response.body.data.id_game).to.equal(id_game, 'ID Game yang diberikan pada response tidak sesuai')\n        expect(response.body.data.id_user).to.equal(idUserBasic, 'ID User yang diberikan pada response tidak sesuai')\n        expect(response.body.data.review).to.equal(review, 'Review yang diberikan pada response tidak sesuai')\n        expect(response.body.data.review_score).to.equal(review_score, 'Review Score yang diberikan pada response tidak sesuai')\n    })\n    .end(done);",
              "err": {},
              "uuid": "9058ff1e-da22-4e29-b51c-4ea0f47c1180",
              "parentUUID": "814bec48-ea2f-41ce-8e48-245dfdcb2b81",
              "isHook": false,
              "skipped": false
            },
            {
              "title": "Response should be when get all users reviews",
              "fullTitle": "Users Reviews Test Response should be when get all users reviews",
              "timedOut": false,
              "duration": 11,
              "state": "passed",
              "speed": "fast",
              "pass": true,
              "fail": false,
              "pending": false,
              "context": null,
              "code": "request(app)\n    .get('/reviews')\n    .set('token', tokenBasic)\n    .set('Accept', 'application/json')\n    .expect('Content-Type', /json/)\n    .expect(responseCode.OK)\n    .expect(response => {\n        // if index remains null, this test will fail\n        let index = null\n        for (let i = 0; i < response.body.data.length; i++) {\n            if (response.body.data[i].id === id) {\n                index = i\n            }\n        }\n        expect(response.body.data[index].id_game).to.equal(id_game, 'ID Game yang diberikan pada response tidak sesuai')\n        expect(response.body.data[index].id_user).to.equal(idUserBasic, 'ID User yang diberikan pada response tidak sesuai')\n        expect(response.body.data[index].review).to.equal(review, 'Review yang diberikan pada response tidak sesuai')\n        expect(response.body.data[index].review_score).to.equal(review_score, 'Review Score yang diberikan pada response tidak sesuai')\n    })\n    .end(done);",
              "err": {},
              "uuid": "0aca25fb-832d-4318-bcfe-8c05780454b2",
              "parentUUID": "814bec48-ea2f-41ce-8e48-245dfdcb2b81",
              "isHook": false,
              "skipped": false
            },
            {
              "title": "GET /users/:id_user/reviews Response should be when get all users reviews",
              "fullTitle": "Users Reviews Test GET /users/:id_user/reviews Response should be when get all users reviews",
              "timedOut": false,
              "duration": 14,
              "state": "passed",
              "speed": "fast",
              "pass": true,
              "fail": false,
              "pending": false,
              "context": null,
              "code": "request(app)\n    .get(`/users/${idUserBasic}/reviews`)\n    .set('token', tokenBasic)\n    .set('Accept', 'application/json')\n    .expect('Content-Type', /json/)\n    .expect(responseCode.OK)\n    .expect(response => {\n        // if index remains null, this test will fail\n        let index = null\n        for (let i = 0; i < response.body.data.length; i++) {\n            if (response.body.data[i].id === id) {\n                index = i\n            }\n        }\n        expect(response.body.data[index].id_game).to.equal(id_game, 'ID Game yang diberikan pada response tidak sesuai')\n        expect(response.body.data[index].id_user).to.equal(idUserBasic, 'ID User yang diberikan pada response tidak sesuai')\n        expect(response.body.data[index].review).to.equal(review, 'Review yang diberikan pada response tidak sesuai')\n        expect(response.body.data[index].review_score).to.equal(review_score, 'Review Score yang diberikan pada response tidak sesuai')\n    })\n    .end(done);",
              "err": {},
              "uuid": "93d0329a-7a85-4dc0-bc09-d6532ff20574",
              "parentUUID": "814bec48-ea2f-41ce-8e48-245dfdcb2b81",
              "isHook": false,
              "skipped": false
            },
            {
              "title": "Response should be when patch a user review",
              "fullTitle": "Users Reviews Test Response should be when patch a user review",
              "timedOut": false,
              "duration": 64,
              "state": "passed",
              "speed": "medium",
              "pass": true,
              "fail": false,
              "pending": false,
              "context": null,
              "code": "request(app)\n    .patch(`/reviews/${id}`)\n    .send({\n        review: review_update,\n        review_score: review_score_update\n    })\n    .set('Accept', 'application/json')\n    .set('token', tokenBasic)\n    .expect('Content-Type', /json/)\n    .expect(responseCode.OK)\n    .expect(response => {\n        expect(response.body.message).to.equal('User berhasil diupdate', 'Response message tidak sesuai')\n    })\n    .end(done);",
              "err": {},
              "uuid": "3c8ab9d5-679c-4e4b-81fc-3d088946fc8b",
              "parentUUID": "814bec48-ea2f-41ce-8e48-245dfdcb2b81",
              "isHook": false,
              "skipped": false
            },
            {
              "title": "Response should be when get a user review (after patch user review)",
              "fullTitle": "Users Reviews Test Response should be when get a user review (after patch user review)",
              "timedOut": false,
              "duration": 15,
              "state": "passed",
              "speed": "fast",
              "pass": true,
              "fail": false,
              "pending": false,
              "context": null,
              "code": "request(app)\n    .get(`/reviews/${id}`)\n    .set('Accept', 'application/json')\n    .set('token', tokenBasic)\n    .expect('Content-Type', /json/)\n    .expect(responseCode.OK)\n    .expect(response => {\n        expect(response.body.data.id).to.equal(id, 'ID yang diberikan pada response tidak sesuai')\n        expect(response.body.data.id_game).to.equal(id_game, 'ID Game yang diberikan pada response tidak sesuai')\n        expect(response.body.data.id_user).to.equal(idUserBasic, 'ID User yang diberikan pada response tidak sesuai')\n        expect(response.body.data.review).to.equal(review_update, 'Review yang diberikan pada response tidak sesuai')\n        expect(response.body.data.review_score).to.equal(review_score_update, 'Review Score yang diberikan pada response tidak sesuai')\n    })\n    .end(done);",
              "err": {},
              "uuid": "3d08748d-e905-401b-9d68-bb724676459f",
              "parentUUID": "814bec48-ea2f-41ce-8e48-245dfdcb2b81",
              "isHook": false,
              "skipped": false
            },
            {
              "title": "Response should be when delete a user review",
              "fullTitle": "Users Reviews Test Response should be when delete a user review",
              "timedOut": false,
              "duration": 81,
              "state": "passed",
              "speed": "slow",
              "pass": true,
              "fail": false,
              "pending": false,
              "context": null,
              "code": "request(app)\n    .delete(`/reviews/${id}`)\n    .set('Accept', 'application/json')\n    .set('token', tokenBasic)\n    .expect('Content-Type', /json/)\n    .expect(responseCode.OK)\n    .expect(response => {\n        expect(response.body.message).to.equal('User review berhasil dihapus', 'Response message tidak sesuai')\n    })\n    .end(done);",
              "err": {},
              "uuid": "bb45f253-3bb4-434d-8642-85fdbd4869bc",
              "parentUUID": "814bec48-ea2f-41ce-8e48-245dfdcb2b81",
              "isHook": false,
              "skipped": false
            }
          ],
          "suites": [],
          "passes": [
            "6f719865-b0be-40e3-b102-c5815de697c0",
            "9058ff1e-da22-4e29-b51c-4ea0f47c1180",
            "0aca25fb-832d-4318-bcfe-8c05780454b2",
            "93d0329a-7a85-4dc0-bc09-d6532ff20574",
            "3c8ab9d5-679c-4e4b-81fc-3d088946fc8b",
            "3d08748d-e905-401b-9d68-bb724676459f",
            "bb45f253-3bb4-434d-8642-85fdbd4869bc"
          ],
          "failures": [],
          "pending": [],
          "skipped": [],
          "duration": 264,
          "root": false,
          "rootEmpty": false,
          "_timeout": 8000
        },
        {
          "uuid": "33c8324d-c05f-49e7-bf3a-cc9200bbed40",
          "title": "Users Games Test",
          "fullFile": "D:\\nodejs-game-restful-api\\tests\\user_game_test.js",
          "file": "\\tests\\user_game_test.js",
          "beforeHooks": [
            {
              "title": "\"before all\" hook",
              "fullTitle": "Users Games Test \"before all\" hook",
              "timedOut": false,
              "duration": 0,
              "state": null,
              "speed": null,
              "pass": false,
              "fail": false,
              "pending": false,
              "context": null,
              "code": "id_game =  global.seed_id_game;\ntokenBasic = global.tokenBasic;\nidUserBasic = global.userBasic.id;\nidUserPro = global.userPro.id;\ntokenAdmin = global.tokenAdmin;\nidUserAdmin = global.userAdmin.id;",
              "err": {},
              "uuid": "5e123f0c-54ac-4f55-bb46-6767bca290e7",
              "parentUUID": "33c8324d-c05f-49e7-bf3a-cc9200bbed40",
              "isHook": true,
              "skipped": false
            }
          ],
          "afterHooks": [],
          "tests": [
            {
              "title": "Cannot insert completed time if game not completed",
              "fullTitle": "Users Games Test Cannot insert completed time if game not completed",
              "timedOut": false,
              "duration": 8,
              "state": "passed",
              "speed": "fast",
              "pass": true,
              "fail": false,
              "pending": false,
              "context": null,
              "code": "request(app)\n    .post(`/users/${idUserBasic}/game`)\n    .send({\n        id_game: id_game,\n        id_user: idUserBasic,\n        tipe : 1,\n        completed_time :\"1\"\n    })\n    .set('Accept', 'application/json')\n    .set('token', tokenBasic)\n    .expect('Content-Type', /json/)\n    .expect(responseCode.BAD_REQUEST)\n    .end(done);",
              "err": {},
              "uuid": "96b2b05e-d36a-4eb7-a3cd-e110ff57b1af",
              "parentUUID": "33c8324d-c05f-49e7-bf3a-cc9200bbed40",
              "isHook": false,
              "skipped": false
            },
            {
              "title": "Basic User can insert user game",
              "fullTitle": "Users Games Test Basic User can insert user game",
              "timedOut": false,
              "duration": 95,
              "state": "passed",
              "speed": "slow",
              "pass": true,
              "fail": false,
              "pending": false,
              "context": null,
              "code": "request(app)\n    .post(`/users/${idUserBasic}/game`)\n    .send({\n        id_game: id_game,\n        tipe : 2,\n        completed_time :\"1\"\n    })\n    .set('Accept', 'application/json')\n    .set('token', tokenBasic)\n    .expect('Content-Type', /json/)\n    .expect(responseCode.SUCCESS_INSERT)\n    .expect(response => {\n        expect(response.body.message).to.equal('Successfuly inserted user game', 'Response message tidak sesuai')\n        expect(response.body.data.id_game).to.equal(id_game, 'ID Game yang diberikan pada response tidak sesuai')\n        expect(response.body.data.id_user).to.equal(idUserBasic, 'ID User yang diberikan pada response tidak sesuai')\n        expect(response.body.data.complete_time).to.equal(\"00:00:01\",\"Completed Time tidak sesuai\")\n        expect(response.body.data.tipe).to.equal(2,\"Tipe tidak sesuai\")\n    })\n    .end(done);",
              "err": {},
              "uuid": "0748e381-91f1-4d3b-82ae-156c0e49c527",
              "parentUUID": "33c8324d-c05f-49e7-bf3a-cc9200bbed40",
              "isHook": false,
              "skipped": false
            },
            {
              "title": "Admin can insert other user game",
              "fullTitle": "Users Games Test Admin can insert other user game",
              "timedOut": false,
              "duration": 60,
              "state": "passed",
              "speed": "medium",
              "pass": true,
              "fail": false,
              "pending": false,
              "context": null,
              "code": "request(app)\n    .post(`/users/${idUserPro}/game`)\n    .send({\n        id_game: id_game,\n        tipe : 2,\n        completed_time :\"1\"\n    })\n    .set('Accept', 'application/json')\n    .set('token', tokenAdmin)\n    .expect('Content-Type', /json/)\n    .expect(responseCode.SUCCESS_INSERT)\n    .expect(response => {\n        expect(response.body.message).to.equal('Successfuly inserted user game', 'Response message tidak sesuai')\n        expect(response.body.data.id_game).to.equal(id_game, 'ID Game yang diberikan pada response tidak sesuai')\n        expect(response.body.data.id_user).to.equal(idUserPro, 'ID User yang diberikan pada response tidak sesuai')\n        expect(response.body.data.complete_time).to.equal(\"00:00:01\",\"Completed Time tidak sesuai\")\n        expect(response.body.data.tipe).to.equal(2,\"Tipe tidak sesuai\")\n    })\n    .end(done);",
              "err": {},
              "uuid": "f9308c8a-9aa7-4314-94f2-be77c73a6dfb",
              "parentUUID": "33c8324d-c05f-49e7-bf3a-cc9200bbed40",
              "isHook": false,
              "skipped": false
            },
            {
              "title": "GET all user games should contain inserted",
              "fullTitle": "Users Games Test GET all user games should contain inserted",
              "timedOut": false,
              "duration": 20,
              "state": "passed",
              "speed": "fast",
              "pass": true,
              "fail": false,
              "pending": false,
              "context": null,
              "code": "request(app)\n    .get(`/users/${idUserBasic}/game`)\n    .set('token', tokenBasic)\n    .set('Accept', 'application/json')\n    .expect('Content-Type', /json/)\n    .expect(responseCode.OK)\n    .expect(response => {\n      let data = response.body.data.find((item) => item.id_game == id_game);\n      expect(data.id_game).to.equal(id_game,'ID game sesuai')\n    })\n    .end(done);",
              "err": {},
              "uuid": "825c97aa-70ed-4511-9b31-28113eaf848b",
              "parentUUID": "33c8324d-c05f-49e7-bf3a-cc9200bbed40",
              "isHook": false,
              "skipped": false
            },
            {
              "title": "Basic User can edit user game",
              "fullTitle": "Users Games Test Basic User can edit user game",
              "timedOut": false,
              "duration": 136,
              "state": "passed",
              "speed": "slow",
              "pass": true,
              "fail": false,
              "pending": false,
              "context": null,
              "code": "request(app)\n    .patch(`/users/${idUserBasic}/game/${id_game}`)\n    .send({\n        tipe : 3,\n        completed_time :\"12:12:12\"\n    })\n    .set('Accept', 'application/json')\n    .set('token', tokenBasic)\n    .expect('Content-Type', /json/)\n    .expect(responseCode.OK)\n    .end(done);",
              "err": {},
              "uuid": "4d490b67-1166-4006-8018-64ed976d34ec",
              "parentUUID": "33c8324d-c05f-49e7-bf3a-cc9200bbed40",
              "isHook": false,
              "skipped": false
            },
            {
              "title": "GET all user games data should be updated",
              "fullTitle": "Users Games Test GET all user games data should be updated",
              "timedOut": false,
              "duration": 14,
              "state": "passed",
              "speed": "fast",
              "pass": true,
              "fail": false,
              "pending": false,
              "context": null,
              "code": "request(app)\n    .get(`/users/${idUserBasic}/game`)\n    .set('token', tokenBasic)\n    .set('Accept', 'application/json')\n    .expect('Content-Type', /json/)\n    .expect(responseCode.OK)\n    .expect(response => {\n      let data = response.body.data.find((item) => item.id_game == id_game);\n      expect(data.id_game).to.equal(id_game,'ID game sesuai')\n      expect(data.tipe).to.equal(3,'Tipe tidak sesuai dengan yang diupdate')\n      expect(data.complete_time).to.equal(\"12:12:12\",'Complete time tidak sesuai dengan yang di update')\n    })\n    .end(done);",
              "err": {},
              "uuid": "5afead04-c998-446f-bb25-dab952120fa7",
              "parentUUID": "33c8324d-c05f-49e7-bf3a-cc9200bbed40",
              "isHook": false,
              "skipped": false
            },
            {
              "title": "GET all user games by game_id data should be updated",
              "fullTitle": "Users Games Test GET all user games by game_id data should be updated",
              "timedOut": false,
              "duration": 15,
              "state": "passed",
              "speed": "fast",
              "pass": true,
              "fail": false,
              "pending": false,
              "context": null,
              "code": "request(app)\n    .get(`/users/game/${id_game}`)\n    .set('token', tokenBasic)\n    .set('Accept', 'application/json')\n    .expect('Content-Type', /json/)\n    .expect(responseCode.OK)\n    .expect(response => {\n      let data = response.body.data.find((item) => item.id_user == idUserBasic);\n      expect(data.id_game).to.equal(id_game,'ID game sesuai')\n      expect(data.tipe).to.equal(3,'Tipe tidak sesuai dengan yang diupdate')\n      expect(data.complete_time).to.equal(\"12:12:12\",'Complete time tidak sesuai dengan yang di update')\n    })\n    .end(done);",
              "err": {},
              "uuid": "e5546030-fc56-4ded-863c-0c99e5c4e9ea",
              "parentUUID": "33c8324d-c05f-49e7-bf3a-cc9200bbed40",
              "isHook": false,
              "skipped": false
            },
            {
              "title": "Basic User can delete game",
              "fullTitle": "Users Games Test Basic User can delete game",
              "timedOut": false,
              "duration": 122,
              "state": "passed",
              "speed": "slow",
              "pass": true,
              "fail": false,
              "pending": false,
              "context": null,
              "code": "request(app)\n    .delete(`/users/${idUserBasic}/game/${id_game}`)\n    .set('Accept', 'application/json')\n    .set('token', tokenBasic)\n    .expect('Content-Type', /json/)\n    .expect(responseCode.OK)\n    .expect(response => {\n        expect(response.body.message).to.equal('Successfuly deleted user game', 'Response message tidak sesuai')\n    })\n    .end(done);",
              "err": {},
              "uuid": "c5616d70-b099-42ca-8844-d47666cb700c",
              "parentUUID": "33c8324d-c05f-49e7-bf3a-cc9200bbed40",
              "isHook": false,
              "skipped": false
            },
            {
              "title": "User game should be deleted",
              "fullTitle": "Users Games Test User game should be deleted",
              "timedOut": false,
              "duration": 15,
              "state": "passed",
              "speed": "fast",
              "pass": true,
              "fail": false,
              "pending": false,
              "context": null,
              "code": "request(app)\n    .get(`/users/${idUserBasic}/game`)\n    .set('token', tokenAdmin)\n    .set('Accept', 'application/json')\n    .expect('Content-Type', /json/)\n    .expect(responseCode.OK)\n    .expect(response => {\n      let data = response.body.data.find((item) => item.id_game == id_game);\n      expect(data).to.equal(undefined,'Data masih terdapat pada database')\n    })\n    .end(done);",
              "err": {},
              "uuid": "21912a45-c852-4c13-bbec-d9c0020a1235",
              "parentUUID": "33c8324d-c05f-49e7-bf3a-cc9200bbed40",
              "isHook": false,
              "skipped": false
            },
            {
              "title": "Admin can delete other user game",
              "fullTitle": "Users Games Test Admin can delete other user game",
              "timedOut": false,
              "duration": 104,
              "state": "passed",
              "speed": "slow",
              "pass": true,
              "fail": false,
              "pending": false,
              "context": null,
              "code": "request(app)\n    .delete(`/users/${idUserPro}/game/${id_game}`)\n    .set('Accept', 'application/json')\n    .set('token', tokenAdmin)\n    .expect('Content-Type', /json/)\n    .expect(responseCode.OK)\n    .expect(response => {\n        expect(response.body.message).to.equal('Successfuly deleted user game', 'Response message tidak sesuai')\n    })\n    .end(done);",
              "err": {},
              "uuid": "717257e8-ccd9-47c2-8237-4293a46cadb0",
              "parentUUID": "33c8324d-c05f-49e7-bf3a-cc9200bbed40",
              "isHook": false,
              "skipped": false
            },
            {
              "title": "User game should be deleted",
              "fullTitle": "Users Games Test User game should be deleted",
              "timedOut": false,
              "duration": 13,
              "state": "passed",
              "speed": "fast",
              "pass": true,
              "fail": false,
              "pending": false,
              "context": null,
              "code": "request(app)\n    .get(`/users/${idUserPro}/game`)\n    .set('token', tokenBasic)\n    .set('Accept', 'application/json')\n    .expect('Content-Type', /json/)\n    .expect(responseCode.OK)\n    .expect(response => {\n      let data = response.body.data.find((item) => item.id_game == id_game);\n      expect(data).to.equal(undefined,'Data masih terdapat pada database')\n    })\n    .end(done);",
              "err": {},
              "uuid": "c281feab-ca2d-4c9e-968a-8a9cf0116a15",
              "parentUUID": "33c8324d-c05f-49e7-bf3a-cc9200bbed40",
              "isHook": false,
              "skipped": false
            }
          ],
          "suites": [],
          "passes": [
            "96b2b05e-d36a-4eb7-a3cd-e110ff57b1af",
            "0748e381-91f1-4d3b-82ae-156c0e49c527",
            "f9308c8a-9aa7-4314-94f2-be77c73a6dfb",
            "825c97aa-70ed-4511-9b31-28113eaf848b",
            "4d490b67-1166-4006-8018-64ed976d34ec",
            "5afead04-c998-446f-bb25-dab952120fa7",
            "e5546030-fc56-4ded-863c-0c99e5c4e9ea",
            "c5616d70-b099-42ca-8844-d47666cb700c",
            "21912a45-c852-4c13-bbec-d9c0020a1235",
            "717257e8-ccd9-47c2-8237-4293a46cadb0",
            "c281feab-ca2d-4c9e-968a-8a9cf0116a15"
          ],
          "failures": [],
          "pending": [],
          "skipped": [],
          "duration": 602,
          "root": false,
          "rootEmpty": false,
          "_timeout": 8000
        },
        {
          "uuid": "5bb84400-b7cb-40e6-bbb8-b1fe98691d10",
          "title": "Users CRUD Test",
          "fullFile": "D:\\nodejs-game-restful-api\\tests\\users_test.js",
          "file": "\\tests\\users_test.js",
          "beforeHooks": [
            {
              "title": "\"before all\" hook",
              "fullTitle": "Users CRUD Test \"before all\" hook",
              "timedOut": false,
              "duration": 0,
              "state": null,
              "speed": null,
              "pass": false,
              "fail": false,
              "pending": false,
              "context": null,
              "code": "tokenBasic = global.tokenBasic;\nidUserBasic = global.userBasic.id;\nidUserPro = global.userPro.id;\ntokenPro = global.tokenPro;\ntokenAdmin = global.tokenAdmin;\nidUserAdmin = global.userAdmin.id;\neditedName=   \"testing-edit-name\";\neditedGender= 0;",
              "err": {},
              "uuid": "14286f4a-aefa-4e77-b64c-5e8bbb917bbb",
              "parentUUID": "5bb84400-b7cb-40e6-bbb8-b1fe98691d10",
              "isHook": true,
              "skipped": false
            }
          ],
          "afterHooks": [],
          "tests": [
            {
              "title": "/users should return inserted user",
              "fullTitle": "Users CRUD Test /users should return inserted user",
              "timedOut": false,
              "duration": 15,
              "state": "passed",
              "speed": "fast",
              "pass": true,
              "fail": false,
              "pending": false,
              "context": null,
              "code": "request(app)\n    .get('/users')\n    .set('Accept', 'application/json')\n    .set('token', tokenBasic)\n    .expect('Content-Type', /json/)\n    .expect(responseCode.OK)\n    .expect(response => {\n        let data = response.body.data.find((item) => item.id == idUserBasic);\n        expect(data.id).to.equal(idUserBasic,'Tidak terdapat user seeding pada get user')\n    })\n    .end(done);",
              "err": {},
              "uuid": "34870339-b3bc-4952-8aad-b8309278ca25",
              "parentUUID": "5bb84400-b7cb-40e6-bbb8-b1fe98691d10",
              "isHook": false,
              "skipped": false
            },
            {
              "title": "/user/:id_user should return get user",
              "fullTitle": "Users CRUD Test /user/:id_user should return get user",
              "timedOut": false,
              "duration": 15,
              "state": "passed",
              "speed": "fast",
              "pass": true,
              "fail": false,
              "pending": false,
              "context": null,
              "code": "request(app)\n    .get(`/users/${idUserBasic}`)\n    .set('Accept', 'application/json')\n    .set('token', tokenBasic)\n    .expect('Content-Type', /json/)\n    .expect(responseCode.OK)\n    .expect(response => {\n        expect(response.body.data.name).to.equal(global.userBasic.name,'Tidak terdapat user seeding pada get user')\n    })\n    .end(done);",
              "err": {},
              "uuid": "a546da90-4d0c-4a89-a28f-d529de34df68",
              "parentUUID": "5bb84400-b7cb-40e6-bbb8-b1fe98691d10",
              "isHook": false,
              "skipped": false
            },
            {
              "title": "PATCH /user/:id_user Other user cannot edit other user data",
              "fullTitle": "Users CRUD Test PATCH /user/:id_user Other user cannot edit other user data",
              "timedOut": false,
              "duration": 15,
              "state": "passed",
              "speed": "fast",
              "pass": true,
              "fail": false,
              "pending": false,
              "context": null,
              "code": "request(app)\n    .patch(`/users/${idUserBasic}`)\n    .set('Accept', 'application/json')\n    .set('token', tokenPro)\n    .expect('Content-Type', /json/)\n    .expect(responseCode.FORBIDDEN)\n    .end(done);",
              "err": {},
              "uuid": "71bc76a7-de21-4f85-bec2-73f03d07c985",
              "parentUUID": "5bb84400-b7cb-40e6-bbb8-b1fe98691d10",
              "isHook": false,
              "skipped": false
            },
            {
              "title": "PATCH /user/:id_user Other user cannot edit other user data",
              "fullTitle": "Users CRUD Test PATCH /user/:id_user Other user cannot edit other user data",
              "timedOut": false,
              "duration": 171,
              "state": "passed",
              "speed": "slow",
              "pass": true,
              "fail": false,
              "pending": false,
              "context": null,
              "code": "request(app)\n    .patch(`/users/${idUserBasic}`)\n    .send({\n        \"name\" : editedName,\n        \"gender\" : editedGender\n    })\n    .set('Accept', 'application/json')\n    .set('token', tokenBasic)\n    .expect('Content-Type', /json/)\n    .expect(responseCode.OK)\n    .expect(response => {\n        expect(response.body.message).to.equal('User berhasil diupdate','Response message tidak sesuai')\n    })\n    .end(done);",
              "err": {},
              "uuid": "c22c45f7-c116-4c22-8502-cc51551ee70c",
              "parentUUID": "5bb84400-b7cb-40e6-bbb8-b1fe98691d10",
              "isHook": false,
              "skipped": false
            },
            {
              "title": "GET /user/:id_user edited user data should change",
              "fullTitle": "Users CRUD Test GET /user/:id_user edited user data should change",
              "timedOut": false,
              "duration": 9,
              "state": "passed",
              "speed": "fast",
              "pass": true,
              "fail": false,
              "pending": false,
              "context": null,
              "code": "request(app)\n    .get(`/users/${idUserBasic}`)\n    .set('Accept', 'application/json')\n    .set('token', tokenBasic)\n    .expect('Content-Type', /json/)\n    .expect(responseCode.OK)\n    .expect(response => {\n        expect(response.body.data.name).to.equal(editedName,'Tidak terdapat user seeding pada get user')\n    })\n    .end(done);",
              "err": {},
              "uuid": "bdb8d364-2d8e-4afc-a868-fdfb07603e12",
              "parentUUID": "5bb84400-b7cb-40e6-bbb8-b1fe98691d10",
              "isHook": false,
              "skipped": false
            },
            {
              "title": "DELETE /user/:id_user Normal user cannot delete",
              "fullTitle": "Users CRUD Test DELETE /user/:id_user Normal user cannot delete",
              "timedOut": false,
              "duration": 9,
              "state": "passed",
              "speed": "fast",
              "pass": true,
              "fail": false,
              "pending": false,
              "context": null,
              "code": "request(app)\n    .delete(`/users/${idUserBasic}`)\n    .set('Accept', 'application/json')\n    .set('token', tokenBasic)\n    .expect('Content-Type', /json/)\n    .expect(responseCode.FORBIDDEN)\n    .end(done);",
              "err": {},
              "uuid": "e712840e-2b66-4dcf-93b0-345a5c7f76ff",
              "parentUUID": "5bb84400-b7cb-40e6-bbb8-b1fe98691d10",
              "isHook": false,
              "skipped": false
            },
            {
              "title": "DELETE /user/:id_user Admin delete basic user",
              "fullTitle": "Users CRUD Test DELETE /user/:id_user Admin delete basic user",
              "timedOut": false,
              "duration": 70,
              "state": "passed",
              "speed": "medium",
              "pass": true,
              "fail": false,
              "pending": false,
              "context": null,
              "code": "request(app)\n    .delete(`/users/${idUserBasic}`)\n    .set('Accept', 'application/json')\n    .set('token', tokenAdmin)\n    .expect('Content-Type', /json/)\n    .expect(responseCode.OK)\n    .end(done);",
              "err": {},
              "uuid": "6dc5d39e-8bc2-4fbd-8218-d841e297aef5",
              "parentUUID": "5bb84400-b7cb-40e6-bbb8-b1fe98691d10",
              "isHook": false,
              "skipped": false
            },
            {
              "title": "/user/:id_user deleted user should return 404",
              "fullTitle": "Users CRUD Test /user/:id_user deleted user should return 404",
              "timedOut": false,
              "duration": 9,
              "state": "passed",
              "speed": "fast",
              "pass": true,
              "fail": false,
              "pending": false,
              "context": null,
              "code": "request(app)\n    .get(`/users/${idUserBasic}`)\n    .set('Accept', 'application/json')\n    .set('token', tokenAdmin)\n    .expect('Content-Type', /json/)\n    .expect(responseCode.NOT_FOUND)\n    .end(done);",
              "err": {},
              "uuid": "24bbd1be-b4b6-436e-b299-7bf4c61d7342",
              "parentUUID": "5bb84400-b7cb-40e6-bbb8-b1fe98691d10",
              "isHook": false,
              "skipped": false
            },
            {
              "title": "DELETE /user/:id_user Admin delete pro user",
              "fullTitle": "Users CRUD Test DELETE /user/:id_user Admin delete pro user",
              "timedOut": false,
              "duration": 54,
              "state": "passed",
              "speed": "medium",
              "pass": true,
              "fail": false,
              "pending": false,
              "context": null,
              "code": "request(app)\n    .delete(`/users/${idUserPro}`)\n    .set('Accept', 'application/json')\n    .set('token', tokenAdmin)\n    .expect('Content-Type', /json/)\n    .expect(responseCode.OK)\n    .end(done);",
              "err": {},
              "uuid": "b4815338-af9b-49a6-98a7-c9fca8b3beb0",
              "parentUUID": "5bb84400-b7cb-40e6-bbb8-b1fe98691d10",
              "isHook": false,
              "skipped": false
            },
            {
              "title": "DELETE /user/:id_user Admin delete admin user",
              "fullTitle": "Users CRUD Test DELETE /user/:id_user Admin delete admin user",
              "timedOut": false,
              "duration": 54,
              "state": "passed",
              "speed": "medium",
              "pass": true,
              "fail": false,
              "pending": false,
              "context": null,
              "code": "request(app)\n    .delete(`/users/${idUserAdmin}`)\n    .set('Accept', 'application/json')\n    .set('token', tokenAdmin)\n    .expect('Content-Type', /json/)\n    .expect(responseCode.OK)\n    .end(done);",
              "err": {},
              "uuid": "4bfbba60-33cc-4caa-bfba-34cfc3415736",
              "parentUUID": "5bb84400-b7cb-40e6-bbb8-b1fe98691d10",
              "isHook": false,
              "skipped": false
            }
          ],
          "suites": [],
          "passes": [
            "34870339-b3bc-4952-8aad-b8309278ca25",
            "a546da90-4d0c-4a89-a28f-d529de34df68",
            "71bc76a7-de21-4f85-bec2-73f03d07c985",
            "c22c45f7-c116-4c22-8502-cc51551ee70c",
            "bdb8d364-2d8e-4afc-a868-fdfb07603e12",
            "e712840e-2b66-4dcf-93b0-345a5c7f76ff",
            "6dc5d39e-8bc2-4fbd-8218-d841e297aef5",
            "24bbd1be-b4b6-436e-b299-7bf4c61d7342",
            "b4815338-af9b-49a6-98a7-c9fca8b3beb0",
            "4bfbba60-33cc-4caa-bfba-34cfc3415736"
          ],
          "failures": [],
          "pending": [],
          "skipped": [],
          "duration": 421,
          "root": false,
          "rootEmpty": false,
          "_timeout": 8000
        }
      ],
      "passes": [],
      "failures": [],
      "pending": [],
      "skipped": [],
      "duration": 0,
      "root": true,
      "rootEmpty": true,
      "_timeout": 8000
    }
  ],
  "meta": {
    "mocha": {
      "version": "7.1.2"
    },
    "mochawesome": {
      "options": {
        "quiet": false,
        "reportFilename": "mochawesome",
        "saveHtml": true,
        "saveJson": true,
        "consoleReporter": "spec",
        "useInlineDiffs": false,
        "code": true
      },
      "version": "6.1.1"
    },
    "marge": {
      "options": null,
      "version": "5.1.0"
    }
  }
}