{
  "stats": {
    "suites": 6,
    "tests": 44,
    "passes": 44,
    "pending": 0,
    "failures": 0,
    "start": "2020-05-28T10:32:46.731Z",
    "end": "2020-05-28T10:32:51.620Z",
    "duration": 4889,
    "testsRegistered": 44,
    "passPercent": 100,
    "pendingPercent": 0,
    "other": 0,
    "hasOther": false,
    "skipped": 0,
    "hasSkipped": false
  },
  "results": [
    {
      "uuid": "f0a0c9aa-fc86-47da-8d36-3322a57ad600",
      "title": "",
      "fullFile": "",
      "file": "",
      "beforeHooks": [],
      "afterHooks": [],
      "tests": [],
      "suites": [
        {
          "uuid": "e2a26565-912e-41b0-8769-3f1bdb39e3b6",
          "title": "Testing registration for all user role",
          "fullFile": "D:\\nodejs-game-restful-api\\tests\\auth_test.js",
          "file": "\\tests\\auth_test.js",
          "beforeHooks": [
            {
              "title": "\"before all\" hook",
              "fullTitle": "Testing registration for all user role \"before all\" hook",
              "timedOut": false,
              "duration": 948,
              "state": null,
              "speed": null,
              "pass": false,
              "fail": false,
              "pending": false,
              "context": null,
              "code": "console.log(\"Deleting Seed Data\");\nconst usersBasic = await model.users.destroy({\n    truncate: true, where :  {email : fakeData.user.basic.email}});\nconst usersPro = await model.users.destroy({ \n    truncate: true,where :  {email : fakeData.user.basic.email}});\nconst usersAdmin = await model.users.destroy({ \n    truncate: true,where :  {email : fakeData.user.basic.email}});",
              "err": {},
              "uuid": "35ae8c8b-6244-40eb-9f75-bb99ace8b2a5",
              "parentUUID": "e2a26565-912e-41b0-8769-3f1bdb39e3b6",
              "isHook": true,
              "skipped": false
            }
          ],
          "afterHooks": [],
          "tests": [
            {
              "title": "Register using basic user with email : basic@gmail.com",
              "fullTitle": "Testing registration for all user role Register using basic user with email : basic@gmail.com",
              "timedOut": false,
              "duration": 255,
              "state": "passed",
              "speed": "slow",
              "pass": true,
              "fail": false,
              "pending": false,
              "context": null,
              "code": "request(app)\n    .post('/register')\n    .send(fakeData.user.basic)\n    .set('Accept', 'application/json')\n    .expect('Content-Type', /json/)\n    .expect(responseCode.SUCCESS_INSERT)\n    .expect(response => {\n        expect(response.body.message).to.equal('Berhasil melakukan registrasi user','Response message tidak sesuai');\n        expect(response.body.data.email).to.equal( fakeData.user.basic.email,'Email yang diberikan pada response tidak sesuai')\n        expect(response.body.data.tipe).to.equal(fakeData.user.basic.tipe,'Tipe yang diberikan pada resposne tidak sesuai')\n    })\n    .end(done);",
              "err": {},
              "uuid": "134e87ce-a0ea-43c5-bf0e-4aeea27111b8",
              "parentUUID": "e2a26565-912e-41b0-8769-3f1bdb39e3b6",
              "isHook": false,
              "skipped": false
            },
            {
              "title": "Register using basic user with email : basic@gmail.com, Duplicate email should fail",
              "fullTitle": "Testing registration for all user role Register using basic user with email : basic@gmail.com, Duplicate email should fail",
              "timedOut": false,
              "duration": 17,
              "state": "passed",
              "speed": "fast",
              "pass": true,
              "fail": false,
              "pending": false,
              "context": null,
              "code": "request(app)\n    .post('/register')\n    .send(fakeData.user.basic)\n    .set('Accept', 'application/json')\n    .expect('Content-Type', /json/)\n    .expect(responseCode.DUPLICATE)\n    .end(done);",
              "err": {},
              "uuid": "85f95d1d-f98d-4d35-88e9-ee7caf749107",
              "parentUUID": "e2a26565-912e-41b0-8769-3f1bdb39e3b6",
              "isHook": false,
              "skipped": false
            },
            {
              "title": "Register using basic pro with email : pro@gmail.com",
              "fullTitle": "Testing registration for all user role Register using basic pro with email : pro@gmail.com",
              "timedOut": false,
              "duration": 157,
              "state": "passed",
              "speed": "slow",
              "pass": true,
              "fail": false,
              "pending": false,
              "context": null,
              "code": "request(app)\n    .post('/register')\n    .send(fakeData.user.pro)\n    .set('Accept', 'application/json')\n    .expect('Content-Type', /json/)\n    .expect(responseCode.SUCCESS_INSERT)\n    .expect(response => {\n        expect(response.body.message).to.equal('Berhasil melakukan registrasi user','Response message tidak sesuai');\n        expect(response.body.data.email).to.equal( fakeData.user.pro.email,'Email yang diberikan pada response tidak sesuai')\n        expect(response.body.data.tipe).to.equal(fakeData.user.pro.tipe,'Tipe yang diberikan pada resposne tidak sesuai')\n    })\n    .end(done);",
              "err": {},
              "uuid": "be7ac85f-4419-48af-9ead-57e806de10dc",
              "parentUUID": "e2a26565-912e-41b0-8769-3f1bdb39e3b6",
              "isHook": false,
              "skipped": false
            },
            {
              "title": "Register using admin user with email : admin@gmail.com",
              "fullTitle": "Testing registration for all user role Register using admin user with email : admin@gmail.com",
              "timedOut": false,
              "duration": 153,
              "state": "passed",
              "speed": "slow",
              "pass": true,
              "fail": false,
              "pending": false,
              "context": null,
              "code": "request(app)\n    .post('/register')\n    .send(fakeData.user.admin)\n    .set('Accept', 'application/json')\n    .expect('Content-Type', /json/)\n    .expect(responseCode.SUCCESS_INSERT)\n    .expect(response => {\n        expect(response.body.message).to.equal('Berhasil melakukan registrasi user','Response message tidak sesuai');\n        expect(response.body.data.email).to.equal( fakeData.user.admin.email,'Email yang diberikan pada response tidak sesuai')\n        expect(response.body.data.tipe).to.equal(fakeData.user.admin.tipe,'Tipe yang diberikan pada resposne tidak sesuai')\n    })\n    .end(done);",
              "err": {},
              "uuid": "d924007b-acc6-4993-ace8-9880b727fb09",
              "parentUUID": "e2a26565-912e-41b0-8769-3f1bdb39e3b6",
              "isHook": false,
              "skipped": false
            },
            {
              "title": "Basic User can login",
              "fullTitle": "Testing registration for all user role Basic User can login",
              "timedOut": false,
              "duration": 150,
              "state": "passed",
              "speed": "slow",
              "pass": true,
              "fail": false,
              "pending": false,
              "context": null,
              "code": "request(app)\n    .post('/login')\n    .send({email : fakeData.user.basic.email, password: fakeData.user.basic.password })\n    .set('Accept', 'application/json')\n    .expect('Content-Type', /json/)\n    .expect(responseCode.SUCCESS_GET)\n    .expect(response => {\n        expect(response.body.message).to.equal('Success Login','Response message tidak sesuai');\n        var userLogin = jwt.verify(response.body.token, 'soa2018');\n        expect(userLogin.email).to.equal(fakeData.user.basic.email,'Payload email JWT tidak sesuai')\n        global.tokenBasic = response.body.token;\n        global.userBasic = userLogin;\n    })\n    .end(done);",
              "err": {},
              "uuid": "b475e081-3dd5-4aee-9fb6-a81a9d72379e",
              "parentUUID": "e2a26565-912e-41b0-8769-3f1bdb39e3b6",
              "isHook": false,
              "skipped": false
            },
            {
              "title": "Pro User can login",
              "fullTitle": "Testing registration for all user role Pro User can login",
              "timedOut": false,
              "duration": 169,
              "state": "passed",
              "speed": "slow",
              "pass": true,
              "fail": false,
              "pending": false,
              "context": null,
              "code": "request(app)\n    .post('/login')\n    .send({email : fakeData.user.pro.email, password: fakeData.user.pro.password })\n    .set('Accept', 'application/json')\n    .expect('Content-Type', /json/)\n    .expect(responseCode.SUCCESS_GET)\n    .expect(response => {\n        expect(response.body.message).to.equal('Success Login','Response message tidak sesuai');\n        var userLogin = jwt.verify(response.body.token, 'soa2018');\n        expect(userLogin.email).to.equal(fakeData.user.pro.email,'Payload email JWT tidak sesuai')\n        global.tokenPro = response.body.token;\n        global.userPro = userLogin;\n    })\n    .end(done);",
              "err": {},
              "uuid": "ac9d24fd-37af-4c5a-a6d9-6965033e86bd",
              "parentUUID": "e2a26565-912e-41b0-8769-3f1bdb39e3b6",
              "isHook": false,
              "skipped": false
            },
            {
              "title": "Admin User can login",
              "fullTitle": "Testing registration for all user role Admin User can login",
              "timedOut": false,
              "duration": 165,
              "state": "passed",
              "speed": "slow",
              "pass": true,
              "fail": false,
              "pending": false,
              "context": null,
              "code": "request(app)\n    .post('/login')\n    .send({email : fakeData.user.admin.email, password: fakeData.user.admin.password })\n    .set('Accept', 'application/json')\n    .expect('Content-Type', /json/)\n    .expect(responseCode.SUCCESS_GET)\n    .expect(response => {\n        expect(response.body.message).to.equal('Success Login','Response message tidak sesuai');\n        var userLogin = jwt.verify(response.body.token, 'soa2018');\n        expect(userLogin.email).to.equal(fakeData.user.admin.email,'Payload email JWT tidak sesuai')\n        global.tokenAdmin = response.body.token;\n        global.userAdmin = userLogin;\n    })\n    .end(done);",
              "err": {},
              "uuid": "d67d5fdc-6c8f-4da6-932e-da145456611a",
              "parentUUID": "e2a26565-912e-41b0-8769-3f1bdb39e3b6",
              "isHook": false,
              "skipped": false
            }
          ],
          "suites": [],
          "passes": [
            "134e87ce-a0ea-43c5-bf0e-4aeea27111b8",
            "85f95d1d-f98d-4d35-88e9-ee7caf749107",
            "be7ac85f-4419-48af-9ead-57e806de10dc",
            "d924007b-acc6-4993-ace8-9880b727fb09",
            "b475e081-3dd5-4aee-9fb6-a81a9d72379e",
            "ac9d24fd-37af-4c5a-a6d9-6965033e86bd",
            "d67d5fdc-6c8f-4da6-932e-da145456611a"
          ],
          "failures": [],
          "pending": [],
          "skipped": [],
          "duration": 1066,
          "root": false,
          "rootEmpty": false,
          "_timeout": 4000
        },
        {
          "uuid": "4a22ea8e-60e9-430e-b0dd-59e963799408",
          "title": "Game Test",
          "fullFile": "D:\\nodejs-game-restful-api\\tests\\game_test.js",
          "file": "\\tests\\game_test.js",
          "beforeHooks": [
            {
              "title": "\"before all\" hook",
              "fullTitle": "Game Test \"before all\" hook",
              "timedOut": false,
              "duration": 0,
              "state": null,
              "speed": null,
              "pass": false,
              "fail": false,
              "pending": false,
              "context": null,
              "code": "token = global.tokenAdmin;",
              "err": {},
              "uuid": "b6654eb5-c44c-41db-a257-247f4b154191",
              "parentUUID": "4a22ea8e-60e9-430e-b0dd-59e963799408",
              "isHook": true,
              "skipped": false
            }
          ],
          "afterHooks": [],
          "tests": [
            {
              "title": "Response should be when game inserted",
              "fullTitle": "Game Test Response should be when game inserted",
              "timedOut": false,
              "duration": 104,
              "state": "passed",
              "speed": "slow",
              "pass": true,
              "fail": false,
              "pending": false,
              "context": null,
              "code": "request(app)\n    .post('/games')\n    .send({name :gameName , description : description, genre: genre, image:null})\n    .set('Accept', 'application/json')\n    .set('Token',token)\n    .expect('Content-Type', /json/)\n    .expect(responseCode.SUCCESS_INSERT)\n    .expect(response => {\n        insertedId= response.body.data.id;\n        global.seed_id_game = insertedId;\n        expect(response.body.message).to.equal('Game berhasil ditambahkan','Response message tidak sesuai');\n        expect(response.body.data.description).to.equal(description,'Description yang diberikan pada response tidak sesuai')\n        expect(response.body.data.genre).to.equal(genre,'Genre yang diberikan pada resposne tidak sesuai');\n        expect(response.body.data.created_by).to.equal(global.userAdmin.id,'token user yang diberikan pada resposne tidak sesuai')\n    })\n    .end(done);",
              "err": {},
              "uuid": "da9e7498-d282-4965-92c7-426f6fd16800",
              "parentUUID": "4a22ea8e-60e9-430e-b0dd-59e963799408",
              "isHook": false,
              "skipped": false
            },
            {
              "title": "Get game should contain inserted game",
              "fullTitle": "Game Test Get game should contain inserted game",
              "timedOut": false,
              "duration": 26,
              "state": "passed",
              "speed": "fast",
              "pass": true,
              "fail": false,
              "pending": false,
              "context": null,
              "code": "request(app)\n    .get(`/games/${insertedId}`)\n    .set('Accept', 'application/json')\n    .expect('Content-Type', /json/)\n    .expect(responseCode.OK)\n    .expect(response => {\n        expect(response.body.data.name).to.equal(gameName,'Nama pada response tidak sesuai')\n        expect(response.body.data.developer.name).to.equal(global.userAdmin.name,'Nama developer yang diberikan pada resposne tidak sesuai')\n    })\n    .end(done);",
              "err": {},
              "uuid": "683161b1-34ae-4498-90e0-6b32323dfa5f",
              "parentUUID": "4a22ea8e-60e9-430e-b0dd-59e963799408",
              "isHook": false,
              "skipped": false
            },
            {
              "title": "GET all games should contain inserted games",
              "fullTitle": "Game Test GET all games should contain inserted games",
              "timedOut": false,
              "duration": 19,
              "state": "passed",
              "speed": "fast",
              "pass": true,
              "fail": false,
              "pending": false,
              "context": null,
              "code": "request(app)\n    .get('/games')\n    .set('Accept', 'application/json')\n    .expect('Content-Type', /json/)\n    .expect(responseCode.OK)\n    .expect(response => {\n      let data = response.body.data.find((item) => item.id == insertedId);\n      expect(data.name).to.equal(gameName,'Nama pada response tidak sesuai')\n    })\n    .end(done);",
              "err": {},
              "uuid": "401f3926-f76f-404b-a6b9-0a8b93bf9144",
              "parentUUID": "4a22ea8e-60e9-430e-b0dd-59e963799408",
              "isHook": false,
              "skipped": false
            }
          ],
          "suites": [],
          "passes": [
            "da9e7498-d282-4965-92c7-426f6fd16800",
            "683161b1-34ae-4498-90e0-6b32323dfa5f",
            "401f3926-f76f-404b-a6b9-0a8b93bf9144"
          ],
          "failures": [],
          "pending": [],
          "skipped": [],
          "duration": 149,
          "root": false,
          "rootEmpty": false,
          "_timeout": 4000
        },
        {
          "uuid": "05817f28-af10-45f2-83e6-592471169722",
          "title": "Genre Test",
          "fullFile": "D:\\nodejs-game-restful-api\\tests\\genre_test.js",
          "file": "\\tests\\genre_test.js",
          "beforeHooks": [
            {
              "title": "\"before all\" hook",
              "fullTitle": "Genre Test \"before all\" hook",
              "timedOut": false,
              "duration": 2,
              "state": null,
              "speed": null,
              "pass": false,
              "fail": false,
              "pending": false,
              "context": null,
              "code": "token = global.tokenPro;\nconsole.log(token);",
              "err": {},
              "uuid": "e92fa3db-2b49-4a73-8bd1-1e205d6d52b6",
              "parentUUID": "05817f28-af10-45f2-83e6-592471169722",
              "isHook": true,
              "skipped": false
            }
          ],
          "afterHooks": [],
          "tests": [
            {
              "title": "Response should be when genre inserted",
              "fullTitle": "Genre Test Response should be when genre inserted",
              "timedOut": false,
              "duration": 197,
              "state": "passed",
              "speed": "slow",
              "pass": true,
              "fail": false,
              "pending": false,
              "context": null,
              "code": "request(app)\n    .post('/genres')\n    .send({name :genreName})\n    .set('Accept', 'application/json')\n    .set('token',token)\n    // .expect('Content-Type', /json/)\n    // .expect(responseCode.SUCCESS_INSERT)\n    .expect(response => {\n        expect(response.body.message).to.equal('Genre berhasil ditambahkan')\n        insertedId = response.body.data.id\n        expect(response.body.data.name).to.equal(genreName,'Nama genre yang diberikan pada resposne tidak sesuai')\n    })\n    .end(done);",
              "err": {},
              "uuid": "6558094e-16ec-472c-a5f9-614bd4fa5a3a",
              "parentUUID": "05817f28-af10-45f2-83e6-592471169722",
              "isHook": false,
              "skipped": false
            },
            {
              "title": "Response should be when get a genre with params",
              "fullTitle": "Genre Test Response should be when get a genre with params",
              "timedOut": false,
              "duration": 10,
              "state": "passed",
              "speed": "fast",
              "pass": true,
              "fail": false,
              "pending": false,
              "context": null,
              "code": "request(app)\n    .get('/genres')\n    .set('Accept', 'application/json')\n    .expect('Content-Type', /json/)\n    .expect(responseCode.OK)\n    .expect(response => {\n      let data = response.body.data.find((item) => item.id == insertedId);\n      expect(data.name).to.equal(genreName,'Nama pada response tidak sesuai')\n    })\n    .end(done);",
              "err": {},
              "uuid": "57f3688e-2e49-4e48-bdb8-6f12e14eb35e",
              "parentUUID": "05817f28-af10-45f2-83e6-592471169722",
              "isHook": false,
              "skipped": false
            },
            {
              "title": "Response should be when get a genre with ID",
              "fullTitle": "Genre Test Response should be when get a genre with ID",
              "timedOut": false,
              "duration": 12,
              "state": "passed",
              "speed": "fast",
              "pass": true,
              "fail": false,
              "pending": false,
              "context": null,
              "code": "request(app)\n    .get(`/genres/${insertedId}`)\n    .set('Accept', 'application/json')\n    .expect('Content-Type', /json/)\n    .expect(responseCode.OK)\n    .expect(response => {\n        expect(response.body.data.name).to.equal(genreName,'Nama genre pada response tidak sesuai')\n    })\n    .end(done);",
              "err": {},
              "uuid": "b0b2dda7-afeb-4317-a482-4f31458faf7e",
              "parentUUID": "05817f28-af10-45f2-83e6-592471169722",
              "isHook": false,
              "skipped": false
            },
            {
              "title": "Response should be when genre updated",
              "fullTitle": "Genre Test Response should be when genre updated",
              "timedOut": false,
              "duration": 65,
              "state": "passed",
              "speed": "medium",
              "pass": true,
              "fail": false,
              "pending": false,
              "context": null,
              "code": "request(app)\n    .patch(`/genres/${insertedId}`)\n    .send({name :newGenreName})\n    .set('Accept', 'application/json')\n    .set('token',token)\n    .expect('Content-Type', /json/)\n    .expect(responseCode.OK)\n    .expect(response => {\n        expect(response.body.message).to.equal('Genre berhasil diupdate')\n        expect(response.body.data.name).to.equal(newGenreName,'Nama genre baru yang diberikan pada resposne tidak sesuai')\n    })\n    .end(done);",
              "err": {},
              "uuid": "e32f633d-54bc-4745-aefe-6c65696f040a",
              "parentUUID": "05817f28-af10-45f2-83e6-592471169722",
              "isHook": false,
              "skipped": false
            },
            {
              "title": "Response should be when get a genre with ID after updated",
              "fullTitle": "Genre Test Response should be when get a genre with ID after updated",
              "timedOut": false,
              "duration": 13,
              "state": "passed",
              "speed": "fast",
              "pass": true,
              "fail": false,
              "pending": false,
              "context": null,
              "code": "request(app)\n    .get(`/genres/${insertedId}`)\n    .set('Accept', 'application/json')\n    .expect('Content-Type', /json/)\n    .expect(responseCode.OK)\n    .expect(response => {\n        expect(response.body.data.name).to.equal(newGenreName,'Nama genre pada response tidak sesuai')\n    })\n    .end(done);",
              "err": {},
              "uuid": "a77a9bfd-3dc3-4490-9784-de3f606ad060",
              "parentUUID": "05817f28-af10-45f2-83e6-592471169722",
              "isHook": false,
              "skipped": false
            },
            {
              "title": "Response should be when genre deleted",
              "fullTitle": "Genre Test Response should be when genre deleted",
              "timedOut": false,
              "duration": 103,
              "state": "passed",
              "speed": "slow",
              "pass": true,
              "fail": false,
              "pending": false,
              "context": null,
              "code": "request(app)\n    .delete(`/genres/${insertedId}`)\n    .set('Accept', 'application/json')\n    .set('token',token)\n    .expect('Content-Type', /json/)\n    .expect(responseCode.OK)\n    .expect(response => {\n        expect(response.body.message).to.equal('Genre berhasil dihapus')\n        expect(response.body.data.name).to.equal(newGenreName,'Nama genre baru yang diberikan pada resposne tidak sesuai')\n    })\n    .end(done);",
              "err": {},
              "uuid": "df455cb0-33cf-4434-b24a-3dc66e8b899a",
              "parentUUID": "05817f28-af10-45f2-83e6-592471169722",
              "isHook": false,
              "skipped": false
            }
          ],
          "suites": [],
          "passes": [
            "6558094e-16ec-472c-a5f9-614bd4fa5a3a",
            "57f3688e-2e49-4e48-bdb8-6f12e14eb35e",
            "b0b2dda7-afeb-4317-a482-4f31458faf7e",
            "e32f633d-54bc-4745-aefe-6c65696f040a",
            "a77a9bfd-3dc3-4490-9784-de3f606ad060",
            "df455cb0-33cf-4434-b24a-3dc66e8b899a"
          ],
          "failures": [],
          "pending": [],
          "skipped": [],
          "duration": 400,
          "root": false,
          "rootEmpty": false,
          "_timeout": 4000
        },
        {
          "uuid": "5f8c9796-d048-4f16-8027-3add151b398e",
          "title": "Users Reviews Test",
          "fullFile": "D:\\nodejs-game-restful-api\\tests\\user_review_test.js",
          "file": "\\tests\\user_review_test.js",
          "beforeHooks": [
            {
              "title": "\"before all\" hook",
              "fullTitle": "Users Reviews Test \"before all\" hook",
              "timedOut": false,
              "duration": 0,
              "state": null,
              "speed": null,
              "pass": false,
              "fail": false,
              "pending": false,
              "context": null,
              "code": "id_game =  global.seed_id_game;\ntokenBasic = global.tokenBasic;\nidUserBasic = global.userBasic.id;\nidUserPro = global.userPro.id;\ntokenAdmin = global.tokenAdmin;\nidUserAdmin = global.userAdmin.id;",
              "err": {},
              "uuid": "d6f303b4-8755-4350-9f73-6c1e2d954f7b",
              "parentUUID": "5f8c9796-d048-4f16-8027-3add151b398e",
              "isHook": true,
              "skipped": false
            }
          ],
          "afterHooks": [],
          "tests": [
            {
              "title": "Response should be when user review inserted",
              "fullTitle": "Users Reviews Test Response should be when user review inserted",
              "timedOut": false,
              "duration": 256,
              "state": "passed",
              "speed": "slow",
              "pass": true,
              "fail": false,
              "pending": false,
              "context": null,
              "code": "request(app)\n    .post('/reviews')\n    .send({\n        id_game: id_game,\n        id_user: idUserBasic,\n        review: review,\n        review_score: review_score\n    })\n    .set('Accept', 'application/json')\n    .set('token', tokenBasic)\n    .expect('Content-Type', /json/)\n    .expect(responseCode.SUCCESS_INSERT)\n    .expect(response => {\n        id = parseInt(response.body.data.id)\n        expect(response.body.message).to.equal('Successfuly inserted user review', 'Response message tidak sesuai')\n        expect(response.body.data.id_game).to.equal(id_game, 'ID Game yang diberikan pada response tidak sesuai')\n        expect(response.body.data.id_user).to.equal(idUserBasic, 'ID User yang diberikan pada response tidak sesuai')\n        expect(response.body.data.review).to.equal(review, 'Review yang diberikan pada response tidak sesuai')\n        expect(response.body.data.review_score).to.equal(review_score, 'Review Score yang diberikan pada response tidak sesuai')\n    })\n    .end(done);",
              "err": {},
              "uuid": "d8bd341f-6f6a-454b-942b-513130a33394",
              "parentUUID": "5f8c9796-d048-4f16-8027-3add151b398e",
              "isHook": false,
              "skipped": false
            },
            {
              "title": "Response should be when get a user review",
              "fullTitle": "Users Reviews Test Response should be when get a user review",
              "timedOut": false,
              "duration": 14,
              "state": "passed",
              "speed": "fast",
              "pass": true,
              "fail": false,
              "pending": false,
              "context": null,
              "code": "request(app)\n    .get(`/reviews/${id}`)\n    .set('token', tokenBasic)\n    .set('Accept', 'application/json')\n    .expect('Content-Type', /json/)\n    .expect(responseCode.OK)\n    .expect(response => {\n        expect(response.body.data.id).to.equal(id, 'ID yang diberikan pada response tidak sesuai')\n        expect(response.body.data.id_game).to.equal(id_game, 'ID Game yang diberikan pada response tidak sesuai')\n        expect(response.body.data.id_user).to.equal(idUserBasic, 'ID User yang diberikan pada response tidak sesuai')\n        expect(response.body.data.review).to.equal(review, 'Review yang diberikan pada response tidak sesuai')\n        expect(response.body.data.review_score).to.equal(review_score, 'Review Score yang diberikan pada response tidak sesuai')\n    })\n    .end(done);",
              "err": {},
              "uuid": "5d31fe71-cce1-42eb-92d8-32706beb9a76",
              "parentUUID": "5f8c9796-d048-4f16-8027-3add151b398e",
              "isHook": false,
              "skipped": false
            },
            {
              "title": "Response should be when get all users reviews",
              "fullTitle": "Users Reviews Test Response should be when get all users reviews",
              "timedOut": false,
              "duration": 14,
              "state": "passed",
              "speed": "fast",
              "pass": true,
              "fail": false,
              "pending": false,
              "context": null,
              "code": "request(app)\n    .get('/reviews')\n    .set('token', tokenBasic)\n    .set('Accept', 'application/json')\n    .expect('Content-Type', /json/)\n    .expect(responseCode.OK)\n    .expect(response => {\n        // if index remains null, this test will fail\n        let index = null\n        for (let i = 0; i < response.body.data.length; i++) {\n            if (response.body.data[i].id === id) {\n                index = i\n            }\n        }\n        expect(response.body.data[index].id_game).to.equal(id_game, 'ID Game yang diberikan pada response tidak sesuai')\n        expect(response.body.data[index].id_user).to.equal(idUserBasic, 'ID User yang diberikan pada response tidak sesuai')\n        expect(response.body.data[index].review).to.equal(review, 'Review yang diberikan pada response tidak sesuai')\n        expect(response.body.data[index].review_score).to.equal(review_score, 'Review Score yang diberikan pada response tidak sesuai')\n    })\n    .end(done);",
              "err": {},
              "uuid": "8b5345f4-499c-4679-9a07-b36c9d0b5801",
              "parentUUID": "5f8c9796-d048-4f16-8027-3add151b398e",
              "isHook": false,
              "skipped": false
            },
            {
              "title": "GET /users/:id_user/reviews Response should be when get all users reviews",
              "fullTitle": "Users Reviews Test GET /users/:id_user/reviews Response should be when get all users reviews",
              "timedOut": false,
              "duration": 23,
              "state": "passed",
              "speed": "fast",
              "pass": true,
              "fail": false,
              "pending": false,
              "context": null,
              "code": "request(app)\n    .get(`/users/${idUserBasic}/reviews`)\n    .set('token', tokenBasic)\n    .set('Accept', 'application/json')\n    .expect('Content-Type', /json/)\n    .expect(responseCode.OK)\n    .expect(response => {\n        // if index remains null, this test will fail\n        let index = null\n        for (let i = 0; i < response.body.data.length; i++) {\n            if (response.body.data[i].id === id) {\n                index = i\n            }\n        }\n        expect(response.body.data[index].id_game).to.equal(id_game, 'ID Game yang diberikan pada response tidak sesuai')\n        expect(response.body.data[index].id_user).to.equal(idUserBasic, 'ID User yang diberikan pada response tidak sesuai')\n        expect(response.body.data[index].review).to.equal(review, 'Review yang diberikan pada response tidak sesuai')\n        expect(response.body.data[index].review_score).to.equal(review_score, 'Review Score yang diberikan pada response tidak sesuai')\n    })\n    .end(done);",
              "err": {},
              "uuid": "02284440-1c28-4fbc-babf-33bdb9ea344c",
              "parentUUID": "5f8c9796-d048-4f16-8027-3add151b398e",
              "isHook": false,
              "skipped": false
            },
            {
              "title": "Response should be when patch a user review",
              "fullTitle": "Users Reviews Test Response should be when patch a user review",
              "timedOut": false,
              "duration": 77,
              "state": "passed",
              "speed": "slow",
              "pass": true,
              "fail": false,
              "pending": false,
              "context": null,
              "code": "request(app)\n    .patch(`/reviews/${id}`)\n    .send({\n        review: review_update,\n        review_score: review_score_update\n    })\n    .set('Accept', 'application/json')\n    .set('token', tokenBasic)\n    .expect('Content-Type', /json/)\n    .expect(responseCode.OK)\n    .expect(response => {\n        expect(response.body.message).to.equal('User berhasil diupdate', 'Response message tidak sesuai')\n    })\n    .end(done);",
              "err": {},
              "uuid": "8af68ed2-7c84-4b04-ab2a-3f9407f8b9a7",
              "parentUUID": "5f8c9796-d048-4f16-8027-3add151b398e",
              "isHook": false,
              "skipped": false
            },
            {
              "title": "Response should be when get a user review (after patch user review)",
              "fullTitle": "Users Reviews Test Response should be when get a user review (after patch user review)",
              "timedOut": false,
              "duration": 17,
              "state": "passed",
              "speed": "fast",
              "pass": true,
              "fail": false,
              "pending": false,
              "context": null,
              "code": "request(app)\n    .get(`/reviews/${id}`)\n    .set('Accept', 'application/json')\n    .set('token', tokenBasic)\n    .expect('Content-Type', /json/)\n    .expect(responseCode.OK)\n    .expect(response => {\n        expect(response.body.data.id).to.equal(id, 'ID yang diberikan pada response tidak sesuai')\n        expect(response.body.data.id_game).to.equal(id_game, 'ID Game yang diberikan pada response tidak sesuai')\n        expect(response.body.data.id_user).to.equal(idUserBasic, 'ID User yang diberikan pada response tidak sesuai')\n        expect(response.body.data.review).to.equal(review_update, 'Review yang diberikan pada response tidak sesuai')\n        expect(response.body.data.review_score).to.equal(review_score_update, 'Review Score yang diberikan pada response tidak sesuai')\n    })\n    .end(done);",
              "err": {},
              "uuid": "b0096be3-e666-4ed7-a63e-84ace5e61492",
              "parentUUID": "5f8c9796-d048-4f16-8027-3add151b398e",
              "isHook": false,
              "skipped": false
            },
            {
              "title": "Response should be when delete a user review",
              "fullTitle": "Users Reviews Test Response should be when delete a user review",
              "timedOut": false,
              "duration": 200,
              "state": "passed",
              "speed": "slow",
              "pass": true,
              "fail": false,
              "pending": false,
              "context": null,
              "code": "request(app)\n    .delete(`/reviews/${id}`)\n    .set('Accept', 'application/json')\n    .set('token', tokenBasic)\n    .expect('Content-Type', /json/)\n    .expect(responseCode.OK)\n    .expect(response => {\n        expect(response.body.message).to.equal('User review berhasil dihapus', 'Response message tidak sesuai')\n    })\n    .end(done);",
              "err": {},
              "uuid": "cc54dd8f-5f67-4971-b159-b3bdd2a318ad",
              "parentUUID": "5f8c9796-d048-4f16-8027-3add151b398e",
              "isHook": false,
              "skipped": false
            }
          ],
          "suites": [],
          "passes": [
            "d8bd341f-6f6a-454b-942b-513130a33394",
            "5d31fe71-cce1-42eb-92d8-32706beb9a76",
            "8b5345f4-499c-4679-9a07-b36c9d0b5801",
            "02284440-1c28-4fbc-babf-33bdb9ea344c",
            "8af68ed2-7c84-4b04-ab2a-3f9407f8b9a7",
            "b0096be3-e666-4ed7-a63e-84ace5e61492",
            "cc54dd8f-5f67-4971-b159-b3bdd2a318ad"
          ],
          "failures": [],
          "pending": [],
          "skipped": [],
          "duration": 601,
          "root": false,
          "rootEmpty": false,
          "_timeout": 4000
        },
        {
          "uuid": "e0e3de80-326a-46be-95ee-b12039b10b52",
          "title": "Users Games Test",
          "fullFile": "D:\\nodejs-game-restful-api\\tests\\user_game_test.js",
          "file": "\\tests\\user_game_test.js",
          "beforeHooks": [
            {
              "title": "\"before all\" hook",
              "fullTitle": "Users Games Test \"before all\" hook",
              "timedOut": false,
              "duration": 0,
              "state": null,
              "speed": null,
              "pass": false,
              "fail": false,
              "pending": false,
              "context": null,
              "code": "id_game =  global.seed_id_game;\ntokenBasic = global.tokenBasic;\nidUserBasic = global.userBasic.id;\nidUserPro = global.userPro.id;\ntokenAdmin = global.tokenAdmin;\nidUserAdmin = global.userAdmin.id;",
              "err": {},
              "uuid": "d0f7a623-08d6-4fbc-9eec-cf635d47858e",
              "parentUUID": "e0e3de80-326a-46be-95ee-b12039b10b52",
              "isHook": true,
              "skipped": false
            }
          ],
          "afterHooks": [],
          "tests": [
            {
              "title": "Cannot insert completed time if game not completed",
              "fullTitle": "Users Games Test Cannot insert completed time if game not completed",
              "timedOut": false,
              "duration": 21,
              "state": "passed",
              "speed": "fast",
              "pass": true,
              "fail": false,
              "pending": false,
              "context": null,
              "code": "request(app)\n    .post(`/users/${idUserBasic}/game`)\n    .send({\n        id_game: id_game,\n        id_user: idUserBasic,\n        tipe : 1,\n        completed_time :\"1\"\n    })\n    .set('Accept', 'application/json')\n    .set('token', tokenBasic)\n    .expect('Content-Type', /json/)\n    .expect(responseCode.BAD_REQUEST)\n    .end(done);",
              "err": {},
              "uuid": "6b954d3b-f3f3-4fff-abf4-d6d87d11ac34",
              "parentUUID": "e0e3de80-326a-46be-95ee-b12039b10b52",
              "isHook": false,
              "skipped": false
            },
            {
              "title": "Basic User can insert user game",
              "fullTitle": "Users Games Test Basic User can insert user game",
              "timedOut": false,
              "duration": 163,
              "state": "passed",
              "speed": "slow",
              "pass": true,
              "fail": false,
              "pending": false,
              "context": null,
              "code": "request(app)\n    .post(`/users/${idUserBasic}/game`)\n    .send({\n        id_game: id_game,\n        tipe : 2,\n        completed_time :\"1\"\n    })\n    .set('Accept', 'application/json')\n    .set('token', tokenBasic)\n    .expect('Content-Type', /json/)\n    .expect(responseCode.SUCCESS_INSERT)\n    .expect(response => {\n        expect(response.body.message).to.equal('Successfuly inserted user game', 'Response message tidak sesuai')\n        expect(response.body.data.id_game).to.equal(id_game, 'ID Game yang diberikan pada response tidak sesuai')\n        expect(response.body.data.id_user).to.equal(idUserBasic, 'ID User yang diberikan pada response tidak sesuai')\n        expect(response.body.data.complete_time).to.equal(\"00:00:01\",\"Completed Time tidak sesuai\")\n        expect(response.body.data.tipe).to.equal(2,\"Tipe tidak sesuai\")\n    })\n    .end(done);",
              "err": {},
              "uuid": "d8d8454b-46bc-4113-bbb0-9b188cbf1393",
              "parentUUID": "e0e3de80-326a-46be-95ee-b12039b10b52",
              "isHook": false,
              "skipped": false
            },
            {
              "title": "Admin can insert other user game",
              "fullTitle": "Users Games Test Admin can insert other user game",
              "timedOut": false,
              "duration": 193,
              "state": "passed",
              "speed": "slow",
              "pass": true,
              "fail": false,
              "pending": false,
              "context": null,
              "code": "request(app)\n    .post(`/users/${idUserPro}/game`)\n    .send({\n        id_game: id_game,\n        tipe : 2,\n        completed_time :\"1\"\n    })\n    .set('Accept', 'application/json')\n    .set('token', tokenAdmin)\n    .expect('Content-Type', /json/)\n    .expect(responseCode.SUCCESS_INSERT)\n    .expect(response => {\n        expect(response.body.message).to.equal('Successfuly inserted user game', 'Response message tidak sesuai')\n        expect(response.body.data.id_game).to.equal(id_game, 'ID Game yang diberikan pada response tidak sesuai')\n        expect(response.body.data.id_user).to.equal(idUserPro, 'ID User yang diberikan pada response tidak sesuai')\n        expect(response.body.data.complete_time).to.equal(\"00:00:01\",\"Completed Time tidak sesuai\")\n        expect(response.body.data.tipe).to.equal(2,\"Tipe tidak sesuai\")\n    })\n    .end(done);",
              "err": {},
              "uuid": "1d9f8836-062b-42f6-b0ac-0b2b2b9b193e",
              "parentUUID": "e0e3de80-326a-46be-95ee-b12039b10b52",
              "isHook": false,
              "skipped": false
            },
            {
              "title": "GET all user games should contain inserted",
              "fullTitle": "Users Games Test GET all user games should contain inserted",
              "timedOut": false,
              "duration": 22,
              "state": "passed",
              "speed": "fast",
              "pass": true,
              "fail": false,
              "pending": false,
              "context": null,
              "code": "request(app)\n    .get(`/users/${idUserBasic}/game`)\n    .set('token', tokenBasic)\n    .set('Accept', 'application/json')\n    .expect('Content-Type', /json/)\n    .expect(responseCode.OK)\n    .expect(response => {\n      let data = response.body.data.find((item) => item.id_game == id_game);\n      expect(data.id_game).to.equal(id_game,'ID game sesuai')\n    })\n    .end(done);",
              "err": {},
              "uuid": "0554439d-1a64-477c-a8e6-e8b62d017ffb",
              "parentUUID": "e0e3de80-326a-46be-95ee-b12039b10b52",
              "isHook": false,
              "skipped": false
            },
            {
              "title": "Basic User can edit user game",
              "fullTitle": "Users Games Test Basic User can edit user game",
              "timedOut": false,
              "duration": 99,
              "state": "passed",
              "speed": "slow",
              "pass": true,
              "fail": false,
              "pending": false,
              "context": null,
              "code": "request(app)\n    .patch(`/users/${idUserBasic}/game/${id_game}`)\n    .send({\n        tipe : 3,\n        completed_time :\"12:12:12\"\n    })\n    .set('Accept', 'application/json')\n    .set('token', tokenBasic)\n    .expect('Content-Type', /json/)\n    .expect(responseCode.OK)\n    .end(done);",
              "err": {},
              "uuid": "89156a50-20c2-4688-96aa-4ae87325a181",
              "parentUUID": "e0e3de80-326a-46be-95ee-b12039b10b52",
              "isHook": false,
              "skipped": false
            },
            {
              "title": "GET all user games data should be updated",
              "fullTitle": "Users Games Test GET all user games data should be updated",
              "timedOut": false,
              "duration": 20,
              "state": "passed",
              "speed": "fast",
              "pass": true,
              "fail": false,
              "pending": false,
              "context": null,
              "code": "request(app)\n    .get(`/users/${idUserBasic}/game`)\n    .set('token', tokenBasic)\n    .set('Accept', 'application/json')\n    .expect('Content-Type', /json/)\n    .expect(responseCode.OK)\n    .expect(response => {\n      let data = response.body.data.find((item) => item.id_game == id_game);\n      expect(data.id_game).to.equal(id_game,'ID game sesuai')\n      expect(data.tipe).to.equal(3,'Tipe tidak sesuai dengan yang diupdate')\n      expect(data.complete_time).to.equal(\"12:12:12\",'Complete time tidak sesuai dengan yang di update')\n    })\n    .end(done);",
              "err": {},
              "uuid": "11244425-d03b-41fd-a574-fb3489451944",
              "parentUUID": "e0e3de80-326a-46be-95ee-b12039b10b52",
              "isHook": false,
              "skipped": false
            },
            {
              "title": "GET all user games by game_id data should be updated",
              "fullTitle": "Users Games Test GET all user games by game_id data should be updated",
              "timedOut": false,
              "duration": 28,
              "state": "passed",
              "speed": "fast",
              "pass": true,
              "fail": false,
              "pending": false,
              "context": null,
              "code": "request(app)\n    .get(`/users/game/${id_game}`)\n    .set('token', tokenBasic)\n    .set('Accept', 'application/json')\n    .expect('Content-Type', /json/)\n    .expect(responseCode.OK)\n    .expect(response => {\n      let data = response.body.data.find((item) => item.id_user == idUserBasic);\n      expect(data.id_game).to.equal(id_game,'ID game sesuai')\n      expect(data.tipe).to.equal(3,'Tipe tidak sesuai dengan yang diupdate')\n      expect(data.complete_time).to.equal(\"12:12:12\",'Complete time tidak sesuai dengan yang di update')\n    })\n    .end(done);",
              "err": {},
              "uuid": "0ef2bad0-4cde-430e-a564-a7553c5fad2a",
              "parentUUID": "e0e3de80-326a-46be-95ee-b12039b10b52",
              "isHook": false,
              "skipped": false
            },
            {
              "title": "Basic User can delete game",
              "fullTitle": "Users Games Test Basic User can delete game",
              "timedOut": false,
              "duration": 159,
              "state": "passed",
              "speed": "slow",
              "pass": true,
              "fail": false,
              "pending": false,
              "context": null,
              "code": "request(app)\n    .delete(`/users/${idUserBasic}/game/${id_game}`)\n    .set('Accept', 'application/json')\n    .set('token', tokenBasic)\n    .expect('Content-Type', /json/)\n    .expect(responseCode.OK)\n    .expect(response => {\n        expect(response.body.message).to.equal('Successfuly deleted user game', 'Response message tidak sesuai')\n    })\n    .end(done);",
              "err": {},
              "uuid": "1315ace1-03b2-4952-9a82-82118f494a7b",
              "parentUUID": "e0e3de80-326a-46be-95ee-b12039b10b52",
              "isHook": false,
              "skipped": false
            },
            {
              "title": "User game should be deleted",
              "fullTitle": "Users Games Test User game should be deleted",
              "timedOut": false,
              "duration": 29,
              "state": "passed",
              "speed": "fast",
              "pass": true,
              "fail": false,
              "pending": false,
              "context": null,
              "code": "request(app)\n    .get(`/users/${idUserBasic}/game`)\n    .set('token', tokenAdmin)\n    .set('Accept', 'application/json')\n    .expect('Content-Type', /json/)\n    .expect(responseCode.OK)\n    .expect(response => {\n      let data = response.body.data.find((item) => item.id_game == id_game);\n      expect(data).to.equal(undefined,'Data masih terdapat pada database')\n    })\n    .end(done);",
              "err": {},
              "uuid": "8a952c90-102b-47ab-863d-48ae9f731d05",
              "parentUUID": "e0e3de80-326a-46be-95ee-b12039b10b52",
              "isHook": false,
              "skipped": false
            },
            {
              "title": "Admin can delete other user game",
              "fullTitle": "Users Games Test Admin can delete other user game",
              "timedOut": false,
              "duration": 208,
              "state": "passed",
              "speed": "slow",
              "pass": true,
              "fail": false,
              "pending": false,
              "context": null,
              "code": "request(app)\n    .delete(`/users/${idUserPro}/game/${id_game}`)\n    .set('Accept', 'application/json')\n    .set('token', tokenAdmin)\n    .expect('Content-Type', /json/)\n    .expect(responseCode.OK)\n    .expect(response => {\n        expect(response.body.message).to.equal('Successfuly deleted user game', 'Response message tidak sesuai')\n    })\n    .end(done);",
              "err": {},
              "uuid": "1d6f7402-31da-4738-8bfb-cca66bdf2d13",
              "parentUUID": "e0e3de80-326a-46be-95ee-b12039b10b52",
              "isHook": false,
              "skipped": false
            },
            {
              "title": "User game should be deleted",
              "fullTitle": "Users Games Test User game should be deleted",
              "timedOut": false,
              "duration": 29,
              "state": "passed",
              "speed": "fast",
              "pass": true,
              "fail": false,
              "pending": false,
              "context": null,
              "code": "request(app)\n    .get(`/users/${idUserPro}/game`)\n    .set('token', tokenBasic)\n    .set('Accept', 'application/json')\n    .expect('Content-Type', /json/)\n    .expect(responseCode.OK)\n    .expect(response => {\n      let data = response.body.data.find((item) => item.id_game == id_game);\n      expect(data).to.equal(undefined,'Data masih terdapat pada database')\n    })\n    .end(done);",
              "err": {},
              "uuid": "ea92fa6d-ba71-4f8e-8cb0-8cf8d441db58",
              "parentUUID": "e0e3de80-326a-46be-95ee-b12039b10b52",
              "isHook": false,
              "skipped": false
            }
          ],
          "suites": [],
          "passes": [
            "6b954d3b-f3f3-4fff-abf4-d6d87d11ac34",
            "d8d8454b-46bc-4113-bbb0-9b188cbf1393",
            "1d9f8836-062b-42f6-b0ac-0b2b2b9b193e",
            "0554439d-1a64-477c-a8e6-e8b62d017ffb",
            "89156a50-20c2-4688-96aa-4ae87325a181",
            "11244425-d03b-41fd-a574-fb3489451944",
            "0ef2bad0-4cde-430e-a564-a7553c5fad2a",
            "1315ace1-03b2-4952-9a82-82118f494a7b",
            "8a952c90-102b-47ab-863d-48ae9f731d05",
            "1d6f7402-31da-4738-8bfb-cca66bdf2d13",
            "ea92fa6d-ba71-4f8e-8cb0-8cf8d441db58"
          ],
          "failures": [],
          "pending": [],
          "skipped": [],
          "duration": 971,
          "root": false,
          "rootEmpty": false,
          "_timeout": 4000
        },
        {
          "uuid": "ab277165-f874-480f-a966-054b86228e52",
          "title": "Users CRUD Test",
          "fullFile": "D:\\nodejs-game-restful-api\\tests\\users_test.js",
          "file": "\\tests\\users_test.js",
          "beforeHooks": [
            {
              "title": "\"before all\" hook",
              "fullTitle": "Users CRUD Test \"before all\" hook",
              "timedOut": false,
              "duration": 0,
              "state": null,
              "speed": null,
              "pass": false,
              "fail": false,
              "pending": false,
              "context": null,
              "code": "tokenBasic = global.tokenBasic;\nidUserBasic = global.userBasic.id;\nidUserPro = global.userPro.id;\ntokenPro = global.tokenPro;\ntokenAdmin = global.tokenAdmin;\nidUserAdmin = global.userAdmin.id;\neditedName=   \"testing-edit-name\";\neditedGender= 0;",
              "err": {},
              "uuid": "2d2968ce-6a58-434b-8e1f-9dab822b30a8",
              "parentUUID": "ab277165-f874-480f-a966-054b86228e52",
              "isHook": true,
              "skipped": false
            }
          ],
          "afterHooks": [],
          "tests": [
            {
              "title": "/users should return inserted user",
              "fullTitle": "Users CRUD Test /users should return inserted user",
              "timedOut": false,
              "duration": 13,
              "state": "passed",
              "speed": "fast",
              "pass": true,
              "fail": false,
              "pending": false,
              "context": null,
              "code": "request(app)\n    .get('/users')\n    .set('Accept', 'application/json')\n    .set('token', tokenBasic)\n    .expect('Content-Type', /json/)\n    .expect(responseCode.OK)\n    .expect(response => {\n        let data = response.body.data.find((item) => item.id == idUserBasic);\n        expect(data.id).to.equal(idUserBasic,'Tidak terdapat user seeding pada get user')\n    })\n    .end(done);",
              "err": {},
              "uuid": "ac343266-91a4-47ef-abaa-e0b32cbddbbb",
              "parentUUID": "ab277165-f874-480f-a966-054b86228e52",
              "isHook": false,
              "skipped": false
            },
            {
              "title": "/user/:id_user should return get user",
              "fullTitle": "Users CRUD Test /user/:id_user should return get user",
              "timedOut": false,
              "duration": 110,
              "state": "passed",
              "speed": "slow",
              "pass": true,
              "fail": false,
              "pending": false,
              "context": null,
              "code": "request(app)\n    .get(`/users/${idUserBasic}`)\n    .set('Accept', 'application/json')\n    .set('token', tokenBasic)\n    .expect('Content-Type', /json/)\n    .expect(responseCode.OK)\n    .expect(response => {\n        expect(response.body.data.name).to.equal(global.userBasic.name,'Tidak terdapat user seeding pada get user')\n    })\n    .end(done);",
              "err": {},
              "uuid": "f1719afc-b632-40ff-94ef-188bf9716fba",
              "parentUUID": "ab277165-f874-480f-a966-054b86228e52",
              "isHook": false,
              "skipped": false
            },
            {
              "title": "PATCH /user/:id_user Other user cannot edit other user data",
              "fullTitle": "Users CRUD Test PATCH /user/:id_user Other user cannot edit other user data",
              "timedOut": false,
              "duration": 12,
              "state": "passed",
              "speed": "fast",
              "pass": true,
              "fail": false,
              "pending": false,
              "context": null,
              "code": "request(app)\n    .patch(`/users/${idUserBasic}`)\n    .set('Accept', 'application/json')\n    .set('token', tokenPro)\n    .expect('Content-Type', /json/)\n    .expect(responseCode.FORBIDDEN)\n    .end(done);",
              "err": {},
              "uuid": "552784e8-6512-4498-9160-9827f6887dbd",
              "parentUUID": "ab277165-f874-480f-a966-054b86228e52",
              "isHook": false,
              "skipped": false
            },
            {
              "title": "PATCH /user/:id_user Other user cannot edit other user data",
              "fullTitle": "Users CRUD Test PATCH /user/:id_user Other user cannot edit other user data",
              "timedOut": false,
              "duration": 41,
              "state": "passed",
              "speed": "medium",
              "pass": true,
              "fail": false,
              "pending": false,
              "context": null,
              "code": "request(app)\n    .patch(`/users/${idUserBasic}`)\n    .send({\n        \"name\" : editedName,\n        \"gender\" : editedGender\n    })\n    .set('Accept', 'application/json')\n    .set('token', tokenBasic)\n    .expect('Content-Type', /json/)\n    .expect(responseCode.OK)\n    .expect(response => {\n        expect(response.body.message).to.equal('User berhasil diupdate','Response message tidak sesuai')\n    })\n    .end(done);",
              "err": {},
              "uuid": "09583094-768f-4b0d-ae32-b8e6f4b5ac07",
              "parentUUID": "ab277165-f874-480f-a966-054b86228e52",
              "isHook": false,
              "skipped": false
            },
            {
              "title": "GET /user/:id_user edited user data should change",
              "fullTitle": "Users CRUD Test GET /user/:id_user edited user data should change",
              "timedOut": false,
              "duration": 142,
              "state": "passed",
              "speed": "slow",
              "pass": true,
              "fail": false,
              "pending": false,
              "context": null,
              "code": "request(app)\n    .get(`/users/${idUserBasic}`)\n    .set('Accept', 'application/json')\n    .set('token', tokenBasic)\n    .expect('Content-Type', /json/)\n    .expect(responseCode.OK)\n    .expect(response => {\n        expect(response.body.data.name).to.equal(editedName,'Tidak terdapat user seeding pada get user')\n    })\n    .end(done);",
              "err": {},
              "uuid": "a557abc0-90aa-485f-a37a-a07fcb8e9ed6",
              "parentUUID": "ab277165-f874-480f-a966-054b86228e52",
              "isHook": false,
              "skipped": false
            },
            {
              "title": "DELETE /user/:id_user Normal user cannot delete",
              "fullTitle": "Users CRUD Test DELETE /user/:id_user Normal user cannot delete",
              "timedOut": false,
              "duration": 18,
              "state": "passed",
              "speed": "fast",
              "pass": true,
              "fail": false,
              "pending": false,
              "context": null,
              "code": "request(app)\n    .delete(`/users/${idUserBasic}`)\n    .set('Accept', 'application/json')\n    .set('token', tokenBasic)\n    .expect('Content-Type', /json/)\n    .expect(responseCode.FORBIDDEN)\n    .end(done);",
              "err": {},
              "uuid": "56809920-1808-4f49-8c47-04e266561dca",
              "parentUUID": "ab277165-f874-480f-a966-054b86228e52",
              "isHook": false,
              "skipped": false
            },
            {
              "title": "DELETE /user/:id_user Admin delete basic user",
              "fullTitle": "Users CRUD Test DELETE /user/:id_user Admin delete basic user",
              "timedOut": false,
              "duration": 70,
              "state": "passed",
              "speed": "medium",
              "pass": true,
              "fail": false,
              "pending": false,
              "context": null,
              "code": "request(app)\n    .delete(`/users/${idUserBasic}`)\n    .set('Accept', 'application/json')\n    .set('token', tokenAdmin)\n    .expect('Content-Type', /json/)\n    .expect(responseCode.OK)\n    .end(done);",
              "err": {},
              "uuid": "af5ab3c1-c839-4008-b119-0cd2c4a71805",
              "parentUUID": "ab277165-f874-480f-a966-054b86228e52",
              "isHook": false,
              "skipped": false
            },
            {
              "title": "/user/:id_user deleted user should return 404",
              "fullTitle": "Users CRUD Test /user/:id_user deleted user should return 404",
              "timedOut": false,
              "duration": 9,
              "state": "passed",
              "speed": "fast",
              "pass": true,
              "fail": false,
              "pending": false,
              "context": null,
              "code": "request(app)\n    .get(`/users/${idUserBasic}`)\n    .set('Accept', 'application/json')\n    .set('token', tokenAdmin)\n    .expect('Content-Type', /json/)\n    .expect(responseCode.NOT_FOUND)\n    .end(done);",
              "err": {},
              "uuid": "8535c63a-1b64-4213-a4dc-5b2f602ad00f",
              "parentUUID": "ab277165-f874-480f-a966-054b86228e52",
              "isHook": false,
              "skipped": false
            },
            {
              "title": "DELETE /user/:id_user Admin delete pro user",
              "fullTitle": "Users CRUD Test DELETE /user/:id_user Admin delete pro user",
              "timedOut": false,
              "duration": 53,
              "state": "passed",
              "speed": "medium",
              "pass": true,
              "fail": false,
              "pending": false,
              "context": null,
              "code": "request(app)\n    .delete(`/users/${idUserPro}`)\n    .set('Accept', 'application/json')\n    .set('token', tokenAdmin)\n    .expect('Content-Type', /json/)\n    .expect(responseCode.OK)\n    .end(done);",
              "err": {},
              "uuid": "f753aa0c-1183-4ba6-89e4-503e25b58236",
              "parentUUID": "ab277165-f874-480f-a966-054b86228e52",
              "isHook": false,
              "skipped": false
            },
            {
              "title": "DELETE /user/:id_user Admin delete admin user",
              "fullTitle": "Users CRUD Test DELETE /user/:id_user Admin delete admin user",
              "timedOut": false,
              "duration": 42,
              "state": "passed",
              "speed": "medium",
              "pass": true,
              "fail": false,
              "pending": false,
              "context": null,
              "code": "request(app)\n    .delete(`/users/${idUserAdmin}`)\n    .set('Accept', 'application/json')\n    .set('token', tokenAdmin)\n    .expect('Content-Type', /json/)\n    .expect(responseCode.OK)\n    .end(done);",
              "err": {},
              "uuid": "d3d5ebd1-080c-4e0e-96cc-1b4f16451d39",
              "parentUUID": "ab277165-f874-480f-a966-054b86228e52",
              "isHook": false,
              "skipped": false
            }
          ],
          "suites": [],
          "passes": [
            "ac343266-91a4-47ef-abaa-e0b32cbddbbb",
            "f1719afc-b632-40ff-94ef-188bf9716fba",
            "552784e8-6512-4498-9160-9827f6887dbd",
            "09583094-768f-4b0d-ae32-b8e6f4b5ac07",
            "a557abc0-90aa-485f-a37a-a07fcb8e9ed6",
            "56809920-1808-4f49-8c47-04e266561dca",
            "af5ab3c1-c839-4008-b119-0cd2c4a71805",
            "8535c63a-1b64-4213-a4dc-5b2f602ad00f",
            "f753aa0c-1183-4ba6-89e4-503e25b58236",
            "d3d5ebd1-080c-4e0e-96cc-1b4f16451d39"
          ],
          "failures": [],
          "pending": [],
          "skipped": [],
          "duration": 510,
          "root": false,
          "rootEmpty": false,
          "_timeout": 4000
        }
      ],
      "passes": [],
      "failures": [],
      "pending": [],
      "skipped": [],
      "duration": 0,
      "root": true,
      "rootEmpty": true,
      "_timeout": 4000
    }
  ],
  "meta": {
    "mocha": {
      "version": "7.1.2"
    },
    "mochawesome": {
      "options": {
        "quiet": false,
        "reportFilename": "mochawesome",
        "saveHtml": true,
        "saveJson": true,
        "consoleReporter": "spec",
        "useInlineDiffs": false,
        "code": true
      },
      "version": "6.1.1"
    },
    "marge": {
      "options": null,
      "version": "5.1.0"
    }
  }
}