{
  "stats": {
    "suites": 1,
    "tests": 2,
    "passes": 0,
    "pending": 0,
    "failures": 2,
    "start": "2020-05-22T01:47:52.258Z",
    "end": "2020-05-22T01:47:56.594Z",
    "duration": 4336,
    "testsRegistered": 2,
    "passPercent": 0,
    "pendingPercent": 0,
    "other": 0,
    "hasOther": false,
    "skipped": 0,
    "hasSkipped": false
  },
  "results": [
    {
      "uuid": "0a415066-4486-4500-9942-30f3a0423586",
      "title": "",
      "fullFile": "",
      "file": "",
      "beforeHooks": [],
      "afterHooks": [],
      "tests": [],
      "suites": [
        {
          "uuid": "1fea92ed-3c54-40b0-97b4-3f7fbd8810cb",
          "title": "Basic User Test",
          "fullFile": "D:\\nodejs-game-restful-api\\tests\\apiTests.js",
          "file": "\\tests\\apiTests.js",
          "beforeHooks": [],
          "afterHooks": [],
          "tests": [
            {
              "title": "Response should be the registered user",
              "fullTitle": "Basic User Test Response should be the registered user",
              "timedOut": false,
              "duration": 2229,
              "state": "failed",
              "speed": null,
              "pass": false,
              "fail": true,
              "pending": false,
              "context": null,
              "code": "request(app)\n    .post('/register')\n    .send({name :'Ricahrd' , email : email, password : password, gender: 1, phone_number : '12345678', tipe: tipe })\n    .set('Accept', 'application/json')\n    .expect('Content-Type', /json/)\n    .expect(responseCode.SUCCESS_INSERT)\n    .expect(response => {\n        expect(response.body.message).to.equal('Berhasil melakukan registrasi user','Response message tidak sesuai');\n        expect(response.body.data.email).to.equal( email,'Email yang diberikan pada response tidak sesuai')\n        expect(response.body.data.tipe).to.equal(tipe,'Tipe yang diberikan pada resposne tidak sesuai')\n    })\n    .end(done);",
              "err": {
                "message": "Error: expected 201 \"Created\", got 400 \"Bad Request\"",
                "estack": "Error: expected 201 \"Created\", got 400 \"Bad Request\"\n    at Test._assertStatus (node_modules\\supertest\\lib\\test.js:268:12)\n    at Test._assertFunction (node_modules\\supertest\\lib\\test.js:283:11)\n    at Test.assert (node_modules\\supertest\\lib\\test.js:173:18)\n    at Server.localAssert (node_modules\\supertest\\lib\\test.js:131:12)\n    at emitCloseNT (net.js:1616:8)\n    at process._tickCallback (internal/process/next_tick.js:63:19)",
                "diff": null
              },
              "uuid": "5c7856f6-7b25-4b86-9e97-e75967700461",
              "parentUUID": "1fea92ed-3c54-40b0-97b4-3f7fbd8810cb",
              "isHook": false,
              "skipped": false
            },
            {
              "title": "User can login",
              "fullTitle": "Basic User Test User can login",
              "timedOut": false,
              "duration": 2047,
              "state": "failed",
              "speed": null,
              "pass": false,
              "fail": true,
              "pending": false,
              "context": null,
              "code": "request(app)\n    .post('/login')\n    .send({email : email, password: password })\n    .set('Accept', 'application/json')\n    .expect('Content-Type', /json/)\n    .expect(responseCode.SUCCESS_GET)\n    .expect(response => {\n        expect(response.body.message).to.equal('Success Login','Response message tidak sesuai');\n        var userLogin = jwt.verify(response.body.token, 'soa2018');\n        expect(userLogin.email).to.equal(email,'Payload email JWT tidak sesuai')\n        token = response.body.token;\n    })\n    .end(done);;",
              "err": {
                "message": "Error: expected 200 \"OK\", got 400 \"Bad Request\"",
                "estack": "Error: expected 200 \"OK\", got 400 \"Bad Request\"\n    at Test._assertStatus (node_modules\\supertest\\lib\\test.js:268:12)\n    at Test._assertFunction (node_modules\\supertest\\lib\\test.js:283:11)\n    at Test.assert (node_modules\\supertest\\lib\\test.js:173:18)\n    at Server.localAssert (node_modules\\supertest\\lib\\test.js:131:12)\n    at emitCloseNT (net.js:1616:8)\n    at process._tickCallback (internal/process/next_tick.js:63:19)",
                "diff": null
              },
              "uuid": "3568254d-86f5-497d-a82c-6978ad458c11",
              "parentUUID": "1fea92ed-3c54-40b0-97b4-3f7fbd8810cb",
              "isHook": false,
              "skipped": false
            }
          ],
          "suites": [],
          "passes": [],
          "failures": [
            "5c7856f6-7b25-4b86-9e97-e75967700461",
            "3568254d-86f5-497d-a82c-6978ad458c11"
          ],
          "pending": [],
          "skipped": [],
          "duration": 4276,
          "root": false,
          "rootEmpty": false,
          "_timeout": 4000
        }
      ],
      "passes": [],
      "failures": [],
      "pending": [],
      "skipped": [],
      "duration": 0,
      "root": true,
      "rootEmpty": true,
      "_timeout": 4000
    }
  ],
  "meta": {
    "mocha": {
      "version": "7.1.2"
    },
    "mochawesome": {
      "options": {
        "quiet": false,
        "reportFilename": "mochawesome",
        "saveHtml": true,
        "saveJson": true,
        "consoleReporter": "spec",
        "useInlineDiffs": false,
        "code": true
      },
      "version": "6.1.1"
    },
    "marge": {
      "options": null,
      "version": "5.1.0"
    }
  }
}