{
  "stats": {
    "suites": 4,
    "tests": 20,
    "passes": 14,
    "pending": 0,
    "failures": 6,
    "start": "2020-05-24T18:50:16.797Z",
    "end": "2020-05-24T18:50:21.512Z",
    "duration": 4715,
    "testsRegistered": 20,
    "passPercent": 70,
    "pendingPercent": 0,
    "other": 0,
    "hasOther": false,
    "skipped": 0,
    "hasSkipped": false
  },
  "results": [
    {
      "uuid": "3a62f91b-5ed2-4a8a-aa0f-5444a9013ac6",
      "title": "",
      "fullFile": "",
      "file": "",
      "beforeHooks": [],
      "afterHooks": [],
      "tests": [],
      "suites": [
        {
          "uuid": "352d3b8e-ccc0-4490-b258-efd008488bf2",
          "title": "Testing registration for all user role",
          "fullFile": "C:\\Users\\PotatoPC\\Desktop\\nodejs-game-restful-api\\tests\\apiTests.js",
          "file": "\\tests\\apiTests.js",
          "beforeHooks": [],
          "afterHooks": [],
          "tests": [
            {
              "title": "Register using basic user with email : basic@gmail.com",
              "fullTitle": "Testing registration for all user role Register using basic user with email : basic@gmail.com",
              "timedOut": false,
              "duration": 160,
              "state": "passed",
              "speed": "slow",
              "pass": true,
              "fail": false,
              "pending": false,
              "context": null,
              "code": "request(app)\n    .post('/register')\n    .send(fakeData.user.basic)\n    .set('Accept', 'application/json')\n    .expect('Content-Type', /json/)\n    .expect(responseCode.SUCCESS_INSERT)\n    .expect(response => {\n        expect(response.body.message).to.equal('Berhasil melakukan registrasi user','Response message tidak sesuai');\n        expect(response.body.data.email).to.equal( fakeData.user.basic.email,'Email yang diberikan pada response tidak sesuai')\n        expect(response.body.data.tipe).to.equal(fakeData.user.basic.tipe,'Tipe yang diberikan pada resposne tidak sesuai')\n    })\n    .end(done);",
              "err": {},
              "uuid": "6af29e4d-dec0-4442-a0c3-fd9d44bb270a",
              "parentUUID": "352d3b8e-ccc0-4490-b258-efd008488bf2",
              "isHook": false,
              "skipped": false
            },
            {
              "title": "Register using basic pro with email : pro@gmail.com",
              "fullTitle": "Testing registration for all user role Register using basic pro with email : pro@gmail.com",
              "timedOut": false,
              "duration": 78,
              "state": "passed",
              "speed": "slow",
              "pass": true,
              "fail": false,
              "pending": false,
              "context": null,
              "code": "request(app)\n    .post('/register')\n    .send(fakeData.user.pro)\n    .set('Accept', 'application/json')\n    .expect('Content-Type', /json/)\n    .expect(responseCode.SUCCESS_INSERT)\n    .expect(response => {\n        expect(response.body.message).to.equal('Berhasil melakukan registrasi user','Response message tidak sesuai');\n        expect(response.body.data.email).to.equal( fakeData.user.pro.email,'Email yang diberikan pada response tidak sesuai')\n        expect(response.body.data.tipe).to.equal(fakeData.user.pro.tipe,'Tipe yang diberikan pada resposne tidak sesuai')\n    })\n    .end(done);",
              "err": {},
              "uuid": "4e80a4cd-1410-4d0b-ad67-9a3871c5c6e1",
              "parentUUID": "352d3b8e-ccc0-4490-b258-efd008488bf2",
              "isHook": false,
              "skipped": false
            },
            {
              "title": "Register using admin user with email : admin@gmail.com",
              "fullTitle": "Testing registration for all user role Register using admin user with email : admin@gmail.com",
              "timedOut": false,
              "duration": 74,
              "state": "passed",
              "speed": "medium",
              "pass": true,
              "fail": false,
              "pending": false,
              "context": null,
              "code": "request(app)\n    .post('/register')\n    .send(fakeData.user.admin)\n    .set('Accept', 'application/json')\n    .expect('Content-Type', /json/)\n    .expect(responseCode.SUCCESS_INSERT)\n    .expect(response => {\n        expect(response.body.message).to.equal('Berhasil melakukan registrasi user','Response message tidak sesuai');\n        expect(response.body.data.email).to.equal( fakeData.user.admin.email,'Email yang diberikan pada response tidak sesuai')\n        expect(response.body.data.tipe).to.equal(fakeData.user.admin.tipe,'Tipe yang diberikan pada resposne tidak sesuai')\n    })\n    .end(done);",
              "err": {},
              "uuid": "6b5b9410-15fc-485e-b7f5-8435e64b1060",
              "parentUUID": "352d3b8e-ccc0-4490-b258-efd008488bf2",
              "isHook": false,
              "skipped": false
            },
            {
              "title": "Basic User can login",
              "fullTitle": "Testing registration for all user role Basic User can login",
              "timedOut": false,
              "duration": 87,
              "state": "passed",
              "speed": "slow",
              "pass": true,
              "fail": false,
              "pending": false,
              "context": null,
              "code": "request(app)\n    .post('/login')\n    .send({email : fakeData.user.basic.email, password: fakeData.user.basic.password })\n    .set('Accept', 'application/json')\n    .expect('Content-Type', /json/)\n    .expect(responseCode.SUCCESS_GET)\n    .expect(response => {\n        expect(response.body.message).to.equal('Success Login','Response message tidak sesuai');\n        var userLogin = jwt.verify(response.body.token, 'soa2018');\n        expect(userLogin.email).to.equal(fakeData.user.basic.email,'Payload email JWT tidak sesuai')\n        global.tokenBasic = response.body.token;\n        global.userBasic = userLogin;\n    })\n    .end(done);",
              "err": {},
              "uuid": "2a8d221f-7098-4db3-8c32-c90184d25f11",
              "parentUUID": "352d3b8e-ccc0-4490-b258-efd008488bf2",
              "isHook": false,
              "skipped": false
            },
            {
              "title": "Pro User can login",
              "fullTitle": "Testing registration for all user role Pro User can login",
              "timedOut": false,
              "duration": 77,
              "state": "passed",
              "speed": "slow",
              "pass": true,
              "fail": false,
              "pending": false,
              "context": null,
              "code": "request(app)\n    .post('/login')\n    .send({email : fakeData.user.pro.email, password: fakeData.user.pro.password })\n    .set('Accept', 'application/json')\n    .expect('Content-Type', /json/)\n    .expect(responseCode.SUCCESS_GET)\n    .expect(response => {\n        expect(response.body.message).to.equal('Success Login','Response message tidak sesuai');\n        var userLogin = jwt.verify(response.body.token, 'soa2018');\n        expect(userLogin.email).to.equal(fakeData.user.pro.email,'Payload email JWT tidak sesuai')\n        global.tokenPro = response.body.token;\n        global.userPro = userLogin;\n    })\n    .end(done);",
              "err": {},
              "uuid": "ef7265ed-27c2-4a3f-80af-1410fbf1085c",
              "parentUUID": "352d3b8e-ccc0-4490-b258-efd008488bf2",
              "isHook": false,
              "skipped": false
            },
            {
              "title": "Admin User can login",
              "fullTitle": "Testing registration for all user role Admin User can login",
              "timedOut": false,
              "duration": 79,
              "state": "passed",
              "speed": "slow",
              "pass": true,
              "fail": false,
              "pending": false,
              "context": null,
              "code": "request(app)\n    .post('/login')\n    .send({email : fakeData.user.admin.email, password: fakeData.user.admin.password })\n    .set('Accept', 'application/json')\n    .expect('Content-Type', /json/)\n    .expect(responseCode.SUCCESS_GET)\n    .expect(response => {\n        expect(response.body.message).to.equal('Success Login','Response message tidak sesuai');\n        var userLogin = jwt.verify(response.body.token, 'soa2018');\n        expect(userLogin.email).to.equal(fakeData.user.admin.email,'Payload email JWT tidak sesuai')\n        global.tokenAdmin = response.body.token;\n        global.userAdmin = userLogin;\n    })\n    .end(done);",
              "err": {},
              "uuid": "8d462f92-c996-44c7-9138-c8c5c8bbdd7f",
              "parentUUID": "352d3b8e-ccc0-4490-b258-efd008488bf2",
              "isHook": false,
              "skipped": false
            }
          ],
          "suites": [],
          "passes": [
            "6af29e4d-dec0-4442-a0c3-fd9d44bb270a",
            "4e80a4cd-1410-4d0b-ad67-9a3871c5c6e1",
            "6b5b9410-15fc-485e-b7f5-8435e64b1060",
            "2a8d221f-7098-4db3-8c32-c90184d25f11",
            "ef7265ed-27c2-4a3f-80af-1410fbf1085c",
            "8d462f92-c996-44c7-9138-c8c5c8bbdd7f"
          ],
          "failures": [],
          "pending": [],
          "skipped": [],
          "duration": 555,
          "root": false,
          "rootEmpty": false,
          "_timeout": 4000
        },
        {
          "uuid": "5190583c-23d3-438a-b17d-68385a318c97",
          "title": "Game Test",
          "fullFile": "C:\\Users\\PotatoPC\\Desktop\\nodejs-game-restful-api\\tests\\gameTests.js",
          "file": "\\tests\\gameTests.js",
          "beforeHooks": [],
          "afterHooks": [],
          "tests": [
            {
              "title": "Response should be when game inserted",
              "fullTitle": "Game Test Response should be when game inserted",
              "timedOut": false,
              "duration": 6,
              "state": "failed",
              "speed": null,
              "pass": false,
              "fail": true,
              "pending": false,
              "context": null,
              "code": "request(app)\n    .post('/games')\n    .send({name :'Monster Hunter: World' , description : \"Monster Hunter: World is an action role-playing game\", created_by : 1, genre: \"1,2,3\"})\n    .set('Accept', 'application/json')\n    .set('token',token)\n    .expect('Content-Type', /json/)\n    .expect(responseCode.SUCCESS_INSERT)\n    .expect(response => {\n        expect(response.body.message).to.equal('Game berhasil ditambahkan','Response message tidak sesuai');\n        expect(response.body.data.description).to.equal(description,'Description yang diberikan pada response tidak sesuai')\n        expect(response.body.data.genre).to.equal(genre,'Genre yang diberikan pada resposne tidak sesuai'),\n        expect(response.body.data.created_by).to.equal(developerId,'token user yang diberikan pada resposne tidak sesuai')\n    })\n    .end(done);",
              "err": {
                "message": "Error: expected 201 \"Created\", got 401 \"Unauthorized\"",
                "estack": "Error: expected 201 \"Created\", got 401 \"Unauthorized\"\n    at Test._assertStatus (node_modules\\supertest\\lib\\test.js:268:12)\n    at Test._assertFunction (node_modules\\supertest\\lib\\test.js:283:11)\n    at Test.assert (node_modules\\supertest\\lib\\test.js:173:18)\n    at Server.localAssert (node_modules\\supertest\\lib\\test.js:131:12)\n    at emitCloseNT (net.js:1657:8)\n    at processTicksAndRejections (internal/process/task_queues.js:83:21)",
                "diff": null
              },
              "uuid": "e644a982-d004-48e6-b1ee-33e1af07eeae",
              "parentUUID": "5190583c-23d3-438a-b17d-68385a318c97",
              "isHook": false,
              "skipped": false
            },
            {
              "title": "Response should be when get a game",
              "fullTitle": "Game Test Response should be when get a game",
              "timedOut": false,
              "duration": 13,
              "state": "passed",
              "speed": "fast",
              "pass": true,
              "fail": false,
              "pending": false,
              "context": null,
              "code": "request(app)\n    .get('/games/1')\n    .set('Accept', 'application/json')\n    .expect('Content-Type', /json/)\n    .expect(responseCode.OK)\n    .expect(response => {\n        expect(response.body.data.name).to.equal(gameName,'Nama pada response tidak sesuai')\n        expect(response.body.data.developer.name).to.equal(developerName,'Nama developer yang diberikan pada resposne tidak sesuai')\n    })\n    .end(done);",
              "err": {},
              "uuid": "b5d00acb-3301-4e8e-8440-ca310271ccf1",
              "parentUUID": "5190583c-23d3-438a-b17d-68385a318c97",
              "isHook": false,
              "skipped": false
            },
            {
              "title": "Response should be when get all game",
              "fullTitle": "Game Test Response should be when get all game",
              "timedOut": false,
              "duration": 11,
              "state": "failed",
              "speed": null,
              "pass": false,
              "fail": true,
              "pending": false,
              "context": null,
              "code": "request(app)\n    .get('/games')\n    .set('Accept', 'application/json')\n    .expect('Content-Type', /json/)\n    .expect(responseCode.OK)\n    .expect(response => {\n        expect(response.body.data[1].name).to.equal(gameName2,'Nama pada response tidak sesuai')\n        expect(response.body.data[1].developer.name).to.equal(developerName2,'Nama developer yang diberikan pada resposne tidak sesuai')\n    })\n    .end(done);",
              "err": {
                "message": "AssertionError: Nama developer yang diberikan pada resposne tidak sesuai: expected 'test-basic' to equal 'Ricahrd'",
                "estack": "AssertionError: Nama developer yang diberikan pada resposne tidak sesuai: expected 'test-basic' to equal 'Ricahrd'\n    at C:\\Users\\PotatoPC\\Desktop\\nodejs-game-restful-api\\tests\\gameTests.js:53:63\n    at Test._assertFunction (node_modules\\supertest\\lib\\test.js:283:11)\n    at Test.assert (node_modules\\supertest\\lib\\test.js:173:18)\n    at Server.localAssert (node_modules\\supertest\\lib\\test.js:131:12)\n    at emitCloseNT (net.js:1657:8)\n    at processTicksAndRejections (internal/process/task_queues.js:83:21)",
                "diff": "- test-basic\n+ Ricahrd\n"
              },
              "uuid": "502ed144-baf8-41ba-acca-25c2cfaf8acb",
              "parentUUID": "5190583c-23d3-438a-b17d-68385a318c97",
              "isHook": false,
              "skipped": false
            }
          ],
          "suites": [],
          "passes": [
            "b5d00acb-3301-4e8e-8440-ca310271ccf1"
          ],
          "failures": [
            "e644a982-d004-48e6-b1ee-33e1af07eeae",
            "502ed144-baf8-41ba-acca-25c2cfaf8acb"
          ],
          "pending": [],
          "skipped": [],
          "duration": 30,
          "root": false,
          "rootEmpty": false,
          "_timeout": 4000
        },
        {
          "uuid": "e4032165-2f6b-4e54-a9b6-f4711cd152d6",
          "title": "Genre Test",
          "fullFile": "C:\\Users\\PotatoPC\\Desktop\\nodejs-game-restful-api\\tests\\genreTests.js",
          "file": "\\tests\\genreTests.js",
          "beforeHooks": [],
          "afterHooks": [],
          "tests": [
            {
              "title": "Response should be when genre inserted",
              "fullTitle": "Genre Test Response should be when genre inserted",
              "timedOut": false,
              "duration": 12,
              "state": "failed",
              "speed": null,
              "pass": false,
              "fail": true,
              "pending": false,
              "context": null,
              "code": "request(app)\n    .post('/genres')\n    .send({name :'RPG'})\n    .set('Accept', 'application/json')\n    .set('token',token)\n    .expect('Content-Type', /json/)\n    .expect(responseCode.SUCCESS_INSERT)\n    .expect(response => {\n        expect(response.body.message).to.equal('Genre berhasil ditambahkan')\n        newId = response.body.data.id\n        expect(response.body.data.name).to.equal(insertGenreName,'Nama genre yang diberikan pada resposne tidak sesuai')\n    })\n    .end(done);",
              "err": {
                "message": "Error: expected 201 \"Created\", got 401 \"Unauthorized\"",
                "estack": "Error: expected 201 \"Created\", got 401 \"Unauthorized\"\n    at Test._assertStatus (node_modules\\supertest\\lib\\test.js:268:12)\n    at Test._assertFunction (node_modules\\supertest\\lib\\test.js:283:11)\n    at Test.assert (node_modules\\supertest\\lib\\test.js:173:18)\n    at Server.localAssert (node_modules\\supertest\\lib\\test.js:131:12)\n    at emitCloseNT (net.js:1657:8)\n    at processTicksAndRejections (internal/process/task_queues.js:83:21)",
                "diff": null
              },
              "uuid": "2b0c141a-04ba-4813-a2c4-53f29fa413e3",
              "parentUUID": "e4032165-2f6b-4e54-a9b6-f4711cd152d6",
              "isHook": false,
              "skipped": false
            },
            {
              "title": "Response should be when get a genre with params",
              "fullTitle": "Genre Test Response should be when get a genre with params",
              "timedOut": false,
              "duration": 11,
              "state": "passed",
              "speed": "fast",
              "pass": true,
              "fail": false,
              "pending": false,
              "context": null,
              "code": "request(app)\n    .get('/genres?name=g')\n    .set('Accept', 'application/json')\n    .expect('Content-Type', /json/)\n    .expect(responseCode.OK)\n    .expect(response => {\n        expect(response.body.data[0].name).to.equal(genreName,'Nama genre pada response tidak sesuai')\n    })\n    .end(done);",
              "err": {},
              "uuid": "f12c5bab-c09a-4d96-81b6-b23f32f5de02",
              "parentUUID": "e4032165-2f6b-4e54-a9b6-f4711cd152d6",
              "isHook": false,
              "skipped": false
            },
            {
              "title": "Response should be when get a genre with ID",
              "fullTitle": "Genre Test Response should be when get a genre with ID",
              "timedOut": true,
              "duration": 4001,
              "state": "failed",
              "speed": null,
              "pass": false,
              "fail": true,
              "pending": false,
              "context": null,
              "code": "request(app)\n    .get(`/genres/${newId}`)\n    .set('Accept', 'application/json')\n    .expect('Content-Type', /json/)\n    .expect(responseCode.OK)\n    .expect(response => {\n        expect(response.body.data.name).to.equal(genreName,'Nama genre pada response tidak sesuai')\n    })\n    .end(done);",
              "err": {
                "message": "Error: Timeout of 4000ms exceeded. For async tests and hooks, ensure \"done()\" is called; if returning a Promise, ensure it resolves. (C:\\Users\\PotatoPC\\Desktop\\nodejs-game-restful-api\\tests\\genreTests.js)",
                "estack": "Error: Timeout of 4000ms exceeded. For async tests and hooks, ensure \"done()\" is called; if returning a Promise, ensure it resolves. (C:\\Users\\PotatoPC\\Desktop\\nodejs-game-restful-api\\tests\\genreTests.js)\n    at listOnTimeout (internal/timers.js:549:17)\n    at processTimers (internal/timers.js:492:7)",
                "diff": null
              },
              "uuid": "7b8c4878-2af7-41f7-aba3-36f139edb619",
              "parentUUID": "e4032165-2f6b-4e54-a9b6-f4711cd152d6",
              "isHook": false,
              "skipped": false
            },
            {
              "title": "Response should be when genre updated",
              "fullTitle": "Genre Test Response should be when genre updated",
              "timedOut": false,
              "duration": 5,
              "state": "failed",
              "speed": null,
              "pass": false,
              "fail": true,
              "pending": false,
              "context": null,
              "code": "request(app)\n    .patch(`/genres/${newId}`)\n    .send({name :'RPGS'})\n    .set('Accept', 'application/json')\n    .set('token',token)\n    .expect('Content-Type', /json/)\n    .expect(responseCode.OK)\n    .expect(response => {\n        expect(response.body.message).to.equal('Genre berhasil diupdate')\n        expect(response.body.data.name).to.equal(newGenreName,'Nama genre baru yang diberikan pada resposne tidak sesuai')\n    })\n    .end(done);",
              "err": {
                "message": "Error: expected 200 \"OK\", got 401 \"Unauthorized\"",
                "estack": "Error: expected 200 \"OK\", got 401 \"Unauthorized\"\n    at Test._assertStatus (node_modules\\supertest\\lib\\test.js:268:12)\n    at Test._assertFunction (node_modules\\supertest\\lib\\test.js:283:11)\n    at Test.assert (node_modules\\supertest\\lib\\test.js:173:18)\n    at Server.localAssert (node_modules\\supertest\\lib\\test.js:131:12)\n    at emitCloseNT (net.js:1657:8)\n    at processTicksAndRejections (internal/process/task_queues.js:83:21)",
                "diff": null
              },
              "uuid": "167aa6eb-2001-4f4d-bedc-d8ebef92092c",
              "parentUUID": "e4032165-2f6b-4e54-a9b6-f4711cd152d6",
              "isHook": false,
              "skipped": false
            },
            {
              "title": "Response should be when genre deleted",
              "fullTitle": "Genre Test Response should be when genre deleted",
              "timedOut": false,
              "duration": 5,
              "state": "failed",
              "speed": null,
              "pass": false,
              "fail": true,
              "pending": false,
              "context": null,
              "code": "request(app)\n    .delete(`/genres/${newId}`)\n    .set('Accept', 'application/json')\n    .set('token',token)\n    .expect('Content-Type', /json/)\n    .expect(responseCode.OK)\n    .expect(response => {\n        expect(response.body.message).to.equal('Genre berhasil dihapus')\n        expect(response.body.data.name).to.equal(newGenreName,'Nama genre baru yang diberikan pada resposne tidak sesuai')\n    })\n    .end(done);",
              "err": {
                "message": "Error: expected 200 \"OK\", got 401 \"Unauthorized\"",
                "estack": "Error: expected 200 \"OK\", got 401 \"Unauthorized\"\n    at Test._assertStatus (node_modules\\supertest\\lib\\test.js:268:12)\n    at Test._assertFunction (node_modules\\supertest\\lib\\test.js:283:11)\n    at Test.assert (node_modules\\supertest\\lib\\test.js:173:18)\n    at Server.localAssert (node_modules\\supertest\\lib\\test.js:131:12)\n    at emitCloseNT (net.js:1657:8)\n    at processTicksAndRejections (internal/process/task_queues.js:83:21)",
                "diff": null
              },
              "uuid": "f439ef50-735f-4316-a180-ae939d3bff29",
              "parentUUID": "e4032165-2f6b-4e54-a9b6-f4711cd152d6",
              "isHook": false,
              "skipped": false
            }
          ],
          "suites": [],
          "passes": [
            "f12c5bab-c09a-4d96-81b6-b23f32f5de02"
          ],
          "failures": [
            "2b0c141a-04ba-4813-a2c4-53f29fa413e3",
            "7b8c4878-2af7-41f7-aba3-36f139edb619",
            "167aa6eb-2001-4f4d-bedc-d8ebef92092c",
            "f439ef50-735f-4316-a180-ae939d3bff29"
          ],
          "pending": [],
          "skipped": [],
          "duration": 4034,
          "root": false,
          "rootEmpty": false,
          "_timeout": 4000
        },
        {
          "uuid": "8629816c-6f15-4657-8667-0c61681279de",
          "title": "Users Reviews Test",
          "fullFile": "C:\\Users\\PotatoPC\\Desktop\\nodejs-game-restful-api\\tests\\usersReviewsTests.js",
          "file": "\\tests\\usersReviewsTests.js",
          "beforeHooks": [],
          "afterHooks": [],
          "tests": [
            {
              "title": "Response should be when user review inserted",
              "fullTitle": "Users Reviews Test Response should be when user review inserted",
              "timedOut": false,
              "duration": 22,
              "state": "passed",
              "speed": "fast",
              "pass": true,
              "fail": false,
              "pending": false,
              "context": null,
              "code": "request(app)\n    .post('/reviews')\n    .send({\n        id_game: id_game,\n        id_user: id_user,\n        review: review,\n        review_score: review_score\n    })\n    .set('Accept', 'application/json')\n    .set('token', token)\n    .expect('Content-Type', /json/)\n    .expect(responseCode.SUCCESS_INSERT)\n    .expect(response => {\n        id = parseInt(response.body.data.id)\n        expect(response.body.message).to.equal('Successfuly inserted user review', 'Response message tidak sesuai')\n        expect(response.body.data.id_game).to.equal(id_game, 'ID Game yang diberikan pada response tidak sesuai')\n        expect(response.body.data.id_user).to.equal(id_user, 'ID User yang diberikan pada response tidak sesuai')\n        expect(response.body.data.review).to.equal(review, 'Review yang diberikan pada response tidak sesuai')\n        expect(response.body.data.review_score).to.equal(review_score, 'Review Score yang diberikan pada response tidak sesuai')\n    })\n    .end(done);",
              "err": {},
              "uuid": "c1e6aba6-85f7-494a-8074-bd69572bb406",
              "parentUUID": "8629816c-6f15-4657-8667-0c61681279de",
              "isHook": false,
              "skipped": false
            },
            {
              "title": "Response should be when get a user review",
              "fullTitle": "Users Reviews Test Response should be when get a user review",
              "timedOut": false,
              "duration": 9,
              "state": "passed",
              "speed": "fast",
              "pass": true,
              "fail": false,
              "pending": false,
              "context": null,
              "code": "request(app)\n    .get(`/reviews/${id}`)\n    .set('Accept', 'application/json')\n    .expect('Content-Type', /json/)\n    .expect(responseCode.OK)\n    .expect(response => {\n        expect(response.body.data.id).to.equal(id, 'ID yang diberikan pada response tidak sesuai')\n        expect(response.body.data.id_game).to.equal(id_game, 'ID Game yang diberikan pada response tidak sesuai')\n        expect(response.body.data.id_user).to.equal(id_user, 'ID User yang diberikan pada response tidak sesuai')\n        expect(response.body.data.review).to.equal(review, 'Review yang diberikan pada response tidak sesuai')\n        expect(response.body.data.review_score).to.equal(review_score, 'Review Score yang diberikan pada response tidak sesuai')\n    })\n    .end(done);",
              "err": {},
              "uuid": "2ecaae16-f294-4719-939d-76a025ad5f19",
              "parentUUID": "8629816c-6f15-4657-8667-0c61681279de",
              "isHook": false,
              "skipped": false
            },
            {
              "title": "Response should be when get all users reviews",
              "fullTitle": "Users Reviews Test Response should be when get all users reviews",
              "timedOut": false,
              "duration": 6,
              "state": "passed",
              "speed": "fast",
              "pass": true,
              "fail": false,
              "pending": false,
              "context": null,
              "code": "request(app)\n    .get('/reviews')\n    .set('Accept', 'application/json')\n    .expect('Content-Type', /json/)\n    .expect(responseCode.OK)\n    .expect(response => {\n        // if index remains null, then test automatically fail\n        let index = null\n        for (let i = 0; i < response.body.data.length; i++) {\n            if (response.body.data[i].id === id) {\n                index = i\n            }\n        }\n        expect(response.body.data[index].id_game).to.equal(id_game, 'ID Game yang diberikan pada response tidak sesuai')\n        expect(response.body.data[index].id_user).to.equal(id_user, 'ID User yang diberikan pada response tidak sesuai')\n        expect(response.body.data[index].review).to.equal(review, 'Review yang diberikan pada response tidak sesuai')\n        expect(response.body.data[index].review_score).to.equal(review_score, 'Review Score yang diberikan pada response tidak sesuai')\n    })\n    .end(done);",
              "err": {},
              "uuid": "a655309c-fe9d-413d-8db4-b3e19a65e4de",
              "parentUUID": "8629816c-6f15-4657-8667-0c61681279de",
              "isHook": false,
              "skipped": false
            },
            {
              "title": "Response should be when patch user review",
              "fullTitle": "Users Reviews Test Response should be when patch user review",
              "timedOut": false,
              "duration": 15,
              "state": "passed",
              "speed": "fast",
              "pass": true,
              "fail": false,
              "pending": false,
              "context": null,
              "code": "request(app)\n    .patch(`/reviews/${id}`)\n    .send({\n        review: review_update,\n        review_score: review_score_update\n    })\n    .set('Accept', 'application/json')\n    .set('token', token)\n    .expect('Content-Type', /json/)\n    .expect(responseCode.OK)\n    .expect(response => {\n        expect(response.body.message).to.equal('User berhasil diupdate', 'Response message tidak sesuai')\n    })\n    .end(done);",
              "err": {},
              "uuid": "2365e356-ad8d-416c-9380-949597fbef90",
              "parentUUID": "8629816c-6f15-4657-8667-0c61681279de",
              "isHook": false,
              "skipped": false
            },
            {
              "title": "Response should be when get a user review (after patch user review)",
              "fullTitle": "Users Reviews Test Response should be when get a user review (after patch user review)",
              "timedOut": false,
              "duration": 11,
              "state": "passed",
              "speed": "fast",
              "pass": true,
              "fail": false,
              "pending": false,
              "context": null,
              "code": "request(app)\n    .get(`/reviews/${id}`)\n    .set('Accept', 'application/json')\n    .expect('Content-Type', /json/)\n    .expect(responseCode.OK)\n    .expect(response => {\n        expect(response.body.data.id).to.equal(id, 'ID yang diberikan pada response tidak sesuai')\n        expect(response.body.data.id_game).to.equal(id_game, 'ID Game yang diberikan pada response tidak sesuai')\n        expect(response.body.data.id_user).to.equal(id_user, 'ID User yang diberikan pada response tidak sesuai')\n        expect(response.body.data.review).to.equal(review_update, 'Review yang diberikan pada response tidak sesuai')\n        expect(response.body.data.review_score).to.equal(review_score_update, 'Review Score yang diberikan pada response tidak sesuai')\n    })\n    .end(done);",
              "err": {},
              "uuid": "fe083078-6b68-485c-a574-222f61c374c1",
              "parentUUID": "8629816c-6f15-4657-8667-0c61681279de",
              "isHook": false,
              "skipped": false
            },
            {
              "title": "Response should be when get all users reviews",
              "fullTitle": "Users Reviews Test Response should be when get all users reviews",
              "timedOut": false,
              "duration": 11,
              "state": "passed",
              "speed": "fast",
              "pass": true,
              "fail": false,
              "pending": false,
              "context": null,
              "code": "request(app)\n    .delete(`/reviews/${id}`)\n    .set('Accept', 'application/json')\n    .set('token', token)\n    .expect('Content-Type', /json/)\n    .expect(responseCode.OK)\n    .expect(response => {\n        expect(response.body.message).to.equal('User review berhasil dihapus', 'Response message tidak sesuai')\n    })\n    .end(done);",
              "err": {},
              "uuid": "9f014055-646a-47ac-85ad-cd4e73d7f74b",
              "parentUUID": "8629816c-6f15-4657-8667-0c61681279de",
              "isHook": false,
              "skipped": false
            }
          ],
          "suites": [],
          "passes": [
            "c1e6aba6-85f7-494a-8074-bd69572bb406",
            "2ecaae16-f294-4719-939d-76a025ad5f19",
            "a655309c-fe9d-413d-8db4-b3e19a65e4de",
            "2365e356-ad8d-416c-9380-949597fbef90",
            "fe083078-6b68-485c-a574-222f61c374c1",
            "9f014055-646a-47ac-85ad-cd4e73d7f74b"
          ],
          "failures": [],
          "pending": [],
          "skipped": [],
          "duration": 74,
          "root": false,
          "rootEmpty": false,
          "_timeout": 4000
        }
      ],
      "passes": [],
      "failures": [],
      "pending": [],
      "skipped": [],
      "duration": 0,
      "root": true,
      "rootEmpty": true,
      "_timeout": 4000
    }
  ],
  "meta": {
    "mocha": {
      "version": "7.1.2"
    },
    "mochawesome": {
      "options": {
        "quiet": false,
        "reportFilename": "mochawesome",
        "saveHtml": true,
        "saveJson": true,
        "consoleReporter": "spec",
        "useInlineDiffs": false,
        "code": true
      },
      "version": "6.1.1"
    },
    "marge": {
      "options": null,
      "version": "5.1.0"
    }
  }
}