{
  "stats": {
    "suites": 6,
    "tests": 38,
    "passes": 38,
    "pending": 0,
    "failures": 0,
    "start": "2020-05-27T11:59:46.278Z",
    "end": "2020-05-27T11:59:50.316Z",
    "duration": 4038,
    "testsRegistered": 38,
    "passPercent": 100,
    "pendingPercent": 0,
    "other": 0,
    "hasOther": false,
    "skipped": 0,
    "hasSkipped": false
  },
  "results": [
    {
      "uuid": "cb1a4652-0087-4571-80e9-7a6346b5882d",
      "title": "",
      "fullFile": "",
      "file": "",
      "beforeHooks": [],
      "afterHooks": [],
      "tests": [],
      "suites": [
        {
          "uuid": "e1e6c94f-8716-4a6e-8832-5cd031b580d0",
          "title": "Testing registration for all user role",
          "fullFile": "D:\\nodejs-game-restful-api\\tests\\auth_test.js",
          "file": "\\tests\\auth_test.js",
          "beforeHooks": [
            {
              "title": "\"before all\" hook",
              "fullTitle": "Testing registration for all user role \"before all\" hook",
              "timedOut": false,
              "duration": 942,
              "state": null,
              "speed": null,
              "pass": false,
              "fail": false,
              "pending": false,
              "context": null,
              "code": "console.log(\"Deleting Seed Data\");\nconst usersBasic = await model.users.destroy({\n    truncate: true, where :  {email : fakeData.user.basic.email}});\nconst usersPro = await model.users.destroy({ \n    truncate: true,where :  {email : fakeData.user.basic.email}});\nconst usersAdmin = await model.users.destroy({ \n    truncate: true,where :  {email : fakeData.user.basic.email}});",
              "err": {},
              "uuid": "cfe94c19-9134-493f-b962-d51295ecb235",
              "parentUUID": "e1e6c94f-8716-4a6e-8832-5cd031b580d0",
              "isHook": true,
              "skipped": false
            }
          ],
          "afterHooks": [],
          "tests": [
            {
              "title": "Register using basic user with email : basic@gmail.com",
              "fullTitle": "Testing registration for all user role Register using basic user with email : basic@gmail.com",
              "timedOut": false,
              "duration": 232,
              "state": "passed",
              "speed": "slow",
              "pass": true,
              "fail": false,
              "pending": false,
              "context": null,
              "code": "request(app)\n    .post('/register')\n    .send(fakeData.user.basic)\n    .set('Accept', 'application/json')\n    .expect('Content-Type', /json/)\n    .expect(responseCode.SUCCESS_INSERT)\n    .expect(response => {\n        expect(response.body.message).to.equal('Berhasil melakukan registrasi user','Response message tidak sesuai');\n        expect(response.body.data.email).to.equal( fakeData.user.basic.email,'Email yang diberikan pada response tidak sesuai')\n        expect(response.body.data.tipe).to.equal(fakeData.user.basic.tipe,'Tipe yang diberikan pada resposne tidak sesuai')\n    })\n    .end(done);",
              "err": {},
              "uuid": "2e0289ea-f767-4b24-b06f-81e2847da1cb",
              "parentUUID": "e1e6c94f-8716-4a6e-8832-5cd031b580d0",
              "isHook": false,
              "skipped": false
            },
            {
              "title": "Register using basic pro with email : pro@gmail.com",
              "fullTitle": "Testing registration for all user role Register using basic pro with email : pro@gmail.com",
              "timedOut": false,
              "duration": 158,
              "state": "passed",
              "speed": "slow",
              "pass": true,
              "fail": false,
              "pending": false,
              "context": null,
              "code": "request(app)\n    .post('/register')\n    .send(fakeData.user.pro)\n    .set('Accept', 'application/json')\n    .expect('Content-Type', /json/)\n    .expect(responseCode.SUCCESS_INSERT)\n    .expect(response => {\n        expect(response.body.message).to.equal('Berhasil melakukan registrasi user','Response message tidak sesuai');\n        expect(response.body.data.email).to.equal( fakeData.user.pro.email,'Email yang diberikan pada response tidak sesuai')\n        expect(response.body.data.tipe).to.equal(fakeData.user.pro.tipe,'Tipe yang diberikan pada resposne tidak sesuai')\n    })\n    .end(done);",
              "err": {},
              "uuid": "d52fdb5c-0aa1-415a-b4f7-7216ace168ed",
              "parentUUID": "e1e6c94f-8716-4a6e-8832-5cd031b580d0",
              "isHook": false,
              "skipped": false
            },
            {
              "title": "Register using admin user with email : admin@gmail.com",
              "fullTitle": "Testing registration for all user role Register using admin user with email : admin@gmail.com",
              "timedOut": false,
              "duration": 166,
              "state": "passed",
              "speed": "slow",
              "pass": true,
              "fail": false,
              "pending": false,
              "context": null,
              "code": "request(app)\n    .post('/register')\n    .send(fakeData.user.admin)\n    .set('Accept', 'application/json')\n    .expect('Content-Type', /json/)\n    .expect(responseCode.SUCCESS_INSERT)\n    .expect(response => {\n        expect(response.body.message).to.equal('Berhasil melakukan registrasi user','Response message tidak sesuai');\n        expect(response.body.data.email).to.equal( fakeData.user.admin.email,'Email yang diberikan pada response tidak sesuai')\n        expect(response.body.data.tipe).to.equal(fakeData.user.admin.tipe,'Tipe yang diberikan pada resposne tidak sesuai')\n    })\n    .end(done);",
              "err": {},
              "uuid": "603fbba7-d482-4c95-85d9-1fc8e8a21b86",
              "parentUUID": "e1e6c94f-8716-4a6e-8832-5cd031b580d0",
              "isHook": false,
              "skipped": false
            },
            {
              "title": "Basic User can login",
              "fullTitle": "Testing registration for all user role Basic User can login",
              "timedOut": false,
              "duration": 154,
              "state": "passed",
              "speed": "slow",
              "pass": true,
              "fail": false,
              "pending": false,
              "context": null,
              "code": "request(app)\n    .post('/login')\n    .send({email : fakeData.user.basic.email, password: fakeData.user.basic.password })\n    .set('Accept', 'application/json')\n    .expect('Content-Type', /json/)\n    .expect(responseCode.SUCCESS_GET)\n    .expect(response => {\n        expect(response.body.message).to.equal('Success Login','Response message tidak sesuai');\n        var userLogin = jwt.verify(response.body.token, 'soa2018');\n        expect(userLogin.email).to.equal(fakeData.user.basic.email,'Payload email JWT tidak sesuai')\n        global.tokenBasic = response.body.token;\n        global.userBasic = userLogin;\n    })\n    .end(done);",
              "err": {},
              "uuid": "c7247b60-ada6-4f2f-8d82-c070d7661bd2",
              "parentUUID": "e1e6c94f-8716-4a6e-8832-5cd031b580d0",
              "isHook": false,
              "skipped": false
            },
            {
              "title": "Pro User can login",
              "fullTitle": "Testing registration for all user role Pro User can login",
              "timedOut": false,
              "duration": 153,
              "state": "passed",
              "speed": "slow",
              "pass": true,
              "fail": false,
              "pending": false,
              "context": null,
              "code": "request(app)\n    .post('/login')\n    .send({email : fakeData.user.pro.email, password: fakeData.user.pro.password })\n    .set('Accept', 'application/json')\n    .expect('Content-Type', /json/)\n    .expect(responseCode.SUCCESS_GET)\n    .expect(response => {\n        expect(response.body.message).to.equal('Success Login','Response message tidak sesuai');\n        var userLogin = jwt.verify(response.body.token, 'soa2018');\n        expect(userLogin.email).to.equal(fakeData.user.pro.email,'Payload email JWT tidak sesuai')\n        global.tokenPro = response.body.token;\n        global.userPro = userLogin;\n    })\n    .end(done);",
              "err": {},
              "uuid": "0bc7cae9-6910-4687-9f15-0555ed4c83d1",
              "parentUUID": "e1e6c94f-8716-4a6e-8832-5cd031b580d0",
              "isHook": false,
              "skipped": false
            },
            {
              "title": "Admin User can login",
              "fullTitle": "Testing registration for all user role Admin User can login",
              "timedOut": false,
              "duration": 158,
              "state": "passed",
              "speed": "slow",
              "pass": true,
              "fail": false,
              "pending": false,
              "context": null,
              "code": "request(app)\n    .post('/login')\n    .send({email : fakeData.user.admin.email, password: fakeData.user.admin.password })\n    .set('Accept', 'application/json')\n    .expect('Content-Type', /json/)\n    .expect(responseCode.SUCCESS_GET)\n    .expect(response => {\n        expect(response.body.message).to.equal('Success Login','Response message tidak sesuai');\n        var userLogin = jwt.verify(response.body.token, 'soa2018');\n        expect(userLogin.email).to.equal(fakeData.user.admin.email,'Payload email JWT tidak sesuai')\n        global.tokenAdmin = response.body.token;\n        global.userAdmin = userLogin;\n    })\n    .end(done);",
              "err": {},
              "uuid": "1c25475c-8d41-4c2a-82fc-440b223f7c17",
              "parentUUID": "e1e6c94f-8716-4a6e-8832-5cd031b580d0",
              "isHook": false,
              "skipped": false
            }
          ],
          "suites": [],
          "passes": [
            "2e0289ea-f767-4b24-b06f-81e2847da1cb",
            "d52fdb5c-0aa1-415a-b4f7-7216ace168ed",
            "603fbba7-d482-4c95-85d9-1fc8e8a21b86",
            "c7247b60-ada6-4f2f-8d82-c070d7661bd2",
            "0bc7cae9-6910-4687-9f15-0555ed4c83d1",
            "1c25475c-8d41-4c2a-82fc-440b223f7c17"
          ],
          "failures": [],
          "pending": [],
          "skipped": [],
          "duration": 1021,
          "root": false,
          "rootEmpty": false,
          "_timeout": 4000
        },
        {
          "uuid": "445c9e36-cb7c-4dda-92f9-912f86d1d137",
          "title": "Game Test",
          "fullFile": "D:\\nodejs-game-restful-api\\tests\\game_test.js",
          "file": "\\tests\\game_test.js",
          "beforeHooks": [
            {
              "title": "\"before all\" hook",
              "fullTitle": "Game Test \"before all\" hook",
              "timedOut": false,
              "duration": 0,
              "state": null,
              "speed": null,
              "pass": false,
              "fail": false,
              "pending": false,
              "context": null,
              "code": "token = global.tokenAdmin;",
              "err": {},
              "uuid": "39e87ec1-86eb-4458-90ec-320f83f05741",
              "parentUUID": "445c9e36-cb7c-4dda-92f9-912f86d1d137",
              "isHook": true,
              "skipped": false
            }
          ],
          "afterHooks": [],
          "tests": [
            {
              "title": "Response should be when game inserted",
              "fullTitle": "Game Test Response should be when game inserted",
              "timedOut": false,
              "duration": 85,
              "state": "passed",
              "speed": "slow",
              "pass": true,
              "fail": false,
              "pending": false,
              "context": null,
              "code": "request(app)\n    .post('/games')\n    .send({name :gameName , description : description, genre: genre, image:null})\n    .set('Accept', 'application/json')\n    .set('Token',token)\n    .expect('Content-Type', /json/)\n    .expect(responseCode.SUCCESS_INSERT)\n    .expect(response => {\n        insertedId= response.body.data.id;\n        global.seed_id_game = insertedId;\n        expect(response.body.message).to.equal('Game berhasil ditambahkan','Response message tidak sesuai');\n        expect(response.body.data.description).to.equal(description,'Description yang diberikan pada response tidak sesuai')\n        expect(response.body.data.genre).to.equal(genre,'Genre yang diberikan pada resposne tidak sesuai');\n        expect(response.body.data.created_by).to.equal(global.userAdmin.id,'token user yang diberikan pada resposne tidak sesuai')\n    })\n    .end(done);",
              "err": {},
              "uuid": "2ecb3b76-3e31-43fc-856c-9c238965e92a",
              "parentUUID": "445c9e36-cb7c-4dda-92f9-912f86d1d137",
              "isHook": false,
              "skipped": false
            },
            {
              "title": "Get game should contain inserted game",
              "fullTitle": "Game Test Get game should contain inserted game",
              "timedOut": false,
              "duration": 28,
              "state": "passed",
              "speed": "fast",
              "pass": true,
              "fail": false,
              "pending": false,
              "context": null,
              "code": "request(app)\n    .get(`/games/${insertedId}`)\n    .set('Accept', 'application/json')\n    .expect('Content-Type', /json/)\n    .expect(responseCode.OK)\n    .expect(response => {\n        expect(response.body.data.name).to.equal(gameName,'Nama pada response tidak sesuai')\n        expect(response.body.data.developer.name).to.equal(global.userAdmin.name,'Nama developer yang diberikan pada resposne tidak sesuai')\n    })\n    .end(done);",
              "err": {},
              "uuid": "9072240b-fae5-4efc-a0c4-a6c899148b71",
              "parentUUID": "445c9e36-cb7c-4dda-92f9-912f86d1d137",
              "isHook": false,
              "skipped": false
            },
            {
              "title": "GET all games should contain inserted games",
              "fullTitle": "Game Test GET all games should contain inserted games",
              "timedOut": false,
              "duration": 15,
              "state": "passed",
              "speed": "fast",
              "pass": true,
              "fail": false,
              "pending": false,
              "context": null,
              "code": "request(app)\n    .get('/games')\n    .set('Accept', 'application/json')\n    .expect('Content-Type', /json/)\n    .expect(responseCode.OK)\n    .expect(response => {\n      let data = response.body.data.find((item) => item.id == insertedId);\n      expect(data.name).to.equal(gameName,'Nama pada response tidak sesuai')\n    })\n    .end(done);",
              "err": {},
              "uuid": "33d6c370-26f7-4580-a28e-1c542b5f105c",
              "parentUUID": "445c9e36-cb7c-4dda-92f9-912f86d1d137",
              "isHook": false,
              "skipped": false
            }
          ],
          "suites": [],
          "passes": [
            "2ecb3b76-3e31-43fc-856c-9c238965e92a",
            "9072240b-fae5-4efc-a0c4-a6c899148b71",
            "33d6c370-26f7-4580-a28e-1c542b5f105c"
          ],
          "failures": [],
          "pending": [],
          "skipped": [],
          "duration": 128,
          "root": false,
          "rootEmpty": false,
          "_timeout": 4000
        },
        {
          "uuid": "4816cc5e-ff0e-48e9-b774-a5936b908314",
          "title": "Genre Test",
          "fullFile": "D:\\nodejs-game-restful-api\\tests\\genre_test.js",
          "file": "\\tests\\genre_test.js",
          "beforeHooks": [
            {
              "title": "\"before all\" hook",
              "fullTitle": "Genre Test \"before all\" hook",
              "timedOut": false,
              "duration": 3,
              "state": null,
              "speed": null,
              "pass": false,
              "fail": false,
              "pending": false,
              "context": null,
              "code": "token = global.tokenPro;\nconsole.log(token);",
              "err": {},
              "uuid": "fbffa329-9ca4-4e75-9efa-abfc5b9df402",
              "parentUUID": "4816cc5e-ff0e-48e9-b774-a5936b908314",
              "isHook": true,
              "skipped": false
            }
          ],
          "afterHooks": [],
          "tests": [
            {
              "title": "Response should be when genre inserted",
              "fullTitle": "Genre Test Response should be when genre inserted",
              "timedOut": false,
              "duration": 194,
              "state": "passed",
              "speed": "slow",
              "pass": true,
              "fail": false,
              "pending": false,
              "context": null,
              "code": "request(app)\n    .post('/genres')\n    .send({name :genreName})\n    .set('Accept', 'application/json')\n    .set('token',token)\n    // .expect('Content-Type', /json/)\n    // .expect(responseCode.SUCCESS_INSERT)\n    .expect(response => {\n        expect(response.body.message).to.equal('Genre berhasil ditambahkan')\n        insertedId = response.body.data.id\n        expect(response.body.data.name).to.equal(genreName,'Nama genre yang diberikan pada resposne tidak sesuai')\n    })\n    .end(done);",
              "err": {},
              "uuid": "40473424-dcba-4b55-86b0-8c0dac4d0bac",
              "parentUUID": "4816cc5e-ff0e-48e9-b774-a5936b908314",
              "isHook": false,
              "skipped": false
            },
            {
              "title": "Response should be when get a genre with params",
              "fullTitle": "Genre Test Response should be when get a genre with params",
              "timedOut": false,
              "duration": 10,
              "state": "passed",
              "speed": "fast",
              "pass": true,
              "fail": false,
              "pending": false,
              "context": null,
              "code": "request(app)\n    .get('/genres')\n    .set('Accept', 'application/json')\n    .expect('Content-Type', /json/)\n    .expect(responseCode.OK)\n    .expect(response => {\n      let data = response.body.data.find((item) => item.id == insertedId);\n      expect(data.name).to.equal(genreName,'Nama pada response tidak sesuai')\n    })\n    .end(done);",
              "err": {},
              "uuid": "81a7dcee-5326-4dd2-8dab-0754ced28e81",
              "parentUUID": "4816cc5e-ff0e-48e9-b774-a5936b908314",
              "isHook": false,
              "skipped": false
            },
            {
              "title": "Response should be when get a genre with ID",
              "fullTitle": "Genre Test Response should be when get a genre with ID",
              "timedOut": false,
              "duration": 6,
              "state": "passed",
              "speed": "fast",
              "pass": true,
              "fail": false,
              "pending": false,
              "context": null,
              "code": "request(app)\n    .get(`/genres/${insertedId}`)\n    .set('Accept', 'application/json')\n    .expect('Content-Type', /json/)\n    .expect(responseCode.OK)\n    .expect(response => {\n        expect(response.body.data.name).to.equal(genreName,'Nama genre pada response tidak sesuai')\n    })\n    .end(done);",
              "err": {},
              "uuid": "b09616e9-afcd-4e49-8f25-5a8ac24efb90",
              "parentUUID": "4816cc5e-ff0e-48e9-b774-a5936b908314",
              "isHook": false,
              "skipped": false
            },
            {
              "title": "Response should be when genre updated",
              "fullTitle": "Genre Test Response should be when genre updated",
              "timedOut": false,
              "duration": 114,
              "state": "passed",
              "speed": "slow",
              "pass": true,
              "fail": false,
              "pending": false,
              "context": null,
              "code": "request(app)\n    .patch(`/genres/${insertedId}`)\n    .send({name :newGenreName})\n    .set('Accept', 'application/json')\n    .set('token',token)\n    .expect('Content-Type', /json/)\n    .expect(responseCode.OK)\n    .expect(response => {\n        expect(response.body.message).to.equal('Genre berhasil diupdate')\n        expect(response.body.data.name).to.equal(newGenreName,'Nama genre baru yang diberikan pada resposne tidak sesuai')\n    })\n    .end(done);",
              "err": {},
              "uuid": "09dd8ed8-aded-4a4d-964d-ae6a57575f06",
              "parentUUID": "4816cc5e-ff0e-48e9-b774-a5936b908314",
              "isHook": false,
              "skipped": false
            },
            {
              "title": "Response should be when get a genre with ID after updated",
              "fullTitle": "Genre Test Response should be when get a genre with ID after updated",
              "timedOut": false,
              "duration": 7,
              "state": "passed",
              "speed": "fast",
              "pass": true,
              "fail": false,
              "pending": false,
              "context": null,
              "code": "request(app)\n    .get(`/genres/${insertedId}`)\n    .set('Accept', 'application/json')\n    .expect('Content-Type', /json/)\n    .expect(responseCode.OK)\n    .expect(response => {\n        expect(response.body.data.name).to.equal(newGenreName,'Nama genre pada response tidak sesuai')\n    })\n    .end(done);",
              "err": {},
              "uuid": "c03bd854-227e-480a-baa2-cd03b0533cff",
              "parentUUID": "4816cc5e-ff0e-48e9-b774-a5936b908314",
              "isHook": false,
              "skipped": false
            },
            {
              "title": "Response should be when genre deleted",
              "fullTitle": "Genre Test Response should be when genre deleted",
              "timedOut": false,
              "duration": 72,
              "state": "passed",
              "speed": "medium",
              "pass": true,
              "fail": false,
              "pending": false,
              "context": null,
              "code": "request(app)\n    .delete(`/genres/${insertedId}`)\n    .set('Accept', 'application/json')\n    .set('token',token)\n    .expect('Content-Type', /json/)\n    .expect(responseCode.OK)\n    .expect(response => {\n        expect(response.body.message).to.equal('Genre berhasil dihapus')\n        expect(response.body.data.name).to.equal(newGenreName,'Nama genre baru yang diberikan pada resposne tidak sesuai')\n    })\n    .end(done);",
              "err": {},
              "uuid": "59f13b25-92ac-43b6-98cb-60557f244112",
              "parentUUID": "4816cc5e-ff0e-48e9-b774-a5936b908314",
              "isHook": false,
              "skipped": false
            }
          ],
          "suites": [],
          "passes": [
            "40473424-dcba-4b55-86b0-8c0dac4d0bac",
            "81a7dcee-5326-4dd2-8dab-0754ced28e81",
            "b09616e9-afcd-4e49-8f25-5a8ac24efb90",
            "09dd8ed8-aded-4a4d-964d-ae6a57575f06",
            "c03bd854-227e-480a-baa2-cd03b0533cff",
            "59f13b25-92ac-43b6-98cb-60557f244112"
          ],
          "failures": [],
          "pending": [],
          "skipped": [],
          "duration": 403,
          "root": false,
          "rootEmpty": false,
          "_timeout": 4000
        },
        {
          "uuid": "3036b6b8-ce61-45b9-be5d-718fa922cb01",
          "title": "Users Reviews Test",
          "fullFile": "D:\\nodejs-game-restful-api\\tests\\user_review_test.js",
          "file": "\\tests\\user_review_test.js",
          "beforeHooks": [
            {
              "title": "\"before all\" hook",
              "fullTitle": "Users Reviews Test \"before all\" hook",
              "timedOut": false,
              "duration": 0,
              "state": null,
              "speed": null,
              "pass": false,
              "fail": false,
              "pending": false,
              "context": null,
              "code": "id_game =  global.seed_id_game;\ntoken = global.tokenBasic;",
              "err": {},
              "uuid": "1d3f426f-3e96-4274-b012-9c1208db4e10",
              "parentUUID": "3036b6b8-ce61-45b9-be5d-718fa922cb01",
              "isHook": true,
              "skipped": false
            }
          ],
          "afterHooks": [],
          "tests": [
            {
              "title": "Response should be when user review inserted",
              "fullTitle": "Users Reviews Test Response should be when user review inserted",
              "timedOut": false,
              "duration": 154,
              "state": "passed",
              "speed": "slow",
              "pass": true,
              "fail": false,
              "pending": false,
              "context": null,
              "code": "request(app)\n    .post('/reviews')\n    .send({\n        id_game: id_game,\n        id_user: id_user,\n        review: review,\n        review_score: review_score\n    })\n    .set('Accept', 'application/json')\n    .set('token', token)\n    .expect('Content-Type', /json/)\n    .expect(responseCode.SUCCESS_INSERT)\n    .expect(response => {\n        id = parseInt(response.body.data.id)\n        expect(response.body.message).to.equal('Successfuly inserted user review', 'Response message tidak sesuai')\n        expect(response.body.data.id_game).to.equal(id_game, 'ID Game yang diberikan pada response tidak sesuai')\n        expect(response.body.data.id_user).to.equal(id_user, 'ID User yang diberikan pada response tidak sesuai')\n        expect(response.body.data.review).to.equal(review, 'Review yang diberikan pada response tidak sesuai')\n        expect(response.body.data.review_score).to.equal(review_score, 'Review Score yang diberikan pada response tidak sesuai')\n    })\n    .end(done);",
              "err": {},
              "uuid": "5460eb9d-7e1b-4d0e-942e-1baa94fd25c5",
              "parentUUID": "3036b6b8-ce61-45b9-be5d-718fa922cb01",
              "isHook": false,
              "skipped": false
            },
            {
              "title": "Response should be when get a user review",
              "fullTitle": "Users Reviews Test Response should be when get a user review",
              "timedOut": false,
              "duration": 30,
              "state": "passed",
              "speed": "fast",
              "pass": true,
              "fail": false,
              "pending": false,
              "context": null,
              "code": "request(app)\n    .get(`/reviews/${id}`)\n    .set('Accept', 'application/json')\n    .expect('Content-Type', /json/)\n    .expect(responseCode.OK)\n    .expect(response => {\n        expect(response.body.data.id).to.equal(id, 'ID yang diberikan pada response tidak sesuai')\n        expect(response.body.data.id_game).to.equal(id_game, 'ID Game yang diberikan pada response tidak sesuai')\n        expect(response.body.data.id_user).to.equal(id_user, 'ID User yang diberikan pada response tidak sesuai')\n        expect(response.body.data.review).to.equal(review, 'Review yang diberikan pada response tidak sesuai')\n        expect(response.body.data.review_score).to.equal(review_score, 'Review Score yang diberikan pada response tidak sesuai')\n    })\n    .end(done);",
              "err": {},
              "uuid": "9dff2218-1495-43be-b9ba-c7b3a46b6fdf",
              "parentUUID": "3036b6b8-ce61-45b9-be5d-718fa922cb01",
              "isHook": false,
              "skipped": false
            },
            {
              "title": "Response should be when get all users reviews",
              "fullTitle": "Users Reviews Test Response should be when get all users reviews",
              "timedOut": false,
              "duration": 10,
              "state": "passed",
              "speed": "fast",
              "pass": true,
              "fail": false,
              "pending": false,
              "context": null,
              "code": "request(app)\n    .get('/reviews')\n    .set('Accept', 'application/json')\n    .expect('Content-Type', /json/)\n    .expect(responseCode.OK)\n    .expect(response => {\n        // if index remains null, this test will fail\n        let index = null\n        for (let i = 0; i < response.body.data.length; i++) {\n            if (response.body.data[i].id === id) {\n                index = i\n            }\n        }\n        expect(response.body.data[index].id_game).to.equal(id_game, 'ID Game yang diberikan pada response tidak sesuai')\n        expect(response.body.data[index].id_user).to.equal(id_user, 'ID User yang diberikan pada response tidak sesuai')\n        expect(response.body.data[index].review).to.equal(review, 'Review yang diberikan pada response tidak sesuai')\n        expect(response.body.data[index].review_score).to.equal(review_score, 'Review Score yang diberikan pada response tidak sesuai')\n    })\n    .end(done);",
              "err": {},
              "uuid": "2a2cc883-1544-4441-8185-6939ab385e02",
              "parentUUID": "3036b6b8-ce61-45b9-be5d-718fa922cb01",
              "isHook": false,
              "skipped": false
            },
            {
              "title": "Response should be when patch a user review",
              "fullTitle": "Users Reviews Test Response should be when patch a user review",
              "timedOut": false,
              "duration": 90,
              "state": "passed",
              "speed": "slow",
              "pass": true,
              "fail": false,
              "pending": false,
              "context": null,
              "code": "request(app)\n    .patch(`/reviews/${id}`)\n    .send({\n        review: review_update,\n        review_score: review_score_update\n    })\n    .set('Accept', 'application/json')\n    .set('token', token)\n    .expect('Content-Type', /json/)\n    .expect(responseCode.OK)\n    .expect(response => {\n        expect(response.body.message).to.equal('User berhasil diupdate', 'Response message tidak sesuai')\n    })\n    .end(done);",
              "err": {},
              "uuid": "ddaf30d6-3794-40fa-ae8b-a624d2878387",
              "parentUUID": "3036b6b8-ce61-45b9-be5d-718fa922cb01",
              "isHook": false,
              "skipped": false
            },
            {
              "title": "Response should be when get a user review (after patch user review)",
              "fullTitle": "Users Reviews Test Response should be when get a user review (after patch user review)",
              "timedOut": false,
              "duration": 11,
              "state": "passed",
              "speed": "fast",
              "pass": true,
              "fail": false,
              "pending": false,
              "context": null,
              "code": "request(app)\n    .get(`/reviews/${id}`)\n    .set('Accept', 'application/json')\n    .expect('Content-Type', /json/)\n    .expect(responseCode.OK)\n    .expect(response => {\n        expect(response.body.data.id).to.equal(id, 'ID yang diberikan pada response tidak sesuai')\n        expect(response.body.data.id_game).to.equal(id_game, 'ID Game yang diberikan pada response tidak sesuai')\n        expect(response.body.data.id_user).to.equal(id_user, 'ID User yang diberikan pada response tidak sesuai')\n        expect(response.body.data.review).to.equal(review_update, 'Review yang diberikan pada response tidak sesuai')\n        expect(response.body.data.review_score).to.equal(review_score_update, 'Review Score yang diberikan pada response tidak sesuai')\n    })\n    .end(done);",
              "err": {},
              "uuid": "74aa1d17-1439-4b40-a5e0-f18f1587ddee",
              "parentUUID": "3036b6b8-ce61-45b9-be5d-718fa922cb01",
              "isHook": false,
              "skipped": false
            },
            {
              "title": "Response should be when delete a user review",
              "fullTitle": "Users Reviews Test Response should be when delete a user review",
              "timedOut": false,
              "duration": 64,
              "state": "passed",
              "speed": "medium",
              "pass": true,
              "fail": false,
              "pending": false,
              "context": null,
              "code": "request(app)\n    .delete(`/reviews/${id}`)\n    .set('Accept', 'application/json')\n    .set('token', token)\n    .expect('Content-Type', /json/)\n    .expect(responseCode.OK)\n    .expect(response => {\n        expect(response.body.message).to.equal('User review berhasil dihapus', 'Response message tidak sesuai')\n    })\n    .end(done);",
              "err": {},
              "uuid": "617622e2-ecf7-41a3-b3a1-586df9254b95",
              "parentUUID": "3036b6b8-ce61-45b9-be5d-718fa922cb01",
              "isHook": false,
              "skipped": false
            }
          ],
          "suites": [],
          "passes": [
            "5460eb9d-7e1b-4d0e-942e-1baa94fd25c5",
            "9dff2218-1495-43be-b9ba-c7b3a46b6fdf",
            "2a2cc883-1544-4441-8185-6939ab385e02",
            "ddaf30d6-3794-40fa-ae8b-a624d2878387",
            "74aa1d17-1439-4b40-a5e0-f18f1587ddee",
            "617622e2-ecf7-41a3-b3a1-586df9254b95"
          ],
          "failures": [],
          "pending": [],
          "skipped": [],
          "duration": 359,
          "root": false,
          "rootEmpty": false,
          "_timeout": 4000
        },
        {
          "uuid": "42e3d9ee-b310-41cd-a1f7-f8db9fa7b429",
          "title": "Users Reviews Test",
          "fullFile": "D:\\nodejs-game-restful-api\\tests\\user_game_test.js",
          "file": "\\tests\\user_game_test.js",
          "beforeHooks": [
            {
              "title": "\"before all\" hook",
              "fullTitle": "Users Reviews Test \"before all\" hook",
              "timedOut": false,
              "duration": 0,
              "state": null,
              "speed": null,
              "pass": false,
              "fail": false,
              "pending": false,
              "context": null,
              "code": "id_game =  global.seed_id_game;\ntokenBasic = global.tokenBasic;\nidUserBasic = global.userBasic.id;\nidUserPro = global.userPro.id;\ntokenAdmin = global.tokenAdmin;\nidUserAdmin = global.userAdmin.id;",
              "err": {},
              "uuid": "f7b51012-5bb8-4b87-9f0f-c39a1f7d01ba",
              "parentUUID": "42e3d9ee-b310-41cd-a1f7-f8db9fa7b429",
              "isHook": true,
              "skipped": false
            }
          ],
          "afterHooks": [],
          "tests": [
            {
              "title": "Basic User can insert user game",
              "fullTitle": "Users Reviews Test Basic User can insert user game",
              "timedOut": false,
              "duration": 135,
              "state": "passed",
              "speed": "slow",
              "pass": true,
              "fail": false,
              "pending": false,
              "context": null,
              "code": "request(app)\n    .post(`/user/${idUserBasic}/game`)\n    .send({\n        id_game: id_game,\n        id_user: idUserBasic,\n    })\n    .set('Accept', 'application/json')\n    .set('token', tokenBasic)\n    .expect('Content-Type', /json/)\n    .expect(responseCode.SUCCESS_INSERT)\n    .expect(response => {\n        expect(response.body.message).to.equal('Successfuly inserted user game', 'Response message tidak sesuai')\n        expect(response.body.data.id_game).to.equal(id_game, 'ID Game yang diberikan pada response tidak sesuai')\n        expect(response.body.data.id_user).to.equal(idUserBasic, 'ID User yang diberikan pada response tidak sesuai')\n    })\n    .end(done);",
              "err": {},
              "uuid": "3e072905-bab7-4c5a-9143-5d431d2c366a",
              "parentUUID": "42e3d9ee-b310-41cd-a1f7-f8db9fa7b429",
              "isHook": false,
              "skipped": false
            },
            {
              "title": "Admin can insert other user game",
              "fullTitle": "Users Reviews Test Admin can insert other user game",
              "timedOut": false,
              "duration": 167,
              "state": "passed",
              "speed": "slow",
              "pass": true,
              "fail": false,
              "pending": false,
              "context": null,
              "code": "request(app)\n    .post(`/user/${idUserPro}/game`)\n    .send({\n        id_game: id_game,\n        id_user: idUserPro,\n    })\n    .set('Accept', 'application/json')\n    .set('token', tokenAdmin)\n    .expect('Content-Type', /json/)\n    .expect(responseCode.SUCCESS_INSERT)\n    .expect(response => {\n        expect(response.body.message).to.equal('Successfuly inserted user game', 'Response message tidak sesuai')\n        expect(response.body.data.id_game).to.equal(id_game, 'ID Game yang diberikan pada response tidak sesuai')\n        expect(response.body.data.id_user).to.equal(idUserPro, 'ID User yang diberikan pada response tidak sesuai')\n    })\n    .end(done);",
              "err": {},
              "uuid": "9900f456-ad39-4f69-b4d6-808c3cee1f92",
              "parentUUID": "42e3d9ee-b310-41cd-a1f7-f8db9fa7b429",
              "isHook": false,
              "skipped": false
            },
            {
              "title": "GET all user games should contain inserted",
              "fullTitle": "Users Reviews Test GET all user games should contain inserted",
              "timedOut": false,
              "duration": 16,
              "state": "passed",
              "speed": "fast",
              "pass": true,
              "fail": false,
              "pending": false,
              "context": null,
              "code": "request(app)\n    .get(`/user/${idUserBasic}/game`)\n    .set('token', tokenBasic)\n    .set('Accept', 'application/json')\n    .expect('Content-Type', /json/)\n    .expect(responseCode.OK)\n    .expect(response => {\n      let data = response.body.data.find((item) => item.id_game == id_game);\n      expect(data.id_game).to.equal(id_game,'ID game sesuai')\n    })\n    .end(done);",
              "err": {},
              "uuid": "4f538845-defe-4b8f-81d4-57d7847c347e",
              "parentUUID": "42e3d9ee-b310-41cd-a1f7-f8db9fa7b429",
              "isHook": false,
              "skipped": false
            },
            {
              "title": "Basic User can delete game",
              "fullTitle": "Users Reviews Test Basic User can delete game",
              "timedOut": false,
              "duration": 83,
              "state": "passed",
              "speed": "slow",
              "pass": true,
              "fail": false,
              "pending": false,
              "context": null,
              "code": "request(app)\n    .delete(`/user/${idUserBasic}/game/${id_game}`)\n    .set('Accept', 'application/json')\n    .set('token', tokenBasic)\n    .expect('Content-Type', /json/)\n    .expect(responseCode.OK)\n    .expect(response => {\n        expect(response.body.message).to.equal('Successfuly deleted user game', 'Response message tidak sesuai')\n    })\n    .end(done);",
              "err": {},
              "uuid": "e5242917-f864-40f5-bda9-4f32f4dad090",
              "parentUUID": "42e3d9ee-b310-41cd-a1f7-f8db9fa7b429",
              "isHook": false,
              "skipped": false
            },
            {
              "title": "User game should be deleted",
              "fullTitle": "Users Reviews Test User game should be deleted",
              "timedOut": false,
              "duration": 13,
              "state": "passed",
              "speed": "fast",
              "pass": true,
              "fail": false,
              "pending": false,
              "context": null,
              "code": "request(app)\n    .get(`/user/${idUserBasic}/game`)\n    .set('token', tokenAdmin)\n    .set('Accept', 'application/json')\n    .expect('Content-Type', /json/)\n    .expect(responseCode.OK)\n    .expect(response => {\n      let data = response.body.data.find((item) => item.id_game == id_game);\n      expect(data).to.equal(undefined,'Data masih terdapat pada database')\n    })\n    .end(done);",
              "err": {},
              "uuid": "8950d4c9-4163-4e78-a51c-9b682899d4d6",
              "parentUUID": "42e3d9ee-b310-41cd-a1f7-f8db9fa7b429",
              "isHook": false,
              "skipped": false
            },
            {
              "title": "Admin can delete other user game",
              "fullTitle": "Users Reviews Test Admin can delete other user game",
              "timedOut": false,
              "duration": 88,
              "state": "passed",
              "speed": "slow",
              "pass": true,
              "fail": false,
              "pending": false,
              "context": null,
              "code": "request(app)\n    .delete(`/user/${idUserPro}/game/${id_game}`)\n    .set('Accept', 'application/json')\n    .set('token', tokenAdmin)\n    .expect('Content-Type', /json/)\n    .expect(responseCode.OK)\n    .expect(response => {\n        expect(response.body.message).to.equal('Successfuly deleted user game', 'Response message tidak sesuai')\n    })\n    .end(done);",
              "err": {},
              "uuid": "aa030128-9036-4ebd-a101-5720c747aaa1",
              "parentUUID": "42e3d9ee-b310-41cd-a1f7-f8db9fa7b429",
              "isHook": false,
              "skipped": false
            },
            {
              "title": "User game should be deleted",
              "fullTitle": "Users Reviews Test User game should be deleted",
              "timedOut": false,
              "duration": 12,
              "state": "passed",
              "speed": "fast",
              "pass": true,
              "fail": false,
              "pending": false,
              "context": null,
              "code": "request(app)\n    .get(`/user/${idUserPro}/game`)\n    .set('token', tokenBasic)\n    .set('Accept', 'application/json')\n    .expect('Content-Type', /json/)\n    .expect(responseCode.OK)\n    .expect(response => {\n      let data = response.body.data.find((item) => item.id_game == id_game);\n      expect(data).to.equal(undefined,'Data masih terdapat pada database')\n    })\n    .end(done);",
              "err": {},
              "uuid": "246bee67-a803-4cea-8f0a-ffe9523c3f84",
              "parentUUID": "42e3d9ee-b310-41cd-a1f7-f8db9fa7b429",
              "isHook": false,
              "skipped": false
            }
          ],
          "suites": [],
          "passes": [
            "3e072905-bab7-4c5a-9143-5d431d2c366a",
            "9900f456-ad39-4f69-b4d6-808c3cee1f92",
            "4f538845-defe-4b8f-81d4-57d7847c347e",
            "e5242917-f864-40f5-bda9-4f32f4dad090",
            "8950d4c9-4163-4e78-a51c-9b682899d4d6",
            "aa030128-9036-4ebd-a101-5720c747aaa1",
            "246bee67-a803-4cea-8f0a-ffe9523c3f84"
          ],
          "failures": [],
          "pending": [],
          "skipped": [],
          "duration": 514,
          "root": false,
          "rootEmpty": false,
          "_timeout": 4000
        },
        {
          "uuid": "cbab5feb-cdb5-42f7-bc3e-3db8b2cad281",
          "title": "Users Reviews Test",
          "fullFile": "D:\\nodejs-game-restful-api\\tests\\users_test.js",
          "file": "\\tests\\users_test.js",
          "beforeHooks": [
            {
              "title": "\"before all\" hook",
              "fullTitle": "Users Reviews Test \"before all\" hook",
              "timedOut": false,
              "duration": 0,
              "state": null,
              "speed": null,
              "pass": false,
              "fail": false,
              "pending": false,
              "context": null,
              "code": "tokenBasic = global.tokenBasic;\nidUserBasic = global.userBasic.id;\nidUserPro = global.userPro.id;\ntokenPro = global.tokenPro;\ntokenAdmin = global.tokenAdmin;\nidUserAdmin = global.userAdmin.id;\neditedName=   \"testing-edit-name\";\neditedGender= 0;",
              "err": {},
              "uuid": "618b30c2-d4b5-45e3-873c-a3e0392dd037",
              "parentUUID": "cbab5feb-cdb5-42f7-bc3e-3db8b2cad281",
              "isHook": true,
              "skipped": false
            }
          ],
          "afterHooks": [],
          "tests": [
            {
              "title": "/users should return inserted user",
              "fullTitle": "Users Reviews Test /users should return inserted user",
              "timedOut": false,
              "duration": 12,
              "state": "passed",
              "speed": "fast",
              "pass": true,
              "fail": false,
              "pending": false,
              "context": null,
              "code": "request(app)\n    .get('/users')\n    .set('Accept', 'application/json')\n    .set('token', tokenBasic)\n    .expect('Content-Type', /json/)\n    .expect(responseCode.OK)\n    .expect(response => {\n        let data = response.body.data.find((item) => item.id == idUserBasic);\n        expect(data.id).to.equal(idUserBasic,'Tidak terdapat user seeding pada get user')\n    })\n    .end(done);",
              "err": {},
              "uuid": "18365cb1-42b5-446d-b871-145d2a00165d",
              "parentUUID": "cbab5feb-cdb5-42f7-bc3e-3db8b2cad281",
              "isHook": false,
              "skipped": false
            },
            {
              "title": "/user/:id_user should return get user",
              "fullTitle": "Users Reviews Test /user/:id_user should return get user",
              "timedOut": false,
              "duration": 69,
              "state": "passed",
              "speed": "medium",
              "pass": true,
              "fail": false,
              "pending": false,
              "context": null,
              "code": "request(app)\n    .get(`/users/${idUserBasic}`)\n    .set('Accept', 'application/json')\n    .set('token', tokenBasic)\n    .expect('Content-Type', /json/)\n    .expect(responseCode.OK)\n    .expect(response => {\n        expect(response.body.data.name).to.equal(global.userBasic.name,'Tidak terdapat user seeding pada get user')\n    })\n    .end(done);",
              "err": {},
              "uuid": "c915523c-b420-4a63-ad35-da7ac9d3ff3c",
              "parentUUID": "cbab5feb-cdb5-42f7-bc3e-3db8b2cad281",
              "isHook": false,
              "skipped": false
            },
            {
              "title": "PATCH /user/:id_user Other user cannot edit other user data",
              "fullTitle": "Users Reviews Test PATCH /user/:id_user Other user cannot edit other user data",
              "timedOut": false,
              "duration": 10,
              "state": "passed",
              "speed": "fast",
              "pass": true,
              "fail": false,
              "pending": false,
              "context": null,
              "code": "request(app)\n    .patch(`/users/${idUserBasic}`)\n    .set('Accept', 'application/json')\n    .set('token', tokenPro)\n    .expect('Content-Type', /json/)\n    .expect(responseCode.FORBIDDEN)\n    .end(done);",
              "err": {},
              "uuid": "2d5dc5c6-a8a9-493a-8923-30742e87ddd3",
              "parentUUID": "cbab5feb-cdb5-42f7-bc3e-3db8b2cad281",
              "isHook": false,
              "skipped": false
            },
            {
              "title": "PATCH /user/:id_user Other user cannot edit other user data",
              "fullTitle": "Users Reviews Test PATCH /user/:id_user Other user cannot edit other user data",
              "timedOut": false,
              "duration": 80,
              "state": "passed",
              "speed": "slow",
              "pass": true,
              "fail": false,
              "pending": false,
              "context": null,
              "code": "request(app)\n    .patch(`/users/${idUserBasic}`)\n    .send({\n        \"name\" : editedName,\n        \"gender\" : editedGender\n    })\n    .set('Accept', 'application/json')\n    .set('token', tokenBasic)\n    .expect('Content-Type', /json/)\n    .expect(responseCode.OK)\n    .expect(response => {\n        expect(response.body.message).to.equal('User berhasil diupdate','Response message tidak sesuai')\n    })\n    .end(done);",
              "err": {},
              "uuid": "5759ad92-73d7-4b53-b266-a3b677159f6d",
              "parentUUID": "cbab5feb-cdb5-42f7-bc3e-3db8b2cad281",
              "isHook": false,
              "skipped": false
            },
            {
              "title": "GET /user/:id_user edited user data should change",
              "fullTitle": "Users Reviews Test GET /user/:id_user edited user data should change",
              "timedOut": false,
              "duration": 70,
              "state": "passed",
              "speed": "medium",
              "pass": true,
              "fail": false,
              "pending": false,
              "context": null,
              "code": "request(app)\n    .get(`/users/${idUserBasic}`)\n    .set('Accept', 'application/json')\n    .set('token', tokenBasic)\n    .expect('Content-Type', /json/)\n    .expect(responseCode.OK)\n    .expect(response => {\n        expect(response.body.data.name).to.equal(editedName,'Tidak terdapat user seeding pada get user')\n    })\n    .end(done);",
              "err": {},
              "uuid": "7b32cf1d-7c3a-45d2-bd65-6cf19b2db96f",
              "parentUUID": "cbab5feb-cdb5-42f7-bc3e-3db8b2cad281",
              "isHook": false,
              "skipped": false
            },
            {
              "title": "DELETE /user/:id_user Normal user cannot delete",
              "fullTitle": "Users Reviews Test DELETE /user/:id_user Normal user cannot delete",
              "timedOut": false,
              "duration": 8,
              "state": "passed",
              "speed": "fast",
              "pass": true,
              "fail": false,
              "pending": false,
              "context": null,
              "code": "request(app)\n    .delete(`/users/${idUserBasic}`)\n    .set('Accept', 'application/json')\n    .set('token', tokenBasic)\n    .expect('Content-Type', /json/)\n    .expect(responseCode.FORBIDDEN)\n    .end(done);",
              "err": {},
              "uuid": "c43c7d26-cefd-4b58-a457-cf7acc08da7b",
              "parentUUID": "cbab5feb-cdb5-42f7-bc3e-3db8b2cad281",
              "isHook": false,
              "skipped": false
            },
            {
              "title": "DELETE /user/:id_user Admin delete basic user",
              "fullTitle": "Users Reviews Test DELETE /user/:id_user Admin delete basic user",
              "timedOut": false,
              "duration": 135,
              "state": "passed",
              "speed": "slow",
              "pass": true,
              "fail": false,
              "pending": false,
              "context": null,
              "code": "request(app)\n    .delete(`/users/${idUserBasic}`)\n    .set('Accept', 'application/json')\n    .set('token', tokenAdmin)\n    .expect('Content-Type', /json/)\n    .expect(responseCode.OK)\n    .end(done);",
              "err": {},
              "uuid": "323a9480-306e-499d-9acc-68ba70cff2b7",
              "parentUUID": "cbab5feb-cdb5-42f7-bc3e-3db8b2cad281",
              "isHook": false,
              "skipped": false
            },
            {
              "title": "/user/:id_user deleted user should return 404",
              "fullTitle": "Users Reviews Test /user/:id_user deleted user should return 404",
              "timedOut": false,
              "duration": 11,
              "state": "passed",
              "speed": "fast",
              "pass": true,
              "fail": false,
              "pending": false,
              "context": null,
              "code": "request(app)\n    .get(`/users/${idUserBasic}`)\n    .set('Accept', 'application/json')\n    .set('token', tokenAdmin)\n    .expect('Content-Type', /json/)\n    .expect(responseCode.NOT_FOUND)\n    .end(done);",
              "err": {},
              "uuid": "176da455-995a-4f9c-b64a-7e2b4a88ad7d",
              "parentUUID": "cbab5feb-cdb5-42f7-bc3e-3db8b2cad281",
              "isHook": false,
              "skipped": false
            },
            {
              "title": "DELETE /user/:id_user Admin delete pro user",
              "fullTitle": "Users Reviews Test DELETE /user/:id_user Admin delete pro user",
              "timedOut": false,
              "duration": 75,
              "state": "passed",
              "speed": "medium",
              "pass": true,
              "fail": false,
              "pending": false,
              "context": null,
              "code": "request(app)\n    .delete(`/users/${idUserPro}`)\n    .set('Accept', 'application/json')\n    .set('token', tokenAdmin)\n    .expect('Content-Type', /json/)\n    .expect(responseCode.OK)\n    .end(done);",
              "err": {},
              "uuid": "6b346f42-aadd-4877-ba68-df0f52988fbf",
              "parentUUID": "cbab5feb-cdb5-42f7-bc3e-3db8b2cad281",
              "isHook": false,
              "skipped": false
            },
            {
              "title": "DELETE /user/:id_user Admin delete admin user",
              "fullTitle": "Users Reviews Test DELETE /user/:id_user Admin delete admin user",
              "timedOut": false,
              "duration": 55,
              "state": "passed",
              "speed": "medium",
              "pass": true,
              "fail": false,
              "pending": false,
              "context": null,
              "code": "request(app)\n    .delete(`/users/${idUserAdmin}`)\n    .set('Accept', 'application/json')\n    .set('token', tokenAdmin)\n    .expect('Content-Type', /json/)\n    .expect(responseCode.OK)\n    .end(done);",
              "err": {},
              "uuid": "b34c6ffc-d4de-472f-aa46-0293aa86d76d",
              "parentUUID": "cbab5feb-cdb5-42f7-bc3e-3db8b2cad281",
              "isHook": false,
              "skipped": false
            }
          ],
          "suites": [],
          "passes": [
            "18365cb1-42b5-446d-b871-145d2a00165d",
            "c915523c-b420-4a63-ad35-da7ac9d3ff3c",
            "2d5dc5c6-a8a9-493a-8923-30742e87ddd3",
            "5759ad92-73d7-4b53-b266-a3b677159f6d",
            "7b32cf1d-7c3a-45d2-bd65-6cf19b2db96f",
            "c43c7d26-cefd-4b58-a457-cf7acc08da7b",
            "323a9480-306e-499d-9acc-68ba70cff2b7",
            "176da455-995a-4f9c-b64a-7e2b4a88ad7d",
            "6b346f42-aadd-4877-ba68-df0f52988fbf",
            "b34c6ffc-d4de-472f-aa46-0293aa86d76d"
          ],
          "failures": [],
          "pending": [],
          "skipped": [],
          "duration": 525,
          "root": false,
          "rootEmpty": false,
          "_timeout": 4000
        }
      ],
      "passes": [],
      "failures": [],
      "pending": [],
      "skipped": [],
      "duration": 0,
      "root": true,
      "rootEmpty": true,
      "_timeout": 4000
    }
  ],
  "meta": {
    "mocha": {
      "version": "7.1.2"
    },
    "mochawesome": {
      "options": {
        "quiet": false,
        "reportFilename": "mochawesome",
        "saveHtml": true,
        "saveJson": true,
        "consoleReporter": "spec",
        "useInlineDiffs": false,
        "code": true
      },
      "version": "6.1.1"
    },
    "marge": {
      "options": null,
      "version": "5.1.0"
    }
  }
}