{
  "stats": {
    "suites": 4,
    "tests": 21,
    "passes": 21,
    "pending": 0,
    "failures": 0,
    "start": "2020-05-25T10:22:05.958Z",
    "end": "2020-05-25T10:22:08.019Z",
    "duration": 2061,
    "testsRegistered": 21,
    "passPercent": 100,
    "pendingPercent": 0,
    "other": 0,
    "hasOther": false,
    "skipped": 0,
    "hasSkipped": false
  },
  "results": [
    {
      "uuid": "d20f84ef-801e-4f69-9c43-6e78a4db65a4",
      "title": "",
      "fullFile": "",
      "file": "",
      "beforeHooks": [],
      "afterHooks": [],
      "tests": [],
      "suites": [
        {
          "uuid": "db2bf893-472f-4c9f-8e6d-1e820de07b6a",
          "title": "Testing registration for all user role",
          "fullFile": "D:\\nodejs-game-restful-api\\tests\\apiTests.js",
          "file": "\\tests\\apiTests.js",
          "beforeHooks": [],
          "afterHooks": [],
          "tests": [
            {
              "title": "Register using basic user with email : basic@gmail.com",
              "fullTitle": "Testing registration for all user role Register using basic user with email : basic@gmail.com",
              "timedOut": false,
              "duration": 340,
              "state": "passed",
              "speed": "slow",
              "pass": true,
              "fail": false,
              "pending": false,
              "context": null,
              "code": "request(app)\n    .post('/register')\n    .send(fakeData.user.basic)\n    .set('Accept', 'application/json')\n    .expect('Content-Type', /json/)\n    .expect(responseCode.SUCCESS_INSERT)\n    .expect(response => {\n        expect(response.body.message).to.equal('Berhasil melakukan registrasi user','Response message tidak sesuai');\n        expect(response.body.data.email).to.equal( fakeData.user.basic.email,'Email yang diberikan pada response tidak sesuai')\n        expect(response.body.data.tipe).to.equal(fakeData.user.basic.tipe,'Tipe yang diberikan pada resposne tidak sesuai')\n    })\n    .end(done);",
              "err": {},
              "uuid": "33bec744-83ec-4f5e-8f5e-54b8e68a49ca",
              "parentUUID": "db2bf893-472f-4c9f-8e6d-1e820de07b6a",
              "isHook": false,
              "skipped": false
            },
            {
              "title": "Register using basic pro with email : pro@gmail.com",
              "fullTitle": "Testing registration for all user role Register using basic pro with email : pro@gmail.com",
              "timedOut": false,
              "duration": 147,
              "state": "passed",
              "speed": "slow",
              "pass": true,
              "fail": false,
              "pending": false,
              "context": null,
              "code": "request(app)\n    .post('/register')\n    .send(fakeData.user.pro)\n    .set('Accept', 'application/json')\n    .expect('Content-Type', /json/)\n    .expect(responseCode.SUCCESS_INSERT)\n    .expect(response => {\n        expect(response.body.message).to.equal('Berhasil melakukan registrasi user','Response message tidak sesuai');\n        expect(response.body.data.email).to.equal( fakeData.user.pro.email,'Email yang diberikan pada response tidak sesuai')\n        expect(response.body.data.tipe).to.equal(fakeData.user.pro.tipe,'Tipe yang diberikan pada resposne tidak sesuai')\n    })\n    .end(done);",
              "err": {},
              "uuid": "459c4271-5952-4e61-83d0-18ac129aef7e",
              "parentUUID": "db2bf893-472f-4c9f-8e6d-1e820de07b6a",
              "isHook": false,
              "skipped": false
            },
            {
              "title": "Register using admin user with email : admin@gmail.com",
              "fullTitle": "Testing registration for all user role Register using admin user with email : admin@gmail.com",
              "timedOut": false,
              "duration": 201,
              "state": "passed",
              "speed": "slow",
              "pass": true,
              "fail": false,
              "pending": false,
              "context": null,
              "code": "request(app)\n    .post('/register')\n    .send(fakeData.user.admin)\n    .set('Accept', 'application/json')\n    .expect('Content-Type', /json/)\n    .expect(responseCode.SUCCESS_INSERT)\n    .expect(response => {\n        expect(response.body.message).to.equal('Berhasil melakukan registrasi user','Response message tidak sesuai');\n        expect(response.body.data.email).to.equal( fakeData.user.admin.email,'Email yang diberikan pada response tidak sesuai')\n        expect(response.body.data.tipe).to.equal(fakeData.user.admin.tipe,'Tipe yang diberikan pada resposne tidak sesuai')\n    })\n    .end(done);",
              "err": {},
              "uuid": "31852b72-701e-4991-b2d2-a578e4d04bca",
              "parentUUID": "db2bf893-472f-4c9f-8e6d-1e820de07b6a",
              "isHook": false,
              "skipped": false
            },
            {
              "title": "Basic User can login",
              "fullTitle": "Testing registration for all user role Basic User can login",
              "timedOut": false,
              "duration": 177,
              "state": "passed",
              "speed": "slow",
              "pass": true,
              "fail": false,
              "pending": false,
              "context": null,
              "code": "request(app)\n    .post('/login')\n    .send({email : fakeData.user.basic.email, password: fakeData.user.basic.password })\n    .set('Accept', 'application/json')\n    .expect('Content-Type', /json/)\n    .expect(responseCode.SUCCESS_GET)\n    .expect(response => {\n        expect(response.body.message).to.equal('Success Login','Response message tidak sesuai');\n        var userLogin = jwt.verify(response.body.token, 'soa2018');\n        expect(userLogin.email).to.equal(fakeData.user.basic.email,'Payload email JWT tidak sesuai')\n        global.tokenBasic = response.body.token;\n        global.userBasic = userLogin;\n    })\n    .end(done);",
              "err": {},
              "uuid": "91a3ecca-c268-4b32-aacf-2159f3a8470b",
              "parentUUID": "db2bf893-472f-4c9f-8e6d-1e820de07b6a",
              "isHook": false,
              "skipped": false
            },
            {
              "title": "Pro User can login",
              "fullTitle": "Testing registration for all user role Pro User can login",
              "timedOut": false,
              "duration": 142,
              "state": "passed",
              "speed": "slow",
              "pass": true,
              "fail": false,
              "pending": false,
              "context": null,
              "code": "request(app)\n    .post('/login')\n    .send({email : fakeData.user.pro.email, password: fakeData.user.pro.password })\n    .set('Accept', 'application/json')\n    .expect('Content-Type', /json/)\n    .expect(responseCode.SUCCESS_GET)\n    .expect(response => {\n        expect(response.body.message).to.equal('Success Login','Response message tidak sesuai');\n        var userLogin = jwt.verify(response.body.token, 'soa2018');\n        expect(userLogin.email).to.equal(fakeData.user.pro.email,'Payload email JWT tidak sesuai')\n        global.tokenPro = response.body.token;\n        global.userPro = userLogin;\n    })\n    .end(done);",
              "err": {},
              "uuid": "53dc800c-7472-467e-9aa3-e4b87dd6c7f6",
              "parentUUID": "db2bf893-472f-4c9f-8e6d-1e820de07b6a",
              "isHook": false,
              "skipped": false
            },
            {
              "title": "Admin User can login",
              "fullTitle": "Testing registration for all user role Admin User can login",
              "timedOut": false,
              "duration": 142,
              "state": "passed",
              "speed": "slow",
              "pass": true,
              "fail": false,
              "pending": false,
              "context": null,
              "code": "request(app)\n    .post('/login')\n    .send({email : fakeData.user.admin.email, password: fakeData.user.admin.password })\n    .set('Accept', 'application/json')\n    .expect('Content-Type', /json/)\n    .expect(responseCode.SUCCESS_GET)\n    .expect(response => {\n        expect(response.body.message).to.equal('Success Login','Response message tidak sesuai');\n        var userLogin = jwt.verify(response.body.token, 'soa2018');\n        expect(userLogin.email).to.equal(fakeData.user.admin.email,'Payload email JWT tidak sesuai')\n        global.tokenAdmin = response.body.token;\n        global.userAdmin = userLogin;\n    })\n    .end(done);",
              "err": {},
              "uuid": "1724ecc8-239a-4781-8095-4ad8094c175b",
              "parentUUID": "db2bf893-472f-4c9f-8e6d-1e820de07b6a",
              "isHook": false,
              "skipped": false
            }
          ],
          "suites": [],
          "passes": [
            "33bec744-83ec-4f5e-8f5e-54b8e68a49ca",
            "459c4271-5952-4e61-83d0-18ac129aef7e",
            "31852b72-701e-4991-b2d2-a578e4d04bca",
            "91a3ecca-c268-4b32-aacf-2159f3a8470b",
            "53dc800c-7472-467e-9aa3-e4b87dd6c7f6",
            "1724ecc8-239a-4781-8095-4ad8094c175b"
          ],
          "failures": [],
          "pending": [],
          "skipped": [],
          "duration": 1149,
          "root": false,
          "rootEmpty": false,
          "_timeout": 4000
        },
        {
          "uuid": "80d9c0d7-c249-4667-99a4-af679944d9f2",
          "title": "Game Test",
          "fullFile": "D:\\nodejs-game-restful-api\\tests\\gameTests.js",
          "file": "\\tests\\gameTests.js",
          "beforeHooks": [
            {
              "title": "\"before all\" hook",
              "fullTitle": "Game Test \"before all\" hook",
              "timedOut": false,
              "duration": 0,
              "state": null,
              "speed": null,
              "pass": false,
              "fail": false,
              "pending": false,
              "context": null,
              "code": "token = global.tokenAdmin;",
              "err": {},
              "uuid": "024a3959-b2d1-4cb8-8022-bc1f313af893",
              "parentUUID": "80d9c0d7-c249-4667-99a4-af679944d9f2",
              "isHook": true,
              "skipped": false
            }
          ],
          "afterHooks": [],
          "tests": [
            {
              "title": "Response should be when game inserted",
              "fullTitle": "Game Test Response should be when game inserted",
              "timedOut": false,
              "duration": 105,
              "state": "passed",
              "speed": "slow",
              "pass": true,
              "fail": false,
              "pending": false,
              "context": null,
              "code": "request(app)\n    .post('/games')\n    .send({name :gameName , description : description, genre: genre})\n    .set('Accept', 'application/json')\n    .set('Token',token)\n    // .expect('Content-Type', /json/)\n    // .expect(responseCode.SUCCESS_INSERT)\n    .expect(response => {\n        insertedId= response.body.data.id;\n        expect(response.body.message).to.equal('Game berhasil ditambahkan','Response message tidak sesuai');\n        expect(response.body.data.description).to.equal(description,'Description yang diberikan pada response tidak sesuai')\n        expect(response.body.data.genre).to.equal(genre,'Genre yang diberikan pada resposne tidak sesuai');\n        expect(response.body.data.created_by).to.equal(global.userAdmin.id,'token user yang diberikan pada resposne tidak sesuai')\n    })\n    .end(done);",
              "err": {},
              "uuid": "afb7c8f9-4834-4c51-bfed-3c2f5b3c5f95",
              "parentUUID": "80d9c0d7-c249-4667-99a4-af679944d9f2",
              "isHook": false,
              "skipped": false
            },
            {
              "title": "Get game should contain inserted game",
              "fullTitle": "Game Test Get game should contain inserted game",
              "timedOut": false,
              "duration": 22,
              "state": "passed",
              "speed": "fast",
              "pass": true,
              "fail": false,
              "pending": false,
              "context": null,
              "code": "request(app)\n    .get(`/games/${insertedId}`)\n    .set('Accept', 'application/json')\n    .expect('Content-Type', /json/)\n    .expect(responseCode.OK)\n    .expect(response => {\n        expect(response.body.data.name).to.equal(gameName,'Nama pada response tidak sesuai')\n        expect(response.body.data.developer.name).to.equal(global.userAdmin.name,'Nama developer yang diberikan pada resposne tidak sesuai')\n    })\n    .end(done);",
              "err": {},
              "uuid": "22d61150-4451-4c8e-9429-25975a317fae",
              "parentUUID": "80d9c0d7-c249-4667-99a4-af679944d9f2",
              "isHook": false,
              "skipped": false
            },
            {
              "title": "GET all games should contain inserted games",
              "fullTitle": "Game Test GET all games should contain inserted games",
              "timedOut": false,
              "duration": 19,
              "state": "passed",
              "speed": "fast",
              "pass": true,
              "fail": false,
              "pending": false,
              "context": null,
              "code": "request(app)\n    .get('/games')\n    .set('Accept', 'application/json')\n    .expect('Content-Type', /json/)\n    .expect(responseCode.OK)\n    .expect(response => {\n      let data = response.body.data.find((item) => item.id == insertedId);\n      expect(data.name).to.equal(gameName,'Nama pada response tidak sesuai')\n    })\n    .end(done);",
              "err": {},
              "uuid": "48fbc52d-3e9e-429a-a3b5-48fbbe18a179",
              "parentUUID": "80d9c0d7-c249-4667-99a4-af679944d9f2",
              "isHook": false,
              "skipped": false
            }
          ],
          "suites": [],
          "passes": [
            "afb7c8f9-4834-4c51-bfed-3c2f5b3c5f95",
            "22d61150-4451-4c8e-9429-25975a317fae",
            "48fbc52d-3e9e-429a-a3b5-48fbbe18a179"
          ],
          "failures": [],
          "pending": [],
          "skipped": [],
          "duration": 146,
          "root": false,
          "rootEmpty": false,
          "_timeout": 4000
        },
        {
          "uuid": "bc70d025-a0fd-4045-aa58-d92a4fabdef1",
          "title": "Genre Test",
          "fullFile": "D:\\nodejs-game-restful-api\\tests\\genreTests.js",
          "file": "\\tests\\genreTests.js",
          "beforeHooks": [
            {
              "title": "\"before all\" hook",
              "fullTitle": "Genre Test \"before all\" hook",
              "timedOut": false,
              "duration": 5,
              "state": null,
              "speed": null,
              "pass": false,
              "fail": false,
              "pending": false,
              "context": null,
              "code": "token = global.tokenPro;\nconsole.log(token);",
              "err": {},
              "uuid": "3d596829-3919-46ed-ba6e-93fea775f5db",
              "parentUUID": "bc70d025-a0fd-4045-aa58-d92a4fabdef1",
              "isHook": true,
              "skipped": false
            }
          ],
          "afterHooks": [],
          "tests": [
            {
              "title": "Response should be when genre inserted",
              "fullTitle": "Genre Test Response should be when genre inserted",
              "timedOut": false,
              "duration": 107,
              "state": "passed",
              "speed": "slow",
              "pass": true,
              "fail": false,
              "pending": false,
              "context": null,
              "code": "request(app)\n    .post('/genres')\n    .send({name :genreName})\n    .set('Accept', 'application/json')\n    .set('token',token)\n    // .expect('Content-Type', /json/)\n    // .expect(responseCode.SUCCESS_INSERT)\n    .expect(response => {\n        expect(response.body.message).to.equal('Genre berhasil ditambahkan')\n        insertedId = response.body.data.id\n        expect(response.body.data.name).to.equal(genreName,'Nama genre yang diberikan pada resposne tidak sesuai')\n    })\n    .end(done);",
              "err": {},
              "uuid": "4127640c-3c0c-43b2-8296-5dbc1a3d218c",
              "parentUUID": "bc70d025-a0fd-4045-aa58-d92a4fabdef1",
              "isHook": false,
              "skipped": false
            },
            {
              "title": "Response should be when get a genre with params",
              "fullTitle": "Genre Test Response should be when get a genre with params",
              "timedOut": false,
              "duration": 10,
              "state": "passed",
              "speed": "fast",
              "pass": true,
              "fail": false,
              "pending": false,
              "context": null,
              "code": "request(app)\n    .get('/genres')\n    .set('Accept', 'application/json')\n    .expect('Content-Type', /json/)\n    .expect(responseCode.OK)\n    .expect(response => {\n      let data = response.body.data.find((item) => item.id == insertedId);\n      expect(data.name).to.equal(genreName,'Nama pada response tidak sesuai')\n    })\n    .end(done);",
              "err": {},
              "uuid": "ec9d1458-9a24-4a53-a0b1-304163359a55",
              "parentUUID": "bc70d025-a0fd-4045-aa58-d92a4fabdef1",
              "isHook": false,
              "skipped": false
            },
            {
              "title": "Response should be when get a genre with ID",
              "fullTitle": "Genre Test Response should be when get a genre with ID",
              "timedOut": false,
              "duration": 6,
              "state": "passed",
              "speed": "fast",
              "pass": true,
              "fail": false,
              "pending": false,
              "context": null,
              "code": "request(app)\n    .get(`/genres/${insertedId}`)\n    .set('Accept', 'application/json')\n    .expect('Content-Type', /json/)\n    .expect(responseCode.OK)\n    .expect(response => {\n        expect(response.body.data.name).to.equal(genreName,'Nama genre pada response tidak sesuai')\n    })\n    .end(done);",
              "err": {},
              "uuid": "57eb7e0f-14e1-417f-a02b-03ff47ded5f5",
              "parentUUID": "bc70d025-a0fd-4045-aa58-d92a4fabdef1",
              "isHook": false,
              "skipped": false
            },
            {
              "title": "Response should be when genre updated",
              "fullTitle": "Genre Test Response should be when genre updated",
              "timedOut": false,
              "duration": 72,
              "state": "passed",
              "speed": "medium",
              "pass": true,
              "fail": false,
              "pending": false,
              "context": null,
              "code": "request(app)\n    .patch(`/genres/${insertedId}`)\n    .send({name :newGenreName})\n    .set('Accept', 'application/json')\n    .set('token',token)\n    .expect('Content-Type', /json/)\n    .expect(responseCode.OK)\n    .expect(response => {\n        expect(response.body.message).to.equal('Genre berhasil diupdate')\n        expect(response.body.data.name).to.equal(newGenreName,'Nama genre baru yang diberikan pada resposne tidak sesuai')\n    })\n    .end(done);",
              "err": {},
              "uuid": "0ac1931e-de1f-4abd-9d15-918a9618ec2a",
              "parentUUID": "bc70d025-a0fd-4045-aa58-d92a4fabdef1",
              "isHook": false,
              "skipped": false
            },
            {
              "title": "Response should be when get a genre with ID after updated",
              "fullTitle": "Genre Test Response should be when get a genre with ID after updated",
              "timedOut": false,
              "duration": 9,
              "state": "passed",
              "speed": "fast",
              "pass": true,
              "fail": false,
              "pending": false,
              "context": null,
              "code": "request(app)\n    .get(`/genres/${insertedId}`)\n    .set('Accept', 'application/json')\n    .expect('Content-Type', /json/)\n    .expect(responseCode.OK)\n    .expect(response => {\n        expect(response.body.data.name).to.equal(newGenreName,'Nama genre pada response tidak sesuai')\n    })\n    .end(done);",
              "err": {},
              "uuid": "5877708e-e268-4943-90db-f756c80b9925",
              "parentUUID": "bc70d025-a0fd-4045-aa58-d92a4fabdef1",
              "isHook": false,
              "skipped": false
            },
            {
              "title": "Response should be when genre deleted",
              "fullTitle": "Genre Test Response should be when genre deleted",
              "timedOut": false,
              "duration": 53,
              "state": "passed",
              "speed": "medium",
              "pass": true,
              "fail": false,
              "pending": false,
              "context": null,
              "code": "request(app)\n    .delete(`/genres/${insertedId}`)\n    .set('Accept', 'application/json')\n    .set('token',token)\n    .expect('Content-Type', /json/)\n    .expect(responseCode.OK)\n    .expect(response => {\n        expect(response.body.message).to.equal('Genre berhasil dihapus')\n        expect(response.body.data.name).to.equal(newGenreName,'Nama genre baru yang diberikan pada resposne tidak sesuai')\n    })\n    .end(done);",
              "err": {},
              "uuid": "8b55f77e-921a-45ff-ab77-bd7b9e6dd49f",
              "parentUUID": "bc70d025-a0fd-4045-aa58-d92a4fabdef1",
              "isHook": false,
              "skipped": false
            }
          ],
          "suites": [],
          "passes": [
            "4127640c-3c0c-43b2-8296-5dbc1a3d218c",
            "ec9d1458-9a24-4a53-a0b1-304163359a55",
            "57eb7e0f-14e1-417f-a02b-03ff47ded5f5",
            "0ac1931e-de1f-4abd-9d15-918a9618ec2a",
            "5877708e-e268-4943-90db-f756c80b9925",
            "8b55f77e-921a-45ff-ab77-bd7b9e6dd49f"
          ],
          "failures": [],
          "pending": [],
          "skipped": [],
          "duration": 257,
          "root": false,
          "rootEmpty": false,
          "_timeout": 4000
        },
        {
          "uuid": "0097b1c9-1736-4563-9ff8-8be7dd4c07ee",
          "title": "Users Reviews Test",
          "fullFile": "D:\\nodejs-game-restful-api\\tests\\usersReviewsTests.js",
          "file": "\\tests\\usersReviewsTests.js",
          "beforeHooks": [
            {
              "title": "\"before all\" hook",
              "fullTitle": "Users Reviews Test \"before all\" hook",
              "timedOut": false,
              "duration": 0,
              "state": null,
              "speed": null,
              "pass": false,
              "fail": false,
              "pending": false,
              "context": null,
              "code": "token = global.tokenBasic;",
              "err": {},
              "uuid": "eec7d453-c23d-4702-958e-47df2f26b48c",
              "parentUUID": "0097b1c9-1736-4563-9ff8-8be7dd4c07ee",
              "isHook": true,
              "skipped": false
            }
          ],
          "afterHooks": [],
          "tests": [
            {
              "title": "Response should be when user review inserted",
              "fullTitle": "Users Reviews Test Response should be when user review inserted",
              "timedOut": false,
              "duration": 208,
              "state": "passed",
              "speed": "slow",
              "pass": true,
              "fail": false,
              "pending": false,
              "context": null,
              "code": "request(app)\n    .post('/reviews')\n    .send({\n        id_game: id_game,\n        id_user: id_user,\n        review: review,\n        review_score: review_score\n    })\n    .set('Accept', 'application/json')\n    .set('token', token)\n    .expect('Content-Type', /json/)\n    .expect(responseCode.SUCCESS_INSERT)\n    .expect(response => {\n        id = parseInt(response.body.data.id)\n        expect(response.body.message).to.equal('Successfuly inserted user review', 'Response message tidak sesuai')\n        expect(response.body.data.id_game).to.equal(id_game, 'ID Game yang diberikan pada response tidak sesuai')\n        expect(response.body.data.id_user).to.equal(id_user, 'ID User yang diberikan pada response tidak sesuai')\n        expect(response.body.data.review).to.equal(review, 'Review yang diberikan pada response tidak sesuai')\n        expect(response.body.data.review_score).to.equal(review_score, 'Review Score yang diberikan pada response tidak sesuai')\n    })\n    .end(done);",
              "err": {},
              "uuid": "dda84183-574a-437c-bc0b-c5a0a2df6813",
              "parentUUID": "0097b1c9-1736-4563-9ff8-8be7dd4c07ee",
              "isHook": false,
              "skipped": false
            },
            {
              "title": "Response should be when get a user review",
              "fullTitle": "Users Reviews Test Response should be when get a user review",
              "timedOut": false,
              "duration": 13,
              "state": "passed",
              "speed": "fast",
              "pass": true,
              "fail": false,
              "pending": false,
              "context": null,
              "code": "request(app)\n    .get(`/reviews/${id}`)\n    .set('Accept', 'application/json')\n    .expect('Content-Type', /json/)\n    .expect(responseCode.OK)\n    .expect(response => {\n        expect(response.body.data.id).to.equal(id, 'ID yang diberikan pada response tidak sesuai')\n        expect(response.body.data.id_game).to.equal(id_game, 'ID Game yang diberikan pada response tidak sesuai')\n        expect(response.body.data.id_user).to.equal(id_user, 'ID User yang diberikan pada response tidak sesuai')\n        expect(response.body.data.review).to.equal(review, 'Review yang diberikan pada response tidak sesuai')\n        expect(response.body.data.review_score).to.equal(review_score, 'Review Score yang diberikan pada response tidak sesuai')\n    })\n    .end(done);",
              "err": {},
              "uuid": "879cd41d-cd33-4a0e-9730-0270ffddeedc",
              "parentUUID": "0097b1c9-1736-4563-9ff8-8be7dd4c07ee",
              "isHook": false,
              "skipped": false
            },
            {
              "title": "Response should be when get all users reviews",
              "fullTitle": "Users Reviews Test Response should be when get all users reviews",
              "timedOut": false,
              "duration": 10,
              "state": "passed",
              "speed": "fast",
              "pass": true,
              "fail": false,
              "pending": false,
              "context": null,
              "code": "request(app)\n    .get('/reviews')\n    .set('Accept', 'application/json')\n    .expect('Content-Type', /json/)\n    .expect(responseCode.OK)\n    .expect(response => {\n        // if index remains null, this test will fail\n        let index = null\n        for (let i = 0; i < response.body.data.length; i++) {\n            if (response.body.data[i].id === id) {\n                index = i\n            }\n        }\n        expect(response.body.data[index].id_game).to.equal(id_game, 'ID Game yang diberikan pada response tidak sesuai')\n        expect(response.body.data[index].id_user).to.equal(id_user, 'ID User yang diberikan pada response tidak sesuai')\n        expect(response.body.data[index].review).to.equal(review, 'Review yang diberikan pada response tidak sesuai')\n        expect(response.body.data[index].review_score).to.equal(review_score, 'Review Score yang diberikan pada response tidak sesuai')\n    })\n    .end(done);",
              "err": {},
              "uuid": "e8b4fe2f-af7b-4010-b0cf-b43597a6dbaa",
              "parentUUID": "0097b1c9-1736-4563-9ff8-8be7dd4c07ee",
              "isHook": false,
              "skipped": false
            },
            {
              "title": "Response should be when patch a user review",
              "fullTitle": "Users Reviews Test Response should be when patch a user review",
              "timedOut": false,
              "duration": 83,
              "state": "passed",
              "speed": "slow",
              "pass": true,
              "fail": false,
              "pending": false,
              "context": null,
              "code": "request(app)\n    .patch(`/reviews/${id}`)\n    .send({\n        review: review_update,\n        review_score: review_score_update\n    })\n    .set('Accept', 'application/json')\n    .set('token', token)\n    .expect('Content-Type', /json/)\n    .expect(responseCode.OK)\n    .expect(response => {\n        expect(response.body.message).to.equal('User berhasil diupdate', 'Response message tidak sesuai')\n    })\n    .end(done);",
              "err": {},
              "uuid": "5f16464b-387e-4a36-bb50-5026eae02262",
              "parentUUID": "0097b1c9-1736-4563-9ff8-8be7dd4c07ee",
              "isHook": false,
              "skipped": false
            },
            {
              "title": "Response should be when get a user review (after patch user review)",
              "fullTitle": "Users Reviews Test Response should be when get a user review (after patch user review)",
              "timedOut": false,
              "duration": 12,
              "state": "passed",
              "speed": "fast",
              "pass": true,
              "fail": false,
              "pending": false,
              "context": null,
              "code": "request(app)\n    .get(`/reviews/${id}`)\n    .set('Accept', 'application/json')\n    .expect('Content-Type', /json/)\n    .expect(responseCode.OK)\n    .expect(response => {\n        expect(response.body.data.id).to.equal(id, 'ID yang diberikan pada response tidak sesuai')\n        expect(response.body.data.id_game).to.equal(id_game, 'ID Game yang diberikan pada response tidak sesuai')\n        expect(response.body.data.id_user).to.equal(id_user, 'ID User yang diberikan pada response tidak sesuai')\n        expect(response.body.data.review).to.equal(review_update, 'Review yang diberikan pada response tidak sesuai')\n        expect(response.body.data.review_score).to.equal(review_score_update, 'Review Score yang diberikan pada response tidak sesuai')\n    })\n    .end(done);",
              "err": {},
              "uuid": "e31c4fec-94ad-4b27-9ef6-58c2aae0d61f",
              "parentUUID": "0097b1c9-1736-4563-9ff8-8be7dd4c07ee",
              "isHook": false,
              "skipped": false
            },
            {
              "title": "Response should be when delete a user review",
              "fullTitle": "Users Reviews Test Response should be when delete a user review",
              "timedOut": false,
              "duration": 86,
              "state": "passed",
              "speed": "slow",
              "pass": true,
              "fail": false,
              "pending": false,
              "context": null,
              "code": "request(app)\n    .delete(`/reviews/${id}`)\n    .set('Accept', 'application/json')\n    .set('token', token)\n    .expect('Content-Type', /json/)\n    .expect(responseCode.OK)\n    .expect(response => {\n        expect(response.body.message).to.equal('User review berhasil dihapus', 'Response message tidak sesuai')\n    })\n    .end(done);",
              "err": {},
              "uuid": "0d684a0b-f69d-42e1-834f-55ca30181716",
              "parentUUID": "0097b1c9-1736-4563-9ff8-8be7dd4c07ee",
              "isHook": false,
              "skipped": false
            }
          ],
          "suites": [],
          "passes": [
            "dda84183-574a-437c-bc0b-c5a0a2df6813",
            "879cd41d-cd33-4a0e-9730-0270ffddeedc",
            "e8b4fe2f-af7b-4010-b0cf-b43597a6dbaa",
            "5f16464b-387e-4a36-bb50-5026eae02262",
            "e31c4fec-94ad-4b27-9ef6-58c2aae0d61f",
            "0d684a0b-f69d-42e1-834f-55ca30181716"
          ],
          "failures": [],
          "pending": [],
          "skipped": [],
          "duration": 412,
          "root": false,
          "rootEmpty": false,
          "_timeout": 4000
        }
      ],
      "passes": [],
      "failures": [],
      "pending": [],
      "skipped": [],
      "duration": 0,
      "root": true,
      "rootEmpty": true,
      "_timeout": 4000
    }
  ],
  "meta": {
    "mocha": {
      "version": "7.1.2"
    },
    "mochawesome": {
      "options": {
        "quiet": false,
        "reportFilename": "mochawesome",
        "saveHtml": true,
        "saveJson": true,
        "consoleReporter": "spec",
        "useInlineDiffs": false,
        "code": true
      },
      "version": "6.1.1"
    },
    "marge": {
      "options": null,
      "version": "5.1.0"
    }
  }
}