{
  "stats": {
    "suites": 6,
    "tests": 43,
    "passes": 43,
    "pending": 0,
    "failures": 0,
    "start": "2020-05-28T10:28:30.170Z",
    "end": "2020-05-28T10:28:34.592Z",
    "duration": 4422,
    "testsRegistered": 43,
    "passPercent": 100,
    "pendingPercent": 0,
    "other": 0,
    "hasOther": false,
    "skipped": 0,
    "hasSkipped": false
  },
  "results": [
    {
      "uuid": "2969ba8e-6c8a-402a-9fa6-3784e5cf8ad6",
      "title": "",
      "fullFile": "",
      "file": "",
      "beforeHooks": [],
      "afterHooks": [],
      "tests": [],
      "suites": [
        {
          "uuid": "987cddcd-6d33-42fa-b1de-1fbfa82ce8fe",
          "title": "Testing registration for all user role",
          "fullFile": "D:\\nodejs-game-restful-api\\tests\\auth_test.js",
          "file": "\\tests\\auth_test.js",
          "beforeHooks": [
            {
              "title": "\"before all\" hook",
              "fullTitle": "Testing registration for all user role \"before all\" hook",
              "timedOut": false,
              "duration": 1062,
              "state": null,
              "speed": null,
              "pass": false,
              "fail": false,
              "pending": false,
              "context": null,
              "code": "console.log(\"Deleting Seed Data\");\nconst usersBasic = await model.users.destroy({\n    truncate: true, where :  {email : fakeData.user.basic.email}});\nconst usersPro = await model.users.destroy({ \n    truncate: true,where :  {email : fakeData.user.basic.email}});\nconst usersAdmin = await model.users.destroy({ \n    truncate: true,where :  {email : fakeData.user.basic.email}});",
              "err": {},
              "uuid": "c8defdc7-26c4-4f9b-9d79-1d3fe052a02d",
              "parentUUID": "987cddcd-6d33-42fa-b1de-1fbfa82ce8fe",
              "isHook": true,
              "skipped": false
            }
          ],
          "afterHooks": [],
          "tests": [
            {
              "title": "Register using basic user with email : basic@gmail.com",
              "fullTitle": "Testing registration for all user role Register using basic user with email : basic@gmail.com",
              "timedOut": false,
              "duration": 223,
              "state": "passed",
              "speed": "slow",
              "pass": true,
              "fail": false,
              "pending": false,
              "context": null,
              "code": "request(app)\n    .post('/register')\n    .send(fakeData.user.basic)\n    .set('Accept', 'application/json')\n    .expect('Content-Type', /json/)\n    .expect(responseCode.SUCCESS_INSERT)\n    .expect(response => {\n        expect(response.body.message).to.equal('Berhasil melakukan registrasi user','Response message tidak sesuai');\n        expect(response.body.data.email).to.equal( fakeData.user.basic.email,'Email yang diberikan pada response tidak sesuai')\n        expect(response.body.data.tipe).to.equal(fakeData.user.basic.tipe,'Tipe yang diberikan pada resposne tidak sesuai')\n    })\n    .end(done);",
              "err": {},
              "uuid": "d9141949-cc85-44b9-b96c-7e9f7dfea0e0",
              "parentUUID": "987cddcd-6d33-42fa-b1de-1fbfa82ce8fe",
              "isHook": false,
              "skipped": false
            },
            {
              "title": "Register using basic pro with email : pro@gmail.com",
              "fullTitle": "Testing registration for all user role Register using basic pro with email : pro@gmail.com",
              "timedOut": false,
              "duration": 161,
              "state": "passed",
              "speed": "slow",
              "pass": true,
              "fail": false,
              "pending": false,
              "context": null,
              "code": "request(app)\n    .post('/register')\n    .send(fakeData.user.pro)\n    .set('Accept', 'application/json')\n    .expect('Content-Type', /json/)\n    .expect(responseCode.SUCCESS_INSERT)\n    .expect(response => {\n        expect(response.body.message).to.equal('Berhasil melakukan registrasi user','Response message tidak sesuai');\n        expect(response.body.data.email).to.equal( fakeData.user.pro.email,'Email yang diberikan pada response tidak sesuai')\n        expect(response.body.data.tipe).to.equal(fakeData.user.pro.tipe,'Tipe yang diberikan pada resposne tidak sesuai')\n    })\n    .end(done);",
              "err": {},
              "uuid": "5691da5c-658f-48df-a6fe-7db4e784a122",
              "parentUUID": "987cddcd-6d33-42fa-b1de-1fbfa82ce8fe",
              "isHook": false,
              "skipped": false
            },
            {
              "title": "Register using admin user with email : admin@gmail.com",
              "fullTitle": "Testing registration for all user role Register using admin user with email : admin@gmail.com",
              "timedOut": false,
              "duration": 164,
              "state": "passed",
              "speed": "slow",
              "pass": true,
              "fail": false,
              "pending": false,
              "context": null,
              "code": "request(app)\n    .post('/register')\n    .send(fakeData.user.admin)\n    .set('Accept', 'application/json')\n    .expect('Content-Type', /json/)\n    .expect(responseCode.SUCCESS_INSERT)\n    .expect(response => {\n        expect(response.body.message).to.equal('Berhasil melakukan registrasi user','Response message tidak sesuai');\n        expect(response.body.data.email).to.equal( fakeData.user.admin.email,'Email yang diberikan pada response tidak sesuai')\n        expect(response.body.data.tipe).to.equal(fakeData.user.admin.tipe,'Tipe yang diberikan pada resposne tidak sesuai')\n    })\n    .end(done);",
              "err": {},
              "uuid": "8bb8dcc1-e238-4e61-83d6-d986e3bcae69",
              "parentUUID": "987cddcd-6d33-42fa-b1de-1fbfa82ce8fe",
              "isHook": false,
              "skipped": false
            },
            {
              "title": "Basic User can login",
              "fullTitle": "Testing registration for all user role Basic User can login",
              "timedOut": false,
              "duration": 178,
              "state": "passed",
              "speed": "slow",
              "pass": true,
              "fail": false,
              "pending": false,
              "context": null,
              "code": "request(app)\n    .post('/login')\n    .send({email : fakeData.user.basic.email, password: fakeData.user.basic.password })\n    .set('Accept', 'application/json')\n    .expect('Content-Type', /json/)\n    .expect(responseCode.SUCCESS_GET)\n    .expect(response => {\n        expect(response.body.message).to.equal('Success Login','Response message tidak sesuai');\n        var userLogin = jwt.verify(response.body.token, 'soa2018');\n        expect(userLogin.email).to.equal(fakeData.user.basic.email,'Payload email JWT tidak sesuai')\n        global.tokenBasic = response.body.token;\n        global.userBasic = userLogin;\n    })\n    .end(done);",
              "err": {},
              "uuid": "300de366-3c52-4ba2-af46-67af52d4ba6a",
              "parentUUID": "987cddcd-6d33-42fa-b1de-1fbfa82ce8fe",
              "isHook": false,
              "skipped": false
            },
            {
              "title": "Pro User can login",
              "fullTitle": "Testing registration for all user role Pro User can login",
              "timedOut": false,
              "duration": 145,
              "state": "passed",
              "speed": "slow",
              "pass": true,
              "fail": false,
              "pending": false,
              "context": null,
              "code": "request(app)\n    .post('/login')\n    .send({email : fakeData.user.pro.email, password: fakeData.user.pro.password })\n    .set('Accept', 'application/json')\n    .expect('Content-Type', /json/)\n    .expect(responseCode.SUCCESS_GET)\n    .expect(response => {\n        expect(response.body.message).to.equal('Success Login','Response message tidak sesuai');\n        var userLogin = jwt.verify(response.body.token, 'soa2018');\n        expect(userLogin.email).to.equal(fakeData.user.pro.email,'Payload email JWT tidak sesuai')\n        global.tokenPro = response.body.token;\n        global.userPro = userLogin;\n    })\n    .end(done);",
              "err": {},
              "uuid": "f73dcaa9-4970-4c95-9501-d1a63547c173",
              "parentUUID": "987cddcd-6d33-42fa-b1de-1fbfa82ce8fe",
              "isHook": false,
              "skipped": false
            },
            {
              "title": "Admin User can login",
              "fullTitle": "Testing registration for all user role Admin User can login",
              "timedOut": false,
              "duration": 154,
              "state": "passed",
              "speed": "slow",
              "pass": true,
              "fail": false,
              "pending": false,
              "context": null,
              "code": "request(app)\n    .post('/login')\n    .send({email : fakeData.user.admin.email, password: fakeData.user.admin.password })\n    .set('Accept', 'application/json')\n    .expect('Content-Type', /json/)\n    .expect(responseCode.SUCCESS_GET)\n    .expect(response => {\n        expect(response.body.message).to.equal('Success Login','Response message tidak sesuai');\n        var userLogin = jwt.verify(response.body.token, 'soa2018');\n        expect(userLogin.email).to.equal(fakeData.user.admin.email,'Payload email JWT tidak sesuai')\n        global.tokenAdmin = response.body.token;\n        global.userAdmin = userLogin;\n    })\n    .end(done);",
              "err": {},
              "uuid": "be107224-2fa1-40ed-898a-06195bd5a9f2",
              "parentUUID": "987cddcd-6d33-42fa-b1de-1fbfa82ce8fe",
              "isHook": false,
              "skipped": false
            }
          ],
          "suites": [],
          "passes": [
            "d9141949-cc85-44b9-b96c-7e9f7dfea0e0",
            "5691da5c-658f-48df-a6fe-7db4e784a122",
            "8bb8dcc1-e238-4e61-83d6-d986e3bcae69",
            "300de366-3c52-4ba2-af46-67af52d4ba6a",
            "f73dcaa9-4970-4c95-9501-d1a63547c173",
            "be107224-2fa1-40ed-898a-06195bd5a9f2"
          ],
          "failures": [],
          "pending": [],
          "skipped": [],
          "duration": 1025,
          "root": false,
          "rootEmpty": false,
          "_timeout": 4000
        },
        {
          "uuid": "c5689be8-6f77-491c-a184-04f63b5e85a1",
          "title": "Game Test",
          "fullFile": "D:\\nodejs-game-restful-api\\tests\\game_test.js",
          "file": "\\tests\\game_test.js",
          "beforeHooks": [
            {
              "title": "\"before all\" hook",
              "fullTitle": "Game Test \"before all\" hook",
              "timedOut": false,
              "duration": 0,
              "state": null,
              "speed": null,
              "pass": false,
              "fail": false,
              "pending": false,
              "context": null,
              "code": "token = global.tokenAdmin;",
              "err": {},
              "uuid": "e03cb5b2-8cfa-4e4e-98ff-2cc5676fa21e",
              "parentUUID": "c5689be8-6f77-491c-a184-04f63b5e85a1",
              "isHook": true,
              "skipped": false
            }
          ],
          "afterHooks": [],
          "tests": [
            {
              "title": "Response should be when game inserted",
              "fullTitle": "Game Test Response should be when game inserted",
              "timedOut": false,
              "duration": 87,
              "state": "passed",
              "speed": "slow",
              "pass": true,
              "fail": false,
              "pending": false,
              "context": null,
              "code": "request(app)\n    .post('/games')\n    .send({name :gameName , description : description, genre: genre, image:null})\n    .set('Accept', 'application/json')\n    .set('Token',token)\n    .expect('Content-Type', /json/)\n    .expect(responseCode.SUCCESS_INSERT)\n    .expect(response => {\n        insertedId= response.body.data.id;\n        global.seed_id_game = insertedId;\n        expect(response.body.message).to.equal('Game berhasil ditambahkan','Response message tidak sesuai');\n        expect(response.body.data.description).to.equal(description,'Description yang diberikan pada response tidak sesuai')\n        expect(response.body.data.genre).to.equal(genre,'Genre yang diberikan pada resposne tidak sesuai');\n        expect(response.body.data.created_by).to.equal(global.userAdmin.id,'token user yang diberikan pada resposne tidak sesuai')\n    })\n    .end(done);",
              "err": {},
              "uuid": "6f480d84-a097-4742-b4b2-710d5be63e2a",
              "parentUUID": "c5689be8-6f77-491c-a184-04f63b5e85a1",
              "isHook": false,
              "skipped": false
            },
            {
              "title": "Get game should contain inserted game",
              "fullTitle": "Game Test Get game should contain inserted game",
              "timedOut": false,
              "duration": 38,
              "state": "passed",
              "speed": "medium",
              "pass": true,
              "fail": false,
              "pending": false,
              "context": null,
              "code": "request(app)\n    .get(`/games/${insertedId}`)\n    .set('Accept', 'application/json')\n    .expect('Content-Type', /json/)\n    .expect(responseCode.OK)\n    .expect(response => {\n        expect(response.body.data.name).to.equal(gameName,'Nama pada response tidak sesuai')\n        expect(response.body.data.developer.name).to.equal(global.userAdmin.name,'Nama developer yang diberikan pada resposne tidak sesuai')\n    })\n    .end(done);",
              "err": {},
              "uuid": "206567da-e411-4a74-bd5e-ec1fb0dad2b4",
              "parentUUID": "c5689be8-6f77-491c-a184-04f63b5e85a1",
              "isHook": false,
              "skipped": false
            },
            {
              "title": "GET all games should contain inserted games",
              "fullTitle": "Game Test GET all games should contain inserted games",
              "timedOut": false,
              "duration": 24,
              "state": "passed",
              "speed": "fast",
              "pass": true,
              "fail": false,
              "pending": false,
              "context": null,
              "code": "request(app)\n    .get('/games')\n    .set('Accept', 'application/json')\n    .expect('Content-Type', /json/)\n    .expect(responseCode.OK)\n    .expect(response => {\n      let data = response.body.data.find((item) => item.id == insertedId);\n      expect(data.name).to.equal(gameName,'Nama pada response tidak sesuai')\n    })\n    .end(done);",
              "err": {},
              "uuid": "b41ee11e-140f-4b0a-a854-f70b9a6bd25e",
              "parentUUID": "c5689be8-6f77-491c-a184-04f63b5e85a1",
              "isHook": false,
              "skipped": false
            }
          ],
          "suites": [],
          "passes": [
            "6f480d84-a097-4742-b4b2-710d5be63e2a",
            "206567da-e411-4a74-bd5e-ec1fb0dad2b4",
            "b41ee11e-140f-4b0a-a854-f70b9a6bd25e"
          ],
          "failures": [],
          "pending": [],
          "skipped": [],
          "duration": 149,
          "root": false,
          "rootEmpty": false,
          "_timeout": 4000
        },
        {
          "uuid": "da394a30-6403-452e-b640-c7af0b7435f6",
          "title": "Genre Test",
          "fullFile": "D:\\nodejs-game-restful-api\\tests\\genre_test.js",
          "file": "\\tests\\genre_test.js",
          "beforeHooks": [
            {
              "title": "\"before all\" hook",
              "fullTitle": "Genre Test \"before all\" hook",
              "timedOut": false,
              "duration": 2,
              "state": null,
              "speed": null,
              "pass": false,
              "fail": false,
              "pending": false,
              "context": null,
              "code": "token = global.tokenPro;\nconsole.log(token);",
              "err": {},
              "uuid": "3f5c62fb-1280-4d5f-8d39-05246e054c24",
              "parentUUID": "da394a30-6403-452e-b640-c7af0b7435f6",
              "isHook": true,
              "skipped": false
            }
          ],
          "afterHooks": [],
          "tests": [
            {
              "title": "Response should be when genre inserted",
              "fullTitle": "Genre Test Response should be when genre inserted",
              "timedOut": false,
              "duration": 71,
              "state": "passed",
              "speed": "medium",
              "pass": true,
              "fail": false,
              "pending": false,
              "context": null,
              "code": "request(app)\n    .post('/genres')\n    .send({name :genreName})\n    .set('Accept', 'application/json')\n    .set('token',token)\n    // .expect('Content-Type', /json/)\n    // .expect(responseCode.SUCCESS_INSERT)\n    .expect(response => {\n        expect(response.body.message).to.equal('Genre berhasil ditambahkan')\n        insertedId = response.body.data.id\n        expect(response.body.data.name).to.equal(genreName,'Nama genre yang diberikan pada resposne tidak sesuai')\n    })\n    .end(done);",
              "err": {},
              "uuid": "64719c79-94b9-418c-b75c-b59c6f44f708",
              "parentUUID": "da394a30-6403-452e-b640-c7af0b7435f6",
              "isHook": false,
              "skipped": false
            },
            {
              "title": "Response should be when get a genre with params",
              "fullTitle": "Genre Test Response should be when get a genre with params",
              "timedOut": false,
              "duration": 17,
              "state": "passed",
              "speed": "fast",
              "pass": true,
              "fail": false,
              "pending": false,
              "context": null,
              "code": "request(app)\n    .get('/genres')\n    .set('Accept', 'application/json')\n    .expect('Content-Type', /json/)\n    .expect(responseCode.OK)\n    .expect(response => {\n      let data = response.body.data.find((item) => item.id == insertedId);\n      expect(data.name).to.equal(genreName,'Nama pada response tidak sesuai')\n    })\n    .end(done);",
              "err": {},
              "uuid": "fb576ced-50df-46ef-b63a-f85a048a4cee",
              "parentUUID": "da394a30-6403-452e-b640-c7af0b7435f6",
              "isHook": false,
              "skipped": false
            },
            {
              "title": "Response should be when get a genre with ID",
              "fullTitle": "Genre Test Response should be when get a genre with ID",
              "timedOut": false,
              "duration": 16,
              "state": "passed",
              "speed": "fast",
              "pass": true,
              "fail": false,
              "pending": false,
              "context": null,
              "code": "request(app)\n    .get(`/genres/${insertedId}`)\n    .set('Accept', 'application/json')\n    .expect('Content-Type', /json/)\n    .expect(responseCode.OK)\n    .expect(response => {\n        expect(response.body.data.name).to.equal(genreName,'Nama genre pada response tidak sesuai')\n    })\n    .end(done);",
              "err": {},
              "uuid": "4a3b01cb-2cd6-4724-ac21-c87b95e971d4",
              "parentUUID": "da394a30-6403-452e-b640-c7af0b7435f6",
              "isHook": false,
              "skipped": false
            },
            {
              "title": "Response should be when genre updated",
              "fullTitle": "Genre Test Response should be when genre updated",
              "timedOut": false,
              "duration": 72,
              "state": "passed",
              "speed": "medium",
              "pass": true,
              "fail": false,
              "pending": false,
              "context": null,
              "code": "request(app)\n    .patch(`/genres/${insertedId}`)\n    .send({name :newGenreName})\n    .set('Accept', 'application/json')\n    .set('token',token)\n    .expect('Content-Type', /json/)\n    .expect(responseCode.OK)\n    .expect(response => {\n        expect(response.body.message).to.equal('Genre berhasil diupdate')\n        expect(response.body.data.name).to.equal(newGenreName,'Nama genre baru yang diberikan pada resposne tidak sesuai')\n    })\n    .end(done);",
              "err": {},
              "uuid": "f86b802c-88c1-43f8-b151-b681b7fd6d84",
              "parentUUID": "da394a30-6403-452e-b640-c7af0b7435f6",
              "isHook": false,
              "skipped": false
            },
            {
              "title": "Response should be when get a genre with ID after updated",
              "fullTitle": "Genre Test Response should be when get a genre with ID after updated",
              "timedOut": false,
              "duration": 6,
              "state": "passed",
              "speed": "fast",
              "pass": true,
              "fail": false,
              "pending": false,
              "context": null,
              "code": "request(app)\n    .get(`/genres/${insertedId}`)\n    .set('Accept', 'application/json')\n    .expect('Content-Type', /json/)\n    .expect(responseCode.OK)\n    .expect(response => {\n        expect(response.body.data.name).to.equal(newGenreName,'Nama genre pada response tidak sesuai')\n    })\n    .end(done);",
              "err": {},
              "uuid": "4727b668-26c9-4ece-aca5-eb8aa7a1e705",
              "parentUUID": "da394a30-6403-452e-b640-c7af0b7435f6",
              "isHook": false,
              "skipped": false
            },
            {
              "title": "Response should be when genre deleted",
              "fullTitle": "Genre Test Response should be when genre deleted",
              "timedOut": false,
              "duration": 81,
              "state": "passed",
              "speed": "slow",
              "pass": true,
              "fail": false,
              "pending": false,
              "context": null,
              "code": "request(app)\n    .delete(`/genres/${insertedId}`)\n    .set('Accept', 'application/json')\n    .set('token',token)\n    .expect('Content-Type', /json/)\n    .expect(responseCode.OK)\n    .expect(response => {\n        expect(response.body.message).to.equal('Genre berhasil dihapus')\n        expect(response.body.data.name).to.equal(newGenreName,'Nama genre baru yang diberikan pada resposne tidak sesuai')\n    })\n    .end(done);",
              "err": {},
              "uuid": "823489e0-5f53-440d-a686-5e2c6af56680",
              "parentUUID": "da394a30-6403-452e-b640-c7af0b7435f6",
              "isHook": false,
              "skipped": false
            }
          ],
          "suites": [],
          "passes": [
            "64719c79-94b9-418c-b75c-b59c6f44f708",
            "fb576ced-50df-46ef-b63a-f85a048a4cee",
            "4a3b01cb-2cd6-4724-ac21-c87b95e971d4",
            "f86b802c-88c1-43f8-b151-b681b7fd6d84",
            "4727b668-26c9-4ece-aca5-eb8aa7a1e705",
            "823489e0-5f53-440d-a686-5e2c6af56680"
          ],
          "failures": [],
          "pending": [],
          "skipped": [],
          "duration": 263,
          "root": false,
          "rootEmpty": false,
          "_timeout": 4000
        },
        {
          "uuid": "f5f8fa50-6078-43d7-853a-ceddaf8bf3fa",
          "title": "Users Reviews Test",
          "fullFile": "D:\\nodejs-game-restful-api\\tests\\user_review_test.js",
          "file": "\\tests\\user_review_test.js",
          "beforeHooks": [
            {
              "title": "\"before all\" hook",
              "fullTitle": "Users Reviews Test \"before all\" hook",
              "timedOut": false,
              "duration": 0,
              "state": null,
              "speed": null,
              "pass": false,
              "fail": false,
              "pending": false,
              "context": null,
              "code": "id_game =  global.seed_id_game;\ntokenBasic = global.tokenBasic;\nidUserBasic = global.userBasic.id;\nidUserPro = global.userPro.id;\ntokenAdmin = global.tokenAdmin;\nidUserAdmin = global.userAdmin.id;",
              "err": {},
              "uuid": "639cbad3-462d-4220-8fa5-802305ae2322",
              "parentUUID": "f5f8fa50-6078-43d7-853a-ceddaf8bf3fa",
              "isHook": true,
              "skipped": false
            }
          ],
          "afterHooks": [],
          "tests": [
            {
              "title": "Response should be when user review inserted",
              "fullTitle": "Users Reviews Test Response should be when user review inserted",
              "timedOut": false,
              "duration": 261,
              "state": "passed",
              "speed": "slow",
              "pass": true,
              "fail": false,
              "pending": false,
              "context": null,
              "code": "request(app)\n    .post('/reviews')\n    .send({\n        id_game: id_game,\n        id_user: idUserBasic,\n        review: review,\n        review_score: review_score\n    })\n    .set('Accept', 'application/json')\n    .set('token', tokenBasic)\n    .expect('Content-Type', /json/)\n    .expect(responseCode.SUCCESS_INSERT)\n    .expect(response => {\n        id = parseInt(response.body.data.id)\n        expect(response.body.message).to.equal('Successfuly inserted user review', 'Response message tidak sesuai')\n        expect(response.body.data.id_game).to.equal(id_game, 'ID Game yang diberikan pada response tidak sesuai')\n        expect(response.body.data.id_user).to.equal(idUserBasic, 'ID User yang diberikan pada response tidak sesuai')\n        expect(response.body.data.review).to.equal(review, 'Review yang diberikan pada response tidak sesuai')\n        expect(response.body.data.review_score).to.equal(review_score, 'Review Score yang diberikan pada response tidak sesuai')\n    })\n    .end(done);",
              "err": {},
              "uuid": "b32b892d-2cf9-4790-bf8a-ce2ed357fe34",
              "parentUUID": "f5f8fa50-6078-43d7-853a-ceddaf8bf3fa",
              "isHook": false,
              "skipped": false
            },
            {
              "title": "Response should be when get a user review",
              "fullTitle": "Users Reviews Test Response should be when get a user review",
              "timedOut": false,
              "duration": 21,
              "state": "passed",
              "speed": "fast",
              "pass": true,
              "fail": false,
              "pending": false,
              "context": null,
              "code": "request(app)\n    .get(`/reviews/${id}`)\n    .set('token', tokenBasic)\n    .set('Accept', 'application/json')\n    .expect('Content-Type', /json/)\n    .expect(responseCode.OK)\n    .expect(response => {\n        expect(response.body.data.id).to.equal(id, 'ID yang diberikan pada response tidak sesuai')\n        expect(response.body.data.id_game).to.equal(id_game, 'ID Game yang diberikan pada response tidak sesuai')\n        expect(response.body.data.id_user).to.equal(idUserBasic, 'ID User yang diberikan pada response tidak sesuai')\n        expect(response.body.data.review).to.equal(review, 'Review yang diberikan pada response tidak sesuai')\n        expect(response.body.data.review_score).to.equal(review_score, 'Review Score yang diberikan pada response tidak sesuai')\n    })\n    .end(done);",
              "err": {},
              "uuid": "deead22d-3ba8-460d-a220-16604b11b659",
              "parentUUID": "f5f8fa50-6078-43d7-853a-ceddaf8bf3fa",
              "isHook": false,
              "skipped": false
            },
            {
              "title": "Response should be when get all users reviews",
              "fullTitle": "Users Reviews Test Response should be when get all users reviews",
              "timedOut": false,
              "duration": 19,
              "state": "passed",
              "speed": "fast",
              "pass": true,
              "fail": false,
              "pending": false,
              "context": null,
              "code": "request(app)\n    .get('/reviews')\n    .set('token', tokenBasic)\n    .set('Accept', 'application/json')\n    .expect('Content-Type', /json/)\n    .expect(responseCode.OK)\n    .expect(response => {\n        // if index remains null, this test will fail\n        let index = null\n        for (let i = 0; i < response.body.data.length; i++) {\n            if (response.body.data[i].id === id) {\n                index = i\n            }\n        }\n        expect(response.body.data[index].id_game).to.equal(id_game, 'ID Game yang diberikan pada response tidak sesuai')\n        expect(response.body.data[index].id_user).to.equal(idUserBasic, 'ID User yang diberikan pada response tidak sesuai')\n        expect(response.body.data[index].review).to.equal(review, 'Review yang diberikan pada response tidak sesuai')\n        expect(response.body.data[index].review_score).to.equal(review_score, 'Review Score yang diberikan pada response tidak sesuai')\n    })\n    .end(done);",
              "err": {},
              "uuid": "3e84584f-9e42-4dbf-8c91-9b9db5ebfa5b",
              "parentUUID": "f5f8fa50-6078-43d7-853a-ceddaf8bf3fa",
              "isHook": false,
              "skipped": false
            },
            {
              "title": "GET /users/:id_user/reviews Response should be when get all users reviews",
              "fullTitle": "Users Reviews Test GET /users/:id_user/reviews Response should be when get all users reviews",
              "timedOut": false,
              "duration": 31,
              "state": "passed",
              "speed": "fast",
              "pass": true,
              "fail": false,
              "pending": false,
              "context": null,
              "code": "request(app)\n    .get(`/users/${idUserBasic}/reviews`)\n    .set('token', tokenBasic)\n    .set('Accept', 'application/json')\n    .expect('Content-Type', /json/)\n    .expect(responseCode.OK)\n    .expect(response => {\n        // if index remains null, this test will fail\n        let index = null\n        for (let i = 0; i < response.body.data.length; i++) {\n            if (response.body.data[i].id === id) {\n                index = i\n            }\n        }\n        expect(response.body.data[index].id_game).to.equal(id_game, 'ID Game yang diberikan pada response tidak sesuai')\n        expect(response.body.data[index].id_user).to.equal(idUserBasic, 'ID User yang diberikan pada response tidak sesuai')\n        expect(response.body.data[index].review).to.equal(review, 'Review yang diberikan pada response tidak sesuai')\n        expect(response.body.data[index].review_score).to.equal(review_score, 'Review Score yang diberikan pada response tidak sesuai')\n    })\n    .end(done);",
              "err": {},
              "uuid": "8745b7af-0475-48b2-a4ce-8d30d739ede9",
              "parentUUID": "f5f8fa50-6078-43d7-853a-ceddaf8bf3fa",
              "isHook": false,
              "skipped": false
            },
            {
              "title": "Response should be when patch a user review",
              "fullTitle": "Users Reviews Test Response should be when patch a user review",
              "timedOut": false,
              "duration": 96,
              "state": "passed",
              "speed": "slow",
              "pass": true,
              "fail": false,
              "pending": false,
              "context": null,
              "code": "request(app)\n    .patch(`/reviews/${id}`)\n    .send({\n        review: review_update,\n        review_score: review_score_update\n    })\n    .set('Accept', 'application/json')\n    .set('token', tokenBasic)\n    .expect('Content-Type', /json/)\n    .expect(responseCode.OK)\n    .expect(response => {\n        expect(response.body.message).to.equal('User berhasil diupdate', 'Response message tidak sesuai')\n    })\n    .end(done);",
              "err": {},
              "uuid": "75d2cfab-46a1-491e-958b-c7457ccaca30",
              "parentUUID": "f5f8fa50-6078-43d7-853a-ceddaf8bf3fa",
              "isHook": false,
              "skipped": false
            },
            {
              "title": "Response should be when get a user review (after patch user review)",
              "fullTitle": "Users Reviews Test Response should be when get a user review (after patch user review)",
              "timedOut": false,
              "duration": 12,
              "state": "passed",
              "speed": "fast",
              "pass": true,
              "fail": false,
              "pending": false,
              "context": null,
              "code": "request(app)\n    .get(`/reviews/${id}`)\n    .set('Accept', 'application/json')\n    .set('token', tokenBasic)\n    .expect('Content-Type', /json/)\n    .expect(responseCode.OK)\n    .expect(response => {\n        expect(response.body.data.id).to.equal(id, 'ID yang diberikan pada response tidak sesuai')\n        expect(response.body.data.id_game).to.equal(id_game, 'ID Game yang diberikan pada response tidak sesuai')\n        expect(response.body.data.id_user).to.equal(idUserBasic, 'ID User yang diberikan pada response tidak sesuai')\n        expect(response.body.data.review).to.equal(review_update, 'Review yang diberikan pada response tidak sesuai')\n        expect(response.body.data.review_score).to.equal(review_score_update, 'Review Score yang diberikan pada response tidak sesuai')\n    })\n    .end(done);",
              "err": {},
              "uuid": "e50701ac-3c83-4748-aed0-4b6a579a07e3",
              "parentUUID": "f5f8fa50-6078-43d7-853a-ceddaf8bf3fa",
              "isHook": false,
              "skipped": false
            },
            {
              "title": "Response should be when delete a user review",
              "fullTitle": "Users Reviews Test Response should be when delete a user review",
              "timedOut": false,
              "duration": 85,
              "state": "passed",
              "speed": "slow",
              "pass": true,
              "fail": false,
              "pending": false,
              "context": null,
              "code": "request(app)\n    .delete(`/reviews/${id}`)\n    .set('Accept', 'application/json')\n    .set('token', tokenBasic)\n    .expect('Content-Type', /json/)\n    .expect(responseCode.OK)\n    .expect(response => {\n        expect(response.body.message).to.equal('User review berhasil dihapus', 'Response message tidak sesuai')\n    })\n    .end(done);",
              "err": {},
              "uuid": "9d159cb2-c180-4140-9ef4-cebd3114ccb7",
              "parentUUID": "f5f8fa50-6078-43d7-853a-ceddaf8bf3fa",
              "isHook": false,
              "skipped": false
            }
          ],
          "suites": [],
          "passes": [
            "b32b892d-2cf9-4790-bf8a-ce2ed357fe34",
            "deead22d-3ba8-460d-a220-16604b11b659",
            "3e84584f-9e42-4dbf-8c91-9b9db5ebfa5b",
            "8745b7af-0475-48b2-a4ce-8d30d739ede9",
            "75d2cfab-46a1-491e-958b-c7457ccaca30",
            "e50701ac-3c83-4748-aed0-4b6a579a07e3",
            "9d159cb2-c180-4140-9ef4-cebd3114ccb7"
          ],
          "failures": [],
          "pending": [],
          "skipped": [],
          "duration": 525,
          "root": false,
          "rootEmpty": false,
          "_timeout": 4000
        },
        {
          "uuid": "c99498b3-8d47-47b5-84ad-08ab57b7af90",
          "title": "Users Games Test",
          "fullFile": "D:\\nodejs-game-restful-api\\tests\\user_game_test.js",
          "file": "\\tests\\user_game_test.js",
          "beforeHooks": [
            {
              "title": "\"before all\" hook",
              "fullTitle": "Users Games Test \"before all\" hook",
              "timedOut": false,
              "duration": 0,
              "state": null,
              "speed": null,
              "pass": false,
              "fail": false,
              "pending": false,
              "context": null,
              "code": "id_game =  global.seed_id_game;\ntokenBasic = global.tokenBasic;\nidUserBasic = global.userBasic.id;\nidUserPro = global.userPro.id;\ntokenAdmin = global.tokenAdmin;\nidUserAdmin = global.userAdmin.id;",
              "err": {},
              "uuid": "b52edd0d-e44e-4bff-b394-fbe7a8e1b9fa",
              "parentUUID": "c99498b3-8d47-47b5-84ad-08ab57b7af90",
              "isHook": true,
              "skipped": false
            }
          ],
          "afterHooks": [],
          "tests": [
            {
              "title": "Cannot insert completed time if game not completed",
              "fullTitle": "Users Games Test Cannot insert completed time if game not completed",
              "timedOut": false,
              "duration": 16,
              "state": "passed",
              "speed": "fast",
              "pass": true,
              "fail": false,
              "pending": false,
              "context": null,
              "code": "request(app)\n    .post(`/users/${idUserBasic}/game`)\n    .send({\n        id_game: id_game,\n        id_user: idUserBasic,\n        tipe : 1,\n        completed_time :\"1\"\n    })\n    .set('Accept', 'application/json')\n    .set('token', tokenBasic)\n    .expect('Content-Type', /json/)\n    .expect(responseCode.BAD_REQUEST)\n    .end(done);",
              "err": {},
              "uuid": "ee81a875-71d0-4355-9f63-95d9710bbf5c",
              "parentUUID": "c99498b3-8d47-47b5-84ad-08ab57b7af90",
              "isHook": false,
              "skipped": false
            },
            {
              "title": "Basic User can insert user game",
              "fullTitle": "Users Games Test Basic User can insert user game",
              "timedOut": false,
              "duration": 93,
              "state": "passed",
              "speed": "slow",
              "pass": true,
              "fail": false,
              "pending": false,
              "context": null,
              "code": "request(app)\n    .post(`/users/${idUserBasic}/game`)\n    .send({\n        id_game: id_game,\n        tipe : 2,\n        completed_time :\"1\"\n    })\n    .set('Accept', 'application/json')\n    .set('token', tokenBasic)\n    .expect('Content-Type', /json/)\n    .expect(responseCode.SUCCESS_INSERT)\n    .expect(response => {\n        expect(response.body.message).to.equal('Successfuly inserted user game', 'Response message tidak sesuai')\n        expect(response.body.data.id_game).to.equal(id_game, 'ID Game yang diberikan pada response tidak sesuai')\n        expect(response.body.data.id_user).to.equal(idUserBasic, 'ID User yang diberikan pada response tidak sesuai')\n        expect(response.body.data.complete_time).to.equal(\"00:00:01\",\"Completed Time tidak sesuai\")\n        expect(response.body.data.tipe).to.equal(2,\"Tipe tidak sesuai\")\n    })\n    .end(done);",
              "err": {},
              "uuid": "bcc07cd7-c8ec-4f22-9eba-92d94fdcfa0d",
              "parentUUID": "c99498b3-8d47-47b5-84ad-08ab57b7af90",
              "isHook": false,
              "skipped": false
            },
            {
              "title": "Admin can insert other user game",
              "fullTitle": "Users Games Test Admin can insert other user game",
              "timedOut": false,
              "duration": 66,
              "state": "passed",
              "speed": "medium",
              "pass": true,
              "fail": false,
              "pending": false,
              "context": null,
              "code": "request(app)\n    .post(`/users/${idUserPro}/game`)\n    .send({\n        id_game: id_game,\n        tipe : 2,\n        completed_time :\"1\"\n    })\n    .set('Accept', 'application/json')\n    .set('token', tokenAdmin)\n    .expect('Content-Type', /json/)\n    .expect(responseCode.SUCCESS_INSERT)\n    .expect(response => {\n        expect(response.body.message).to.equal('Successfuly inserted user game', 'Response message tidak sesuai')\n        expect(response.body.data.id_game).to.equal(id_game, 'ID Game yang diberikan pada response tidak sesuai')\n        expect(response.body.data.id_user).to.equal(idUserPro, 'ID User yang diberikan pada response tidak sesuai')\n        expect(response.body.data.complete_time).to.equal(\"00:00:01\",\"Completed Time tidak sesuai\")\n        expect(response.body.data.tipe).to.equal(2,\"Tipe tidak sesuai\")\n    })\n    .end(done);",
              "err": {},
              "uuid": "bf13fe89-85a5-42e9-9f7f-d3c753c44553",
              "parentUUID": "c99498b3-8d47-47b5-84ad-08ab57b7af90",
              "isHook": false,
              "skipped": false
            },
            {
              "title": "GET all user games should contain inserted",
              "fullTitle": "Users Games Test GET all user games should contain inserted",
              "timedOut": false,
              "duration": 25,
              "state": "passed",
              "speed": "fast",
              "pass": true,
              "fail": false,
              "pending": false,
              "context": null,
              "code": "request(app)\n    .get(`/users/${idUserBasic}/game`)\n    .set('token', tokenBasic)\n    .set('Accept', 'application/json')\n    .expect('Content-Type', /json/)\n    .expect(responseCode.OK)\n    .expect(response => {\n      let data = response.body.data.find((item) => item.id_game == id_game);\n      expect(data.id_game).to.equal(id_game,'ID game sesuai')\n    })\n    .end(done);",
              "err": {},
              "uuid": "77c7afe1-43b1-48a4-8167-33f564b47c5a",
              "parentUUID": "c99498b3-8d47-47b5-84ad-08ab57b7af90",
              "isHook": false,
              "skipped": false
            },
            {
              "title": "Basic User can edit user game",
              "fullTitle": "Users Games Test Basic User can edit user game",
              "timedOut": false,
              "duration": 144,
              "state": "passed",
              "speed": "slow",
              "pass": true,
              "fail": false,
              "pending": false,
              "context": null,
              "code": "request(app)\n    .patch(`/users/${idUserBasic}/game/${id_game}`)\n    .send({\n        tipe : 3,\n        completed_time :\"12:12:12\"\n    })\n    .set('Accept', 'application/json')\n    .set('token', tokenBasic)\n    .expect('Content-Type', /json/)\n    .expect(responseCode.OK)\n    .end(done);",
              "err": {},
              "uuid": "20594750-438b-4351-a13d-af669cf12c1c",
              "parentUUID": "c99498b3-8d47-47b5-84ad-08ab57b7af90",
              "isHook": false,
              "skipped": false
            },
            {
              "title": "GET all user games data should be updated",
              "fullTitle": "Users Games Test GET all user games data should be updated",
              "timedOut": false,
              "duration": 17,
              "state": "passed",
              "speed": "fast",
              "pass": true,
              "fail": false,
              "pending": false,
              "context": null,
              "code": "request(app)\n    .get(`/users/${idUserBasic}/game`)\n    .set('token', tokenBasic)\n    .set('Accept', 'application/json')\n    .expect('Content-Type', /json/)\n    .expect(responseCode.OK)\n    .expect(response => {\n      let data = response.body.data.find((item) => item.id_game == id_game);\n      expect(data.id_game).to.equal(id_game,'ID game sesuai')\n      expect(data.tipe).to.equal(3,'Tipe tidak sesuai dengan yang diupdate')\n      expect(data.complete_time).to.equal(\"12:12:12\",'Complete time tidak sesuai dengan yang di update')\n    })\n    .end(done);",
              "err": {},
              "uuid": "3f081b90-c55d-4a61-963c-5c4d749a703a",
              "parentUUID": "c99498b3-8d47-47b5-84ad-08ab57b7af90",
              "isHook": false,
              "skipped": false
            },
            {
              "title": "GET all user games by game_id data should be updated",
              "fullTitle": "Users Games Test GET all user games by game_id data should be updated",
              "timedOut": false,
              "duration": 17,
              "state": "passed",
              "speed": "fast",
              "pass": true,
              "fail": false,
              "pending": false,
              "context": null,
              "code": "request(app)\n    .get(`/users/game/${id_game}`)\n    .set('token', tokenBasic)\n    .set('Accept', 'application/json')\n    .expect('Content-Type', /json/)\n    .expect(responseCode.OK)\n    .expect(response => {\n      let data = response.body.data.find((item) => item.id_user == idUserBasic);\n      expect(data.id_game).to.equal(id_game,'ID game sesuai')\n      expect(data.tipe).to.equal(3,'Tipe tidak sesuai dengan yang diupdate')\n      expect(data.complete_time).to.equal(\"12:12:12\",'Complete time tidak sesuai dengan yang di update')\n    })\n    .end(done);",
              "err": {},
              "uuid": "d2d8246d-daa5-46d3-9fc5-a32228edb3a5",
              "parentUUID": "c99498b3-8d47-47b5-84ad-08ab57b7af90",
              "isHook": false,
              "skipped": false
            },
            {
              "title": "Basic User can delete game",
              "fullTitle": "Users Games Test Basic User can delete game",
              "timedOut": false,
              "duration": 63,
              "state": "passed",
              "speed": "medium",
              "pass": true,
              "fail": false,
              "pending": false,
              "context": null,
              "code": "request(app)\n    .delete(`/users/${idUserBasic}/game/${id_game}`)\n    .set('Accept', 'application/json')\n    .set('token', tokenBasic)\n    .expect('Content-Type', /json/)\n    .expect(responseCode.OK)\n    .expect(response => {\n        expect(response.body.message).to.equal('Successfuly deleted user game', 'Response message tidak sesuai')\n    })\n    .end(done);",
              "err": {},
              "uuid": "4015def7-f973-46c0-bfe0-73a571b32cbf",
              "parentUUID": "c99498b3-8d47-47b5-84ad-08ab57b7af90",
              "isHook": false,
              "skipped": false
            },
            {
              "title": "User game should be deleted",
              "fullTitle": "Users Games Test User game should be deleted",
              "timedOut": false,
              "duration": 17,
              "state": "passed",
              "speed": "fast",
              "pass": true,
              "fail": false,
              "pending": false,
              "context": null,
              "code": "request(app)\n    .get(`/users/${idUserBasic}/game`)\n    .set('token', tokenAdmin)\n    .set('Accept', 'application/json')\n    .expect('Content-Type', /json/)\n    .expect(responseCode.OK)\n    .expect(response => {\n      let data = response.body.data.find((item) => item.id_game == id_game);\n      expect(data).to.equal(undefined,'Data masih terdapat pada database')\n    })\n    .end(done);",
              "err": {},
              "uuid": "1994f1eb-3739-431d-9727-a06b993038cc",
              "parentUUID": "c99498b3-8d47-47b5-84ad-08ab57b7af90",
              "isHook": false,
              "skipped": false
            },
            {
              "title": "Admin can delete other user game",
              "fullTitle": "Users Games Test Admin can delete other user game",
              "timedOut": false,
              "duration": 102,
              "state": "passed",
              "speed": "slow",
              "pass": true,
              "fail": false,
              "pending": false,
              "context": null,
              "code": "request(app)\n    .delete(`/users/${idUserPro}/game/${id_game}`)\n    .set('Accept', 'application/json')\n    .set('token', tokenAdmin)\n    .expect('Content-Type', /json/)\n    .expect(responseCode.OK)\n    .expect(response => {\n        expect(response.body.message).to.equal('Successfuly deleted user game', 'Response message tidak sesuai')\n    })\n    .end(done);",
              "err": {},
              "uuid": "6662d4e4-9ceb-4a1c-8a6c-3df1fa45bf27",
              "parentUUID": "c99498b3-8d47-47b5-84ad-08ab57b7af90",
              "isHook": false,
              "skipped": false
            },
            {
              "title": "User game should be deleted",
              "fullTitle": "Users Games Test User game should be deleted",
              "timedOut": false,
              "duration": 15,
              "state": "passed",
              "speed": "fast",
              "pass": true,
              "fail": false,
              "pending": false,
              "context": null,
              "code": "request(app)\n    .get(`/users/${idUserPro}/game`)\n    .set('token', tokenBasic)\n    .set('Accept', 'application/json')\n    .expect('Content-Type', /json/)\n    .expect(responseCode.OK)\n    .expect(response => {\n      let data = response.body.data.find((item) => item.id_game == id_game);\n      expect(data).to.equal(undefined,'Data masih terdapat pada database')\n    })\n    .end(done);",
              "err": {},
              "uuid": "2f3c1749-bb01-40f7-91a3-7e05cfe97d4d",
              "parentUUID": "c99498b3-8d47-47b5-84ad-08ab57b7af90",
              "isHook": false,
              "skipped": false
            }
          ],
          "suites": [],
          "passes": [
            "ee81a875-71d0-4355-9f63-95d9710bbf5c",
            "bcc07cd7-c8ec-4f22-9eba-92d94fdcfa0d",
            "bf13fe89-85a5-42e9-9f7f-d3c753c44553",
            "77c7afe1-43b1-48a4-8167-33f564b47c5a",
            "20594750-438b-4351-a13d-af669cf12c1c",
            "3f081b90-c55d-4a61-963c-5c4d749a703a",
            "d2d8246d-daa5-46d3-9fc5-a32228edb3a5",
            "4015def7-f973-46c0-bfe0-73a571b32cbf",
            "1994f1eb-3739-431d-9727-a06b993038cc",
            "6662d4e4-9ceb-4a1c-8a6c-3df1fa45bf27",
            "2f3c1749-bb01-40f7-91a3-7e05cfe97d4d"
          ],
          "failures": [],
          "pending": [],
          "skipped": [],
          "duration": 575,
          "root": false,
          "rootEmpty": false,
          "_timeout": 4000
        },
        {
          "uuid": "4458f3f7-e94e-4636-9807-a3a074513f78",
          "title": "Users CRUD Test",
          "fullFile": "D:\\nodejs-game-restful-api\\tests\\users_test.js",
          "file": "\\tests\\users_test.js",
          "beforeHooks": [
            {
              "title": "\"before all\" hook",
              "fullTitle": "Users CRUD Test \"before all\" hook",
              "timedOut": false,
              "duration": 0,
              "state": null,
              "speed": null,
              "pass": false,
              "fail": false,
              "pending": false,
              "context": null,
              "code": "tokenBasic = global.tokenBasic;\nidUserBasic = global.userBasic.id;\nidUserPro = global.userPro.id;\ntokenPro = global.tokenPro;\ntokenAdmin = global.tokenAdmin;\nidUserAdmin = global.userAdmin.id;\neditedName=   \"testing-edit-name\";\neditedGender= 0;",
              "err": {},
              "uuid": "e7743c82-ef71-447a-a8f2-1f895f2fe21c",
              "parentUUID": "4458f3f7-e94e-4636-9807-a3a074513f78",
              "isHook": true,
              "skipped": false
            }
          ],
          "afterHooks": [],
          "tests": [
            {
              "title": "/users should return inserted user",
              "fullTitle": "Users CRUD Test /users should return inserted user",
              "timedOut": false,
              "duration": 7,
              "state": "passed",
              "speed": "fast",
              "pass": true,
              "fail": false,
              "pending": false,
              "context": null,
              "code": "request(app)\n    .get('/users')\n    .set('Accept', 'application/json')\n    .set('token', tokenBasic)\n    .expect('Content-Type', /json/)\n    .expect(responseCode.OK)\n    .expect(response => {\n        let data = response.body.data.find((item) => item.id == idUserBasic);\n        expect(data.id).to.equal(idUserBasic,'Tidak terdapat user seeding pada get user')\n    })\n    .end(done);",
              "err": {},
              "uuid": "ba00691b-0cc1-4c95-9a66-de2d722898b7",
              "parentUUID": "4458f3f7-e94e-4636-9807-a3a074513f78",
              "isHook": false,
              "skipped": false
            },
            {
              "title": "/user/:id_user should return get user",
              "fullTitle": "Users CRUD Test /user/:id_user should return get user",
              "timedOut": false,
              "duration": 77,
              "state": "passed",
              "speed": "slow",
              "pass": true,
              "fail": false,
              "pending": false,
              "context": null,
              "code": "request(app)\n    .get(`/users/${idUserBasic}`)\n    .set('Accept', 'application/json')\n    .set('token', tokenBasic)\n    .expect('Content-Type', /json/)\n    .expect(responseCode.OK)\n    .expect(response => {\n        expect(response.body.data.name).to.equal(global.userBasic.name,'Tidak terdapat user seeding pada get user')\n    })\n    .end(done);",
              "err": {},
              "uuid": "537447eb-d382-4bc7-a916-3127cd046d48",
              "parentUUID": "4458f3f7-e94e-4636-9807-a3a074513f78",
              "isHook": false,
              "skipped": false
            },
            {
              "title": "PATCH /user/:id_user Other user cannot edit other user data",
              "fullTitle": "Users CRUD Test PATCH /user/:id_user Other user cannot edit other user data",
              "timedOut": false,
              "duration": 7,
              "state": "passed",
              "speed": "fast",
              "pass": true,
              "fail": false,
              "pending": false,
              "context": null,
              "code": "request(app)\n    .patch(`/users/${idUserBasic}`)\n    .set('Accept', 'application/json')\n    .set('token', tokenPro)\n    .expect('Content-Type', /json/)\n    .expect(responseCode.FORBIDDEN)\n    .end(done);",
              "err": {},
              "uuid": "eb73977d-2d2b-4ab8-9401-de1fbd3b47a9",
              "parentUUID": "4458f3f7-e94e-4636-9807-a3a074513f78",
              "isHook": false,
              "skipped": false
            },
            {
              "title": "PATCH /user/:id_user Other user cannot edit other user data",
              "fullTitle": "Users CRUD Test PATCH /user/:id_user Other user cannot edit other user data",
              "timedOut": false,
              "duration": 102,
              "state": "passed",
              "speed": "slow",
              "pass": true,
              "fail": false,
              "pending": false,
              "context": null,
              "code": "request(app)\n    .patch(`/users/${idUserBasic}`)\n    .send({\n        \"name\" : editedName,\n        \"gender\" : editedGender\n    })\n    .set('Accept', 'application/json')\n    .set('token', tokenBasic)\n    .expect('Content-Type', /json/)\n    .expect(responseCode.OK)\n    .expect(response => {\n        expect(response.body.message).to.equal('User berhasil diupdate','Response message tidak sesuai')\n    })\n    .end(done);",
              "err": {},
              "uuid": "c86aeef0-fa3b-46f6-ab84-056a7be99d1d",
              "parentUUID": "4458f3f7-e94e-4636-9807-a3a074513f78",
              "isHook": false,
              "skipped": false
            },
            {
              "title": "GET /user/:id_user edited user data should change",
              "fullTitle": "Users CRUD Test GET /user/:id_user edited user data should change",
              "timedOut": false,
              "duration": 95,
              "state": "passed",
              "speed": "slow",
              "pass": true,
              "fail": false,
              "pending": false,
              "context": null,
              "code": "request(app)\n    .get(`/users/${idUserBasic}`)\n    .set('Accept', 'application/json')\n    .set('token', tokenBasic)\n    .expect('Content-Type', /json/)\n    .expect(responseCode.OK)\n    .expect(response => {\n        expect(response.body.data.name).to.equal(editedName,'Tidak terdapat user seeding pada get user')\n    })\n    .end(done);",
              "err": {},
              "uuid": "86c281f0-1151-4117-8487-51b04626150d",
              "parentUUID": "4458f3f7-e94e-4636-9807-a3a074513f78",
              "isHook": false,
              "skipped": false
            },
            {
              "title": "DELETE /user/:id_user Normal user cannot delete",
              "fullTitle": "Users CRUD Test DELETE /user/:id_user Normal user cannot delete",
              "timedOut": false,
              "duration": 13,
              "state": "passed",
              "speed": "fast",
              "pass": true,
              "fail": false,
              "pending": false,
              "context": null,
              "code": "request(app)\n    .delete(`/users/${idUserBasic}`)\n    .set('Accept', 'application/json')\n    .set('token', tokenBasic)\n    .expect('Content-Type', /json/)\n    .expect(responseCode.FORBIDDEN)\n    .end(done);",
              "err": {},
              "uuid": "5056366b-680c-4b50-af42-bce69ffcf351",
              "parentUUID": "4458f3f7-e94e-4636-9807-a3a074513f78",
              "isHook": false,
              "skipped": false
            },
            {
              "title": "DELETE /user/:id_user Admin delete basic user",
              "fullTitle": "Users CRUD Test DELETE /user/:id_user Admin delete basic user",
              "timedOut": false,
              "duration": 68,
              "state": "passed",
              "speed": "medium",
              "pass": true,
              "fail": false,
              "pending": false,
              "context": null,
              "code": "request(app)\n    .delete(`/users/${idUserBasic}`)\n    .set('Accept', 'application/json')\n    .set('token', tokenAdmin)\n    .expect('Content-Type', /json/)\n    .expect(responseCode.OK)\n    .end(done);",
              "err": {},
              "uuid": "e179f71a-5875-43f6-a4dd-6f49eb276612",
              "parentUUID": "4458f3f7-e94e-4636-9807-a3a074513f78",
              "isHook": false,
              "skipped": false
            },
            {
              "title": "/user/:id_user deleted user should return 404",
              "fullTitle": "Users CRUD Test /user/:id_user deleted user should return 404",
              "timedOut": false,
              "duration": 18,
              "state": "passed",
              "speed": "fast",
              "pass": true,
              "fail": false,
              "pending": false,
              "context": null,
              "code": "request(app)\n    .get(`/users/${idUserBasic}`)\n    .set('Accept', 'application/json')\n    .set('token', tokenAdmin)\n    .expect('Content-Type', /json/)\n    .expect(responseCode.NOT_FOUND)\n    .end(done);",
              "err": {},
              "uuid": "f747c2eb-d869-4045-a061-79de5a39ce31",
              "parentUUID": "4458f3f7-e94e-4636-9807-a3a074513f78",
              "isHook": false,
              "skipped": false
            },
            {
              "title": "DELETE /user/:id_user Admin delete pro user",
              "fullTitle": "Users CRUD Test DELETE /user/:id_user Admin delete pro user",
              "timedOut": false,
              "duration": 90,
              "state": "passed",
              "speed": "slow",
              "pass": true,
              "fail": false,
              "pending": false,
              "context": null,
              "code": "request(app)\n    .delete(`/users/${idUserPro}`)\n    .set('Accept', 'application/json')\n    .set('token', tokenAdmin)\n    .expect('Content-Type', /json/)\n    .expect(responseCode.OK)\n    .end(done);",
              "err": {},
              "uuid": "4677c78e-bf83-4e34-951b-4fbc6a04ac26",
              "parentUUID": "4458f3f7-e94e-4636-9807-a3a074513f78",
              "isHook": false,
              "skipped": false
            },
            {
              "title": "DELETE /user/:id_user Admin delete admin user",
              "fullTitle": "Users CRUD Test DELETE /user/:id_user Admin delete admin user",
              "timedOut": false,
              "duration": 111,
              "state": "passed",
              "speed": "slow",
              "pass": true,
              "fail": false,
              "pending": false,
              "context": null,
              "code": "request(app)\n    .delete(`/users/${idUserAdmin}`)\n    .set('Accept', 'application/json')\n    .set('token', tokenAdmin)\n    .expect('Content-Type', /json/)\n    .expect(responseCode.OK)\n    .end(done);",
              "err": {},
              "uuid": "c74913cc-e3d0-47ac-a9ff-cfa500775afc",
              "parentUUID": "4458f3f7-e94e-4636-9807-a3a074513f78",
              "isHook": false,
              "skipped": false
            }
          ],
          "suites": [],
          "passes": [
            "ba00691b-0cc1-4c95-9a66-de2d722898b7",
            "537447eb-d382-4bc7-a916-3127cd046d48",
            "eb73977d-2d2b-4ab8-9401-de1fbd3b47a9",
            "c86aeef0-fa3b-46f6-ab84-056a7be99d1d",
            "86c281f0-1151-4117-8487-51b04626150d",
            "5056366b-680c-4b50-af42-bce69ffcf351",
            "e179f71a-5875-43f6-a4dd-6f49eb276612",
            "f747c2eb-d869-4045-a061-79de5a39ce31",
            "4677c78e-bf83-4e34-951b-4fbc6a04ac26",
            "c74913cc-e3d0-47ac-a9ff-cfa500775afc"
          ],
          "failures": [],
          "pending": [],
          "skipped": [],
          "duration": 588,
          "root": false,
          "rootEmpty": false,
          "_timeout": 4000
        }
      ],
      "passes": [],
      "failures": [],
      "pending": [],
      "skipped": [],
      "duration": 0,
      "root": true,
      "rootEmpty": true,
      "_timeout": 4000
    }
  ],
  "meta": {
    "mocha": {
      "version": "7.1.2"
    },
    "mochawesome": {
      "options": {
        "quiet": false,
        "reportFilename": "mochawesome",
        "saveHtml": true,
        "saveJson": true,
        "consoleReporter": "spec",
        "useInlineDiffs": false,
        "code": true
      },
      "version": "6.1.1"
    },
    "marge": {
      "options": null,
      "version": "5.1.0"
    }
  }
}