{
  "stats": {
    "suites": 5,
    "tests": 28,
    "passes": 28,
    "pending": 0,
    "failures": 0,
    "start": "2020-05-26T09:16:22.299Z",
    "end": "2020-05-26T09:16:26.074Z",
    "duration": 3775,
    "testsRegistered": 28,
    "passPercent": 100,
    "pendingPercent": 0,
    "other": 0,
    "hasOther": false,
    "skipped": 0,
    "hasSkipped": false
  },
  "results": [
    {
      "uuid": "a4c05a48-bdc4-4ca9-bbfd-845bcf1ff255",
      "title": "",
      "fullFile": "",
      "file": "",
      "beforeHooks": [],
      "afterHooks": [],
      "tests": [],
      "suites": [
        {
          "uuid": "da168970-fe0a-4840-a8fe-22356ff3cac5",
          "title": "Testing registration for all user role",
          "fullFile": "D:\\nodejs-game-restful-api\\tests\\auth_test.js",
          "file": "\\tests\\auth_test.js",
          "beforeHooks": [
            {
              "title": "\"before all\" hook",
              "fullTitle": "Testing registration for all user role \"before all\" hook",
              "timedOut": false,
              "duration": 995,
              "state": null,
              "speed": null,
              "pass": false,
              "fail": false,
              "pending": false,
              "context": null,
              "code": "console.log(\"Deleting Seed Data\");\nconst usersBasic = await model.users.destroy({\n    truncate: true, where :  {email : fakeData.user.basic.email}});\nconst usersPro = await model.users.destroy({ \n    truncate: true,where :  {email : fakeData.user.basic.email}});\nconst usersAdmin = await model.users.destroy({ \n    truncate: true,where :  {email : fakeData.user.basic.email}});",
              "err": {},
              "uuid": "8f11c95c-b9d9-42cb-b3f2-7fb5aaeed79f",
              "parentUUID": "da168970-fe0a-4840-a8fe-22356ff3cac5",
              "isHook": true,
              "skipped": false
            }
          ],
          "afterHooks": [],
          "tests": [
            {
              "title": "Register using basic user with email : basic@gmail.com",
              "fullTitle": "Testing registration for all user role Register using basic user with email : basic@gmail.com",
              "timedOut": false,
              "duration": 275,
              "state": "passed",
              "speed": "slow",
              "pass": true,
              "fail": false,
              "pending": false,
              "context": null,
              "code": "request(app)\n    .post('/register')\n    .send(fakeData.user.basic)\n    .set('Accept', 'application/json')\n    .expect('Content-Type', /json/)\n    .expect(responseCode.SUCCESS_INSERT)\n    .expect(response => {\n        expect(response.body.message).to.equal('Berhasil melakukan registrasi user','Response message tidak sesuai');\n        expect(response.body.data.email).to.equal( fakeData.user.basic.email,'Email yang diberikan pada response tidak sesuai')\n        expect(response.body.data.tipe).to.equal(fakeData.user.basic.tipe,'Tipe yang diberikan pada resposne tidak sesuai')\n    })\n    .end(done);",
              "err": {},
              "uuid": "f1d35d2e-0467-4c6c-93e9-91811c5abf9b",
              "parentUUID": "da168970-fe0a-4840-a8fe-22356ff3cac5",
              "isHook": false,
              "skipped": false
            },
            {
              "title": "Register using basic pro with email : pro@gmail.com",
              "fullTitle": "Testing registration for all user role Register using basic pro with email : pro@gmail.com",
              "timedOut": false,
              "duration": 193,
              "state": "passed",
              "speed": "slow",
              "pass": true,
              "fail": false,
              "pending": false,
              "context": null,
              "code": "request(app)\n    .post('/register')\n    .send(fakeData.user.pro)\n    .set('Accept', 'application/json')\n    .expect('Content-Type', /json/)\n    .expect(responseCode.SUCCESS_INSERT)\n    .expect(response => {\n        expect(response.body.message).to.equal('Berhasil melakukan registrasi user','Response message tidak sesuai');\n        expect(response.body.data.email).to.equal( fakeData.user.pro.email,'Email yang diberikan pada response tidak sesuai')\n        expect(response.body.data.tipe).to.equal(fakeData.user.pro.tipe,'Tipe yang diberikan pada resposne tidak sesuai')\n    })\n    .end(done);",
              "err": {},
              "uuid": "43b0f10e-a716-47a3-a679-dfe10ff4b8a7",
              "parentUUID": "da168970-fe0a-4840-a8fe-22356ff3cac5",
              "isHook": false,
              "skipped": false
            },
            {
              "title": "Register using admin user with email : admin@gmail.com",
              "fullTitle": "Testing registration for all user role Register using admin user with email : admin@gmail.com",
              "timedOut": false,
              "duration": 152,
              "state": "passed",
              "speed": "slow",
              "pass": true,
              "fail": false,
              "pending": false,
              "context": null,
              "code": "request(app)\n    .post('/register')\n    .send(fakeData.user.admin)\n    .set('Accept', 'application/json')\n    .expect('Content-Type', /json/)\n    .expect(responseCode.SUCCESS_INSERT)\n    .expect(response => {\n        expect(response.body.message).to.equal('Berhasil melakukan registrasi user','Response message tidak sesuai');\n        expect(response.body.data.email).to.equal( fakeData.user.admin.email,'Email yang diberikan pada response tidak sesuai')\n        expect(response.body.data.tipe).to.equal(fakeData.user.admin.tipe,'Tipe yang diberikan pada resposne tidak sesuai')\n    })\n    .end(done);",
              "err": {},
              "uuid": "d2c967dc-c9e2-479a-9f51-ead96198c401",
              "parentUUID": "da168970-fe0a-4840-a8fe-22356ff3cac5",
              "isHook": false,
              "skipped": false
            },
            {
              "title": "Basic User can login",
              "fullTitle": "Testing registration for all user role Basic User can login",
              "timedOut": false,
              "duration": 204,
              "state": "passed",
              "speed": "slow",
              "pass": true,
              "fail": false,
              "pending": false,
              "context": null,
              "code": "request(app)\n    .post('/login')\n    .send({email : fakeData.user.basic.email, password: fakeData.user.basic.password })\n    .set('Accept', 'application/json')\n    .expect('Content-Type', /json/)\n    .expect(responseCode.SUCCESS_GET)\n    .expect(response => {\n        expect(response.body.message).to.equal('Success Login','Response message tidak sesuai');\n        var userLogin = jwt.verify(response.body.token, 'soa2018');\n        expect(userLogin.email).to.equal(fakeData.user.basic.email,'Payload email JWT tidak sesuai')\n        global.tokenBasic = response.body.token;\n        global.userBasic = userLogin;\n    })\n    .end(done);",
              "err": {},
              "uuid": "6ebc3511-3a88-43b8-9176-f758068d2dab",
              "parentUUID": "da168970-fe0a-4840-a8fe-22356ff3cac5",
              "isHook": false,
              "skipped": false
            },
            {
              "title": "Pro User can login",
              "fullTitle": "Testing registration for all user role Pro User can login",
              "timedOut": false,
              "duration": 172,
              "state": "passed",
              "speed": "slow",
              "pass": true,
              "fail": false,
              "pending": false,
              "context": null,
              "code": "request(app)\n    .post('/login')\n    .send({email : fakeData.user.pro.email, password: fakeData.user.pro.password })\n    .set('Accept', 'application/json')\n    .expect('Content-Type', /json/)\n    .expect(responseCode.SUCCESS_GET)\n    .expect(response => {\n        expect(response.body.message).to.equal('Success Login','Response message tidak sesuai');\n        var userLogin = jwt.verify(response.body.token, 'soa2018');\n        expect(userLogin.email).to.equal(fakeData.user.pro.email,'Payload email JWT tidak sesuai')\n        global.tokenPro = response.body.token;\n        global.userPro = userLogin;\n    })\n    .end(done);",
              "err": {},
              "uuid": "a5e47de3-7ca1-4f6a-b67b-4f18e2f6d011",
              "parentUUID": "da168970-fe0a-4840-a8fe-22356ff3cac5",
              "isHook": false,
              "skipped": false
            },
            {
              "title": "Admin User can login",
              "fullTitle": "Testing registration for all user role Admin User can login",
              "timedOut": false,
              "duration": 188,
              "state": "passed",
              "speed": "slow",
              "pass": true,
              "fail": false,
              "pending": false,
              "context": null,
              "code": "request(app)\n    .post('/login')\n    .send({email : fakeData.user.admin.email, password: fakeData.user.admin.password })\n    .set('Accept', 'application/json')\n    .expect('Content-Type', /json/)\n    .expect(responseCode.SUCCESS_GET)\n    .expect(response => {\n        expect(response.body.message).to.equal('Success Login','Response message tidak sesuai');\n        var userLogin = jwt.verify(response.body.token, 'soa2018');\n        expect(userLogin.email).to.equal(fakeData.user.admin.email,'Payload email JWT tidak sesuai')\n        global.tokenAdmin = response.body.token;\n        global.userAdmin = userLogin;\n    })\n    .end(done);",
              "err": {},
              "uuid": "ff2c95b3-8745-44d7-ae66-2fccb0456cc7",
              "parentUUID": "da168970-fe0a-4840-a8fe-22356ff3cac5",
              "isHook": false,
              "skipped": false
            }
          ],
          "suites": [],
          "passes": [
            "f1d35d2e-0467-4c6c-93e9-91811c5abf9b",
            "43b0f10e-a716-47a3-a679-dfe10ff4b8a7",
            "d2c967dc-c9e2-479a-9f51-ead96198c401",
            "6ebc3511-3a88-43b8-9176-f758068d2dab",
            "a5e47de3-7ca1-4f6a-b67b-4f18e2f6d011",
            "ff2c95b3-8745-44d7-ae66-2fccb0456cc7"
          ],
          "failures": [],
          "pending": [],
          "skipped": [],
          "duration": 1184,
          "root": false,
          "rootEmpty": false,
          "_timeout": 4000
        },
        {
          "uuid": "0a21852c-46a5-4eb4-8bbd-510f04453abb",
          "title": "Game Test",
          "fullFile": "D:\\nodejs-game-restful-api\\tests\\game_test.js",
          "file": "\\tests\\game_test.js",
          "beforeHooks": [
            {
              "title": "\"before all\" hook",
              "fullTitle": "Game Test \"before all\" hook",
              "timedOut": false,
              "duration": 0,
              "state": null,
              "speed": null,
              "pass": false,
              "fail": false,
              "pending": false,
              "context": null,
              "code": "token = global.tokenAdmin;",
              "err": {},
              "uuid": "77c91f02-8d6c-4f7a-ac81-9ab32bf42321",
              "parentUUID": "0a21852c-46a5-4eb4-8bbd-510f04453abb",
              "isHook": true,
              "skipped": false
            }
          ],
          "afterHooks": [],
          "tests": [
            {
              "title": "Response should be when game inserted",
              "fullTitle": "Game Test Response should be when game inserted",
              "timedOut": false,
              "duration": 98,
              "state": "passed",
              "speed": "slow",
              "pass": true,
              "fail": false,
              "pending": false,
              "context": null,
              "code": "request(app)\n    .post('/games')\n    .send({name :gameName , description : description, genre: genre})\n    .set('Accept', 'application/json')\n    .set('Token',token)\n    // .expect('Content-Type', /json/)\n    // .expect(responseCode.SUCCESS_INSERT)\n    .expect(response => {\n        insertedId= response.body.data.id;\n        global.seed_id_game = insertedId;\n        expect(response.body.message).to.equal('Game berhasil ditambahkan','Response message tidak sesuai');\n        expect(response.body.data.description).to.equal(description,'Description yang diberikan pada response tidak sesuai')\n        expect(response.body.data.genre).to.equal(genre,'Genre yang diberikan pada resposne tidak sesuai');\n        expect(response.body.data.created_by).to.equal(global.userAdmin.id,'token user yang diberikan pada resposne tidak sesuai')\n    })\n    .end(done);",
              "err": {},
              "uuid": "ccfeb7e3-637c-429c-ae2c-73a21982e0eb",
              "parentUUID": "0a21852c-46a5-4eb4-8bbd-510f04453abb",
              "isHook": false,
              "skipped": false
            },
            {
              "title": "Get game should contain inserted game",
              "fullTitle": "Game Test Get game should contain inserted game",
              "timedOut": false,
              "duration": 37,
              "state": "passed",
              "speed": "fast",
              "pass": true,
              "fail": false,
              "pending": false,
              "context": null,
              "code": "request(app)\n    .get(`/games/${insertedId}`)\n    .set('Accept', 'application/json')\n    .expect('Content-Type', /json/)\n    .expect(responseCode.OK)\n    .expect(response => {\n        expect(response.body.data.name).to.equal(gameName,'Nama pada response tidak sesuai')\n        expect(response.body.data.developer.name).to.equal(global.userAdmin.name,'Nama developer yang diberikan pada resposne tidak sesuai')\n    })\n    .end(done);",
              "err": {},
              "uuid": "80671d5f-bd69-4114-a243-ad11fcd85aee",
              "parentUUID": "0a21852c-46a5-4eb4-8bbd-510f04453abb",
              "isHook": false,
              "skipped": false
            },
            {
              "title": "GET all games should contain inserted games",
              "fullTitle": "Game Test GET all games should contain inserted games",
              "timedOut": false,
              "duration": 9,
              "state": "passed",
              "speed": "fast",
              "pass": true,
              "fail": false,
              "pending": false,
              "context": null,
              "code": "request(app)\n    .get('/games')\n    .set('Accept', 'application/json')\n    .expect('Content-Type', /json/)\n    .expect(responseCode.OK)\n    .expect(response => {\n      let data = response.body.data.find((item) => item.id == insertedId);\n      expect(data.name).to.equal(gameName,'Nama pada response tidak sesuai')\n    })\n    .end(done);",
              "err": {},
              "uuid": "62d46000-cc03-402f-864a-d20e08868bb7",
              "parentUUID": "0a21852c-46a5-4eb4-8bbd-510f04453abb",
              "isHook": false,
              "skipped": false
            }
          ],
          "suites": [],
          "passes": [
            "ccfeb7e3-637c-429c-ae2c-73a21982e0eb",
            "80671d5f-bd69-4114-a243-ad11fcd85aee",
            "62d46000-cc03-402f-864a-d20e08868bb7"
          ],
          "failures": [],
          "pending": [],
          "skipped": [],
          "duration": 144,
          "root": false,
          "rootEmpty": false,
          "_timeout": 4000
        },
        {
          "uuid": "d1852c2f-462f-4759-af57-27e3a17a823b",
          "title": "Genre Test",
          "fullFile": "D:\\nodejs-game-restful-api\\tests\\genre_test.js",
          "file": "\\tests\\genre_test.js",
          "beforeHooks": [
            {
              "title": "\"before all\" hook",
              "fullTitle": "Genre Test \"before all\" hook",
              "timedOut": false,
              "duration": 11,
              "state": null,
              "speed": null,
              "pass": false,
              "fail": false,
              "pending": false,
              "context": null,
              "code": "token = global.tokenPro;\nconsole.log(token);",
              "err": {},
              "uuid": "27b1263d-6a4e-451b-9f45-b9ef53adc156",
              "parentUUID": "d1852c2f-462f-4759-af57-27e3a17a823b",
              "isHook": true,
              "skipped": false
            }
          ],
          "afterHooks": [],
          "tests": [
            {
              "title": "Response should be when genre inserted",
              "fullTitle": "Genre Test Response should be when genre inserted",
              "timedOut": false,
              "duration": 111,
              "state": "passed",
              "speed": "slow",
              "pass": true,
              "fail": false,
              "pending": false,
              "context": null,
              "code": "request(app)\n    .post('/genres')\n    .send({name :genreName})\n    .set('Accept', 'application/json')\n    .set('token',token)\n    // .expect('Content-Type', /json/)\n    // .expect(responseCode.SUCCESS_INSERT)\n    .expect(response => {\n        expect(response.body.message).to.equal('Genre berhasil ditambahkan')\n        insertedId = response.body.data.id\n        expect(response.body.data.name).to.equal(genreName,'Nama genre yang diberikan pada resposne tidak sesuai')\n    })\n    .end(done);",
              "err": {},
              "uuid": "64d5f8eb-9106-4977-9fb7-10e396bc84ed",
              "parentUUID": "d1852c2f-462f-4759-af57-27e3a17a823b",
              "isHook": false,
              "skipped": false
            },
            {
              "title": "Response should be when get a genre with params",
              "fullTitle": "Genre Test Response should be when get a genre with params",
              "timedOut": false,
              "duration": 7,
              "state": "passed",
              "speed": "fast",
              "pass": true,
              "fail": false,
              "pending": false,
              "context": null,
              "code": "request(app)\n    .get('/genres')\n    .set('Accept', 'application/json')\n    .expect('Content-Type', /json/)\n    .expect(responseCode.OK)\n    .expect(response => {\n      let data = response.body.data.find((item) => item.id == insertedId);\n      expect(data.name).to.equal(genreName,'Nama pada response tidak sesuai')\n    })\n    .end(done);",
              "err": {},
              "uuid": "2c952548-d56e-42ff-bcd8-6b7fcc0c50de",
              "parentUUID": "d1852c2f-462f-4759-af57-27e3a17a823b",
              "isHook": false,
              "skipped": false
            },
            {
              "title": "Response should be when get a genre with ID",
              "fullTitle": "Genre Test Response should be when get a genre with ID",
              "timedOut": false,
              "duration": 18,
              "state": "passed",
              "speed": "fast",
              "pass": true,
              "fail": false,
              "pending": false,
              "context": null,
              "code": "request(app)\n    .get(`/genres/${insertedId}`)\n    .set('Accept', 'application/json')\n    .expect('Content-Type', /json/)\n    .expect(responseCode.OK)\n    .expect(response => {\n        expect(response.body.data.name).to.equal(genreName,'Nama genre pada response tidak sesuai')\n    })\n    .end(done);",
              "err": {},
              "uuid": "d6eb4ce7-f0be-4bde-9993-5b1177cb683f",
              "parentUUID": "d1852c2f-462f-4759-af57-27e3a17a823b",
              "isHook": false,
              "skipped": false
            },
            {
              "title": "Response should be when genre updated",
              "fullTitle": "Genre Test Response should be when genre updated",
              "timedOut": false,
              "duration": 96,
              "state": "passed",
              "speed": "slow",
              "pass": true,
              "fail": false,
              "pending": false,
              "context": null,
              "code": "request(app)\n    .patch(`/genres/${insertedId}`)\n    .send({name :newGenreName})\n    .set('Accept', 'application/json')\n    .set('token',token)\n    .expect('Content-Type', /json/)\n    .expect(responseCode.OK)\n    .expect(response => {\n        expect(response.body.message).to.equal('Genre berhasil diupdate')\n        expect(response.body.data.name).to.equal(newGenreName,'Nama genre baru yang diberikan pada resposne tidak sesuai')\n    })\n    .end(done);",
              "err": {},
              "uuid": "cf9bd7bc-9385-427c-b51b-b068447ee989",
              "parentUUID": "d1852c2f-462f-4759-af57-27e3a17a823b",
              "isHook": false,
              "skipped": false
            },
            {
              "title": "Response should be when get a genre with ID after updated",
              "fullTitle": "Genre Test Response should be when get a genre with ID after updated",
              "timedOut": false,
              "duration": 7,
              "state": "passed",
              "speed": "fast",
              "pass": true,
              "fail": false,
              "pending": false,
              "context": null,
              "code": "request(app)\n    .get(`/genres/${insertedId}`)\n    .set('Accept', 'application/json')\n    .expect('Content-Type', /json/)\n    .expect(responseCode.OK)\n    .expect(response => {\n        expect(response.body.data.name).to.equal(newGenreName,'Nama genre pada response tidak sesuai')\n    })\n    .end(done);",
              "err": {},
              "uuid": "203b74b6-7bc3-4cb3-aa85-76fc0a58a0e1",
              "parentUUID": "d1852c2f-462f-4759-af57-27e3a17a823b",
              "isHook": false,
              "skipped": false
            },
            {
              "title": "Response should be when genre deleted",
              "fullTitle": "Genre Test Response should be when genre deleted",
              "timedOut": false,
              "duration": 66,
              "state": "passed",
              "speed": "medium",
              "pass": true,
              "fail": false,
              "pending": false,
              "context": null,
              "code": "request(app)\n    .delete(`/genres/${insertedId}`)\n    .set('Accept', 'application/json')\n    .set('token',token)\n    .expect('Content-Type', /json/)\n    .expect(responseCode.OK)\n    .expect(response => {\n        expect(response.body.message).to.equal('Genre berhasil dihapus')\n        expect(response.body.data.name).to.equal(newGenreName,'Nama genre baru yang diberikan pada resposne tidak sesuai')\n    })\n    .end(done);",
              "err": {},
              "uuid": "e0c45c15-22a8-4566-aa79-cbc7e841244f",
              "parentUUID": "d1852c2f-462f-4759-af57-27e3a17a823b",
              "isHook": false,
              "skipped": false
            }
          ],
          "suites": [],
          "passes": [
            "64d5f8eb-9106-4977-9fb7-10e396bc84ed",
            "2c952548-d56e-42ff-bcd8-6b7fcc0c50de",
            "d6eb4ce7-f0be-4bde-9993-5b1177cb683f",
            "cf9bd7bc-9385-427c-b51b-b068447ee989",
            "203b74b6-7bc3-4cb3-aa85-76fc0a58a0e1",
            "e0c45c15-22a8-4566-aa79-cbc7e841244f"
          ],
          "failures": [],
          "pending": [],
          "skipped": [],
          "duration": 305,
          "root": false,
          "rootEmpty": false,
          "_timeout": 4000
        },
        {
          "uuid": "a408d33c-636c-48ab-9d4e-3ff67f463975",
          "title": "Users Reviews Test",
          "fullFile": "D:\\nodejs-game-restful-api\\tests\\user_review_test.js",
          "file": "\\tests\\user_review_test.js",
          "beforeHooks": [
            {
              "title": "\"before all\" hook",
              "fullTitle": "Users Reviews Test \"before all\" hook",
              "timedOut": false,
              "duration": 0,
              "state": null,
              "speed": null,
              "pass": false,
              "fail": false,
              "pending": false,
              "context": null,
              "code": "id_game =  global.seed_id_game;\ntoken = global.tokenBasic;",
              "err": {},
              "uuid": "01b79c62-2ce9-40d5-862c-35b53012e555",
              "parentUUID": "a408d33c-636c-48ab-9d4e-3ff67f463975",
              "isHook": true,
              "skipped": false
            }
          ],
          "afterHooks": [],
          "tests": [
            {
              "title": "Response should be when user review inserted",
              "fullTitle": "Users Reviews Test Response should be when user review inserted",
              "timedOut": false,
              "duration": 178,
              "state": "passed",
              "speed": "slow",
              "pass": true,
              "fail": false,
              "pending": false,
              "context": null,
              "code": "request(app)\n    .post('/reviews')\n    .send({\n        id_game: id_game,\n        id_user: id_user,\n        review: review,\n        review_score: review_score\n    })\n    .set('Accept', 'application/json')\n    .set('token', token)\n    .expect('Content-Type', /json/)\n    .expect(responseCode.SUCCESS_INSERT)\n    .expect(response => {\n        id = parseInt(response.body.data.id)\n        expect(response.body.message).to.equal('Successfuly inserted user review', 'Response message tidak sesuai')\n        expect(response.body.data.id_game).to.equal(id_game, 'ID Game yang diberikan pada response tidak sesuai')\n        expect(response.body.data.id_user).to.equal(id_user, 'ID User yang diberikan pada response tidak sesuai')\n        expect(response.body.data.review).to.equal(review, 'Review yang diberikan pada response tidak sesuai')\n        expect(response.body.data.review_score).to.equal(review_score, 'Review Score yang diberikan pada response tidak sesuai')\n    })\n    .end(done);",
              "err": {},
              "uuid": "b7108bc8-b0bc-49ff-87de-aa2fc22c0c7c",
              "parentUUID": "a408d33c-636c-48ab-9d4e-3ff67f463975",
              "isHook": false,
              "skipped": false
            },
            {
              "title": "Response should be when get a user review",
              "fullTitle": "Users Reviews Test Response should be when get a user review",
              "timedOut": false,
              "duration": 21,
              "state": "passed",
              "speed": "fast",
              "pass": true,
              "fail": false,
              "pending": false,
              "context": null,
              "code": "request(app)\n    .get(`/reviews/${id}`)\n    .set('Accept', 'application/json')\n    .expect('Content-Type', /json/)\n    .expect(responseCode.OK)\n    .expect(response => {\n        expect(response.body.data.id).to.equal(id, 'ID yang diberikan pada response tidak sesuai')\n        expect(response.body.data.id_game).to.equal(id_game, 'ID Game yang diberikan pada response tidak sesuai')\n        expect(response.body.data.id_user).to.equal(id_user, 'ID User yang diberikan pada response tidak sesuai')\n        expect(response.body.data.review).to.equal(review, 'Review yang diberikan pada response tidak sesuai')\n        expect(response.body.data.review_score).to.equal(review_score, 'Review Score yang diberikan pada response tidak sesuai')\n    })\n    .end(done);",
              "err": {},
              "uuid": "f08d12fd-ae8f-4937-a524-c4da9c465e2c",
              "parentUUID": "a408d33c-636c-48ab-9d4e-3ff67f463975",
              "isHook": false,
              "skipped": false
            },
            {
              "title": "Response should be when get all users reviews",
              "fullTitle": "Users Reviews Test Response should be when get all users reviews",
              "timedOut": false,
              "duration": 25,
              "state": "passed",
              "speed": "fast",
              "pass": true,
              "fail": false,
              "pending": false,
              "context": null,
              "code": "request(app)\n    .get('/reviews')\n    .set('Accept', 'application/json')\n    .expect('Content-Type', /json/)\n    .expect(responseCode.OK)\n    .expect(response => {\n        // if index remains null, this test will fail\n        let index = null\n        for (let i = 0; i < response.body.data.length; i++) {\n            if (response.body.data[i].id === id) {\n                index = i\n            }\n        }\n        expect(response.body.data[index].id_game).to.equal(id_game, 'ID Game yang diberikan pada response tidak sesuai')\n        expect(response.body.data[index].id_user).to.equal(id_user, 'ID User yang diberikan pada response tidak sesuai')\n        expect(response.body.data[index].review).to.equal(review, 'Review yang diberikan pada response tidak sesuai')\n        expect(response.body.data[index].review_score).to.equal(review_score, 'Review Score yang diberikan pada response tidak sesuai')\n    })\n    .end(done);",
              "err": {},
              "uuid": "88bfbb50-7b66-44b0-bcda-51260b2aea64",
              "parentUUID": "a408d33c-636c-48ab-9d4e-3ff67f463975",
              "isHook": false,
              "skipped": false
            },
            {
              "title": "Response should be when patch a user review",
              "fullTitle": "Users Reviews Test Response should be when patch a user review",
              "timedOut": false,
              "duration": 93,
              "state": "passed",
              "speed": "slow",
              "pass": true,
              "fail": false,
              "pending": false,
              "context": null,
              "code": "request(app)\n    .patch(`/reviews/${id}`)\n    .send({\n        review: review_update,\n        review_score: review_score_update\n    })\n    .set('Accept', 'application/json')\n    .set('token', token)\n    .expect('Content-Type', /json/)\n    .expect(responseCode.OK)\n    .expect(response => {\n        expect(response.body.message).to.equal('User berhasil diupdate', 'Response message tidak sesuai')\n    })\n    .end(done);",
              "err": {},
              "uuid": "147f4c60-5621-4637-b7c7-ccf10fbfa82c",
              "parentUUID": "a408d33c-636c-48ab-9d4e-3ff67f463975",
              "isHook": false,
              "skipped": false
            },
            {
              "title": "Response should be when get a user review (after patch user review)",
              "fullTitle": "Users Reviews Test Response should be when get a user review (after patch user review)",
              "timedOut": false,
              "duration": 7,
              "state": "passed",
              "speed": "fast",
              "pass": true,
              "fail": false,
              "pending": false,
              "context": null,
              "code": "request(app)\n    .get(`/reviews/${id}`)\n    .set('Accept', 'application/json')\n    .expect('Content-Type', /json/)\n    .expect(responseCode.OK)\n    .expect(response => {\n        expect(response.body.data.id).to.equal(id, 'ID yang diberikan pada response tidak sesuai')\n        expect(response.body.data.id_game).to.equal(id_game, 'ID Game yang diberikan pada response tidak sesuai')\n        expect(response.body.data.id_user).to.equal(id_user, 'ID User yang diberikan pada response tidak sesuai')\n        expect(response.body.data.review).to.equal(review_update, 'Review yang diberikan pada response tidak sesuai')\n        expect(response.body.data.review_score).to.equal(review_score_update, 'Review Score yang diberikan pada response tidak sesuai')\n    })\n    .end(done);",
              "err": {},
              "uuid": "a02c7126-72ba-4bcc-8a02-8e498eded79b",
              "parentUUID": "a408d33c-636c-48ab-9d4e-3ff67f463975",
              "isHook": false,
              "skipped": false
            },
            {
              "title": "Response should be when delete a user review",
              "fullTitle": "Users Reviews Test Response should be when delete a user review",
              "timedOut": false,
              "duration": 100,
              "state": "passed",
              "speed": "slow",
              "pass": true,
              "fail": false,
              "pending": false,
              "context": null,
              "code": "request(app)\n    .delete(`/reviews/${id}`)\n    .set('Accept', 'application/json')\n    .set('token', token)\n    .expect('Content-Type', /json/)\n    .expect(responseCode.OK)\n    .expect(response => {\n        expect(response.body.message).to.equal('User review berhasil dihapus', 'Response message tidak sesuai')\n    })\n    .end(done);",
              "err": {},
              "uuid": "b38b9bef-06af-4ba7-a7bf-f59e9c8af5ed",
              "parentUUID": "a408d33c-636c-48ab-9d4e-3ff67f463975",
              "isHook": false,
              "skipped": false
            }
          ],
          "suites": [],
          "passes": [
            "b7108bc8-b0bc-49ff-87de-aa2fc22c0c7c",
            "f08d12fd-ae8f-4937-a524-c4da9c465e2c",
            "88bfbb50-7b66-44b0-bcda-51260b2aea64",
            "147f4c60-5621-4637-b7c7-ccf10fbfa82c",
            "a02c7126-72ba-4bcc-8a02-8e498eded79b",
            "b38b9bef-06af-4ba7-a7bf-f59e9c8af5ed"
          ],
          "failures": [],
          "pending": [],
          "skipped": [],
          "duration": 424,
          "root": false,
          "rootEmpty": false,
          "_timeout": 4000
        },
        {
          "uuid": "3f6c8008-2679-4c26-b6be-b4c62ca69f0e",
          "title": "Users Reviews Test",
          "fullFile": "D:\\nodejs-game-restful-api\\tests\\user_game_test.js",
          "file": "\\tests\\user_game_test.js",
          "beforeHooks": [
            {
              "title": "\"before all\" hook",
              "fullTitle": "Users Reviews Test \"before all\" hook",
              "timedOut": false,
              "duration": 0,
              "state": null,
              "speed": null,
              "pass": false,
              "fail": false,
              "pending": false,
              "context": null,
              "code": "id_game =  global.seed_id_game;\ntokenBasic = global.tokenBasic;\nidUserBasic = global.userBasic.id;\nidUserPro = global.userPro.id;\ntokenAdmin = global.tokenAdmin;\nidUserAdmin = global.userAdmin.id;",
              "err": {},
              "uuid": "ab5507c4-e9d8-41c6-bef9-90b7ffe1bfd5",
              "parentUUID": "3f6c8008-2679-4c26-b6be-b4c62ca69f0e",
              "isHook": true,
              "skipped": false
            }
          ],
          "afterHooks": [],
          "tests": [
            {
              "title": "Basic User can insert user game",
              "fullTitle": "Users Reviews Test Basic User can insert user game",
              "timedOut": false,
              "duration": 86,
              "state": "passed",
              "speed": "slow",
              "pass": true,
              "fail": false,
              "pending": false,
              "context": null,
              "code": "request(app)\n    .post(`/user/${idUserBasic}/game`)\n    .send({\n        id_game: id_game,\n        id_user: idUserBasic,\n    })\n    .set('Accept', 'application/json')\n    .set('token', tokenBasic)\n    .expect('Content-Type', /json/)\n    .expect(responseCode.SUCCESS_INSERT)\n    .expect(response => {\n        expect(response.body.message).to.equal('Successfuly inserted user game', 'Response message tidak sesuai')\n        expect(response.body.data.id_game).to.equal(id_game, 'ID Game yang diberikan pada response tidak sesuai')\n        expect(response.body.data.id_user).to.equal(idUserBasic, 'ID User yang diberikan pada response tidak sesuai')\n    })\n    .end(done);",
              "err": {},
              "uuid": "816d899c-ca13-46a7-9f54-449827b5e906",
              "parentUUID": "3f6c8008-2679-4c26-b6be-b4c62ca69f0e",
              "isHook": false,
              "skipped": false
            },
            {
              "title": "Admin can insert other user game",
              "fullTitle": "Users Reviews Test Admin can insert other user game",
              "timedOut": false,
              "duration": 105,
              "state": "passed",
              "speed": "slow",
              "pass": true,
              "fail": false,
              "pending": false,
              "context": null,
              "code": "request(app)\n    .post(`/user/${idUserPro}/game`)\n    .send({\n        id_game: id_game,\n        id_user: idUserPro,\n    })\n    .set('Accept', 'application/json')\n    .set('token', tokenAdmin)\n    .expect('Content-Type', /json/)\n    .expect(responseCode.SUCCESS_INSERT)\n    .expect(response => {\n        expect(response.body.message).to.equal('Successfuly inserted user game', 'Response message tidak sesuai')\n        expect(response.body.data.id_game).to.equal(id_game, 'ID Game yang diberikan pada response tidak sesuai')\n        expect(response.body.data.id_user).to.equal(idUserPro, 'ID User yang diberikan pada response tidak sesuai')\n    })\n    .end(done);",
              "err": {},
              "uuid": "b95d9e5d-698a-4605-98ef-73b6c2c68be1",
              "parentUUID": "3f6c8008-2679-4c26-b6be-b4c62ca69f0e",
              "isHook": false,
              "skipped": false
            },
            {
              "title": "GET all user games should contain inserted",
              "fullTitle": "Users Reviews Test GET all user games should contain inserted",
              "timedOut": false,
              "duration": 13,
              "state": "passed",
              "speed": "fast",
              "pass": true,
              "fail": false,
              "pending": false,
              "context": null,
              "code": "request(app)\n    .get(`/user/${idUserBasic}/game`)\n    .set('token', tokenBasic)\n    .set('Accept', 'application/json')\n    .expect('Content-Type', /json/)\n    .expect(responseCode.OK)\n    .expect(response => {\n      let data = response.body.data.find((item) => item.id_game == id_game);\n      expect(data.id_game).to.equal(id_game,'ID game sesuai')\n    })\n    .end(done);",
              "err": {},
              "uuid": "58bfbd66-ea15-47a1-bd66-31161a9d3d64",
              "parentUUID": "3f6c8008-2679-4c26-b6be-b4c62ca69f0e",
              "isHook": false,
              "skipped": false
            },
            {
              "title": "Basic User can delete game",
              "fullTitle": "Users Reviews Test Basic User can delete game",
              "timedOut": false,
              "duration": 88,
              "state": "passed",
              "speed": "slow",
              "pass": true,
              "fail": false,
              "pending": false,
              "context": null,
              "code": "request(app)\n    .delete(`/user/${idUserBasic}/game/${id_game}`)\n    .set('Accept', 'application/json')\n    .set('token', tokenBasic)\n    .expect('Content-Type', /json/)\n    .expect(responseCode.OK)\n    .expect(response => {\n        expect(response.body.message).to.equal('Successfuly deleted user game', 'Response message tidak sesuai')\n    })\n    .end(done);",
              "err": {},
              "uuid": "59570402-5975-4408-9288-c98a00190cb7",
              "parentUUID": "3f6c8008-2679-4c26-b6be-b4c62ca69f0e",
              "isHook": false,
              "skipped": false
            },
            {
              "title": "User game should be deleted",
              "fullTitle": "Users Reviews Test User game should be deleted",
              "timedOut": false,
              "duration": 23,
              "state": "passed",
              "speed": "fast",
              "pass": true,
              "fail": false,
              "pending": false,
              "context": null,
              "code": "request(app)\n    .get(`/user/${idUserBasic}/game`)\n    .set('token', tokenAdmin)\n    .set('Accept', 'application/json')\n    .expect('Content-Type', /json/)\n    .expect(responseCode.OK)\n    .expect(response => {\n      let data = response.body.data.find((item) => item.id_game == id_game);\n      expect(data).to.equal(undefined,'Data masih terdapat pada database')\n    })\n    .end(done);",
              "err": {},
              "uuid": "2d34172a-0929-42ed-bf7e-faa710b48d3b",
              "parentUUID": "3f6c8008-2679-4c26-b6be-b4c62ca69f0e",
              "isHook": false,
              "skipped": false
            },
            {
              "title": "Admin can delete other user game",
              "fullTitle": "Users Reviews Test Admin can delete other user game",
              "timedOut": false,
              "duration": 58,
              "state": "passed",
              "speed": "medium",
              "pass": true,
              "fail": false,
              "pending": false,
              "context": null,
              "code": "request(app)\n    .delete(`/user/${idUserPro}/game/${id_game}`)\n    .set('Accept', 'application/json')\n    .set('token', tokenAdmin)\n    .expect('Content-Type', /json/)\n    .expect(responseCode.OK)\n    .expect(response => {\n        expect(response.body.message).to.equal('Successfuly deleted user game', 'Response message tidak sesuai')\n    })\n    .end(done);",
              "err": {},
              "uuid": "355e2218-01b4-4e56-b0c2-900828fc4ab8",
              "parentUUID": "3f6c8008-2679-4c26-b6be-b4c62ca69f0e",
              "isHook": false,
              "skipped": false
            },
            {
              "title": "User game should be deleted",
              "fullTitle": "Users Reviews Test User game should be deleted",
              "timedOut": false,
              "duration": 40,
              "state": "passed",
              "speed": "medium",
              "pass": true,
              "fail": false,
              "pending": false,
              "context": null,
              "code": "request(app)\n    .get(`/user/${idUserPro}/game`)\n    .set('token', tokenBasic)\n    .set('Accept', 'application/json')\n    .expect('Content-Type', /json/)\n    .expect(responseCode.OK)\n    .expect(response => {\n      let data = response.body.data.find((item) => item.id_game == id_game);\n      expect(data).to.equal(undefined,'Data masih terdapat pada database')\n    })\n    .end(done);",
              "err": {},
              "uuid": "770e4346-9d00-4946-9622-e820575cc06d",
              "parentUUID": "3f6c8008-2679-4c26-b6be-b4c62ca69f0e",
              "isHook": false,
              "skipped": false
            }
          ],
          "suites": [],
          "passes": [
            "816d899c-ca13-46a7-9f54-449827b5e906",
            "b95d9e5d-698a-4605-98ef-73b6c2c68be1",
            "58bfbd66-ea15-47a1-bd66-31161a9d3d64",
            "59570402-5975-4408-9288-c98a00190cb7",
            "2d34172a-0929-42ed-bf7e-faa710b48d3b",
            "355e2218-01b4-4e56-b0c2-900828fc4ab8",
            "770e4346-9d00-4946-9622-e820575cc06d"
          ],
          "failures": [],
          "pending": [],
          "skipped": [],
          "duration": 413,
          "root": false,
          "rootEmpty": false,
          "_timeout": 4000
        }
      ],
      "passes": [],
      "failures": [],
      "pending": [],
      "skipped": [],
      "duration": 0,
      "root": true,
      "rootEmpty": true,
      "_timeout": 4000
    }
  ],
  "meta": {
    "mocha": {
      "version": "7.1.2"
    },
    "mochawesome": {
      "options": {
        "quiet": false,
        "reportFilename": "mochawesome",
        "saveHtml": true,
        "saveJson": true,
        "consoleReporter": "spec",
        "useInlineDiffs": false,
        "code": true
      },
      "version": "6.1.1"
    },
    "marge": {
      "options": null,
      "version": "5.1.0"
    }
  }
}