{
  "stats": {
    "suites": 6,
    "tests": 45,
    "passes": 45,
    "pending": 0,
    "failures": 0,
    "start": "2020-06-15T15:01:31.904Z",
    "end": "2020-06-15T15:01:42.406Z",
    "duration": 10502,
    "testsRegistered": 45,
    "passPercent": 100,
    "pendingPercent": 0,
    "other": 0,
    "hasOther": false,
    "skipped": 0,
    "hasSkipped": false
  },
  "results": [
    {
      "uuid": "613c2baa-c240-493e-b467-082d18e5d0dc",
      "title": "",
      "fullFile": "",
      "file": "",
      "beforeHooks": [],
      "afterHooks": [],
      "tests": [],
      "suites": [
        {
          "uuid": "1aeb26a2-020e-4878-b07d-e5272d65a480",
          "title": "Testing registration for all user role",
          "fullFile": "D:\\nodejs-game-restful-api\\tests\\auth_test.js",
          "file": "\\tests\\auth_test.js",
          "beforeHooks": [
            {
              "title": "\"before all\" hook",
              "fullTitle": "Testing registration for all user role \"before all\" hook",
              "timedOut": false,
              "duration": 2943,
              "state": null,
              "speed": null,
              "pass": false,
              "fail": false,
              "pending": false,
              "context": null,
              "code": "await model.users.destroy({\n    where: {},\n    truncate: true\n  })\n  await model.games.destroy({\n      where: {},\n      truncate: true\n    })\nawait model.users_games.destroy({\n    where: {},\n    truncate: true\n  })\n  await  model.genres.destroy({\n    where: {},\n    truncate: true\n  })\n  await  model.users_reviews.destroy({\n    where: {},\n    truncate: true\n  })\n  await   model.genre_games.destroy({\n    where: {},\n    truncate: true\n  })",
              "err": {},
              "uuid": "ef40a9ab-aeef-4341-830b-d856c19f877b",
              "parentUUID": "1aeb26a2-020e-4878-b07d-e5272d65a480",
              "isHook": true,
              "skipped": false
            }
          ],
          "afterHooks": [],
          "tests": [
            {
              "title": "Register using basic user with email : basic@gmail.com",
              "fullTitle": "Testing registration for all user role Register using basic user with email : basic@gmail.com",
              "timedOut": false,
              "duration": 415,
              "state": "passed",
              "speed": "slow",
              "pass": true,
              "fail": false,
              "pending": false,
              "context": null,
              "code": "request(app)\n    .post('/register')\n    .send(fakeData.user.basic)\n    .set('Accept', 'application/json')\n    .expect('Content-Type', /json/)\n    .expect(responseCode.SUCCESS_INSERT)\n    .expect(response => {\n        expect(response.body.message).to.equal('Berhasil melakukan registrasi user','Response message tidak sesuai');\n        expect(response.body.data.email).to.equal( fakeData.user.basic.email,'Email yang diberikan pada response tidak sesuai')\n        expect(response.body.data.tipe).to.equal(fakeData.user.basic.tipe,'Tipe yang diberikan pada resposne tidak sesuai')\n    })\n    .end(done);",
              "err": {},
              "uuid": "38a0fa8d-a2be-4ba3-be2f-4a029b32e318",
              "parentUUID": "1aeb26a2-020e-4878-b07d-e5272d65a480",
              "isHook": false,
              "skipped": false
            },
            {
              "title": "Register using basic user with email : basic@gmail.com, Duplicate email should fail",
              "fullTitle": "Testing registration for all user role Register using basic user with email : basic@gmail.com, Duplicate email should fail",
              "timedOut": false,
              "duration": 10,
              "state": "passed",
              "speed": "fast",
              "pass": true,
              "fail": false,
              "pending": false,
              "context": null,
              "code": "request(app)\n    .post('/register')\n    .send(fakeData.user.basic)\n    .set('Accept', 'application/json')\n    .expect('Content-Type', /json/)\n    .expect(responseCode.DUPLICATE)\n    .end(done);",
              "err": {},
              "uuid": "6c0770dc-9d8b-4467-b2ee-b77785d19e12",
              "parentUUID": "1aeb26a2-020e-4878-b07d-e5272d65a480",
              "isHook": false,
              "skipped": false
            },
            {
              "title": "Register using basic pro with email : pro@gmail.com",
              "fullTitle": "Testing registration for all user role Register using basic pro with email : pro@gmail.com",
              "timedOut": false,
              "duration": 1496,
              "state": "passed",
              "speed": "slow",
              "pass": true,
              "fail": false,
              "pending": false,
              "context": null,
              "code": "request(app)\n    .post('/register')\n    .send(fakeData.user.pro)\n    .set('Accept', 'application/json')\n    .expect('Content-Type', /json/)\n    .expect(responseCode.SUCCESS_INSERT)\n    .expect(response => {\n        expect(response.body.message).to.equal('Berhasil melakukan registrasi user, Silakan membayar pada url yang tertera','Response message tidak sesuai');\n        expect(response.body.data.email).to.equal( fakeData.user.pro.email,'Email yang diberikan pada response tidak sesuai')\n        expect(response.body.data.tipe).to.equal(fakeData.user.pro.tipe,'Tipe yang diberikan pada resposne tidak sesuai')\n    })\n    .end(done);",
              "err": {},
              "uuid": "586fa71c-bc33-452a-8e91-993f67e5968b",
              "parentUUID": "1aeb26a2-020e-4878-b07d-e5272d65a480",
              "isHook": false,
              "skipped": false
            },
            {
              "title": "Register using admin user with email : admin@gmail.com",
              "fullTitle": "Testing registration for all user role Register using admin user with email : admin@gmail.com",
              "timedOut": false,
              "duration": 325,
              "state": "passed",
              "speed": "slow",
              "pass": true,
              "fail": false,
              "pending": false,
              "context": null,
              "code": "request(app)\n    .post('/register')\n    .send(fakeData.user.admin)\n    .set('Accept', 'application/json')\n    .expect('Content-Type', /json/)\n    .expect(responseCode.SUCCESS_INSERT)\n    .expect(response => {\n        expect(response.body.message).to.equal('Berhasil melakukan registrasi user','Response message tidak sesuai');\n        expect(response.body.data.email).to.equal( fakeData.user.admin.email,'Email yang diberikan pada response tidak sesuai')\n        expect(response.body.data.tipe).to.equal(fakeData.user.admin.tipe,'Tipe yang diberikan pada resposne tidak sesuai')\n    })\n    .end(done);",
              "err": {},
              "uuid": "38928ee4-603f-4fc5-92cd-0ed798e0e20a",
              "parentUUID": "1aeb26a2-020e-4878-b07d-e5272d65a480",
              "isHook": false,
              "skipped": false
            },
            {
              "title": "Basic User can login",
              "fullTitle": "Testing registration for all user role Basic User can login",
              "timedOut": false,
              "duration": 183,
              "state": "passed",
              "speed": "slow",
              "pass": true,
              "fail": false,
              "pending": false,
              "context": null,
              "code": "request(app)\n    .post('/login')\n    .send({email : fakeData.user.basic.email, password: fakeData.user.basic.password })\n    .set('Accept', 'application/json')\n    .expect('Content-Type', /json/)\n    .expect(responseCode.SUCCESS_GET)\n    .expect(response => {\n        expect(response.body.message).to.equal('Success Login','Response message tidak sesuai');\n        var userLogin = jwt.verify(response.body.token, 'soa2018');\n        expect(userLogin.email).to.equal(fakeData.user.basic.email,'Payload email JWT tidak sesuai')\n        global.tokenBasic = response.body.token;\n        global.userBasic = userLogin;\n    })\n    .end(done);",
              "err": {},
              "uuid": "bba95f9c-62eb-4ff0-8013-e3dfcb081d46",
              "parentUUID": "1aeb26a2-020e-4878-b07d-e5272d65a480",
              "isHook": false,
              "skipped": false
            },
            {
              "title": "Pro User can login",
              "fullTitle": "Testing registration for all user role Pro User can login",
              "timedOut": false,
              "duration": 172,
              "state": "passed",
              "speed": "slow",
              "pass": true,
              "fail": false,
              "pending": false,
              "context": null,
              "code": "request(app)\n    .post('/login')\n    .send({email : fakeData.user.pro.email, password: fakeData.user.pro.password })\n    .set('Accept', 'application/json')\n    .expect('Content-Type', /json/)\n    .expect(responseCode.SUCCESS_GET)\n    .expect(response => {\n        expect(response.body.message).to.equal('Success Login','Response message tidak sesuai');\n        var userLogin = jwt.verify(response.body.token, 'soa2018');\n        expect(userLogin.email).to.equal(fakeData.user.pro.email,'Payload email JWT tidak sesuai')\n        global.tokenPro = response.body.token;\n        global.userPro = userLogin;\n    })\n    .end(done);",
              "err": {},
              "uuid": "56b72a9d-87c4-4d0d-a698-0fec3afaab93",
              "parentUUID": "1aeb26a2-020e-4878-b07d-e5272d65a480",
              "isHook": false,
              "skipped": false
            },
            {
              "title": "Admin User can login",
              "fullTitle": "Testing registration for all user role Admin User can login",
              "timedOut": false,
              "duration": 148,
              "state": "passed",
              "speed": "slow",
              "pass": true,
              "fail": false,
              "pending": false,
              "context": null,
              "code": "request(app)\n    .post('/login')\n    .send({email : fakeData.user.admin.email, password: fakeData.user.admin.password })\n    .set('Accept', 'application/json')\n    .expect('Content-Type', /json/)\n    .expect(responseCode.SUCCESS_GET)\n    .expect(response => {\n        expect(response.body.message).to.equal('Success Login','Response message tidak sesuai');\n        var userLogin = jwt.verify(response.body.token, 'soa2018');\n        expect(userLogin.email).to.equal(fakeData.user.admin.email,'Payload email JWT tidak sesuai')\n        global.tokenAdmin = response.body.token;\n        global.userAdmin = userLogin;\n    })\n    .end(done);",
              "err": {},
              "uuid": "b6c645a6-9de7-44a6-90ad-c65c652d4498",
              "parentUUID": "1aeb26a2-020e-4878-b07d-e5272d65a480",
              "isHook": false,
              "skipped": false
            }
          ],
          "suites": [],
          "passes": [
            "38a0fa8d-a2be-4ba3-be2f-4a029b32e318",
            "6c0770dc-9d8b-4467-b2ee-b77785d19e12",
            "586fa71c-bc33-452a-8e91-993f67e5968b",
            "38928ee4-603f-4fc5-92cd-0ed798e0e20a",
            "bba95f9c-62eb-4ff0-8013-e3dfcb081d46",
            "56b72a9d-87c4-4d0d-a698-0fec3afaab93",
            "b6c645a6-9de7-44a6-90ad-c65c652d4498"
          ],
          "failures": [],
          "pending": [],
          "skipped": [],
          "duration": 2749,
          "root": false,
          "rootEmpty": false,
          "_timeout": 8000
        },
        {
          "uuid": "f86cd16f-feac-428b-91f5-2abc6b9f7886",
          "title": "Genre Test",
          "fullFile": "D:\\nodejs-game-restful-api\\tests\\genre_test.js",
          "file": "\\tests\\genre_test.js",
          "beforeHooks": [
            {
              "title": "\"before all\" hook",
              "fullTitle": "Genre Test \"before all\" hook",
              "timedOut": false,
              "duration": 0,
              "state": null,
              "speed": null,
              "pass": false,
              "fail": false,
              "pending": false,
              "context": null,
              "code": "genreName = \"RPG\";\nnewGenreName = \"RPGS\";\ninsertGenreName = \"RPG\";\ntoken = global.tokenPro;",
              "err": {},
              "uuid": "1d4a68a5-db8c-4dca-87c0-6600886d1097",
              "parentUUID": "f86cd16f-feac-428b-91f5-2abc6b9f7886",
              "isHook": true,
              "skipped": false
            }
          ],
          "afterHooks": [],
          "tests": [
            {
              "title": "Response should be when genre inserted",
              "fullTitle": "Genre Test Response should be when genre inserted",
              "timedOut": false,
              "duration": 83,
              "state": "passed",
              "speed": "slow",
              "pass": true,
              "fail": false,
              "pending": false,
              "context": null,
              "code": "request(app)\n    .post('/genres')\n    .send({\n        name: genreName,\n        slug: \"rpg\"\n    })\n    .set('Accept', 'application/json')\n    .set('token', token)\n    .expect('Content-Type', /json/)\n    .expect(responseCode.SUCCESS_INSERT)\n    .expect(response => {\n        expect(response.body.message).to.equal('Genre berhasil ditambahkan')\n        insertedId = response.body.data.id\n        expect(response.body.data.name).to.equal(genreName, 'Nama genre yang diberikan pada resposne tidak sesuai')\n    })\n    .end(done);",
              "err": {},
              "uuid": "864aa3be-d297-4ae2-beb5-29fcbf4f8884",
              "parentUUID": "f86cd16f-feac-428b-91f5-2abc6b9f7886",
              "isHook": false,
              "skipped": false
            },
            {
              "title": "Response should be when get a genre with params",
              "fullTitle": "Genre Test Response should be when get a genre with params",
              "timedOut": false,
              "duration": 3055,
              "state": "passed",
              "speed": "slow",
              "pass": true,
              "fail": false,
              "pending": false,
              "context": null,
              "code": "request(app)\n    .get('/genres')\n    .set('token', token)\n    .set('Accept', 'application/json')\n    .expect('Content-Type', /json/)\n    .expect(responseCode.OK)\n    .expect(response => {\n        let data = response.body.data.find((item) => item.id == insertedId);\n        expect(data.name).to.equal(genreName, 'Nama pada response tidak sesuai')\n    })\n    .end(done);",
              "err": {},
              "uuid": "1658e709-e5be-47e0-8955-c26838bbf88f",
              "parentUUID": "f86cd16f-feac-428b-91f5-2abc6b9f7886",
              "isHook": false,
              "skipped": false
            },
            {
              "title": "Response should be when get a genre with ID",
              "fullTitle": "Genre Test Response should be when get a genre with ID",
              "timedOut": false,
              "duration": 13,
              "state": "passed",
              "speed": "fast",
              "pass": true,
              "fail": false,
              "pending": false,
              "context": null,
              "code": "request(app)\n    .get(`/genres/${insertedId}`)\n    .set('token', token)\n    .set('Accept', 'application/json')\n    .expect('Content-Type', /json/)\n    .expect(responseCode.OK)\n    .expect(response => {\n        expect(response.body.data.name).to.equal(genreName, 'Nama genre pada response tidak sesuai')\n    })\n    .end(done);",
              "err": {},
              "uuid": "14d37689-71fb-481a-9012-e77591c4bfe7",
              "parentUUID": "f86cd16f-feac-428b-91f5-2abc6b9f7886",
              "isHook": false,
              "skipped": false
            },
            {
              "title": "Response should be when genre updated",
              "fullTitle": "Genre Test Response should be when genre updated",
              "timedOut": false,
              "duration": 75,
              "state": "passed",
              "speed": "medium",
              "pass": true,
              "fail": false,
              "pending": false,
              "context": null,
              "code": "request(app)\n    .patch(`/genres/${insertedId}`)\n    .send({\n        name: newGenreName,\n        slug: \"rpg\"\n    })\n    .set('Accept', 'application/json')\n    .set('token', token)\n    .expect('Content-Type', /json/)\n    .expect(responseCode.OK)\n    .expect(response => {\n        expect(response.body.message).to.equal('Genre berhasil diupdate')\n    })\n    .end(done);",
              "err": {},
              "uuid": "13de55cb-9689-4cc7-be1b-3cdcde01327e",
              "parentUUID": "f86cd16f-feac-428b-91f5-2abc6b9f7886",
              "isHook": false,
              "skipped": false
            },
            {
              "title": "Response should be when get a genre with ID after updated",
              "fullTitle": "Genre Test Response should be when get a genre with ID after updated",
              "timedOut": false,
              "duration": 13,
              "state": "passed",
              "speed": "fast",
              "pass": true,
              "fail": false,
              "pending": false,
              "context": null,
              "code": "request(app)\n    .get(`/genres/${insertedId}`)\n    .set('token', token)\n    .set('Accept', 'application/json')\n    .expect('Content-Type', /json/)\n    .expect(responseCode.OK)\n    .expect(response => {\n        expect(response.body.data.name).to.equal(newGenreName, 'Nama genre pada response tidak sesuai')\n    })\n    .end(done);",
              "err": {},
              "uuid": "4a497b93-c99c-4952-9c90-929c403b113a",
              "parentUUID": "f86cd16f-feac-428b-91f5-2abc6b9f7886",
              "isHook": false,
              "skipped": false
            },
            {
              "title": "Response should be when genre deleted",
              "fullTitle": "Genre Test Response should be when genre deleted",
              "timedOut": false,
              "duration": 63,
              "state": "passed",
              "speed": "medium",
              "pass": true,
              "fail": false,
              "pending": false,
              "context": null,
              "code": "request(app)\n    .delete(`/genres/${insertedId}`)\n    .set('Accept', 'application/json')\n    .set('token', token)\n    .expect('Content-Type', /json/)\n    .expect(responseCode.OK)\n    .expect(response => {\n        expect(response.body.message).to.equal('Genre berhasil dihapus')\n    })\n    .end(done);",
              "err": {},
              "uuid": "08fb5c3f-ab8b-4ad7-a346-316a83feeac6",
              "parentUUID": "f86cd16f-feac-428b-91f5-2abc6b9f7886",
              "isHook": false,
              "skipped": false
            },
            {
              "title": "Insert genre for game seed",
              "fullTitle": "Genre Test Insert genre for game seed",
              "timedOut": false,
              "duration": 55,
              "state": "passed",
              "speed": "medium",
              "pass": true,
              "fail": false,
              "pending": false,
              "context": null,
              "code": "request(app)\n    .post('/genres')\n    .send({\n        name: \"Testing Genre\",\n        slug: \"testing-genre\"\n    })\n    .set('Accept', 'application/json')\n    .set('token', token)\n    .expect('Content-Type', /json/)\n    .expect(responseCode.SUCCESS_INSERT)\n    .expect(response => {\n        expect(response.body.message).to.equal('Genre berhasil ditambahkan')\n        insertedId = response.body.data.id\n        global.seed_genre = insertedId;\n        expect(response.body.data.name).to.equal(\"Testing Genre\", 'Nama genre yang diberikan pada resposne tidak sesuai')\n        expect(response.body.data.slug).to.equal(\"testing-genre\", 'Nama genre yang diberikan pada resposne tidak sesuai')\n    })\n    .end(done);",
              "err": {},
              "uuid": "48b9139b-be7b-499a-a13e-a55111ae60f3",
              "parentUUID": "f86cd16f-feac-428b-91f5-2abc6b9f7886",
              "isHook": false,
              "skipped": false
            }
          ],
          "suites": [],
          "passes": [
            "864aa3be-d297-4ae2-beb5-29fcbf4f8884",
            "1658e709-e5be-47e0-8955-c26838bbf88f",
            "14d37689-71fb-481a-9012-e77591c4bfe7",
            "13de55cb-9689-4cc7-be1b-3cdcde01327e",
            "4a497b93-c99c-4952-9c90-929c403b113a",
            "08fb5c3f-ab8b-4ad7-a346-316a83feeac6",
            "48b9139b-be7b-499a-a13e-a55111ae60f3"
          ],
          "failures": [],
          "pending": [],
          "skipped": [],
          "duration": 3357,
          "root": false,
          "rootEmpty": false,
          "_timeout": 8000
        },
        {
          "uuid": "65539c6b-443c-40a4-b7c3-f1b544ab07eb",
          "title": "Game Test",
          "fullFile": "D:\\nodejs-game-restful-api\\tests\\game_test.js",
          "file": "\\tests\\game_test.js",
          "beforeHooks": [
            {
              "title": "\"before all\" hook",
              "fullTitle": "Game Test \"before all\" hook",
              "timedOut": false,
              "duration": 0,
              "state": null,
              "speed": null,
              "pass": false,
              "fail": false,
              "pending": false,
              "context": null,
              "code": "description = 'Monster Hunter: World is an action role-playing game';\ntoken = global.tokenAdmin;\ngenre = [global.seed_genre];\ngameName = \"Monster Hunter: World\";\nslug = \"monster-hunter-world\"",
              "err": {},
              "uuid": "4fa120a4-ef53-42f4-b285-0c669d805b1e",
              "parentUUID": "65539c6b-443c-40a4-b7c3-f1b544ab07eb",
              "isHook": true,
              "skipped": false
            }
          ],
          "afterHooks": [],
          "tests": [
            {
              "title": "Response should be when game inserted",
              "fullTitle": "Game Test Response should be when game inserted",
              "timedOut": false,
              "duration": 122,
              "state": "passed",
              "speed": "slow",
              "pass": true,
              "fail": false,
              "pending": false,
              "context": null,
              "code": "request(app)\n  .post('/games')\n  .send({\n    name: gameName,\n    description: description,\n    genre: genre,\n    slug: slug\n  })\n  .set('Accept', 'application/json')\n  .set('Token', token)\n  .expect('Content-Type', /json/)\n  // .expect(responseCode.SUCCESS_INSERT)\n  .expect(response => {\n    insertedId = response.body.data.id;\n    global.seed_id_game = insertedId;\n    expect(response.body.message).to.equal('Game berhasil ditambahkan', 'Response message tidak sesuai');\n    expect(response.body.data.description).to.equal(description, 'Description yang diberikan pada response tidak sesuai')\n    expect(response.body.data.genre.length).to.equal(genre.length, 'Genre yang diberikan pada resposne tidak sesuai');\n    expect(response.body.data.created_by).to.equal(global.userAdmin.id, 'token user yang diberikan pada resposne tidak sesuai')\n    expect(response.body.data.slug).to.equal(slug, 'Slug pada response tidak sesuai')\n  })\n  .end(done);",
              "err": {},
              "uuid": "4162772d-c0b6-4a00-b409-4f0f5dae8235",
              "parentUUID": "65539c6b-443c-40a4-b7c3-f1b544ab07eb",
              "isHook": false,
              "skipped": false
            },
            {
              "title": "Get game should contain inserted game",
              "fullTitle": "Game Test Get game should contain inserted game",
              "timedOut": false,
              "duration": 17,
              "state": "passed",
              "speed": "fast",
              "pass": true,
              "fail": false,
              "pending": false,
              "context": null,
              "code": "request(app)\n  .get(`/games/${insertedId}`)\n  .set('Accept', 'application/json')\n  .set('Token', token)\n  .expect('Content-Type', /json/)\n  .expect(responseCode.OK)\n  .expect(response => {\n    expect(response.body.data.name).to.equal(gameName, 'Nama pada response tidak sesuai')\n    expect(response.body.data.slug).to.equal(slug, 'Slug pada response tidak sesuai')\n    //   expect(response.body.data.developer.name).to.equal(global.userAdmin.name,'Nama developer yang diberikan pada resposne tidak sesuai')\n  })\n  .end(done);",
              "err": {},
              "uuid": "797cdc74-68a6-4335-bcfc-ff7b9e945dd6",
              "parentUUID": "65539c6b-443c-40a4-b7c3-f1b544ab07eb",
              "isHook": false,
              "skipped": false
            },
            {
              "title": "GET all games should contain inserted games",
              "fullTitle": "Game Test GET all games should contain inserted games",
              "timedOut": false,
              "duration": 17,
              "state": "passed",
              "speed": "fast",
              "pass": true,
              "fail": false,
              "pending": false,
              "context": null,
              "code": "request(app)\n  .get('/games')\n  .set('Accept', 'application/json')\n  .set('Token', token)\n  .expect('Content-Type', /json/)\n  .expect(responseCode.OK)\n  .expect(response => {\n    let data = response.body.data.find((item) => item.id == insertedId);\n    expect(data.name).to.equal(gameName, 'Nama pada response tidak sesuai')\n    expect(data.slug).to.equal(slug, 'Slug pada response tidak sesuai')\n  })\n  .end(done);",
              "err": {},
              "uuid": "81efcb7d-384a-4bd5-8f5e-44d6383905e3",
              "parentUUID": "65539c6b-443c-40a4-b7c3-f1b544ab07eb",
              "isHook": false,
              "skipped": false
            }
          ],
          "suites": [],
          "passes": [
            "4162772d-c0b6-4a00-b409-4f0f5dae8235",
            "797cdc74-68a6-4335-bcfc-ff7b9e945dd6",
            "81efcb7d-384a-4bd5-8f5e-44d6383905e3"
          ],
          "failures": [],
          "pending": [],
          "skipped": [],
          "duration": 156,
          "root": false,
          "rootEmpty": false,
          "_timeout": 8000
        },
        {
          "uuid": "ca014cf8-2784-4296-a13b-72b9612bfdd2",
          "title": "Users Reviews Test",
          "fullFile": "D:\\nodejs-game-restful-api\\tests\\user_review_test.js",
          "file": "\\tests\\user_review_test.js",
          "beforeHooks": [
            {
              "title": "\"before all\" hook",
              "fullTitle": "Users Reviews Test \"before all\" hook",
              "timedOut": false,
              "duration": 0,
              "state": null,
              "speed": null,
              "pass": false,
              "fail": false,
              "pending": false,
              "context": null,
              "code": "id_game = global.seed_id_game;\ntokenBasic = global.tokenBasic;\nidUserBasic = global.userBasic.id;\nidUserPro = global.userPro.id;\ntokenAdmin = global.tokenAdmin;\nidUserAdmin = global.userAdmin.id;",
              "err": {},
              "uuid": "bf107b34-0ac8-4cb9-a953-de044931e6a7",
              "parentUUID": "ca014cf8-2784-4296-a13b-72b9612bfdd2",
              "isHook": true,
              "skipped": false
            }
          ],
          "afterHooks": [],
          "tests": [
            {
              "title": "Response should be when user review inserted",
              "fullTitle": "Users Reviews Test Response should be when user review inserted",
              "timedOut": false,
              "duration": 62,
              "state": "passed",
              "speed": "medium",
              "pass": true,
              "fail": false,
              "pending": false,
              "context": null,
              "code": "request(app)\n    .post('/reviews')\n    .send({\n        id_game: id_game,\n        id_user: idUserBasic,\n        review: review,\n        review_score: review_score\n    })\n    .set('Accept', 'application/json')\n    .set('token', tokenBasic)\n    .expect('Content-Type', /json/)\n    .expect(responseCode.SUCCESS_INSERT)\n    .expect(response => {\n        id = parseInt(response.body.data.id)\n        expect(response.body.message).to.equal('Successfuly inserted user review', 'Response message tidak sesuai')\n        expect(response.body.data.id_game).to.equal(id_game, 'ID Game yang diberikan pada response tidak sesuai')\n        expect(response.body.data.id_user).to.equal(idUserBasic, 'ID User yang diberikan pada response tidak sesuai')\n        expect(response.body.data.review).to.equal(review, 'Review yang diberikan pada response tidak sesuai')\n        expect(response.body.data.review_score).to.equal(review_score, 'Review Score yang diberikan pada response tidak sesuai')\n    })\n    .end(done);",
              "err": {},
              "uuid": "19f58658-33aa-402e-b70a-4a86f26de5a0",
              "parentUUID": "ca014cf8-2784-4296-a13b-72b9612bfdd2",
              "isHook": false,
              "skipped": false
            },
            {
              "title": "Response should be when get a user review",
              "fullTitle": "Users Reviews Test Response should be when get a user review",
              "timedOut": false,
              "duration": 13,
              "state": "passed",
              "speed": "fast",
              "pass": true,
              "fail": false,
              "pending": false,
              "context": null,
              "code": "request(app)\n    .get(`/reviews/${id}`)\n    .set('token', tokenBasic)\n    .set('Accept', 'application/json')\n    .expect('Content-Type', /json/)\n    .expect(responseCode.OK)\n    .expect(response => {\n        expect(response.body.data.id).to.equal(id, 'ID yang diberikan pada response tidak sesuai')\n        expect(response.body.data.id_game).to.equal(id_game, 'ID Game yang diberikan pada response tidak sesuai')\n        expect(response.body.data.id_user).to.equal(idUserBasic, 'ID User yang diberikan pada response tidak sesuai')\n        expect(response.body.data.review).to.equal(review, 'Review yang diberikan pada response tidak sesuai')\n        expect(response.body.data.review_score).to.equal(review_score, 'Review Score yang diberikan pada response tidak sesuai')\n    })\n    .end(done);",
              "err": {},
              "uuid": "17c68db2-8185-48b3-97c0-e35e69e1fd1c",
              "parentUUID": "ca014cf8-2784-4296-a13b-72b9612bfdd2",
              "isHook": false,
              "skipped": false
            },
            {
              "title": "Response should be when get all users reviews",
              "fullTitle": "Users Reviews Test Response should be when get all users reviews",
              "timedOut": false,
              "duration": 8,
              "state": "passed",
              "speed": "fast",
              "pass": true,
              "fail": false,
              "pending": false,
              "context": null,
              "code": "request(app)\n    .get('/reviews')\n    .set('token', tokenBasic)\n    .set('Accept', 'application/json')\n    .expect('Content-Type', /json/)\n    .expect(responseCode.OK)\n    .expect(response => {\n        // if index remains null, this test will fail\n        let index = null\n        for (let i = 0; i < response.body.data.length; i++) {\n            if (response.body.data[i].id === id) {\n                index = i\n            }\n        }\n        expect(response.body.data[index].id_game).to.equal(id_game, 'ID Game yang diberikan pada response tidak sesuai')\n        expect(response.body.data[index].id_user).to.equal(idUserBasic, 'ID User yang diberikan pada response tidak sesuai')\n        expect(response.body.data[index].review).to.equal(review, 'Review yang diberikan pada response tidak sesuai')\n        expect(response.body.data[index].review_score).to.equal(review_score, 'Review Score yang diberikan pada response tidak sesuai')\n    })\n    .end(done);",
              "err": {},
              "uuid": "1b615868-c9b4-49dc-8b4f-4a275bb5de9d",
              "parentUUID": "ca014cf8-2784-4296-a13b-72b9612bfdd2",
              "isHook": false,
              "skipped": false
            },
            {
              "title": "GET /users/:id_user/reviews Response should be when get all users reviews",
              "fullTitle": "Users Reviews Test GET /users/:id_user/reviews Response should be when get all users reviews",
              "timedOut": false,
              "duration": 12,
              "state": "passed",
              "speed": "fast",
              "pass": true,
              "fail": false,
              "pending": false,
              "context": null,
              "code": "request(app)\n    .get(`/users/${idUserBasic}/reviews`)\n    .set('token', tokenBasic)\n    .set('Accept', 'application/json')\n    .expect('Content-Type', /json/)\n    .expect(responseCode.OK)\n    .expect(response => {\n        // if index remains null, this test will fail\n        let index = null\n        for (let i = 0; i < response.body.data.length; i++) {\n            if (response.body.data[i].id === id) {\n                index = i\n            }\n        }\n        expect(response.body.data[index].id_game).to.equal(id_game, 'ID Game yang diberikan pada response tidak sesuai')\n        expect(response.body.data[index].id_user).to.equal(idUserBasic, 'ID User yang diberikan pada response tidak sesuai')\n        expect(response.body.data[index].review).to.equal(review, 'Review yang diberikan pada response tidak sesuai')\n        expect(response.body.data[index].review_score).to.equal(review_score, 'Review Score yang diberikan pada response tidak sesuai')\n    })\n    .end(done);",
              "err": {},
              "uuid": "b2518b4d-f64f-43c1-8c5c-0cbfe37942db",
              "parentUUID": "ca014cf8-2784-4296-a13b-72b9612bfdd2",
              "isHook": false,
              "skipped": false
            },
            {
              "title": "Response should be when patch a user review",
              "fullTitle": "Users Reviews Test Response should be when patch a user review",
              "timedOut": false,
              "duration": 63,
              "state": "passed",
              "speed": "medium",
              "pass": true,
              "fail": false,
              "pending": false,
              "context": null,
              "code": "request(app)\n    .patch(`/reviews/${id}`)\n    .send({\n        review: review_update,\n        review_score: review_score_update\n    })\n    .set('Accept', 'application/json')\n    .set('token', tokenBasic)\n    .expect('Content-Type', /json/)\n    .expect(responseCode.OK)\n    .expect(response => {\n        expect(response.body.message).to.equal('User berhasil diupdate', 'Response message tidak sesuai')\n    })\n    .end(done);",
              "err": {},
              "uuid": "dee6106e-c1fb-473f-82d8-6d162ad9ac4d",
              "parentUUID": "ca014cf8-2784-4296-a13b-72b9612bfdd2",
              "isHook": false,
              "skipped": false
            },
            {
              "title": "Response should be when get a user review (after patch user review)",
              "fullTitle": "Users Reviews Test Response should be when get a user review (after patch user review)",
              "timedOut": false,
              "duration": 13,
              "state": "passed",
              "speed": "fast",
              "pass": true,
              "fail": false,
              "pending": false,
              "context": null,
              "code": "request(app)\n    .get(`/reviews/${id}`)\n    .set('Accept', 'application/json')\n    .set('token', tokenBasic)\n    .expect('Content-Type', /json/)\n    .expect(responseCode.OK)\n    .expect(response => {\n        expect(response.body.data.id).to.equal(id, 'ID yang diberikan pada response tidak sesuai')\n        expect(response.body.data.id_game).to.equal(id_game, 'ID Game yang diberikan pada response tidak sesuai')\n        expect(response.body.data.id_user).to.equal(idUserBasic, 'ID User yang diberikan pada response tidak sesuai')\n        expect(response.body.data.review).to.equal(review_update, 'Review yang diberikan pada response tidak sesuai')\n        expect(response.body.data.review_score).to.equal(review_score_update, 'Review Score yang diberikan pada response tidak sesuai')\n    })\n    .end(done);",
              "err": {},
              "uuid": "734cb2b6-3a34-4a74-ae6a-b2defe9a708f",
              "parentUUID": "ca014cf8-2784-4296-a13b-72b9612bfdd2",
              "isHook": false,
              "skipped": false
            },
            {
              "title": "Response should be when delete a user review",
              "fullTitle": "Users Reviews Test Response should be when delete a user review",
              "timedOut": false,
              "duration": 50,
              "state": "passed",
              "speed": "medium",
              "pass": true,
              "fail": false,
              "pending": false,
              "context": null,
              "code": "request(app)\n    .delete(`/reviews/${id}`)\n    .set('Accept', 'application/json')\n    .set('token', tokenBasic)\n    .expect('Content-Type', /json/)\n    .expect(responseCode.OK)\n    .expect(response => {\n        expect(response.body.message).to.equal('User Review berhasil dihapus', 'Response message tidak sesuai')\n    })\n    .end(done);",
              "err": {},
              "uuid": "c0ae08e5-11d6-444d-ab73-4624168c82b2",
              "parentUUID": "ca014cf8-2784-4296-a13b-72b9612bfdd2",
              "isHook": false,
              "skipped": false
            }
          ],
          "suites": [],
          "passes": [
            "19f58658-33aa-402e-b70a-4a86f26de5a0",
            "17c68db2-8185-48b3-97c0-e35e69e1fd1c",
            "1b615868-c9b4-49dc-8b4f-4a275bb5de9d",
            "b2518b4d-f64f-43c1-8c5c-0cbfe37942db",
            "dee6106e-c1fb-473f-82d8-6d162ad9ac4d",
            "734cb2b6-3a34-4a74-ae6a-b2defe9a708f",
            "c0ae08e5-11d6-444d-ab73-4624168c82b2"
          ],
          "failures": [],
          "pending": [],
          "skipped": [],
          "duration": 221,
          "root": false,
          "rootEmpty": false,
          "_timeout": 8000
        },
        {
          "uuid": "1cfb3eed-f567-4fc0-b706-a2c1212eb919",
          "title": "Users Games Test",
          "fullFile": "D:\\nodejs-game-restful-api\\tests\\user_game_test.js",
          "file": "\\tests\\user_game_test.js",
          "beforeHooks": [
            {
              "title": "\"before all\" hook",
              "fullTitle": "Users Games Test \"before all\" hook",
              "timedOut": false,
              "duration": 0,
              "state": null,
              "speed": null,
              "pass": false,
              "fail": false,
              "pending": false,
              "context": null,
              "code": "id_game =  global.seed_id_game;\ntokenBasic = global.tokenBasic;\nidUserBasic = global.userBasic.id;\nidUserPro = global.userPro.id;\ntokenAdmin = global.tokenAdmin;\nidUserAdmin = global.userAdmin.id;",
              "err": {},
              "uuid": "5c870985-03df-48fe-800f-2332fcb49f01",
              "parentUUID": "1cfb3eed-f567-4fc0-b706-a2c1212eb919",
              "isHook": true,
              "skipped": false
            }
          ],
          "afterHooks": [],
          "tests": [
            {
              "title": "Cannot insert completed time if game not completed",
              "fullTitle": "Users Games Test Cannot insert completed time if game not completed",
              "timedOut": false,
              "duration": 10,
              "state": "passed",
              "speed": "fast",
              "pass": true,
              "fail": false,
              "pending": false,
              "context": null,
              "code": "request(app)\n    .post(`/users/${idUserBasic}/game`)\n    .send({\n        id_game: id_game,\n        id_user: idUserBasic,\n        tipe : 1,\n        completed_time :\"1\"\n    })\n    .set('Accept', 'application/json')\n    .set('token', tokenBasic)\n    .expect('Content-Type', /json/)\n    .expect(responseCode.BAD_REQUEST)\n    .end(done);",
              "err": {},
              "uuid": "92cee730-b4ba-43bf-ae7b-1078e7fa5f0c",
              "parentUUID": "1cfb3eed-f567-4fc0-b706-a2c1212eb919",
              "isHook": false,
              "skipped": false
            },
            {
              "title": "Basic User can insert user game",
              "fullTitle": "Users Games Test Basic User can insert user game",
              "timedOut": false,
              "duration": 74,
              "state": "passed",
              "speed": "medium",
              "pass": true,
              "fail": false,
              "pending": false,
              "context": null,
              "code": "request(app)\n    .post(`/users/${idUserBasic}/game`)\n    .send({\n        id_game: id_game,\n        tipe : 2,\n        completed_time :\"1\"\n    })\n    .set('Accept', 'application/json')\n    .set('token', tokenBasic)\n    .expect('Content-Type', /json/)\n    .expect(responseCode.SUCCESS_INSERT)\n    .expect(response => {\n        expect(response.body.message).to.equal('Successfuly inserted user game', 'Response message tidak sesuai')\n        expect(response.body.data.id_game).to.equal(id_game, 'ID Game yang diberikan pada response tidak sesuai')\n        expect(response.body.data.id_user).to.equal(idUserBasic, 'ID User yang diberikan pada response tidak sesuai')\n        expect(response.body.data.complete_time).to.equal(\"00:00:01\",\"Completed Time tidak sesuai\")\n        expect(response.body.data.tipe).to.equal(2,\"Tipe tidak sesuai\")\n    })\n    .end(done);",
              "err": {},
              "uuid": "8e4024bb-481c-4401-90fb-9d86840b64bc",
              "parentUUID": "1cfb3eed-f567-4fc0-b706-a2c1212eb919",
              "isHook": false,
              "skipped": false
            },
            {
              "title": "Admin can insert other user game",
              "fullTitle": "Users Games Test Admin can insert other user game",
              "timedOut": false,
              "duration": 77,
              "state": "passed",
              "speed": "slow",
              "pass": true,
              "fail": false,
              "pending": false,
              "context": null,
              "code": "request(app)\n    .post(`/users/${idUserPro}/game`)\n    .send({\n        id_game: id_game,\n        tipe : 2,\n        completed_time :\"1\"\n    })\n    .set('Accept', 'application/json')\n    .set('token', tokenAdmin)\n    .expect('Content-Type', /json/)\n    .expect(responseCode.SUCCESS_INSERT)\n    .expect(response => {\n        expect(response.body.message).to.equal('Successfuly inserted user game', 'Response message tidak sesuai')\n        expect(response.body.data.id_game).to.equal(id_game, 'ID Game yang diberikan pada response tidak sesuai')\n        expect(response.body.data.id_user).to.equal(idUserPro, 'ID User yang diberikan pada response tidak sesuai')\n        expect(response.body.data.complete_time).to.equal(\"00:00:01\",\"Completed Time tidak sesuai\")\n        expect(response.body.data.tipe).to.equal(2,\"Tipe tidak sesuai\")\n    })\n    .end(done);",
              "err": {},
              "uuid": "d880a058-2c97-4263-b725-2acf1b058ae3",
              "parentUUID": "1cfb3eed-f567-4fc0-b706-a2c1212eb919",
              "isHook": false,
              "skipped": false
            },
            {
              "title": "GET all user games should contain inserted",
              "fullTitle": "Users Games Test GET all user games should contain inserted",
              "timedOut": false,
              "duration": 21,
              "state": "passed",
              "speed": "fast",
              "pass": true,
              "fail": false,
              "pending": false,
              "context": null,
              "code": "request(app)\n    .get(`/users/${idUserBasic}/game`)\n    .set('token', tokenBasic)\n    .set('Accept', 'application/json')\n    .expect('Content-Type', /json/)\n    .expect(responseCode.OK)\n    .expect(response => {\n      let data = response.body.data.find((item) => item.id_game == id_game);\n      expect(data.id_game).to.equal(id_game,'ID game sesuai')\n    })\n    .end(done);",
              "err": {},
              "uuid": "372ba529-a660-4377-8cdf-e2590b6af2a1",
              "parentUUID": "1cfb3eed-f567-4fc0-b706-a2c1212eb919",
              "isHook": false,
              "skipped": false
            },
            {
              "title": "Basic User can edit user game",
              "fullTitle": "Users Games Test Basic User can edit user game",
              "timedOut": false,
              "duration": 158,
              "state": "passed",
              "speed": "slow",
              "pass": true,
              "fail": false,
              "pending": false,
              "context": null,
              "code": "request(app)\n    .patch(`/users/${idUserBasic}/game/${id_game}`)\n    .send({\n        tipe : 3,\n        completed_time :\"12:12:12\"\n    })\n    .set('Accept', 'application/json')\n    .set('token', tokenBasic)\n    .expect('Content-Type', /json/)\n    .expect(responseCode.OK)\n    .end(done);",
              "err": {},
              "uuid": "24cd7b74-9fc0-412b-b259-62f3990b37fa",
              "parentUUID": "1cfb3eed-f567-4fc0-b706-a2c1212eb919",
              "isHook": false,
              "skipped": false
            },
            {
              "title": "GET all user games data should be updated",
              "fullTitle": "Users Games Test GET all user games data should be updated",
              "timedOut": false,
              "duration": 33,
              "state": "passed",
              "speed": "fast",
              "pass": true,
              "fail": false,
              "pending": false,
              "context": null,
              "code": "request(app)\n    .get(`/users/${idUserBasic}/game`)\n    .set('token', tokenBasic)\n    .set('Accept', 'application/json')\n    .expect('Content-Type', /json/)\n    .expect(responseCode.OK)\n    .expect(response => {\n      let data = response.body.data.find((item) => item.id_game == id_game);\n      expect(data.id_game).to.equal(id_game,'ID game sesuai')\n      expect(data.tipe).to.equal(3,'Tipe tidak sesuai dengan yang diupdate')\n      expect(data.complete_time).to.equal(\"12:12:12\",'Complete time tidak sesuai dengan yang di update')\n    })\n    .end(done);",
              "err": {},
              "uuid": "c825c084-e46a-41ec-a3c5-33518235a3f6",
              "parentUUID": "1cfb3eed-f567-4fc0-b706-a2c1212eb919",
              "isHook": false,
              "skipped": false
            },
            {
              "title": "GET all user games by game_id data should be updated",
              "fullTitle": "Users Games Test GET all user games by game_id data should be updated",
              "timedOut": false,
              "duration": 38,
              "state": "passed",
              "speed": "medium",
              "pass": true,
              "fail": false,
              "pending": false,
              "context": null,
              "code": "request(app)\n    .get(`/users/game/${id_game}`)\n    .set('token', tokenBasic)\n    .set('Accept', 'application/json')\n    .expect('Content-Type', /json/)\n    .expect(responseCode.OK)\n    .expect(response => {\n      let data = response.body.data.find((item) => item.id_user == idUserBasic);\n      expect(data.id_game).to.equal(id_game,'ID game sesuai')\n      expect(data.tipe).to.equal(3,'Tipe tidak sesuai dengan yang diupdate')\n      expect(data.complete_time).to.equal(\"12:12:12\",'Complete time tidak sesuai dengan yang di update')\n    })\n    .end(done);",
              "err": {},
              "uuid": "64803804-4a18-4720-9f73-33a68e8f4dd5",
              "parentUUID": "1cfb3eed-f567-4fc0-b706-a2c1212eb919",
              "isHook": false,
              "skipped": false
            },
            {
              "title": "Basic User can delete game",
              "fullTitle": "Users Games Test Basic User can delete game",
              "timedOut": false,
              "duration": 113,
              "state": "passed",
              "speed": "slow",
              "pass": true,
              "fail": false,
              "pending": false,
              "context": null,
              "code": "request(app)\n    .delete(`/users/${idUserBasic}/game/${id_game}`)\n    .set('Accept', 'application/json')\n    .set('token', tokenBasic)\n    .expect('Content-Type', /json/)\n    .expect(responseCode.OK)\n    .expect(response => {\n        expect(response.body.message).to.equal('Successfuly deleted user game', 'Response message tidak sesuai')\n    })\n    .end(done);",
              "err": {},
              "uuid": "f4fd2081-e4ea-48b3-8659-f5e20fa27a64",
              "parentUUID": "1cfb3eed-f567-4fc0-b706-a2c1212eb919",
              "isHook": false,
              "skipped": false
            },
            {
              "title": "User game should be deleted",
              "fullTitle": "Users Games Test User game should be deleted",
              "timedOut": false,
              "duration": 13,
              "state": "passed",
              "speed": "fast",
              "pass": true,
              "fail": false,
              "pending": false,
              "context": null,
              "code": "request(app)\n    .get(`/users/${idUserBasic}/game`)\n    .set('token', tokenAdmin)\n    .set('Accept', 'application/json')\n    .expect('Content-Type', /json/)\n    .expect(responseCode.OK)\n    .expect(response => {\n      let data = response.body.data.find((item) => item.id_game == id_game);\n      expect(data).to.equal(undefined,'Data masih terdapat pada database')\n    })\n    .end(done);",
              "err": {},
              "uuid": "dc3b2850-3342-418c-8fb4-f0c2ba60d07e",
              "parentUUID": "1cfb3eed-f567-4fc0-b706-a2c1212eb919",
              "isHook": false,
              "skipped": false
            },
            {
              "title": "Admin can delete other user game",
              "fullTitle": "Users Games Test Admin can delete other user game",
              "timedOut": false,
              "duration": 58,
              "state": "passed",
              "speed": "medium",
              "pass": true,
              "fail": false,
              "pending": false,
              "context": null,
              "code": "request(app)\n    .delete(`/users/${idUserPro}/game/${id_game}`)\n    .set('Accept', 'application/json')\n    .set('token', tokenAdmin)\n    .expect('Content-Type', /json/)\n    .expect(responseCode.OK)\n    .expect(response => {\n        expect(response.body.message).to.equal('Successfuly deleted user game', 'Response message tidak sesuai')\n    })\n    .end(done);",
              "err": {},
              "uuid": "04b723ed-ff78-49a7-9dc6-e04019533533",
              "parentUUID": "1cfb3eed-f567-4fc0-b706-a2c1212eb919",
              "isHook": false,
              "skipped": false
            },
            {
              "title": "User game should be deleted",
              "fullTitle": "Users Games Test User game should be deleted",
              "timedOut": false,
              "duration": 13,
              "state": "passed",
              "speed": "fast",
              "pass": true,
              "fail": false,
              "pending": false,
              "context": null,
              "code": "request(app)\n    .get(`/users/${idUserPro}/game`)\n    .set('token', tokenBasic)\n    .set('Accept', 'application/json')\n    .expect('Content-Type', /json/)\n    .expect(responseCode.OK)\n    .expect(response => {\n      let data = response.body.data.find((item) => item.id_game == id_game);\n      expect(data).to.equal(undefined,'Data masih terdapat pada database')\n    })\n    .end(done);",
              "err": {},
              "uuid": "5e355a3a-242b-46b9-96bc-47764ceda30b",
              "parentUUID": "1cfb3eed-f567-4fc0-b706-a2c1212eb919",
              "isHook": false,
              "skipped": false
            }
          ],
          "suites": [],
          "passes": [
            "92cee730-b4ba-43bf-ae7b-1078e7fa5f0c",
            "8e4024bb-481c-4401-90fb-9d86840b64bc",
            "d880a058-2c97-4263-b725-2acf1b058ae3",
            "372ba529-a660-4377-8cdf-e2590b6af2a1",
            "24cd7b74-9fc0-412b-b259-62f3990b37fa",
            "c825c084-e46a-41ec-a3c5-33518235a3f6",
            "64803804-4a18-4720-9f73-33a68e8f4dd5",
            "f4fd2081-e4ea-48b3-8659-f5e20fa27a64",
            "dc3b2850-3342-418c-8fb4-f0c2ba60d07e",
            "04b723ed-ff78-49a7-9dc6-e04019533533",
            "5e355a3a-242b-46b9-96bc-47764ceda30b"
          ],
          "failures": [],
          "pending": [],
          "skipped": [],
          "duration": 608,
          "root": false,
          "rootEmpty": false,
          "_timeout": 8000
        },
        {
          "uuid": "2c543d1e-b2eb-4eb2-bdab-9f10f47d8779",
          "title": "Users CRUD Test",
          "fullFile": "D:\\nodejs-game-restful-api\\tests\\users_test.js",
          "file": "\\tests\\users_test.js",
          "beforeHooks": [
            {
              "title": "\"before all\" hook",
              "fullTitle": "Users CRUD Test \"before all\" hook",
              "timedOut": false,
              "duration": 0,
              "state": null,
              "speed": null,
              "pass": false,
              "fail": false,
              "pending": false,
              "context": null,
              "code": "tokenBasic = global.tokenBasic;\nidUserBasic = global.userBasic.id;\nidUserPro = global.userPro.id;\ntokenPro = global.tokenPro;\ntokenAdmin = global.tokenAdmin;\nidUserAdmin = global.userAdmin.id;\neditedName=   \"testing-edit-name\";\neditedGender= 0;",
              "err": {},
              "uuid": "a1c87f64-3cfb-427a-b763-0ef5457a6587",
              "parentUUID": "2c543d1e-b2eb-4eb2-bdab-9f10f47d8779",
              "isHook": true,
              "skipped": false
            }
          ],
          "afterHooks": [],
          "tests": [
            {
              "title": "/users should return inserted user",
              "fullTitle": "Users CRUD Test /users should return inserted user",
              "timedOut": false,
              "duration": 13,
              "state": "passed",
              "speed": "fast",
              "pass": true,
              "fail": false,
              "pending": false,
              "context": null,
              "code": "request(app)\n    .get('/users')\n    .set('Accept', 'application/json')\n    .set('token', tokenBasic)\n    .expect('Content-Type', /json/)\n    .expect(responseCode.OK)\n    .expect(response => {\n        let data = response.body.data.find((item) => item.id == idUserBasic);\n        expect(data.id).to.equal(idUserBasic,'Tidak terdapat user seeding pada get user')\n    })\n    .end(done);",
              "err": {},
              "uuid": "ccfd5c2c-c23d-4d80-9d7e-5ee880ce480e",
              "parentUUID": "2c543d1e-b2eb-4eb2-bdab-9f10f47d8779",
              "isHook": false,
              "skipped": false
            },
            {
              "title": "/user/:id_user should return get user",
              "fullTitle": "Users CRUD Test /user/:id_user should return get user",
              "timedOut": false,
              "duration": 16,
              "state": "passed",
              "speed": "fast",
              "pass": true,
              "fail": false,
              "pending": false,
              "context": null,
              "code": "request(app)\n    .get(`/users/${idUserBasic}`)\n    .set('Accept', 'application/json')\n    .set('token', tokenBasic)\n    .expect('Content-Type', /json/)\n    .expect(responseCode.OK)\n    .expect(response => {\n        expect(response.body.data.name).to.equal(global.userBasic.name,'Tidak terdapat user seeding pada get user')\n    })\n    .end(done);",
              "err": {},
              "uuid": "724c1aa8-440f-4694-a30b-66957cb9e2e2",
              "parentUUID": "2c543d1e-b2eb-4eb2-bdab-9f10f47d8779",
              "isHook": false,
              "skipped": false
            },
            {
              "title": "PATCH /user/:id_user Other user cannot edit other user data",
              "fullTitle": "Users CRUD Test PATCH /user/:id_user Other user cannot edit other user data",
              "timedOut": false,
              "duration": 14,
              "state": "passed",
              "speed": "fast",
              "pass": true,
              "fail": false,
              "pending": false,
              "context": null,
              "code": "request(app)\n    .patch(`/users/${idUserBasic}`)\n    .set('Accept', 'application/json')\n    .set('token', tokenPro)\n    .expect('Content-Type', /json/)\n    .expect(responseCode.FORBIDDEN)\n    .end(done);",
              "err": {},
              "uuid": "19580347-d3dc-47ce-8e6a-ff03c9da95e1",
              "parentUUID": "2c543d1e-b2eb-4eb2-bdab-9f10f47d8779",
              "isHook": false,
              "skipped": false
            },
            {
              "title": "PATCH /user/:id_user Other user cannot edit other user data",
              "fullTitle": "Users CRUD Test PATCH /user/:id_user Other user cannot edit other user data",
              "timedOut": false,
              "duration": 55,
              "state": "passed",
              "speed": "medium",
              "pass": true,
              "fail": false,
              "pending": false,
              "context": null,
              "code": "request(app)\n    .patch(`/users/${idUserBasic}`)\n    .send({\n        \"name\" : editedName,\n        \"gender\" : editedGender\n    })\n    .set('Accept', 'application/json')\n    .set('token', tokenBasic)\n    .expect('Content-Type', /json/)\n    .expect(responseCode.OK)\n    .expect(response => {\n        expect(response.body.message).to.equal('User berhasil diupdate','Response message tidak sesuai')\n    })\n    .end(done);",
              "err": {},
              "uuid": "04f7ee2f-b2fb-443e-a294-9d15b195c6f1",
              "parentUUID": "2c543d1e-b2eb-4eb2-bdab-9f10f47d8779",
              "isHook": false,
              "skipped": false
            },
            {
              "title": "GET /user/:id_user edited user data should change",
              "fullTitle": "Users CRUD Test GET /user/:id_user edited user data should change",
              "timedOut": false,
              "duration": 13,
              "state": "passed",
              "speed": "fast",
              "pass": true,
              "fail": false,
              "pending": false,
              "context": null,
              "code": "request(app)\n    .get(`/users/${idUserBasic}`)\n    .set('Accept', 'application/json')\n    .set('token', tokenBasic)\n    .expect('Content-Type', /json/)\n    .expect(responseCode.OK)\n    .expect(response => {\n        expect(response.body.data.name).to.equal(editedName,'Tidak terdapat user seeding pada get user')\n    })\n    .end(done);",
              "err": {},
              "uuid": "fd08c22e-f825-4e74-885b-be5911574ccc",
              "parentUUID": "2c543d1e-b2eb-4eb2-bdab-9f10f47d8779",
              "isHook": false,
              "skipped": false
            },
            {
              "title": "DELETE /user/:id_user Normal user cannot delete",
              "fullTitle": "Users CRUD Test DELETE /user/:id_user Normal user cannot delete",
              "timedOut": false,
              "duration": 11,
              "state": "passed",
              "speed": "fast",
              "pass": true,
              "fail": false,
              "pending": false,
              "context": null,
              "code": "request(app)\n    .delete(`/users/${idUserBasic}`)\n    .set('Accept', 'application/json')\n    .set('token', tokenBasic)\n    .expect('Content-Type', /json/)\n    .expect(responseCode.FORBIDDEN)\n    .end(done);",
              "err": {},
              "uuid": "a4688ee7-dd2b-4c23-ad02-f6135a207596",
              "parentUUID": "2c543d1e-b2eb-4eb2-bdab-9f10f47d8779",
              "isHook": false,
              "skipped": false
            },
            {
              "title": "DELETE /user/:id_user Admin delete basic user",
              "fullTitle": "Users CRUD Test DELETE /user/:id_user Admin delete basic user",
              "timedOut": false,
              "duration": 48,
              "state": "passed",
              "speed": "medium",
              "pass": true,
              "fail": false,
              "pending": false,
              "context": null,
              "code": "request(app)\n    .delete(`/users/${idUserBasic}`)\n    .set('Accept', 'application/json')\n    .set('token', tokenAdmin)\n    .expect('Content-Type', /json/)\n    .expect(responseCode.OK)\n    .end(done);",
              "err": {},
              "uuid": "39b6ca3a-b20e-4d46-81e5-d7aa3f62b489",
              "parentUUID": "2c543d1e-b2eb-4eb2-bdab-9f10f47d8779",
              "isHook": false,
              "skipped": false
            },
            {
              "title": "/user/:id_user deleted user should return 404",
              "fullTitle": "Users CRUD Test /user/:id_user deleted user should return 404",
              "timedOut": false,
              "duration": 11,
              "state": "passed",
              "speed": "fast",
              "pass": true,
              "fail": false,
              "pending": false,
              "context": null,
              "code": "request(app)\n    .get(`/users/${idUserBasic}`)\n    .set('Accept', 'application/json')\n    .set('token', tokenAdmin)\n    .expect('Content-Type', /json/)\n    .expect(responseCode.NOT_FOUND)\n    .end(done);",
              "err": {},
              "uuid": "6eb50f25-0eeb-42e2-8708-f9a757e7f8c5",
              "parentUUID": "2c543d1e-b2eb-4eb2-bdab-9f10f47d8779",
              "isHook": false,
              "skipped": false
            },
            {
              "title": "DELETE /user/:id_user Admin delete pro user",
              "fullTitle": "Users CRUD Test DELETE /user/:id_user Admin delete pro user",
              "timedOut": false,
              "duration": 76,
              "state": "passed",
              "speed": "slow",
              "pass": true,
              "fail": false,
              "pending": false,
              "context": null,
              "code": "request(app)\n    .delete(`/users/${idUserPro}`)\n    .set('Accept', 'application/json')\n    .set('token', tokenAdmin)\n    .expect('Content-Type', /json/)\n    .expect(responseCode.OK)\n    .end(done);",
              "err": {},
              "uuid": "95d1ffb7-b55e-45a6-bf60-6ea32f0ec64f",
              "parentUUID": "2c543d1e-b2eb-4eb2-bdab-9f10f47d8779",
              "isHook": false,
              "skipped": false
            },
            {
              "title": "DELETE /user/:id_user Admin delete admin user",
              "fullTitle": "Users CRUD Test DELETE /user/:id_user Admin delete admin user",
              "timedOut": false,
              "duration": 54,
              "state": "passed",
              "speed": "medium",
              "pass": true,
              "fail": false,
              "pending": false,
              "context": null,
              "code": "request(app)\n    .delete(`/users/${idUserAdmin}`)\n    .set('Accept', 'application/json')\n    .set('token', tokenAdmin)\n    .expect('Content-Type', /json/)\n    .expect(responseCode.OK)\n    .end(done);",
              "err": {},
              "uuid": "65b6cae7-543c-413e-85e4-f754be331f94",
              "parentUUID": "2c543d1e-b2eb-4eb2-bdab-9f10f47d8779",
              "isHook": false,
              "skipped": false
            }
          ],
          "suites": [],
          "passes": [
            "ccfd5c2c-c23d-4d80-9d7e-5ee880ce480e",
            "724c1aa8-440f-4694-a30b-66957cb9e2e2",
            "19580347-d3dc-47ce-8e6a-ff03c9da95e1",
            "04f7ee2f-b2fb-443e-a294-9d15b195c6f1",
            "fd08c22e-f825-4e74-885b-be5911574ccc",
            "a4688ee7-dd2b-4c23-ad02-f6135a207596",
            "39b6ca3a-b20e-4d46-81e5-d7aa3f62b489",
            "6eb50f25-0eeb-42e2-8708-f9a757e7f8c5",
            "95d1ffb7-b55e-45a6-bf60-6ea32f0ec64f",
            "65b6cae7-543c-413e-85e4-f754be331f94"
          ],
          "failures": [],
          "pending": [],
          "skipped": [],
          "duration": 311,
          "root": false,
          "rootEmpty": false,
          "_timeout": 8000
        }
      ],
      "passes": [],
      "failures": [],
      "pending": [],
      "skipped": [],
      "duration": 0,
      "root": true,
      "rootEmpty": true,
      "_timeout": 8000
    }
  ],
  "meta": {
    "mocha": {
      "version": "7.1.2"
    },
    "mochawesome": {
      "options": {
        "quiet": false,
        "reportFilename": "mochawesome",
        "saveHtml": true,
        "saveJson": true,
        "consoleReporter": "spec",
        "useInlineDiffs": false,
        "code": true
      },
      "version": "6.1.1"
    },
    "marge": {
      "options": null,
      "version": "5.1.0"
    }
  }
}